[2018-02-06T20:53:52.802] [DEBUG] DOA1 - Got config: {
  "doa": {
    "id": 1,
    "ip": "localhost",
    "port": 12001,
    "disease": 1
  },
  "hds": [
    {
      "id": 10,
      "notification": {
        "ip": "localhost",
        "port": 12100
      },
      "update": {
        "ip": "localhost",
        "port": 12101
      },
      "outbreakRouter": {
        "ip": "localhost",
        "port": 12110
      }
    },
    {
      "id": 11,
      "notification": {
        "ip": "localhost",
        "port": 12102
      },
      "update": {
        "ip": "localhost",
        "port": 12103
      },
      "outbreakRouter": {
        "ip": "localhost",
        "port": 12111
      }
    },
    {
      "id": 12,
      "notification": {
        "ip": "localhost",
        "port": 12104
      },
      "update": {
        "ip": "localhost",
        "port": 12105
      },
      "outbreakRouter": {
        "ip": "localhost",
        "port": 12112
      }
    },
    {
      "id": 13,
      "notification": {
        "ip": "localhost",
        "port": 12106
      },
      "update": {
        "ip": "localhost",
        "port": 12107
      },
      "outbreakRouter": {
        "ip": "localhost",
        "port": 12113
      }
    }
  ],
  "processes": [
    {
      "id": 1,
      "ip": "localhost",
      "port": 12001,
      "disease": 1
    },
    {
      "id": 2,
      "ip": "localhost",
      "port": 12002,
      "disease": 2
    },
    {
      "id": 3,
      "ip": "localhost",
      "port": 12003,
      "disease": 3
    },
    {
      "id": 101,
      "hds": 10
    },
    {
      "id": 102,
      "hds": 10
    },
    {
      "id": 103,
      "hds": 11
    },
    {
      "id": 104,
      "hds": 11
    },
    {
      "id": 105,
      "hds": 12
    },
    {
      "id": 106,
      "hds": 12
    },
    {
      "id": 107,
      "hds": 13
    },
    {
      "id": 10,
      "notification": {
        "ip": "localhost",
        "port": 12100
      },
      "update": {
        "ip": "localhost",
        "port": 12101
      },
      "outbreakRouter": {
        "ip": "localhost",
        "port": 12110
      }
    },
    {
      "id": 11,
      "notification": {
        "ip": "localhost",
        "port": 12102
      },
      "update": {
        "ip": "localhost",
        "port": 12103
      },
      "outbreakRouter": {
        "ip": "localhost",
        "port": 12111
      }
    },
    {
      "id": 12,
      "notification": {
        "ip": "localhost",
        "port": 12104
      },
      "update": {
        "ip": "localhost",
        "port": 12105
      },
      "outbreakRouter": {
        "ip": "localhost",
        "port": 12112
      }
    },
    {
      "id": 13,
      "notification": {
        "ip": "localhost",
        "port": 12106
      },
      "update": {
        "ip": "localhost",
        "port": 12107
      },
      "outbreakRouter": {
        "ip": "localhost",
        "port": 12113
      }
    }
  ],
  "simulation": {
    "simulationTime": 24,
    "simulationInterval": 100,
    "diseases": [
      {
        "id": 1,
        "name": "Influenza",
        "threshold": 120,
        "minP": 0,
        "maxP": 0.1,
        "ratePeriod": 48
      },
      {
        "id": 2,
        "name": "Chicken Pox",
        "threshold": 50,
        "minP": 0,
        "maxP": 0,
        "ratePeriod": 120
      },
      {
        "id": 3,
        "name": "Measles",
        "threshold": 10,
        "minP": 0,
        "maxP": 0,
        "ratePeriod": 24
      }
    ]
  }
}
[2018-02-06T20:53:53.807] [DEBUG] DOA1 - Vector timestamp: {
  "1": 1,
  "2": 0,
  "3": 0,
  "10": 0,
  "11": 0,
  "12": 0,
  "13": 0,
  "101": 0,
  "102": 0,
  "103": 0,
  "104": 0,
  "105": 0,
  "106": 0,
  "107": 0
}
[2018-02-06T20:53:54.809] [DEBUG] DOA1 - Vector timestamp: {
  "1": 2,
  "2": 0,
  "3": 0,
  "10": 0,
  "11": 0,
  "12": 0,
  "13": 0,
  "101": 0,
  "102": 0,
  "103": 0,
  "104": 0,
  "105": 0,
  "106": 0,
  "107": 0
}
[2018-02-06T20:53:55.810] [DEBUG] DOA1 - Vector timestamp: {
  "1": 3,
  "2": 0,
  "3": 0,
  "10": 0,
  "11": 0,
  "12": 0,
  "13": 0,
  "101": 0,
  "102": 0,
  "103": 0,
  "104": 0,
  "105": 0,
  "106": 0,
  "107": 0
}
[2018-02-06T20:53:56.810] [DEBUG] DOA1 - Vector timestamp: {
  "1": 4,
  "2": 0,
  "3": 0,
  "10": 0,
  "11": 0,
  "12": 0,
  "13": 0,
  "101": 0,
  "102": 0,
  "103": 0,
  "104": 0,
  "105": 0,
  "106": 0,
  "107": 0
}
[2018-02-06T20:53:57.778] [DEBUG] DOA1 - Vector timestamp: {
  "1": 5,
  "2": 0,
  "3": 0,
  "10": 23,
  "11": 0,
  "12": 0,
  "13": 0,
  "101": 9,
  "102": 9,
  "103": 0,
  "104": 0,
  "105": 0,
  "106": 0,
  "107": 0
}
[2018-02-06T20:53:57.779] [DEBUG] DOA1 - Disease update: {
  "hds": 10,
  "disease": 1,
  "count": 2
}
[2018-02-06T20:53:57.779] [DEBUG] DOA1 - Counts: [0,0,0,0,2,0,0,0,0,0,0,0,0,0,0,0,0,0,0,0,0,0,0,0]
[2018-02-06T20:53:57.779] [DEBUG] DOA1 - Vector timestamp: {
  "1": 6,
  "2": 0,
  "3": 0,
  "10": 23,
  "11": 0,
  "12": 0,
  "13": 0,
  "101": 9,
  "102": 9,
  "103": 0,
  "104": 0,
  "105": 0,
  "106": 0,
  "107": 0
}
[2018-02-06T20:53:57.811] [DEBUG] DOA1 - Vector timestamp: {
  "1": 7,
  "2": 0,
  "3": 0,
  "10": 23,
  "11": 0,
  "12": 0,
  "13": 0,
  "101": 9,
  "102": 9,
  "103": 0,
  "104": 0,
  "105": 0,
  "106": 0,
  "107": 0
}
[2018-02-06T20:53:58.811] [DEBUG] DOA1 - Vector timestamp: {
  "1": 8,
  "2": 0,
  "3": 0,
  "10": 23,
  "11": 0,
  "12": 0,
  "13": 0,
  "101": 9,
  "102": 9,
  "103": 0,
  "104": 0,
  "105": 0,
  "106": 0,
  "107": 0
}
[2018-02-06T20:53:58.896] [DEBUG] DOA1 - Vector timestamp: {
  "1": 9,
  "2": 0,
  "3": 0,
  "10": 23,
  "11": 31,
  "12": 0,
  "13": 0,
  "101": 9,
  "102": 9,
  "103": 11,
  "104": 12,
  "105": 0,
  "106": 0,
  "107": 0
}
[2018-02-06T20:53:58.896] [DEBUG] DOA1 - Disease update: {
  "hds": 11,
  "disease": 1,
  "count": 1
}
[2018-02-06T20:53:58.897] [DEBUG] DOA1 - Counts: [0,0,0,0,2,0,1,0,0,0,0,0,0,0,0,0,0,0,0,0,0,0,0,0]
[2018-02-06T20:53:58.897] [DEBUG] DOA1 - Vector timestamp: {
  "1": 10,
  "2": 0,
  "3": 0,
  "10": 23,
  "11": 31,
  "12": 0,
  "13": 0,
  "101": 9,
  "102": 9,
  "103": 11,
  "104": 12,
  "105": 0,
  "106": 0,
  "107": 0
}
[2018-02-06T20:53:59.810] [DEBUG] DOA1 - Vector timestamp: {
  "1": 11,
  "2": 0,
  "3": 0,
  "10": 23,
  "11": 31,
  "12": 0,
  "13": 0,
  "101": 9,
  "102": 9,
  "103": 11,
  "104": 12,
  "105": 0,
  "106": 0,
  "107": 0
}
[2018-02-06T20:54:00.811] [DEBUG] DOA1 - Vector timestamp: {
  "1": 12,
  "2": 0,
  "3": 0,
  "10": 23,
  "11": 31,
  "12": 0,
  "13": 0,
  "101": 9,
  "102": 9,
  "103": 11,
  "104": 12,
  "105": 0,
  "106": 0,
  "107": 0
}
[2018-02-06T20:54:00.841] [DEBUG] DOA1 - Vector timestamp: {
  "1": 13,
  "2": 0,
  "3": 0,
  "10": 23,
  "11": 31,
  "12": 0,
  "13": 23,
  "101": 9,
  "102": 9,
  "103": 11,
  "104": 12,
  "105": 0,
  "106": 0,
  "107": 15
}
[2018-02-06T20:54:00.841] [DEBUG] DOA1 - Disease update: {
  "hds": 13,
  "disease": 1,
  "count": 1
}
[2018-02-06T20:54:00.841] [DEBUG] DOA1 - Counts: [0,0,0,0,2,0,1,0,1,0,0,0,0,0,0,0,0,0,0,0,0,0,0,0]
[2018-02-06T20:54:00.841] [DEBUG] DOA1 - Vector timestamp: {
  "1": 14,
  "2": 0,
  "3": 0,
  "10": 23,
  "11": 31,
  "12": 0,
  "13": 23,
  "101": 9,
  "102": 9,
  "103": 11,
  "104": 12,
  "105": 0,
  "106": 0,
  "107": 15
}
[2018-02-06T20:54:01.811] [DEBUG] DOA1 - Vector timestamp: {
  "1": 15,
  "2": 0,
  "3": 0,
  "10": 23,
  "11": 31,
  "12": 0,
  "13": 23,
  "101": 9,
  "102": 9,
  "103": 11,
  "104": 12,
  "105": 0,
  "106": 0,
  "107": 15
}
[2018-02-06T20:54:01.897] [DEBUG] DOA1 - Vector timestamp: {
  "1": 16,
  "2": 0,
  "3": 0,
  "10": 23,
  "11": 48,
  "12": 0,
  "13": 23,
  "101": 9,
  "102": 9,
  "103": 19,
  "104": 18,
  "105": 0,
  "106": 0,
  "107": 15
}
[2018-02-06T20:54:01.897] [DEBUG] DOA1 - Disease update: {
  "hds": 11,
  "disease": 1,
  "count": 2
}
[2018-02-06T20:54:01.897] [DEBUG] DOA1 - Counts: [0,0,0,0,2,0,1,0,1,2,0,0,0,0,0,0,0,0,0,0,0,0,0,0]
[2018-02-06T20:54:01.897] [DEBUG] DOA1 - Vector timestamp: {
  "1": 17,
  "2": 0,
  "3": 0,
  "10": 23,
  "11": 48,
  "12": 0,
  "13": 23,
  "101": 9,
  "102": 9,
  "103": 19,
  "104": 18,
  "105": 0,
  "106": 0,
  "107": 15
}
[2018-02-06T20:54:02.810] [DEBUG] DOA1 - Vector timestamp: {
  "1": 18,
  "2": 0,
  "3": 0,
  "10": 23,
  "11": 48,
  "12": 0,
  "13": 23,
  "101": 9,
  "102": 9,
  "103": 19,
  "104": 18,
  "105": 0,
  "106": 0,
  "107": 15
}
[2018-02-06T20:54:02.885] [DEBUG] DOA1 - Vector timestamp: {
  "1": 19,
  "2": 0,
  "3": 0,
  "10": 23,
  "11": 48,
  "12": 48,
  "13": 23,
  "101": 9,
  "102": 9,
  "103": 19,
  "104": 18,
  "105": 19,
  "106": 19,
  "107": 15
}
[2018-02-06T20:54:02.885] [DEBUG] DOA1 - Disease update: {
  "hds": 12,
  "disease": 1,
  "count": 2
}
[2018-02-06T20:54:02.885] [DEBUG] DOA1 - Counts: [0,0,0,0,2,0,1,0,1,2,2,0,0,0,0,0,0,0,0,0,0,0,0,0]
[2018-02-06T20:54:02.885] [DEBUG] DOA1 - Vector timestamp: {
  "1": 20,
  "2": 0,
  "3": 0,
  "10": 23,
  "11": 48,
  "12": 48,
  "13": 23,
  "101": 9,
  "102": 9,
  "103": 19,
  "104": 18,
  "105": 19,
  "106": 19,
  "107": 15
}
[2018-02-06T20:54:02.897] [DEBUG] DOA1 - Vector timestamp: {
  "1": 21,
  "2": 0,
  "3": 0,
  "10": 23,
  "11": 54,
  "12": 48,
  "13": 23,
  "101": 9,
  "102": 9,
  "103": 22,
  "104": 20,
  "105": 19,
  "106": 19,
  "107": 15
}
[2018-02-06T20:54:02.897] [DEBUG] DOA1 - Disease update: {
  "hds": 11,
  "disease": 1,
  "count": 1
}
[2018-02-06T20:54:02.899] [DEBUG] DOA1 - Counts: [0,0,0,0,2,0,1,0,1,2,3,0,0,0,0,0,0,0,0,0,0,0,0,0]
[2018-02-06T20:54:02.899] [DEBUG] DOA1 - Vector timestamp: {
  "1": 22,
  "2": 0,
  "3": 0,
  "10": 23,
  "11": 54,
  "12": 48,
  "13": 23,
  "101": 9,
  "102": 9,
  "103": 22,
  "104": 20,
  "105": 19,
  "106": 19,
  "107": 15
}
[2018-02-06T20:54:03.811] [DEBUG] DOA1 - Vector timestamp: {
  "1": 23,
  "2": 0,
  "3": 0,
  "10": 23,
  "11": 54,
  "12": 48,
  "13": 23,
  "101": 9,
  "102": 9,
  "103": 22,
  "104": 20,
  "105": 19,
  "106": 19,
  "107": 15
}
[2018-02-06T20:54:03.885] [DEBUG] DOA1 - Vector timestamp: {
  "1": 24,
  "2": 0,
  "3": 0,
  "10": 23,
  "11": 54,
  "12": 54,
  "13": 23,
  "101": 9,
  "102": 9,
  "103": 22,
  "104": 20,
  "105": 20,
  "106": 22,
  "107": 15
}
[2018-02-06T20:54:03.885] [DEBUG] DOA1 - Disease update: {
  "hds": 12,
  "disease": 1,
  "count": 1
}
[2018-02-06T20:54:03.885] [DEBUG] DOA1 - Counts: [0,0,0,0,2,0,1,0,1,2,3,1,0,0,0,0,0,0,0,0,0,0,0,0]
[2018-02-06T20:54:03.885] [DEBUG] DOA1 - Vector timestamp: {
  "1": 25,
  "2": 0,
  "3": 0,
  "10": 23,
  "11": 54,
  "12": 54,
  "13": 23,
  "101": 9,
  "102": 9,
  "103": 22,
  "104": 20,
  "105": 20,
  "106": 22,
  "107": 15
}
[2018-02-06T20:54:03.897] [DEBUG] DOA1 - Vector timestamp: {
  "1": 26,
  "2": 0,
  "3": 0,
  "10": 23,
  "11": 60,
  "12": 54,
  "13": 23,
  "101": 9,
  "102": 9,
  "103": 25,
  "104": 22,
  "105": 20,
  "106": 22,
  "107": 15
}
[2018-02-06T20:54:03.897] [DEBUG] DOA1 - Disease update: {
  "hds": 11,
  "disease": 1,
  "count": 1
}
[2018-02-06T20:54:03.897] [DEBUG] DOA1 - Counts: [0,0,0,0,2,0,1,0,1,2,3,2,0,0,0,0,0,0,0,0,0,0,0,0]
[2018-02-06T20:54:03.897] [DEBUG] DOA1 - Vector timestamp: {
  "1": 27,
  "2": 0,
  "3": 0,
  "10": 23,
  "11": 60,
  "12": 54,
  "13": 23,
  "101": 9,
  "102": 9,
  "103": 25,
  "104": 22,
  "105": 20,
  "106": 22,
  "107": 15
}
[2018-02-06T20:54:04.812] [DEBUG] DOA1 - Vector timestamp: {
  "1": 28,
  "2": 0,
  "3": 0,
  "10": 23,
  "11": 60,
  "12": 54,
  "13": 23,
  "101": 9,
  "102": 9,
  "103": 25,
  "104": 22,
  "105": 20,
  "106": 22,
  "107": 15
}
[2018-02-06T20:54:04.844] [DEBUG] DOA1 - Vector timestamp: {
  "1": 29,
  "2": 0,
  "3": 0,
  "10": 23,
  "11": 60,
  "12": 54,
  "13": 36,
  "101": 9,
  "102": 9,
  "103": 25,
  "104": 22,
  "105": 20,
  "106": 22,
  "107": 24
}
[2018-02-06T20:54:04.844] [DEBUG] DOA1 - Disease update: {
  "hds": 13,
  "disease": 1,
  "count": 1
}
[2018-02-06T20:54:04.844] [DEBUG] DOA1 - Counts: [0,0,0,0,2,0,1,0,1,2,3,2,1,0,0,0,0,0,0,0,0,0,0,0]
[2018-02-06T20:54:04.844] [DEBUG] DOA1 - Vector timestamp: {
  "1": 30,
  "2": 0,
  "3": 0,
  "10": 23,
  "11": 60,
  "12": 54,
  "13": 36,
  "101": 9,
  "102": 9,
  "103": 25,
  "104": 22,
  "105": 20,
  "106": 22,
  "107": 24
}
[2018-02-06T20:54:05.812] [DEBUG] DOA1 - Vector timestamp: {
  "1": 31,
  "2": 0,
  "3": 0,
  "10": 23,
  "11": 60,
  "12": 54,
  "13": 36,
  "101": 9,
  "102": 9,
  "103": 25,
  "104": 22,
  "105": 20,
  "106": 22,
  "107": 24
}
[2018-02-06T20:54:05.886] [DEBUG] DOA1 - Vector timestamp: {
  "1": 32,
  "2": 0,
  "3": 0,
  "10": 23,
  "11": 60,
  "12": 65,
  "13": 36,
  "101": 9,
  "102": 9,
  "103": 25,
  "104": 22,
  "105": 26,
  "106": 25,
  "107": 24
}
[2018-02-06T20:54:05.886] [DEBUG] DOA1 - Disease update: {
  "hds": 12,
  "disease": 1,
  "count": 1
}
[2018-02-06T20:54:05.886] [DEBUG] DOA1 - Counts: [0,0,0,0,2,0,1,0,1,2,3,2,1,1,0,0,0,0,0,0,0,0,0,0]
[2018-02-06T20:54:05.886] [DEBUG] DOA1 - Vector timestamp: {
  "1": 33,
  "2": 0,
  "3": 0,
  "10": 23,
  "11": 60,
  "12": 65,
  "13": 36,
  "101": 9,
  "102": 9,
  "103": 25,
  "104": 22,
  "105": 26,
  "106": 25,
  "107": 24
}
[2018-02-06T20:54:06.782] [DEBUG] DOA1 - Vector timestamp: {
  "1": 34,
  "2": 0,
  "3": 0,
  "10": 69,
  "11": 60,
  "12": 65,
  "13": 36,
  "101": 28,
  "102": 26,
  "103": 25,
  "104": 22,
  "105": 26,
  "106": 25,
  "107": 24
}
[2018-02-06T20:54:06.782] [DEBUG] DOA1 - Disease update: {
  "hds": 10,
  "disease": 1,
  "count": 1
}
[2018-02-06T20:54:06.782] [DEBUG] DOA1 - Counts: [0,0,0,0,2,0,1,0,1,2,3,2,1,2,0,0,0,0,0,0,0,0,0,0]
[2018-02-06T20:54:06.782] [DEBUG] DOA1 - Vector timestamp: {
  "1": 35,
  "2": 0,
  "3": 0,
  "10": 69,
  "11": 60,
  "12": 65,
  "13": 36,
  "101": 28,
  "102": 26,
  "103": 25,
  "104": 22,
  "105": 26,
  "106": 25,
  "107": 24
}
[2018-02-06T20:54:06.813] [DEBUG] DOA1 - Vector timestamp: {
  "1": 36,
  "2": 0,
  "3": 0,
  "10": 69,
  "11": 60,
  "12": 65,
  "13": 36,
  "101": 28,
  "102": 26,
  "103": 25,
  "104": 22,
  "105": 26,
  "106": 25,
  "107": 24
}
[2018-02-06T20:54:07.782] [DEBUG] DOA1 - Vector timestamp: {
  "1": 37,
  "2": 0,
  "3": 0,
  "10": 76,
  "11": 60,
  "12": 65,
  "13": 36,
  "101": 29,
  "102": 31,
  "103": 25,
  "104": 22,
  "105": 26,
  "106": 25,
  "107": 24
}
[2018-02-06T20:54:07.782] [DEBUG] DOA1 - Disease update: {
  "hds": 10,
  "disease": 1,
  "count": 2
}
[2018-02-06T20:54:07.782] [DEBUG] DOA1 - Counts: [0,0,0,0,2,0,1,0,1,2,3,2,1,2,2,0,0,0,0,0,0,0,0,0]
[2018-02-06T20:54:07.782] [DEBUG] DOA1 - Vector timestamp: {
  "1": 38,
  "2": 0,
  "3": 0,
  "10": 76,
  "11": 60,
  "12": 65,
  "13": 36,
  "101": 29,
  "102": 31,
  "103": 25,
  "104": 22,
  "105": 26,
  "106": 25,
  "107": 24
}
[2018-02-06T20:54:07.813] [DEBUG] DOA1 - Vector timestamp: {
  "1": 39,
  "2": 0,
  "3": 0,
  "10": 76,
  "11": 60,
  "12": 65,
  "13": 36,
  "101": 29,
  "102": 31,
  "103": 25,
  "104": 22,
  "105": 26,
  "106": 25,
  "107": 24
}
[2018-02-06T20:54:07.888] [DEBUG] DOA1 - Vector timestamp: {
  "1": 40,
  "2": 0,
  "3": 0,
  "10": 76,
  "11": 60,
  "12": 76,
  "13": 36,
  "101": 29,
  "102": 31,
  "103": 25,
  "104": 22,
  "105": 31,
  "106": 29,
  "107": 24
}
[2018-02-06T20:54:07.888] [DEBUG] DOA1 - Disease update: {
  "hds": 12,
  "disease": 1,
  "count": 1
}
[2018-02-06T20:54:07.889] [DEBUG] DOA1 - Counts: [0,0,0,0,2,0,1,0,1,2,3,2,1,2,2,1,0,0,0,0,0,0,0,0]
[2018-02-06T20:54:07.889] [DEBUG] DOA1 - Vector timestamp: {
  "1": 41,
  "2": 0,
  "3": 0,
  "10": 76,
  "11": 60,
  "12": 76,
  "13": 36,
  "101": 29,
  "102": 31,
  "103": 25,
  "104": 22,
  "105": 31,
  "106": 29,
  "107": 24
}
[2018-02-06T20:54:08.813] [DEBUG] DOA1 - Vector timestamp: {
  "1": 42,
  "2": 0,
  "3": 0,
  "10": 76,
  "11": 60,
  "12": 76,
  "13": 36,
  "101": 29,
  "102": 31,
  "103": 25,
  "104": 22,
  "105": 31,
  "106": 29,
  "107": 24
}
[2018-02-06T20:54:08.887] [DEBUG] DOA1 - Vector timestamp: {
  "1": 43,
  "2": 0,
  "3": 0,
  "10": 76,
  "11": 60,
  "12": 83,
  "13": 36,
  "101": 29,
  "102": 31,
  "103": 25,
  "104": 22,
  "105": 35,
  "106": 31,
  "107": 24
}
[2018-02-06T20:54:08.887] [DEBUG] DOA1 - Disease update: {
  "hds": 12,
  "disease": 1,
  "count": 2
}
[2018-02-06T20:54:08.887] [DEBUG] DOA1 - Counts: [0,0,0,0,2,0,1,0,1,2,3,2,1,2,2,1,2,0,0,0,0,0,0,0]
[2018-02-06T20:54:08.887] [DEBUG] DOA1 - Vector timestamp: {
  "1": 44,
  "2": 0,
  "3": 0,
  "10": 76,
  "11": 60,
  "12": 83,
  "13": 36,
  "101": 29,
  "102": 31,
  "103": 25,
  "104": 22,
  "105": 35,
  "106": 31,
  "107": 24
}
[2018-02-06T20:54:09.814] [DEBUG] DOA1 - Vector timestamp: {
  "1": 45,
  "2": 0,
  "3": 0,
  "10": 76,
  "11": 60,
  "12": 83,
  "13": 36,
  "101": 29,
  "102": 31,
  "103": 25,
  "104": 22,
  "105": 35,
  "106": 31,
  "107": 24
}
[2018-02-06T20:54:09.846] [DEBUG] DOA1 - Vector timestamp: {
  "1": 46,
  "2": 0,
  "3": 0,
  "10": 76,
  "11": 60,
  "12": 83,
  "13": 53,
  "101": 29,
  "102": 31,
  "103": 25,
  "104": 22,
  "105": 35,
  "106": 31,
  "107": 36
}
[2018-02-06T20:54:09.846] [DEBUG] DOA1 - Disease update: {
  "hds": 13,
  "disease": 1,
  "count": 2
}
[2018-02-06T20:54:09.846] [DEBUG] DOA1 - Counts: [0,0,0,0,2,0,1,0,1,2,3,2,1,2,2,1,2,2,0,0,0,0,0,0]
[2018-02-06T20:54:09.847] [DEBUG] DOA1 - Vector timestamp: {
  "1": 47,
  "2": 0,
  "3": 0,
  "10": 76,
  "11": 60,
  "12": 83,
  "13": 53,
  "101": 29,
  "102": 31,
  "103": 25,
  "104": 22,
  "105": 35,
  "106": 31,
  "107": 36
}
[2018-02-06T20:54:10.782] [DEBUG] DOA1 - Vector timestamp: {
  "1": 48,
  "2": 0,
  "3": 0,
  "10": 93,
  "11": 60,
  "12": 83,
  "13": 53,
  "101": 37,
  "102": 38,
  "103": 25,
  "104": 22,
  "105": 35,
  "106": 31,
  "107": 36
}
[2018-02-06T20:54:10.782] [DEBUG] DOA1 - Disease update: {
  "hds": 10,
  "disease": 1,
  "count": 2
}
[2018-02-06T20:54:10.782] [DEBUG] DOA1 - Counts: [0,0,0,0,2,0,1,0,1,2,3,2,1,2,2,1,2,4,0,0,0,0,0,0]
[2018-02-06T20:54:10.782] [DEBUG] DOA1 - Vector timestamp: {
  "1": 49,
  "2": 0,
  "3": 0,
  "10": 93,
  "11": 60,
  "12": 83,
  "13": 53,
  "101": 37,
  "102": 38,
  "103": 25,
  "104": 22,
  "105": 35,
  "106": 31,
  "107": 36
}
[2018-02-06T20:54:10.815] [DEBUG] DOA1 - Vector timestamp: {
  "1": 50,
  "2": 0,
  "3": 0,
  "10": 93,
  "11": 60,
  "12": 83,
  "13": 53,
  "101": 37,
  "102": 38,
  "103": 25,
  "104": 22,
  "105": 35,
  "106": 31,
  "107": 36
}
[2018-02-06T20:54:10.904] [DEBUG] DOA1 - Vector timestamp: {
  "1": 51,
  "2": 0,
  "3": 0,
  "10": 93,
  "11": 98,
  "12": 83,
  "13": 53,
  "101": 37,
  "102": 38,
  "103": 41,
  "104": 37,
  "105": 35,
  "106": 31,
  "107": 36
}
[2018-02-06T20:54:10.904] [DEBUG] DOA1 - Disease update: {
  "hds": 11,
  "disease": 1,
  "count": 3
}
[2018-02-06T20:54:10.904] [DEBUG] DOA1 - Counts: [0,0,0,0,2,0,1,0,1,2,3,2,1,2,2,1,2,4,3,0,0,0,0,0]
[2018-02-06T20:54:10.904] [DEBUG] DOA1 - Vector timestamp: {
  "1": 52,
  "2": 0,
  "3": 0,
  "10": 93,
  "11": 98,
  "12": 83,
  "13": 53,
  "101": 37,
  "102": 38,
  "103": 41,
  "104": 37,
  "105": 35,
  "106": 31,
  "107": 36
}
[2018-02-06T20:54:11.814] [DEBUG] DOA1 - Vector timestamp: {
  "1": 53,
  "2": 0,
  "3": 0,
  "10": 93,
  "11": 98,
  "12": 83,
  "13": 53,
  "101": 37,
  "102": 38,
  "103": 41,
  "104": 37,
  "105": 35,
  "106": 31,
  "107": 36
}
[2018-02-06T20:54:11.846] [DEBUG] DOA1 - Vector timestamp: {
  "1": 54,
  "2": 0,
  "3": 0,
  "10": 93,
  "11": 98,
  "12": 83,
  "13": 60,
  "101": 37,
  "102": 38,
  "103": 41,
  "104": 37,
  "105": 35,
  "106": 31,
  "107": 41
}
[2018-02-06T20:54:11.847] [DEBUG] DOA1 - Disease update: {
  "hds": 13,
  "disease": 1,
  "count": 1
}
[2018-02-06T20:54:11.847] [DEBUG] DOA1 - Counts: [0,0,0,0,2,0,1,0,1,2,3,2,1,2,2,1,2,4,3,1,0,0,0,0]
[2018-02-06T20:54:11.847] [DEBUG] DOA1 - Vector timestamp: {
  "1": 55,
  "2": 0,
  "3": 0,
  "10": 93,
  "11": 98,
  "12": 83,
  "13": 60,
  "101": 37,
  "102": 38,
  "103": 41,
  "104": 37,
  "105": 35,
  "106": 31,
  "107": 41
}
[2018-02-06T20:54:11.903] [DEBUG] DOA1 - Vector timestamp: {
  "1": 56,
  "2": 0,
  "3": 0,
  "10": 93,
  "11": 104,
  "12": 83,
  "13": 60,
  "101": 37,
  "102": 38,
  "103": 44,
  "104": 39,
  "105": 35,
  "106": 31,
  "107": 41
}
[2018-02-06T20:54:11.903] [DEBUG] DOA1 - Disease update: {
  "hds": 11,
  "disease": 1,
  "count": 1
}
[2018-02-06T20:54:11.904] [DEBUG] DOA1 - Counts: [0,0,0,0,2,0,1,0,1,2,3,2,1,2,2,1,2,4,3,2,0,0,0,0]
[2018-02-06T20:54:11.904] [DEBUG] DOA1 - Vector timestamp: {
  "1": 57,
  "2": 0,
  "3": 0,
  "10": 93,
  "11": 104,
  "12": 83,
  "13": 60,
  "101": 37,
  "102": 38,
  "103": 44,
  "104": 39,
  "105": 35,
  "106": 31,
  "107": 41
}
[2018-02-06T20:54:12.784] [DEBUG] DOA1 - Vector timestamp: {
  "1": 58,
  "2": 0,
  "3": 0,
  "10": 105,
  "11": 104,
  "12": 83,
  "13": 60,
  "101": 42,
  "102": 43,
  "103": 44,
  "104": 39,
  "105": 35,
  "106": 31,
  "107": 41
}
[2018-02-06T20:54:12.785] [DEBUG] DOA1 - Disease update: {
  "hds": 10,
  "disease": 1,
  "count": 2
}
[2018-02-06T20:54:12.785] [DEBUG] DOA1 - Counts: [0,0,0,0,2,0,1,0,1,2,3,2,1,2,2,1,2,4,3,4,0,0,0,0]
[2018-02-06T20:54:12.785] [DEBUG] DOA1 - Vector timestamp: {
  "1": 59,
  "2": 0,
  "3": 0,
  "10": 105,
  "11": 104,
  "12": 83,
  "13": 60,
  "101": 42,
  "102": 43,
  "103": 44,
  "104": 39,
  "105": 35,
  "106": 31,
  "107": 41
}
[2018-02-06T20:54:12.815] [DEBUG] DOA1 - Vector timestamp: {
  "1": 60,
  "2": 0,
  "3": 0,
  "10": 105,
  "11": 104,
  "12": 83,
  "13": 60,
  "101": 42,
  "102": 43,
  "103": 44,
  "104": 39,
  "105": 35,
  "106": 31,
  "107": 41
}
[2018-02-06T20:54:12.847] [DEBUG] DOA1 - Vector timestamp: {
  "1": 61,
  "2": 0,
  "3": 0,
  "10": 105,
  "11": 104,
  "12": 83,
  "13": 64,
  "101": 42,
  "102": 43,
  "103": 44,
  "104": 39,
  "105": 35,
  "106": 31,
  "107": 44
}
[2018-02-06T20:54:12.847] [DEBUG] DOA1 - Disease update: {
  "hds": 13,
  "disease": 1,
  "count": 1
}
[2018-02-06T20:54:12.847] [DEBUG] DOA1 - Counts: [0,0,0,0,2,0,1,0,1,2,3,2,1,2,2,1,2,4,3,4,1,0,0,0]
[2018-02-06T20:54:12.847] [DEBUG] DOA1 - Vector timestamp: {
  "1": 62,
  "2": 0,
  "3": 0,
  "10": 105,
  "11": 104,
  "12": 83,
  "13": 64,
  "101": 42,
  "102": 43,
  "103": 44,
  "104": 39,
  "105": 35,
  "106": 31,
  "107": 44
}
[2018-02-06T20:54:12.904] [DEBUG] DOA1 - Vector timestamp: {
  "1": 63,
  "2": 0,
  "3": 0,
  "10": 105,
  "11": 111,
  "12": 83,
  "13": 64,
  "101": 42,
  "102": 43,
  "103": 48,
  "104": 41,
  "105": 35,
  "106": 31,
  "107": 44
}
[2018-02-06T20:54:12.904] [DEBUG] DOA1 - Disease update: {
  "hds": 11,
  "disease": 1,
  "count": 2
}
[2018-02-06T20:54:12.904] [DEBUG] DOA1 - Counts: [0,0,0,0,2,0,1,0,1,2,3,2,1,2,2,1,2,4,3,4,3,0,0,0]
[2018-02-06T20:54:12.904] [DEBUG] DOA1 - Vector timestamp: {
  "1": 64,
  "2": 0,
  "3": 0,
  "10": 105,
  "11": 111,
  "12": 83,
  "13": 64,
  "101": 42,
  "102": 43,
  "103": 48,
  "104": 41,
  "105": 35,
  "106": 31,
  "107": 44
}
[2018-02-06T20:54:13.814] [DEBUG] DOA1 - Vector timestamp: {
  "1": 65,
  "2": 0,
  "3": 0,
  "10": 105,
  "11": 111,
  "12": 83,
  "13": 64,
  "101": 42,
  "102": 43,
  "103": 48,
  "104": 41,
  "105": 35,
  "106": 31,
  "107": 44
}
[2018-02-06T20:54:13.905] [DEBUG] DOA1 - Vector timestamp: {
  "1": 66,
  "2": 0,
  "3": 0,
  "10": 105,
  "11": 117,
  "12": 83,
  "13": 64,
  "101": 42,
  "102": 43,
  "103": 51,
  "104": 43,
  "105": 35,
  "106": 31,
  "107": 44
}
[2018-02-06T20:54:13.905] [DEBUG] DOA1 - Disease update: {
  "hds": 11,
  "disease": 1,
  "count": 1
}
[2018-02-06T20:54:13.905] [DEBUG] DOA1 - Counts: [0,0,0,0,2,0,1,0,1,2,3,2,1,2,2,1,2,4,3,4,3,1,0,0]
[2018-02-06T20:54:13.905] [DEBUG] DOA1 - Vector timestamp: {
  "1": 67,
  "2": 0,
  "3": 0,
  "10": 105,
  "11": 117,
  "12": 83,
  "13": 64,
  "101": 42,
  "102": 43,
  "103": 51,
  "104": 43,
  "105": 35,
  "106": 31,
  "107": 44
}
[2018-02-06T20:54:14.784] [DEBUG] DOA1 - Vector timestamp: {
  "1": 68,
  "2": 0,
  "3": 0,
  "10": 116,
  "11": 117,
  "12": 83,
  "13": 64,
  "101": 45,
  "102": 48,
  "103": 51,
  "104": 43,
  "105": 35,
  "106": 31,
  "107": 44
}
[2018-02-06T20:54:14.785] [DEBUG] DOA1 - Disease update: {
  "hds": 10,
  "disease": 1,
  "count": 1
}
[2018-02-06T20:54:14.785] [DEBUG] DOA1 - Counts: [0,0,0,0,2,0,1,0,1,2,3,2,1,2,2,1,2,4,3,4,3,2,0,0]
[2018-02-06T20:54:14.785] [DEBUG] DOA1 - Vector timestamp: {
  "1": 69,
  "2": 0,
  "3": 0,
  "10": 116,
  "11": 117,
  "12": 83,
  "13": 64,
  "101": 45,
  "102": 48,
  "103": 51,
  "104": 43,
  "105": 35,
  "106": 31,
  "107": 44
}
[2018-02-06T20:54:14.815] [DEBUG] DOA1 - Vector timestamp: {
  "1": 70,
  "2": 0,
  "3": 0,
  "10": 116,
  "11": 117,
  "12": 83,
  "13": 64,
  "101": 45,
  "102": 48,
  "103": 51,
  "104": 43,
  "105": 35,
  "106": 31,
  "107": 44
}
[2018-02-06T20:54:14.904] [DEBUG] DOA1 - Vector timestamp: {
  "1": 71,
  "2": 0,
  "3": 0,
  "10": 116,
  "11": 123,
  "12": 83,
  "13": 64,
  "101": 45,
  "102": 48,
  "103": 53,
  "104": 46,
  "105": 35,
  "106": 31,
  "107": 44
}
[2018-02-06T20:54:14.904] [DEBUG] DOA1 - Disease update: {
  "hds": 11,
  "disease": 1,
  "count": 1
}
[2018-02-06T20:54:14.904] [DEBUG] DOA1 - Counts: [0,0,0,0,2,0,1,0,1,2,3,2,1,2,2,1,2,4,3,4,3,2,1,0]
[2018-02-06T20:54:14.904] [DEBUG] DOA1 - Vector timestamp: {
  "1": 72,
  "2": 0,
  "3": 0,
  "10": 116,
  "11": 123,
  "12": 83,
  "13": 64,
  "101": 45,
  "102": 48,
  "103": 53,
  "104": 46,
  "105": 35,
  "106": 31,
  "107": 44
}
[2018-02-06T20:54:15.816] [DEBUG] DOA1 - Vector timestamp: {
  "1": 73,
  "2": 0,
  "3": 0,
  "10": 116,
  "11": 123,
  "12": 83,
  "13": 64,
  "101": 45,
  "102": 48,
  "103": 53,
  "104": 46,
  "105": 35,
  "106": 31,
  "107": 44
}
[2018-02-06T20:54:15.848] [DEBUG] DOA1 - Vector timestamp: {
  "1": 74,
  "2": 0,
  "3": 0,
  "10": 116,
  "11": 123,
  "12": 83,
  "13": 74,
  "101": 45,
  "102": 48,
  "103": 53,
  "104": 46,
  "105": 35,
  "106": 31,
  "107": 51
}
[2018-02-06T20:54:15.849] [DEBUG] DOA1 - Disease update: {
  "hds": 13,
  "disease": 1,
  "count": 1
}
[2018-02-06T20:54:15.849] [DEBUG] DOA1 - Counts: [0,0,0,0,2,0,1,0,1,2,3,2,1,2,2,1,2,4,3,4,3,2,1,1]
[2018-02-06T20:54:15.849] [DEBUG] DOA1 - Vector timestamp: {
  "1": 75,
  "2": 0,
  "3": 0,
  "10": 116,
  "11": 123,
  "12": 83,
  "13": 74,
  "101": 45,
  "102": 48,
  "103": 53,
  "104": 46,
  "105": 35,
  "106": 31,
  "107": 51
}
[2018-02-06T20:54:16.816] [DEBUG] DOA1 - Vector timestamp: {
  "1": 76,
  "2": 0,
  "3": 0,
  "10": 116,
  "11": 123,
  "12": 83,
  "13": 74,
  "101": 45,
  "102": 48,
  "103": 53,
  "104": 46,
  "105": 35,
  "106": 31,
  "107": 51
}
[2018-02-06T20:54:16.910] [DEBUG] DOA1 - Vector timestamp: {
  "1": 77,
  "2": 0,
  "3": 0,
  "10": 116,
  "11": 135,
  "12": 83,
  "13": 74,
  "101": 45,
  "102": 48,
  "103": 58,
  "104": 51,
  "105": 35,
  "106": 31,
  "107": 51
}
[2018-02-06T20:54:16.911] [DEBUG] DOA1 - Disease update: {
  "hds": 11,
  "disease": 1,
  "count": 2
}
[2018-02-06T20:54:16.911] [DEBUG] DOA1 - Counts: [2,0,0,0,2,0,1,0,1,2,3,2,1,2,2,1,2,4,3,4,3,2,1,1]
[2018-02-06T20:54:16.916] [DEBUG] DOA1 - Vector timestamp: {
  "1": 78,
  "2": 0,
  "3": 0,
  "10": 116,
  "11": 135,
  "12": 83,
  "13": 74,
  "101": 45,
  "102": 48,
  "103": 58,
  "104": 51,
  "105": 35,
  "106": 31,
  "107": 51
}
[2018-02-06T20:54:17.817] [DEBUG] DOA1 - Vector timestamp: {
  "1": 79,
  "2": 0,
  "3": 0,
  "10": 116,
  "11": 135,
  "12": 83,
  "13": 74,
  "101": 45,
  "102": 48,
  "103": 58,
  "104": 51,
  "105": 35,
  "106": 31,
  "107": 51
}
[2018-02-06T20:54:17.890] [DEBUG] DOA1 - Vector timestamp: {
  "1": 80,
  "2": 0,
  "3": 0,
  "10": 116,
  "11": 135,
  "12": 129,
  "13": 74,
  "101": 45,
  "102": 48,
  "103": 58,
  "104": 51,
  "105": 52,
  "106": 51,
  "107": 51
}
[2018-02-06T20:54:17.890] [DEBUG] DOA1 - Disease update: {
  "hds": 12,
  "disease": 1,
  "count": 1
}
[2018-02-06T20:54:17.890] [DEBUG] DOA1 - Counts: [2,1,0,0,2,0,1,0,1,2,3,2,1,2,2,1,2,4,3,4,3,2,1,1]
[2018-02-06T20:54:17.890] [DEBUG] DOA1 - Vector timestamp: {
  "1": 81,
  "2": 0,
  "3": 0,
  "10": 116,
  "11": 135,
  "12": 129,
  "13": 74,
  "101": 45,
  "102": 48,
  "103": 58,
  "104": 51,
  "105": 52,
  "106": 51,
  "107": 51
}
[2018-02-06T20:54:18.785] [DEBUG] DOA1 - Vector timestamp: {
  "1": 82,
  "2": 0,
  "3": 0,
  "10": 137,
  "11": 135,
  "12": 129,
  "13": 74,
  "101": 53,
  "102": 57,
  "103": 58,
  "104": 51,
  "105": 52,
  "106": 51,
  "107": 51
}
[2018-02-06T20:54:18.785] [DEBUG] DOA1 - Disease update: {
  "hds": 10,
  "disease": 1,
  "count": 1
}
[2018-02-06T20:54:18.785] [DEBUG] DOA1 - Counts: [2,2,0,0,2,0,1,0,1,2,3,2,1,2,2,1,2,4,3,4,3,2,1,1]
[2018-02-06T20:54:18.785] [DEBUG] DOA1 - Vector timestamp: {
  "1": 83,
  "2": 0,
  "3": 0,
  "10": 137,
  "11": 135,
  "12": 129,
  "13": 74,
  "101": 53,
  "102": 57,
  "103": 58,
  "104": 51,
  "105": 52,
  "106": 51,
  "107": 51
}
[2018-02-06T20:54:18.818] [DEBUG] DOA1 - Vector timestamp: {
  "1": 84,
  "2": 0,
  "3": 0,
  "10": 137,
  "11": 135,
  "12": 129,
  "13": 74,
  "101": 53,
  "102": 57,
  "103": 58,
  "104": 51,
  "105": 52,
  "106": 51,
  "107": 51
}
[2018-02-06T20:54:18.891] [DEBUG] DOA1 - Vector timestamp: {
  "1": 85,
  "2": 0,
  "3": 0,
  "10": 137,
  "11": 135,
  "12": 136,
  "13": 74,
  "101": 53,
  "102": 57,
  "103": 58,
  "104": 51,
  "105": 54,
  "106": 55,
  "107": 51
}
[2018-02-06T20:54:18.891] [DEBUG] DOA1 - Disease update: {
  "hds": 12,
  "disease": 1,
  "count": 2
}
[2018-02-06T20:54:18.891] [DEBUG] DOA1 - Counts: [2,2,2,0,2,0,1,0,1,2,3,2,1,2,2,1,2,4,3,4,3,2,1,1]
[2018-02-06T20:54:18.891] [DEBUG] DOA1 - Vector timestamp: {
  "1": 86,
  "2": 0,
  "3": 0,
  "10": 137,
  "11": 135,
  "12": 136,
  "13": 74,
  "101": 53,
  "102": 57,
  "103": 58,
  "104": 51,
  "105": 54,
  "106": 55,
  "107": 51
}
[2018-02-06T20:54:18.905] [DEBUG] DOA1 - Vector timestamp: {
  "1": 87,
  "2": 0,
  "3": 0,
  "10": 137,
  "11": 146,
  "12": 136,
  "13": 74,
  "101": 53,
  "102": 57,
  "103": 63,
  "104": 55,
  "105": 54,
  "106": 55,
  "107": 51
}
[2018-02-06T20:54:18.905] [DEBUG] DOA1 - Disease update: {
  "hds": 11,
  "disease": 1,
  "count": 1
}
[2018-02-06T20:54:18.905] [DEBUG] DOA1 - Counts: [2,2,3,0,2,0,1,0,1,2,3,2,1,2,2,1,2,4,3,4,3,2,1,1]
[2018-02-06T20:54:18.905] [DEBUG] DOA1 - Vector timestamp: {
  "1": 88,
  "2": 0,
  "3": 0,
  "10": 137,
  "11": 146,
  "12": 136,
  "13": 74,
  "101": 53,
  "102": 57,
  "103": 63,
  "104": 55,
  "105": 54,
  "106": 55,
  "107": 51
}
[2018-02-06T20:54:19.785] [DEBUG] DOA1 - Vector timestamp: {
  "1": 89,
  "2": 0,
  "3": 0,
  "10": 143,
  "11": 146,
  "12": 136,
  "13": 74,
  "101": 57,
  "102": 58,
  "103": 63,
  "104": 55,
  "105": 54,
  "106": 55,
  "107": 51
}
[2018-02-06T20:54:19.785] [DEBUG] DOA1 - Disease update: {
  "hds": 10,
  "disease": 1,
  "count": 1
}
[2018-02-06T20:54:19.785] [DEBUG] DOA1 - Counts: [2,2,4,0,2,0,1,0,1,2,3,2,1,2,2,1,2,4,3,4,3,2,1,1]
[2018-02-06T20:54:19.785] [DEBUG] DOA1 - Vector timestamp: {
  "1": 90,
  "2": 0,
  "3": 0,
  "10": 143,
  "11": 146,
  "12": 136,
  "13": 74,
  "101": 57,
  "102": 58,
  "103": 63,
  "104": 55,
  "105": 54,
  "106": 55,
  "107": 51
}
[2018-02-06T20:54:19.817] [DEBUG] DOA1 - Vector timestamp: {
  "1": 91,
  "2": 0,
  "3": 0,
  "10": 143,
  "11": 146,
  "12": 136,
  "13": 74,
  "101": 57,
  "102": 58,
  "103": 63,
  "104": 55,
  "105": 54,
  "106": 55,
  "107": 51
}
[2018-02-06T20:54:19.854] [DEBUG] DOA1 - Vector timestamp: {
  "1": 92,
  "2": 0,
  "3": 0,
  "10": 143,
  "11": 146,
  "12": 136,
  "13": 87,
  "101": 57,
  "102": 58,
  "103": 63,
  "104": 55,
  "105": 54,
  "106": 55,
  "107": 60
}
[2018-02-06T20:54:19.854] [DEBUG] DOA1 - Disease update: {
  "hds": 13,
  "disease": 1,
  "count": 1
}
[2018-02-06T20:54:19.854] [DEBUG] DOA1 - Counts: [2,2,4,1,2,0,1,0,1,2,3,2,1,2,2,1,2,4,3,4,3,2,1,1]
[2018-02-06T20:54:19.854] [DEBUG] DOA1 - Vector timestamp: {
  "1": 93,
  "2": 0,
  "3": 0,
  "10": 143,
  "11": 146,
  "12": 136,
  "13": 87,
  "101": 57,
  "102": 58,
  "103": 63,
  "104": 55,
  "105": 54,
  "106": 55,
  "107": 60
}
[2018-02-06T20:54:19.891] [DEBUG] DOA1 - Vector timestamp: {
  "1": 94,
  "2": 0,
  "3": 0,
  "10": 143,
  "11": 146,
  "12": 142,
  "13": 87,
  "101": 57,
  "102": 58,
  "103": 63,
  "104": 55,
  "105": 56,
  "106": 58,
  "107": 60
}
[2018-02-06T20:54:19.891] [DEBUG] DOA1 - Disease update: {
  "hds": 12,
  "disease": 1,
  "count": 1
}
[2018-02-06T20:54:19.891] [DEBUG] DOA1 - Counts: [2,2,4,2,2,0,1,0,1,2,3,2,1,2,2,1,2,4,3,4,3,2,1,1]
[2018-02-06T20:54:19.891] [DEBUG] DOA1 - Vector timestamp: {
  "1": 95,
  "2": 0,
  "3": 0,
  "10": 143,
  "11": 146,
  "12": 142,
  "13": 87,
  "101": 57,
  "102": 58,
  "103": 63,
  "104": 55,
  "105": 56,
  "106": 58,
  "107": 60
}
[2018-02-06T20:54:19.905] [DEBUG] DOA1 - Vector timestamp: {
  "1": 96,
  "2": 0,
  "3": 0,
  "10": 143,
  "11": 153,
  "12": 142,
  "13": 87,
  "101": 57,
  "102": 58,
  "103": 66,
  "104": 58,
  "105": 56,
  "106": 58,
  "107": 60
}
[2018-02-06T20:54:19.905] [DEBUG] DOA1 - Disease update: {
  "hds": 11,
  "disease": 1,
  "count": 2
}
[2018-02-06T20:54:19.905] [DEBUG] DOA1 - Counts: [2,2,4,4,2,0,1,0,1,2,3,2,1,2,2,1,2,4,3,4,3,2,1,1]
[2018-02-06T20:54:19.905] [DEBUG] DOA1 - Vector timestamp: {
  "1": 97,
  "2": 0,
  "3": 0,
  "10": 143,
  "11": 153,
  "12": 142,
  "13": 87,
  "101": 57,
  "102": 58,
  "103": 66,
  "104": 58,
  "105": 56,
  "106": 58,
  "107": 60
}
[2018-02-06T20:54:20.818] [DEBUG] DOA1 - Vector timestamp: {
  "1": 98,
  "2": 0,
  "3": 0,
  "10": 143,
  "11": 153,
  "12": 142,
  "13": 87,
  "101": 57,
  "102": 58,
  "103": 66,
  "104": 58,
  "105": 56,
  "106": 58,
  "107": 60
}
[2018-02-06T20:54:20.891] [DEBUG] DOA1 - Vector timestamp: {
  "1": 99,
  "2": 0,
  "3": 0,
  "10": 143,
  "11": 153,
  "12": 148,
  "13": 87,
  "101": 57,
  "102": 58,
  "103": 66,
  "104": 58,
  "105": 60,
  "106": 59,
  "107": 60
}
[2018-02-06T20:54:20.891] [DEBUG] DOA1 - Disease update: {
  "hds": 12,
  "disease": 1,
  "count": 1
}
[2018-02-06T20:54:20.891] [DEBUG] DOA1 - Counts: [2,2,4,4,1,0,1,0,1,2,3,2,1,2,2,1,2,4,3,4,3,2,1,1]
[2018-02-06T20:54:20.891] [DEBUG] DOA1 - Vector timestamp: {
  "1": 100,
  "2": 0,
  "3": 0,
  "10": 143,
  "11": 153,
  "12": 148,
  "13": 87,
  "101": 57,
  "102": 58,
  "103": 66,
  "104": 58,
  "105": 60,
  "106": 59,
  "107": 60
}
[2018-02-06T20:54:21.786] [DEBUG] DOA1 - Vector timestamp: {
  "1": 101,
  "2": 0,
  "3": 0,
  "10": 154,
  "11": 153,
  "12": 148,
  "13": 87,
  "101": 60,
  "102": 64,
  "103": 66,
  "104": 58,
  "105": 60,
  "106": 59,
  "107": 60
}
[2018-02-06T20:54:21.786] [DEBUG] DOA1 - Disease update: {
  "hds": 10,
  "disease": 1,
  "count": 1
}
[2018-02-06T20:54:21.786] [DEBUG] DOA1 - Counts: [2,2,4,4,2,0,1,0,1,2,3,2,1,2,2,1,2,4,3,4,3,2,1,1]
[2018-02-06T20:54:21.786] [DEBUG] DOA1 - Vector timestamp: {
  "1": 102,
  "2": 0,
  "3": 0,
  "10": 154,
  "11": 153,
  "12": 148,
  "13": 87,
  "101": 60,
  "102": 64,
  "103": 66,
  "104": 58,
  "105": 60,
  "106": 59,
  "107": 60
}
[2018-02-06T20:54:21.818] [DEBUG] DOA1 - Vector timestamp: {
  "1": 103,
  "2": 0,
  "3": 0,
  "10": 154,
  "11": 153,
  "12": 148,
  "13": 87,
  "101": 60,
  "102": 64,
  "103": 66,
  "104": 58,
  "105": 60,
  "106": 59,
  "107": 60
}
[2018-02-06T20:54:21.892] [DEBUG] DOA1 - Vector timestamp: {
  "1": 104,
  "2": 0,
  "3": 0,
  "10": 154,
  "11": 153,
  "12": 154,
  "13": 87,
  "101": 60,
  "102": 64,
  "103": 66,
  "104": 58,
  "105": 61,
  "106": 63,
  "107": 60
}
[2018-02-06T20:54:21.892] [DEBUG] DOA1 - Disease update: {
  "hds": 12,
  "disease": 1,
  "count": 1
}
[2018-02-06T20:54:21.892] [DEBUG] DOA1 - Counts: [2,2,4,4,2,1,1,0,1,2,3,2,1,2,2,1,2,4,3,4,3,2,1,1]
[2018-02-06T20:54:21.892] [DEBUG] DOA1 - Vector timestamp: {
  "1": 105,
  "2": 0,
  "3": 0,
  "10": 154,
  "11": 153,
  "12": 154,
  "13": 87,
  "101": 60,
  "102": 64,
  "103": 66,
  "104": 58,
  "105": 61,
  "106": 63,
  "107": 60
}
[2018-02-06T20:54:21.906] [DEBUG] DOA1 - Vector timestamp: {
  "1": 106,
  "2": 0,
  "3": 0,
  "10": 154,
  "11": 164,
  "12": 154,
  "13": 87,
  "101": 60,
  "102": 64,
  "103": 70,
  "104": 63,
  "105": 61,
  "106": 63,
  "107": 60
}
[2018-02-06T20:54:21.906] [DEBUG] DOA1 - Disease update: {
  "hds": 11,
  "disease": 1,
  "count": 1
}
[2018-02-06T20:54:21.906] [DEBUG] DOA1 - Counts: [2,2,4,4,2,2,1,0,1,2,3,2,1,2,2,1,2,4,3,4,3,2,1,1]
[2018-02-06T20:54:21.906] [DEBUG] DOA1 - Vector timestamp: {
  "1": 107,
  "2": 0,
  "3": 0,
  "10": 154,
  "11": 164,
  "12": 154,
  "13": 87,
  "101": 60,
  "102": 64,
  "103": 70,
  "104": 63,
  "105": 61,
  "106": 63,
  "107": 60
}
