[2018-02-07T00:03:27.236] [DEBUG] DOA2 - Got config: {
  "doa": {
    "id": 2,
    "ip": "localhost",
    "port": 12002,
    "disease": 2
  },
  "hds": [
    {
      "id": 10,
      "notification": {
        "ip": "localhost",
        "port": 12100
      },
      "update": {
        "ip": "localhost",
        "port": 12101
      },
      "outbreakRouter": {
        "ip": "localhost",
        "port": 12110
      }
    },
    {
      "id": 11,
      "notification": {
        "ip": "localhost",
        "port": 12102
      },
      "update": {
        "ip": "localhost",
        "port": 12103
      },
      "outbreakRouter": {
        "ip": "localhost",
        "port": 12111
      }
    },
    {
      "id": 12,
      "notification": {
        "ip": "localhost",
        "port": 12104
      },
      "update": {
        "ip": "localhost",
        "port": 12105
      },
      "outbreakRouter": {
        "ip": "localhost",
        "port": 12112
      }
    },
    {
      "id": 13,
      "notification": {
        "ip": "localhost",
        "port": 12106
      },
      "update": {
        "ip": "localhost",
        "port": 12107
      },
      "outbreakRouter": {
        "ip": "localhost",
        "port": 12113
      }
    }
  ],
  "processes": [
    {
      "id": 1,
      "ip": "localhost",
      "port": 12001,
      "disease": 1
    },
    {
      "id": 2,
      "ip": "localhost",
      "port": 12002,
      "disease": 2
    },
    {
      "id": 3,
      "ip": "localhost",
      "port": 12003,
      "disease": 3
    },
    {
      "id": 101,
      "hds": 10
    },
    {
      "id": 102,
      "hds": 10
    },
    {
      "id": 103,
      "hds": 11
    },
    {
      "id": 104,
      "hds": 11
    },
    {
      "id": 105,
      "hds": 12
    },
    {
      "id": 106,
      "hds": 12
    },
    {
      "id": 107,
      "hds": 13
    },
    {
      "id": 10,
      "notification": {
        "ip": "localhost",
        "port": 12100
      },
      "update": {
        "ip": "localhost",
        "port": 12101
      },
      "outbreakRouter": {
        "ip": "localhost",
        "port": 12110
      }
    },
    {
      "id": 11,
      "notification": {
        "ip": "localhost",
        "port": 12102
      },
      "update": {
        "ip": "localhost",
        "port": 12103
      },
      "outbreakRouter": {
        "ip": "localhost",
        "port": 12111
      }
    },
    {
      "id": 12,
      "notification": {
        "ip": "localhost",
        "port": 12104
      },
      "update": {
        "ip": "localhost",
        "port": 12105
      },
      "outbreakRouter": {
        "ip": "localhost",
        "port": 12112
      }
    },
    {
      "id": 13,
      "notification": {
        "ip": "localhost",
        "port": 12106
      },
      "update": {
        "ip": "localhost",
        "port": 12107
      },
      "outbreakRouter": {
        "ip": "localhost",
        "port": 12113
      }
    }
  ],
  "simulation": {
    "simulationTime": 24,
    "simulationInterval": 100,
    "diseases": [
      {
        "id": 1,
        "name": "Influenza",
        "threshold": 120,
        "minP": 0,
        "maxP": 0.1,
        "ratePeriod": 48
      },
      {
        "id": 2,
        "name": "Chicken Pox",
        "threshold": 50,
        "minP": 0,
        "maxP": 0,
        "ratePeriod": 120
      },
      {
        "id": 3,
        "name": "Measles",
        "threshold": 10,
        "minP": 0,
        "maxP": 0,
        "ratePeriod": 24
      }
    ]
  }
}
[2018-02-07T00:03:28.242] [DEBUG] VectorTimestamp - {
  "1": 0,
  "2": 1,
  "3": 0,
  "10": 0,
  "11": 0,
  "12": 0,
  "13": 0,
  "101": 0,
  "102": 0,
  "103": 0,
  "104": 0,
  "105": 0,
  "106": 0,
  "107": 0
}
[2018-02-07T00:03:29.244] [DEBUG] VectorTimestamp - {
  "1": 0,
  "2": 2,
  "3": 0,
  "10": 0,
  "11": 0,
  "12": 0,
  "13": 0,
  "101": 0,
  "102": 0,
  "103": 0,
  "104": 0,
  "105": 0,
  "106": 0,
  "107": 0
}
[2018-02-07T00:03:30.244] [DEBUG] VectorTimestamp - {
  "1": 0,
  "2": 3,
  "3": 0,
  "10": 0,
  "11": 0,
  "12": 0,
  "13": 0,
  "101": 0,
  "102": 0,
  "103": 0,
  "104": 0,
  "105": 0,
  "106": 0,
  "107": 0
}
[2018-02-07T00:03:31.245] [DEBUG] VectorTimestamp - {
  "1": 0,
  "2": 4,
  "3": 0,
  "10": 0,
  "11": 0,
  "12": 0,
  "13": 0,
  "101": 0,
  "102": 0,
  "103": 0,
  "104": 0,
  "105": 0,
  "106": 0,
  "107": 0
}
[2018-02-07T00:03:32.246] [DEBUG] VectorTimestamp - {
  "1": 0,
  "2": 5,
  "3": 0,
  "10": 0,
  "11": 0,
  "12": 0,
  "13": 0,
  "101": 0,
  "102": 0,
  "103": 0,
  "104": 0,
  "105": 0,
  "106": 0,
  "107": 0
}
[2018-02-07T00:03:33.246] [DEBUG] VectorTimestamp - {
  "1": 0,
  "2": 6,
  "3": 0,
  "10": 0,
  "11": 0,
  "12": 0,
  "13": 0,
  "101": 0,
  "102": 0,
  "103": 0,
  "104": 0,
  "105": 0,
  "106": 0,
  "107": 0
}
[2018-02-07T00:03:34.247] [DEBUG] VectorTimestamp - {
  "1": 0,
  "2": 7,
  "3": 0,
  "10": 0,
  "11": 0,
  "12": 0,
  "13": 0,
  "101": 0,
  "102": 0,
  "103": 0,
  "104": 0,
  "105": 0,
  "106": 0,
  "107": 0
}
[2018-02-07T00:03:35.247] [DEBUG] VectorTimestamp - {
  "1": 0,
  "2": 8,
  "3": 0,
  "10": 0,
  "11": 0,
  "12": 0,
  "13": 0,
  "101": 0,
  "102": 0,
  "103": 0,
  "104": 0,
  "105": 0,
  "106": 0,
  "107": 0
}
[2018-02-07T00:03:36.248] [DEBUG] VectorTimestamp - {
  "1": 0,
  "2": 9,
  "3": 0,
  "10": 0,
  "11": 0,
  "12": 0,
  "13": 0,
  "101": 0,
  "102": 0,
  "103": 0,
  "104": 0,
  "105": 0,
  "106": 0,
  "107": 0
}
[2018-02-07T00:03:37.249] [DEBUG] VectorTimestamp - {
  "1": 0,
  "2": 10,
  "3": 0,
  "10": 0,
  "11": 0,
  "12": 0,
  "13": 0,
  "101": 0,
  "102": 0,
  "103": 0,
  "104": 0,
  "105": 0,
  "106": 0,
  "107": 0
}
[2018-02-07T00:03:38.249] [DEBUG] VectorTimestamp - {
  "1": 0,
  "2": 11,
  "3": 0,
  "10": 0,
  "11": 0,
  "12": 0,
  "13": 0,
  "101": 0,
  "102": 0,
  "103": 0,
  "104": 0,
  "105": 0,
  "106": 0,
  "107": 0
}
[2018-02-07T00:03:39.250] [DEBUG] VectorTimestamp - {
  "1": 0,
  "2": 12,
  "3": 0,
  "10": 0,
  "11": 0,
  "12": 0,
  "13": 0,
  "101": 0,
  "102": 0,
  "103": 0,
  "104": 0,
  "105": 0,
  "106": 0,
  "107": 0
}
[2018-02-07T00:03:40.251] [DEBUG] VectorTimestamp - {
  "1": 0,
  "2": 13,
  "3": 0,
  "10": 0,
  "11": 0,
  "12": 0,
  "13": 0,
  "101": 0,
  "102": 0,
  "103": 0,
  "104": 0,
  "105": 0,
  "106": 0,
  "107": 0
}
[2018-02-07T00:03:41.251] [DEBUG] VectorTimestamp - {
  "1": 0,
  "2": 14,
  "3": 0,
  "10": 0,
  "11": 0,
  "12": 0,
  "13": 0,
  "101": 0,
  "102": 0,
  "103": 0,
  "104": 0,
  "105": 0,
  "106": 0,
  "107": 0
}
[2018-02-07T00:03:42.252] [DEBUG] VectorTimestamp - {
  "1": 0,
  "2": 15,
  "3": 0,
  "10": 0,
  "11": 0,
  "12": 0,
  "13": 0,
  "101": 0,
  "102": 0,
  "103": 0,
  "104": 0,
  "105": 0,
  "106": 0,
  "107": 0
}
[2018-02-07T00:03:43.254] [DEBUG] VectorTimestamp - {
  "1": 0,
  "2": 16,
  "3": 0,
  "10": 0,
  "11": 0,
  "12": 0,
  "13": 0,
  "101": 0,
  "102": 0,
  "103": 0,
  "104": 0,
  "105": 0,
  "106": 0,
  "107": 0
}
[2018-02-07T00:03:44.253] [DEBUG] VectorTimestamp - {
  "1": 0,
  "2": 17,
  "3": 0,
  "10": 0,
  "11": 0,
  "12": 0,
  "13": 0,
  "101": 0,
  "102": 0,
  "103": 0,
  "104": 0,
  "105": 0,
  "106": 0,
  "107": 0
}
[2018-02-07T00:03:45.254] [DEBUG] VectorTimestamp - {
  "1": 0,
  "2": 18,
  "3": 0,
  "10": 0,
  "11": 0,
  "12": 0,
  "13": 0,
  "101": 0,
  "102": 0,
  "103": 0,
  "104": 0,
  "105": 0,
  "106": 0,
  "107": 0
}
[2018-02-07T00:03:46.255] [DEBUG] VectorTimestamp - {
  "1": 0,
  "2": 19,
  "3": 0,
  "10": 0,
  "11": 0,
  "12": 0,
  "13": 0,
  "101": 0,
  "102": 0,
  "103": 0,
  "104": 0,
  "105": 0,
  "106": 0,
  "107": 0
}
[2018-02-07T00:03:47.255] [DEBUG] VectorTimestamp - {
  "1": 0,
  "2": 20,
  "3": 0,
  "10": 0,
  "11": 0,
  "12": 0,
  "13": 0,
  "101": 0,
  "102": 0,
  "103": 0,
  "104": 0,
  "105": 0,
  "106": 0,
  "107": 0
}
[2018-02-07T00:03:48.256] [DEBUG] VectorTimestamp - {
  "1": 0,
  "2": 21,
  "3": 0,
  "10": 0,
  "11": 0,
  "12": 0,
  "13": 0,
  "101": 0,
  "102": 0,
  "103": 0,
  "104": 0,
  "105": 0,
  "106": 0,
  "107": 0
}
[2018-02-07T00:03:49.257] [DEBUG] VectorTimestamp - {
  "1": 0,
  "2": 22,
  "3": 0,
  "10": 0,
  "11": 0,
  "12": 0,
  "13": 0,
  "101": 0,
  "102": 0,
  "103": 0,
  "104": 0,
  "105": 0,
  "106": 0,
  "107": 0
}
[2018-02-07T00:03:50.257] [DEBUG] VectorTimestamp - {
  "1": 0,
  "2": 23,
  "3": 0,
  "10": 0,
  "11": 0,
  "12": 0,
  "13": 0,
  "101": 0,
  "102": 0,
  "103": 0,
  "104": 0,
  "105": 0,
  "106": 0,
  "107": 0
}
[2018-02-07T00:03:51.258] [DEBUG] VectorTimestamp - {
  "1": 0,
  "2": 24,
  "3": 0,
  "10": 0,
  "11": 0,
  "12": 0,
  "13": 0,
  "101": 0,
  "102": 0,
  "103": 0,
  "104": 0,
  "105": 0,
  "106": 0,
  "107": 0
}
[2018-02-07T00:03:52.259] [DEBUG] VectorTimestamp - {
  "1": 0,
  "2": 25,
  "3": 0,
  "10": 0,
  "11": 0,
  "12": 0,
  "13": 0,
  "101": 0,
  "102": 0,
  "103": 0,
  "104": 0,
  "105": 0,
  "106": 0,
  "107": 0
}
[2018-02-07T00:03:53.259] [DEBUG] VectorTimestamp - {
  "1": 0,
  "2": 26,
  "3": 0,
  "10": 0,
  "11": 0,
  "12": 0,
  "13": 0,
  "101": 0,
  "102": 0,
  "103": 0,
  "104": 0,
  "105": 0,
  "106": 0,
  "107": 0
}
[2018-02-07T00:03:54.260] [DEBUG] VectorTimestamp - {
  "1": 0,
  "2": 27,
  "3": 0,
  "10": 0,
  "11": 0,
  "12": 0,
  "13": 0,
  "101": 0,
  "102": 0,
  "103": 0,
  "104": 0,
  "105": 0,
  "106": 0,
  "107": 0
}
[2018-02-07T00:03:55.261] [DEBUG] VectorTimestamp - {
  "1": 0,
  "2": 28,
  "3": 0,
  "10": 0,
  "11": 0,
  "12": 0,
  "13": 0,
  "101": 0,
  "102": 0,
  "103": 0,
  "104": 0,
  "105": 0,
  "106": 0,
  "107": 0
}
[2018-02-07T00:03:56.261] [DEBUG] VectorTimestamp - {
  "1": 0,
  "2": 29,
  "3": 0,
  "10": 0,
  "11": 0,
  "12": 0,
  "13": 0,
  "101": 0,
  "102": 0,
  "103": 0,
  "104": 0,
  "105": 0,
  "106": 0,
  "107": 0
}
[2018-02-07T00:03:57.262] [DEBUG] VectorTimestamp - {
  "1": 0,
  "2": 30,
  "3": 0,
  "10": 0,
  "11": 0,
  "12": 0,
  "13": 0,
  "101": 0,
  "102": 0,
  "103": 0,
  "104": 0,
  "105": 0,
  "106": 0,
  "107": 0
}
[2018-02-07T00:03:58.263] [DEBUG] VectorTimestamp - {
  "1": 0,
  "2": 31,
  "3": 0,
  "10": 0,
  "11": 0,
  "12": 0,
  "13": 0,
  "101": 0,
  "102": 0,
  "103": 0,
  "104": 0,
  "105": 0,
  "106": 0,
  "107": 0
}
[2018-02-07T00:03:59.263] [DEBUG] VectorTimestamp - {
  "1": 0,
  "2": 32,
  "3": 0,
  "10": 0,
  "11": 0,
  "12": 0,
  "13": 0,
  "101": 0,
  "102": 0,
  "103": 0,
  "104": 0,
  "105": 0,
  "106": 0,
  "107": 0
}
[2018-02-07T00:04:00.264] [DEBUG] VectorTimestamp - {
  "1": 0,
  "2": 33,
  "3": 0,
  "10": 0,
  "11": 0,
  "12": 0,
  "13": 0,
  "101": 0,
  "102": 0,
  "103": 0,
  "104": 0,
  "105": 0,
  "106": 0,
  "107": 0
}
[2018-02-07T00:04:01.265] [DEBUG] VectorTimestamp - {
  "1": 0,
  "2": 34,
  "3": 0,
  "10": 0,
  "11": 0,
  "12": 0,
  "13": 0,
  "101": 0,
  "102": 0,
  "103": 0,
  "104": 0,
  "105": 0,
  "106": 0,
  "107": 0
}
[2018-02-07T00:04:02.265] [DEBUG] VectorTimestamp - {
  "1": 0,
  "2": 35,
  "3": 0,
  "10": 0,
  "11": 0,
  "12": 0,
  "13": 0,
  "101": 0,
  "102": 0,
  "103": 0,
  "104": 0,
  "105": 0,
  "106": 0,
  "107": 0
}
[2018-02-07T00:04:03.266] [DEBUG] VectorTimestamp - {
  "1": 0,
  "2": 36,
  "3": 0,
  "10": 0,
  "11": 0,
  "12": 0,
  "13": 0,
  "101": 0,
  "102": 0,
  "103": 0,
  "104": 0,
  "105": 0,
  "106": 0,
  "107": 0
}
[2018-02-07T00:04:04.267] [DEBUG] VectorTimestamp - {
  "1": 0,
  "2": 37,
  "3": 0,
  "10": 0,
  "11": 0,
  "12": 0,
  "13": 0,
  "101": 0,
  "102": 0,
  "103": 0,
  "104": 0,
  "105": 0,
  "106": 0,
  "107": 0
}
[2018-02-07T00:04:05.267] [DEBUG] VectorTimestamp - {
  "1": 0,
  "2": 38,
  "3": 0,
  "10": 0,
  "11": 0,
  "12": 0,
  "13": 0,
  "101": 0,
  "102": 0,
  "103": 0,
  "104": 0,
  "105": 0,
  "106": 0,
  "107": 0
}
[2018-02-07T00:04:06.268] [DEBUG] VectorTimestamp - {
  "1": 0,
  "2": 39,
  "3": 0,
  "10": 0,
  "11": 0,
  "12": 0,
  "13": 0,
  "101": 0,
  "102": 0,
  "103": 0,
  "104": 0,
  "105": 0,
  "106": 0,
  "107": 0
}
[2018-02-07T00:04:07.269] [DEBUG] VectorTimestamp - {
  "1": 0,
  "2": 40,
  "3": 0,
  "10": 0,
  "11": 0,
  "12": 0,
  "13": 0,
  "101": 0,
  "102": 0,
  "103": 0,
  "104": 0,
  "105": 0,
  "106": 0,
  "107": 0
}
[2018-02-07T00:04:08.269] [DEBUG] VectorTimestamp - {
  "1": 0,
  "2": 41,
  "3": 0,
  "10": 0,
  "11": 0,
  "12": 0,
  "13": 0,
  "101": 0,
  "102": 0,
  "103": 0,
  "104": 0,
  "105": 0,
  "106": 0,
  "107": 0
}
[2018-02-07T00:04:09.270] [DEBUG] VectorTimestamp - {
  "1": 0,
  "2": 42,
  "3": 0,
  "10": 0,
  "11": 0,
  "12": 0,
  "13": 0,
  "101": 0,
  "102": 0,
  "103": 0,
  "104": 0,
  "105": 0,
  "106": 0,
  "107": 0
}
[2018-02-07T00:04:10.271] [DEBUG] VectorTimestamp - {
  "1": 0,
  "2": 43,
  "3": 0,
  "10": 0,
  "11": 0,
  "12": 0,
  "13": 0,
  "101": 0,
  "102": 0,
  "103": 0,
  "104": 0,
  "105": 0,
  "106": 0,
  "107": 0
}
[2018-02-07T00:04:11.271] [DEBUG] VectorTimestamp - {
  "1": 0,
  "2": 44,
  "3": 0,
  "10": 0,
  "11": 0,
  "12": 0,
  "13": 0,
  "101": 0,
  "102": 0,
  "103": 0,
  "104": 0,
  "105": 0,
  "106": 0,
  "107": 0
}
[2018-02-07T00:04:12.272] [DEBUG] VectorTimestamp - {
  "1": 0,
  "2": 45,
  "3": 0,
  "10": 0,
  "11": 0,
  "12": 0,
  "13": 0,
  "101": 0,
  "102": 0,
  "103": 0,
  "104": 0,
  "105": 0,
  "106": 0,
  "107": 0
}
[2018-02-07T00:04:13.273] [DEBUG] VectorTimestamp - {
  "1": 0,
  "2": 46,
  "3": 0,
  "10": 0,
  "11": 0,
  "12": 0,
  "13": 0,
  "101": 0,
  "102": 0,
  "103": 0,
  "104": 0,
  "105": 0,
  "106": 0,
  "107": 0
}
[2018-02-07T00:04:14.273] [DEBUG] VectorTimestamp - {
  "1": 0,
  "2": 47,
  "3": 0,
  "10": 0,
  "11": 0,
  "12": 0,
  "13": 0,
  "101": 0,
  "102": 0,
  "103": 0,
  "104": 0,
  "105": 0,
  "106": 0,
  "107": 0
}
[2018-02-07T00:04:15.274] [DEBUG] VectorTimestamp - {
  "1": 0,
  "2": 48,
  "3": 0,
  "10": 0,
  "11": 0,
  "12": 0,
  "13": 0,
  "101": 0,
  "102": 0,
  "103": 0,
  "104": 0,
  "105": 0,
  "106": 0,
  "107": 0
}
[2018-02-07T00:04:16.275] [DEBUG] VectorTimestamp - {
  "1": 0,
  "2": 49,
  "3": 0,
  "10": 0,
  "11": 0,
  "12": 0,
  "13": 0,
  "101": 0,
  "102": 0,
  "103": 0,
  "104": 0,
  "105": 0,
  "106": 0,
  "107": 0
}
[2018-02-07T00:04:17.275] [DEBUG] VectorTimestamp - {
  "1": 0,
  "2": 50,
  "3": 0,
  "10": 0,
  "11": 0,
  "12": 0,
  "13": 0,
  "101": 0,
  "102": 0,
  "103": 0,
  "104": 0,
  "105": 0,
  "106": 0,
  "107": 0
}
[2018-02-07T00:04:18.276] [DEBUG] VectorTimestamp - {
  "1": 0,
  "2": 51,
  "3": 0,
  "10": 0,
  "11": 0,
  "12": 0,
  "13": 0,
  "101": 0,
  "102": 0,
  "103": 0,
  "104": 0,
  "105": 0,
  "106": 0,
  "107": 0
}
[2018-02-07T00:04:19.277] [DEBUG] VectorTimestamp - {
  "1": 0,
  "2": 52,
  "3": 0,
  "10": 0,
  "11": 0,
  "12": 0,
  "13": 0,
  "101": 0,
  "102": 0,
  "103": 0,
  "104": 0,
  "105": 0,
  "106": 0,
  "107": 0
}
[2018-02-07T00:04:20.277] [DEBUG] VectorTimestamp - {
  "1": 0,
  "2": 53,
  "3": 0,
  "10": 0,
  "11": 0,
  "12": 0,
  "13": 0,
  "101": 0,
  "102": 0,
  "103": 0,
  "104": 0,
  "105": 0,
  "106": 0,
  "107": 0
}
[2018-02-07T00:04:21.278] [DEBUG] VectorTimestamp - {
  "1": 0,
  "2": 54,
  "3": 0,
  "10": 0,
  "11": 0,
  "12": 0,
  "13": 0,
  "101": 0,
  "102": 0,
  "103": 0,
  "104": 0,
  "105": 0,
  "106": 0,
  "107": 0
}
[2018-02-07T00:04:22.279] [DEBUG] VectorTimestamp - {
  "1": 0,
  "2": 55,
  "3": 0,
  "10": 0,
  "11": 0,
  "12": 0,
  "13": 0,
  "101": 0,
  "102": 0,
  "103": 0,
  "104": 0,
  "105": 0,
  "106": 0,
  "107": 0
}
[2018-02-07T00:04:23.279] [DEBUG] VectorTimestamp - {
  "1": 0,
  "2": 56,
  "3": 0,
  "10": 0,
  "11": 0,
  "12": 0,
  "13": 0,
  "101": 0,
  "102": 0,
  "103": 0,
  "104": 0,
  "105": 0,
  "106": 0,
  "107": 0
}
[2018-02-07T00:04:24.280] [DEBUG] VectorTimestamp - {
  "1": 0,
  "2": 57,
  "3": 0,
  "10": 0,
  "11": 0,
  "12": 0,
  "13": 0,
  "101": 0,
  "102": 0,
  "103": 0,
  "104": 0,
  "105": 0,
  "106": 0,
  "107": 0
}
[2018-02-07T00:04:25.281] [DEBUG] VectorTimestamp - {
  "1": 0,
  "2": 58,
  "3": 0,
  "10": 0,
  "11": 0,
  "12": 0,
  "13": 0,
  "101": 0,
  "102": 0,
  "103": 0,
  "104": 0,
  "105": 0,
  "106": 0,
  "107": 0
}
[2018-02-07T00:04:26.281] [DEBUG] VectorTimestamp - {
  "1": 0,
  "2": 59,
  "3": 0,
  "10": 0,
  "11": 0,
  "12": 0,
  "13": 0,
  "101": 0,
  "102": 0,
  "103": 0,
  "104": 0,
  "105": 0,
  "106": 0,
  "107": 0
}
[2018-02-07T00:04:27.283] [DEBUG] VectorTimestamp - {
  "1": 0,
  "2": 60,
  "3": 0,
  "10": 0,
  "11": 0,
  "12": 0,
  "13": 0,
  "101": 0,
  "102": 0,
  "103": 0,
  "104": 0,
  "105": 0,
  "106": 0,
  "107": 0
}
[2018-02-07T00:04:28.284] [DEBUG] VectorTimestamp - {
  "1": 0,
  "2": 61,
  "3": 0,
  "10": 0,
  "11": 0,
  "12": 0,
  "13": 0,
  "101": 0,
  "102": 0,
  "103": 0,
  "104": 0,
  "105": 0,
  "106": 0,
  "107": 0
}
[2018-02-07T00:04:29.284] [DEBUG] VectorTimestamp - {
  "1": 0,
  "2": 62,
  "3": 0,
  "10": 0,
  "11": 0,
  "12": 0,
  "13": 0,
  "101": 0,
  "102": 0,
  "103": 0,
  "104": 0,
  "105": 0,
  "106": 0,
  "107": 0
}
[2018-02-07T00:04:30.285] [DEBUG] VectorTimestamp - {
  "1": 0,
  "2": 63,
  "3": 0,
  "10": 0,
  "11": 0,
  "12": 0,
  "13": 0,
  "101": 0,
  "102": 0,
  "103": 0,
  "104": 0,
  "105": 0,
  "106": 0,
  "107": 0
}
[2018-02-07T00:04:31.285] [DEBUG] VectorTimestamp - {
  "1": 0,
  "2": 64,
  "3": 0,
  "10": 0,
  "11": 0,
  "12": 0,
  "13": 0,
  "101": 0,
  "102": 0,
  "103": 0,
  "104": 0,
  "105": 0,
  "106": 0,
  "107": 0
}
[2018-02-07T00:04:32.286] [DEBUG] VectorTimestamp - {
  "1": 0,
  "2": 65,
  "3": 0,
  "10": 0,
  "11": 0,
  "12": 0,
  "13": 0,
  "101": 0,
  "102": 0,
  "103": 0,
  "104": 0,
  "105": 0,
  "106": 0,
  "107": 0
}
[2018-02-07T00:04:33.287] [DEBUG] VectorTimestamp - {
  "1": 0,
  "2": 66,
  "3": 0,
  "10": 0,
  "11": 0,
  "12": 0,
  "13": 0,
  "101": 0,
  "102": 0,
  "103": 0,
  "104": 0,
  "105": 0,
  "106": 0,
  "107": 0
}
[2018-02-07T00:04:34.287] [DEBUG] VectorTimestamp - {
  "1": 0,
  "2": 67,
  "3": 0,
  "10": 0,
  "11": 0,
  "12": 0,
  "13": 0,
  "101": 0,
  "102": 0,
  "103": 0,
  "104": 0,
  "105": 0,
  "106": 0,
  "107": 0
}
[2018-02-07T00:04:35.288] [DEBUG] VectorTimestamp - {
  "1": 0,
  "2": 68,
  "3": 0,
  "10": 0,
  "11": 0,
  "12": 0,
  "13": 0,
  "101": 0,
  "102": 0,
  "103": 0,
  "104": 0,
  "105": 0,
  "106": 0,
  "107": 0
}
[2018-02-07T00:04:36.289] [DEBUG] VectorTimestamp - {
  "1": 0,
  "2": 69,
  "3": 0,
  "10": 0,
  "11": 0,
  "12": 0,
  "13": 0,
  "101": 0,
  "102": 0,
  "103": 0,
  "104": 0,
  "105": 0,
  "106": 0,
  "107": 0
}
[2018-02-07T00:04:37.289] [DEBUG] VectorTimestamp - {
  "1": 0,
  "2": 70,
  "3": 0,
  "10": 0,
  "11": 0,
  "12": 0,
  "13": 0,
  "101": 0,
  "102": 0,
  "103": 0,
  "104": 0,
  "105": 0,
  "106": 0,
  "107": 0
}
[2018-02-07T00:04:38.290] [DEBUG] VectorTimestamp - {
  "1": 0,
  "2": 71,
  "3": 0,
  "10": 0,
  "11": 0,
  "12": 0,
  "13": 0,
  "101": 0,
  "102": 0,
  "103": 0,
  "104": 0,
  "105": 0,
  "106": 0,
  "107": 0
}
[2018-02-07T00:04:39.291] [DEBUG] VectorTimestamp - {
  "1": 0,
  "2": 72,
  "3": 0,
  "10": 0,
  "11": 0,
  "12": 0,
  "13": 0,
  "101": 0,
  "102": 0,
  "103": 0,
  "104": 0,
  "105": 0,
  "106": 0,
  "107": 0
}
[2018-02-07T00:04:40.291] [DEBUG] VectorTimestamp - {
  "1": 0,
  "2": 73,
  "3": 0,
  "10": 0,
  "11": 0,
  "12": 0,
  "13": 0,
  "101": 0,
  "102": 0,
  "103": 0,
  "104": 0,
  "105": 0,
  "106": 0,
  "107": 0
}
[2018-02-07T00:04:41.292] [DEBUG] VectorTimestamp - {
  "1": 0,
  "2": 74,
  "3": 0,
  "10": 0,
  "11": 0,
  "12": 0,
  "13": 0,
  "101": 0,
  "102": 0,
  "103": 0,
  "104": 0,
  "105": 0,
  "106": 0,
  "107": 0
}
[2018-02-07T00:04:42.293] [DEBUG] VectorTimestamp - {
  "1": 0,
  "2": 75,
  "3": 0,
  "10": 0,
  "11": 0,
  "12": 0,
  "13": 0,
  "101": 0,
  "102": 0,
  "103": 0,
  "104": 0,
  "105": 0,
  "106": 0,
  "107": 0
}
[2018-02-07T00:04:43.293] [DEBUG] VectorTimestamp - {
  "1": 0,
  "2": 76,
  "3": 0,
  "10": 0,
  "11": 0,
  "12": 0,
  "13": 0,
  "101": 0,
  "102": 0,
  "103": 0,
  "104": 0,
  "105": 0,
  "106": 0,
  "107": 0
}
[2018-02-07T00:04:44.294] [DEBUG] VectorTimestamp - {
  "1": 0,
  "2": 77,
  "3": 0,
  "10": 0,
  "11": 0,
  "12": 0,
  "13": 0,
  "101": 0,
  "102": 0,
  "103": 0,
  "104": 0,
  "105": 0,
  "106": 0,
  "107": 0
}
[2018-02-07T00:04:45.294] [DEBUG] VectorTimestamp - {
  "1": 0,
  "2": 78,
  "3": 0,
  "10": 0,
  "11": 0,
  "12": 0,
  "13": 0,
  "101": 0,
  "102": 0,
  "103": 0,
  "104": 0,
  "105": 0,
  "106": 0,
  "107": 0
}
[2018-02-07T00:04:46.294] [DEBUG] VectorTimestamp - {
  "1": 0,
  "2": 79,
  "3": 0,
  "10": 0,
  "11": 0,
  "12": 0,
  "13": 0,
  "101": 0,
  "102": 0,
  "103": 0,
  "104": 0,
  "105": 0,
  "106": 0,
  "107": 0
}
[2018-02-07T00:04:47.295] [DEBUG] VectorTimestamp - {
  "1": 0,
  "2": 80,
  "3": 0,
  "10": 0,
  "11": 0,
  "12": 0,
  "13": 0,
  "101": 0,
  "102": 0,
  "103": 0,
  "104": 0,
  "105": 0,
  "106": 0,
  "107": 0
}
[2018-02-07T00:04:48.296] [DEBUG] VectorTimestamp - {
  "1": 0,
  "2": 81,
  "3": 0,
  "10": 0,
  "11": 0,
  "12": 0,
  "13": 0,
  "101": 0,
  "102": 0,
  "103": 0,
  "104": 0,
  "105": 0,
  "106": 0,
  "107": 0
}
[2018-02-07T00:04:49.296] [DEBUG] VectorTimestamp - {
  "1": 0,
  "2": 82,
  "3": 0,
  "10": 0,
  "11": 0,
  "12": 0,
  "13": 0,
  "101": 0,
  "102": 0,
  "103": 0,
  "104": 0,
  "105": 0,
  "106": 0,
  "107": 0
}
[2018-02-07T00:04:50.297] [DEBUG] VectorTimestamp - {
  "1": 0,
  "2": 83,
  "3": 0,
  "10": 0,
  "11": 0,
  "12": 0,
  "13": 0,
  "101": 0,
  "102": 0,
  "103": 0,
  "104": 0,
  "105": 0,
  "106": 0,
  "107": 0
}
[2018-02-07T00:04:51.298] [DEBUG] VectorTimestamp - {
  "1": 0,
  "2": 84,
  "3": 0,
  "10": 0,
  "11": 0,
  "12": 0,
  "13": 0,
  "101": 0,
  "102": 0,
  "103": 0,
  "104": 0,
  "105": 0,
  "106": 0,
  "107": 0
}
[2018-02-07T00:04:52.298] [DEBUG] VectorTimestamp - {
  "1": 0,
  "2": 85,
  "3": 0,
  "10": 0,
  "11": 0,
  "12": 0,
  "13": 0,
  "101": 0,
  "102": 0,
  "103": 0,
  "104": 0,
  "105": 0,
  "106": 0,
  "107": 0
}
[2018-02-07T00:04:53.299] [DEBUG] VectorTimestamp - {
  "1": 0,
  "2": 86,
  "3": 0,
  "10": 0,
  "11": 0,
  "12": 0,
  "13": 0,
  "101": 0,
  "102": 0,
  "103": 0,
  "104": 0,
  "105": 0,
  "106": 0,
  "107": 0
}
[2018-02-07T00:04:54.300] [DEBUG] VectorTimestamp - {
  "1": 0,
  "2": 87,
  "3": 0,
  "10": 0,
  "11": 0,
  "12": 0,
  "13": 0,
  "101": 0,
  "102": 0,
  "103": 0,
  "104": 0,
  "105": 0,
  "106": 0,
  "107": 0
}
[2018-02-07T00:04:55.300] [DEBUG] VectorTimestamp - {
  "1": 0,
  "2": 88,
  "3": 0,
  "10": 0,
  "11": 0,
  "12": 0,
  "13": 0,
  "101": 0,
  "102": 0,
  "103": 0,
  "104": 0,
  "105": 0,
  "106": 0,
  "107": 0
}
[2018-02-07T00:04:56.301] [DEBUG] VectorTimestamp - {
  "1": 0,
  "2": 89,
  "3": 0,
  "10": 0,
  "11": 0,
  "12": 0,
  "13": 0,
  "101": 0,
  "102": 0,
  "103": 0,
  "104": 0,
  "105": 0,
  "106": 0,
  "107": 0
}
[2018-02-07T00:04:57.302] [DEBUG] VectorTimestamp - {
  "1": 0,
  "2": 90,
  "3": 0,
  "10": 0,
  "11": 0,
  "12": 0,
  "13": 0,
  "101": 0,
  "102": 0,
  "103": 0,
  "104": 0,
  "105": 0,
  "106": 0,
  "107": 0
}
[2018-02-07T00:04:58.302] [DEBUG] VectorTimestamp - {
  "1": 0,
  "2": 91,
  "3": 0,
  "10": 0,
  "11": 0,
  "12": 0,
  "13": 0,
  "101": 0,
  "102": 0,
  "103": 0,
  "104": 0,
  "105": 0,
  "106": 0,
  "107": 0
}
[2018-02-07T00:04:59.302] [DEBUG] VectorTimestamp - {
  "1": 0,
  "2": 92,
  "3": 0,
  "10": 0,
  "11": 0,
  "12": 0,
  "13": 0,
  "101": 0,
  "102": 0,
  "103": 0,
  "104": 0,
  "105": 0,
  "106": 0,
  "107": 0
}
[2018-02-07T00:05:00.303] [DEBUG] VectorTimestamp - {
  "1": 0,
  "2": 93,
  "3": 0,
  "10": 0,
  "11": 0,
  "12": 0,
  "13": 0,
  "101": 0,
  "102": 0,
  "103": 0,
  "104": 0,
  "105": 0,
  "106": 0,
  "107": 0
}
[2018-02-07T00:05:01.304] [DEBUG] VectorTimestamp - {
  "1": 0,
  "2": 94,
  "3": 0,
  "10": 0,
  "11": 0,
  "12": 0,
  "13": 0,
  "101": 0,
  "102": 0,
  "103": 0,
  "104": 0,
  "105": 0,
  "106": 0,
  "107": 0
}
[2018-02-07T00:05:02.304] [DEBUG] VectorTimestamp - {
  "1": 0,
  "2": 95,
  "3": 0,
  "10": 0,
  "11": 0,
  "12": 0,
  "13": 0,
  "101": 0,
  "102": 0,
  "103": 0,
  "104": 0,
  "105": 0,
  "106": 0,
  "107": 0
}
[2018-02-07T00:05:03.305] [DEBUG] VectorTimestamp - {
  "1": 0,
  "2": 96,
  "3": 0,
  "10": 0,
  "11": 0,
  "12": 0,
  "13": 0,
  "101": 0,
  "102": 0,
  "103": 0,
  "104": 0,
  "105": 0,
  "106": 0,
  "107": 0
}
[2018-02-07T00:05:04.305] [DEBUG] VectorTimestamp - {
  "1": 0,
  "2": 97,
  "3": 0,
  "10": 0,
  "11": 0,
  "12": 0,
  "13": 0,
  "101": 0,
  "102": 0,
  "103": 0,
  "104": 0,
  "105": 0,
  "106": 0,
  "107": 0
}
[2018-02-07T00:05:05.305] [DEBUG] VectorTimestamp - {
  "1": 0,
  "2": 98,
  "3": 0,
  "10": 0,
  "11": 0,
  "12": 0,
  "13": 0,
  "101": 0,
  "102": 0,
  "103": 0,
  "104": 0,
  "105": 0,
  "106": 0,
  "107": 0
}
