[2018-02-06T20:53:52.801] [DEBUG] DOA3 - Got config: {
  "doa": {
    "id": 3,
    "ip": "localhost",
    "port": 12003,
    "disease": 3
  },
  "hds": [
    {
      "id": 10,
      "notification": {
        "ip": "localhost",
        "port": 12100
      },
      "update": {
        "ip": "localhost",
        "port": 12101
      },
      "outbreakRouter": {
        "ip": "localhost",
        "port": 12110
      }
    },
    {
      "id": 11,
      "notification": {
        "ip": "localhost",
        "port": 12102
      },
      "update": {
        "ip": "localhost",
        "port": 12103
      },
      "outbreakRouter": {
        "ip": "localhost",
        "port": 12111
      }
    },
    {
      "id": 12,
      "notification": {
        "ip": "localhost",
        "port": 12104
      },
      "update": {
        "ip": "localhost",
        "port": 12105
      },
      "outbreakRouter": {
        "ip": "localhost",
        "port": 12112
      }
    },
    {
      "id": 13,
      "notification": {
        "ip": "localhost",
        "port": 12106
      },
      "update": {
        "ip": "localhost",
        "port": 12107
      },
      "outbreakRouter": {
        "ip": "localhost",
        "port": 12113
      }
    }
  ],
  "processes": [
    {
      "id": 1,
      "ip": "localhost",
      "port": 12001,
      "disease": 1
    },
    {
      "id": 2,
      "ip": "localhost",
      "port": 12002,
      "disease": 2
    },
    {
      "id": 3,
      "ip": "localhost",
      "port": 12003,
      "disease": 3
    },
    {
      "id": 101,
      "hds": 10
    },
    {
      "id": 102,
      "hds": 10
    },
    {
      "id": 103,
      "hds": 11
    },
    {
      "id": 104,
      "hds": 11
    },
    {
      "id": 105,
      "hds": 12
    },
    {
      "id": 106,
      "hds": 12
    },
    {
      "id": 107,
      "hds": 13
    },
    {
      "id": 10,
      "notification": {
        "ip": "localhost",
        "port": 12100
      },
      "update": {
        "ip": "localhost",
        "port": 12101
      },
      "outbreakRouter": {
        "ip": "localhost",
        "port": 12110
      }
    },
    {
      "id": 11,
      "notification": {
        "ip": "localhost",
        "port": 12102
      },
      "update": {
        "ip": "localhost",
        "port": 12103
      },
      "outbreakRouter": {
        "ip": "localhost",
        "port": 12111
      }
    },
    {
      "id": 12,
      "notification": {
        "ip": "localhost",
        "port": 12104
      },
      "update": {
        "ip": "localhost",
        "port": 12105
      },
      "outbreakRouter": {
        "ip": "localhost",
        "port": 12112
      }
    },
    {
      "id": 13,
      "notification": {
        "ip": "localhost",
        "port": 12106
      },
      "update": {
        "ip": "localhost",
        "port": 12107
      },
      "outbreakRouter": {
        "ip": "localhost",
        "port": 12113
      }
    }
  ],
  "simulation": {
    "simulationTime": 24,
    "simulationInterval": 100,
    "diseases": [
      {
        "id": 1,
        "name": "Influenza",
        "threshold": 120,
        "minP": 0,
        "maxP": 0.1,
        "ratePeriod": 48
      },
      {
        "id": 2,
        "name": "Chicken Pox",
        "threshold": 50,
        "minP": 0,
        "maxP": 0,
        "ratePeriod": 120
      },
      {
        "id": 3,
        "name": "Measles",
        "threshold": 10,
        "minP": 0,
        "maxP": 0,
        "ratePeriod": 24
      }
    ]
  }
}
[2018-02-06T20:53:53.806] [DEBUG] DOA3 - Vector timestamp: {
  "1": 0,
  "2": 0,
  "3": 1,
  "10": 0,
  "11": 0,
  "12": 0,
  "13": 0,
  "101": 0,
  "102": 0,
  "103": 0,
  "104": 0,
  "105": 0,
  "106": 0,
  "107": 0
}
[2018-02-06T20:53:54.808] [DEBUG] DOA3 - Vector timestamp: {
  "1": 0,
  "2": 0,
  "3": 2,
  "10": 0,
  "11": 0,
  "12": 0,
  "13": 0,
  "101": 0,
  "102": 0,
  "103": 0,
  "104": 0,
  "105": 0,
  "106": 0,
  "107": 0
}
[2018-02-06T20:53:55.809] [DEBUG] DOA3 - Vector timestamp: {
  "1": 0,
  "2": 0,
  "3": 3,
  "10": 0,
  "11": 0,
  "12": 0,
  "13": 0,
  "101": 0,
  "102": 0,
  "103": 0,
  "104": 0,
  "105": 0,
  "106": 0,
  "107": 0
}
[2018-02-06T20:53:56.809] [DEBUG] DOA3 - Vector timestamp: {
  "1": 0,
  "2": 0,
  "3": 4,
  "10": 0,
  "11": 0,
  "12": 0,
  "13": 0,
  "101": 0,
  "102": 0,
  "103": 0,
  "104": 0,
  "105": 0,
  "106": 0,
  "107": 0
}
[2018-02-06T20:53:57.810] [DEBUG] DOA3 - Vector timestamp: {
  "1": 0,
  "2": 0,
  "3": 5,
  "10": 0,
  "11": 0,
  "12": 0,
  "13": 0,
  "101": 0,
  "102": 0,
  "103": 0,
  "104": 0,
  "105": 0,
  "106": 0,
  "107": 0
}
[2018-02-06T20:53:58.811] [DEBUG] DOA3 - Vector timestamp: {
  "1": 0,
  "2": 0,
  "3": 6,
  "10": 0,
  "11": 0,
  "12": 0,
  "13": 0,
  "101": 0,
  "102": 0,
  "103": 0,
  "104": 0,
  "105": 0,
  "106": 0,
  "107": 0
}
[2018-02-06T20:53:59.811] [DEBUG] DOA3 - Vector timestamp: {
  "1": 0,
  "2": 0,
  "3": 7,
  "10": 0,
  "11": 0,
  "12": 0,
  "13": 0,
  "101": 0,
  "102": 0,
  "103": 0,
  "104": 0,
  "105": 0,
  "106": 0,
  "107": 0
}
[2018-02-06T20:54:00.812] [DEBUG] DOA3 - Vector timestamp: {
  "1": 0,
  "2": 0,
  "3": 8,
  "10": 0,
  "11": 0,
  "12": 0,
  "13": 0,
  "101": 0,
  "102": 0,
  "103": 0,
  "104": 0,
  "105": 0,
  "106": 0,
  "107": 0
}
[2018-02-06T20:54:01.813] [DEBUG] DOA3 - Vector timestamp: {
  "1": 0,
  "2": 0,
  "3": 9,
  "10": 0,
  "11": 0,
  "12": 0,
  "13": 0,
  "101": 0,
  "102": 0,
  "103": 0,
  "104": 0,
  "105": 0,
  "106": 0,
  "107": 0
}
[2018-02-06T20:54:02.813] [DEBUG] DOA3 - Vector timestamp: {
  "1": 0,
  "2": 0,
  "3": 10,
  "10": 0,
  "11": 0,
  "12": 0,
  "13": 0,
  "101": 0,
  "102": 0,
  "103": 0,
  "104": 0,
  "105": 0,
  "106": 0,
  "107": 0
}
[2018-02-06T20:54:03.814] [DEBUG] DOA3 - Vector timestamp: {
  "1": 0,
  "2": 0,
  "3": 11,
  "10": 0,
  "11": 0,
  "12": 0,
  "13": 0,
  "101": 0,
  "102": 0,
  "103": 0,
  "104": 0,
  "105": 0,
  "106": 0,
  "107": 0
}
[2018-02-06T20:54:04.815] [DEBUG] DOA3 - Vector timestamp: {
  "1": 0,
  "2": 0,
  "3": 12,
  "10": 0,
  "11": 0,
  "12": 0,
  "13": 0,
  "101": 0,
  "102": 0,
  "103": 0,
  "104": 0,
  "105": 0,
  "106": 0,
  "107": 0
}
[2018-02-06T20:54:05.815] [DEBUG] DOA3 - Vector timestamp: {
  "1": 0,
  "2": 0,
  "3": 13,
  "10": 0,
  "11": 0,
  "12": 0,
  "13": 0,
  "101": 0,
  "102": 0,
  "103": 0,
  "104": 0,
  "105": 0,
  "106": 0,
  "107": 0
}
[2018-02-06T20:54:06.816] [DEBUG] DOA3 - Vector timestamp: {
  "1": 0,
  "2": 0,
  "3": 14,
  "10": 0,
  "11": 0,
  "12": 0,
  "13": 0,
  "101": 0,
  "102": 0,
  "103": 0,
  "104": 0,
  "105": 0,
  "106": 0,
  "107": 0
}
[2018-02-06T20:54:07.817] [DEBUG] DOA3 - Vector timestamp: {
  "1": 0,
  "2": 0,
  "3": 15,
  "10": 0,
  "11": 0,
  "12": 0,
  "13": 0,
  "101": 0,
  "102": 0,
  "103": 0,
  "104": 0,
  "105": 0,
  "106": 0,
  "107": 0
}
[2018-02-06T20:54:08.817] [DEBUG] DOA3 - Vector timestamp: {
  "1": 0,
  "2": 0,
  "3": 16,
  "10": 0,
  "11": 0,
  "12": 0,
  "13": 0,
  "101": 0,
  "102": 0,
  "103": 0,
  "104": 0,
  "105": 0,
  "106": 0,
  "107": 0
}
[2018-02-06T20:54:09.818] [DEBUG] DOA3 - Vector timestamp: {
  "1": 0,
  "2": 0,
  "3": 17,
  "10": 0,
  "11": 0,
  "12": 0,
  "13": 0,
  "101": 0,
  "102": 0,
  "103": 0,
  "104": 0,
  "105": 0,
  "106": 0,
  "107": 0
}
[2018-02-06T20:54:10.818] [DEBUG] DOA3 - Vector timestamp: {
  "1": 0,
  "2": 0,
  "3": 18,
  "10": 0,
  "11": 0,
  "12": 0,
  "13": 0,
  "101": 0,
  "102": 0,
  "103": 0,
  "104": 0,
  "105": 0,
  "106": 0,
  "107": 0
}
[2018-02-06T20:54:11.819] [DEBUG] DOA3 - Vector timestamp: {
  "1": 0,
  "2": 0,
  "3": 19,
  "10": 0,
  "11": 0,
  "12": 0,
  "13": 0,
  "101": 0,
  "102": 0,
  "103": 0,
  "104": 0,
  "105": 0,
  "106": 0,
  "107": 0
}
[2018-02-06T20:54:12.820] [DEBUG] DOA3 - Vector timestamp: {
  "1": 0,
  "2": 0,
  "3": 20,
  "10": 0,
  "11": 0,
  "12": 0,
  "13": 0,
  "101": 0,
  "102": 0,
  "103": 0,
  "104": 0,
  "105": 0,
  "106": 0,
  "107": 0
}
[2018-02-06T20:54:13.820] [DEBUG] DOA3 - Vector timestamp: {
  "1": 0,
  "2": 0,
  "3": 21,
  "10": 0,
  "11": 0,
  "12": 0,
  "13": 0,
  "101": 0,
  "102": 0,
  "103": 0,
  "104": 0,
  "105": 0,
  "106": 0,
  "107": 0
}
[2018-02-06T20:54:14.821] [DEBUG] DOA3 - Vector timestamp: {
  "1": 0,
  "2": 0,
  "3": 22,
  "10": 0,
  "11": 0,
  "12": 0,
  "13": 0,
  "101": 0,
  "102": 0,
  "103": 0,
  "104": 0,
  "105": 0,
  "106": 0,
  "107": 0
}
[2018-02-06T20:54:15.822] [DEBUG] DOA3 - Vector timestamp: {
  "1": 0,
  "2": 0,
  "3": 23,
  "10": 0,
  "11": 0,
  "12": 0,
  "13": 0,
  "101": 0,
  "102": 0,
  "103": 0,
  "104": 0,
  "105": 0,
  "106": 0,
  "107": 0
}
[2018-02-06T20:54:16.822] [DEBUG] DOA3 - Vector timestamp: {
  "1": 0,
  "2": 0,
  "3": 24,
  "10": 0,
  "11": 0,
  "12": 0,
  "13": 0,
  "101": 0,
  "102": 0,
  "103": 0,
  "104": 0,
  "105": 0,
  "106": 0,
  "107": 0
}
[2018-02-06T20:54:17.823] [DEBUG] DOA3 - Vector timestamp: {
  "1": 0,
  "2": 0,
  "3": 25,
  "10": 0,
  "11": 0,
  "12": 0,
  "13": 0,
  "101": 0,
  "102": 0,
  "103": 0,
  "104": 0,
  "105": 0,
  "106": 0,
  "107": 0
}
[2018-02-06T20:54:18.824] [DEBUG] DOA3 - Vector timestamp: {
  "1": 0,
  "2": 0,
  "3": 26,
  "10": 0,
  "11": 0,
  "12": 0,
  "13": 0,
  "101": 0,
  "102": 0,
  "103": 0,
  "104": 0,
  "105": 0,
  "106": 0,
  "107": 0
}
[2018-02-06T20:54:19.824] [DEBUG] DOA3 - Vector timestamp: {
  "1": 0,
  "2": 0,
  "3": 27,
  "10": 0,
  "11": 0,
  "12": 0,
  "13": 0,
  "101": 0,
  "102": 0,
  "103": 0,
  "104": 0,
  "105": 0,
  "106": 0,
  "107": 0
}
[2018-02-06T20:54:20.825] [DEBUG] DOA3 - Vector timestamp: {
  "1": 0,
  "2": 0,
  "3": 28,
  "10": 0,
  "11": 0,
  "12": 0,
  "13": 0,
  "101": 0,
  "102": 0,
  "103": 0,
  "104": 0,
  "105": 0,
  "106": 0,
  "107": 0
}
[2018-02-06T20:54:21.826] [DEBUG] DOA3 - Vector timestamp: {
  "1": 0,
  "2": 0,
  "3": 29,
  "10": 0,
  "11": 0,
  "12": 0,
  "13": 0,
  "101": 0,
  "102": 0,
  "103": 0,
  "104": 0,
  "105": 0,
  "106": 0,
  "107": 0
}
