[2018-02-07T00:03:27.306] [DEBUG] EMR101 - Got config: {
  "hds": {
    "id": 10,
    "notification": {
      "ip": "localhost",
      "port": 12100
    },
    "update": {
      "ip": "localhost",
      "port": 12101
    },
    "outbreakRouter": {
      "ip": "localhost",
      "port": 12110
    }
  },
  "processes": [
    {
      "id": 1,
      "ip": "localhost",
      "port": 12001,
      "disease": 1
    },
    {
      "id": 2,
      "ip": "localhost",
      "port": 12002,
      "disease": 2
    },
    {
      "id": 3,
      "ip": "localhost",
      "port": 12003,
      "disease": 3
    },
    {
      "id": 101,
      "hds": 10
    },
    {
      "id": 102,
      "hds": 10
    },
    {
      "id": 103,
      "hds": 11
    },
    {
      "id": 104,
      "hds": 11
    },
    {
      "id": 105,
      "hds": 12
    },
    {
      "id": 106,
      "hds": 12
    },
    {
      "id": 107,
      "hds": 13
    },
    {
      "id": 10,
      "notification": {
        "ip": "localhost",
        "port": 12100
      },
      "update": {
        "ip": "localhost",
        "port": 12101
      },
      "outbreakRouter": {
        "ip": "localhost",
        "port": 12110
      }
    },
    {
      "id": 11,
      "notification": {
        "ip": "localhost",
        "port": 12102
      },
      "update": {
        "ip": "localhost",
        "port": 12103
      },
      "outbreakRouter": {
        "ip": "localhost",
        "port": 12111
      }
    },
    {
      "id": 12,
      "notification": {
        "ip": "localhost",
        "port": 12104
      },
      "update": {
        "ip": "localhost",
        "port": 12105
      },
      "outbreakRouter": {
        "ip": "localhost",
        "port": 12112
      }
    },
    {
      "id": 13,
      "notification": {
        "ip": "localhost",
        "port": 12106
      },
      "update": {
        "ip": "localhost",
        "port": 12107
      },
      "outbreakRouter": {
        "ip": "localhost",
        "port": 12113
      }
    }
  ],
  "simulation": {
    "simulationTime": 24,
    "simulationInterval": 100,
    "diseases": [
      {
        "id": 1,
        "name": "Influenza",
        "threshold": 120,
        "minP": 0,
        "maxP": 0.1,
        "ratePeriod": 48
      },
      {
        "id": 2,
        "name": "Chicken Pox",
        "threshold": 50,
        "minP": 0,
        "maxP": 0,
        "ratePeriod": 120
      },
      {
        "id": 3,
        "name": "Measles",
        "threshold": 10,
        "minP": 0,
        "maxP": 0,
        "ratePeriod": 24
      }
    ]
  }
}
[2018-02-07T00:03:28.311] [DEBUG] VectorTimestamp - {
  "1": 0,
  "2": 0,
  "3": 0,
  "10": 0,
  "11": 0,
  "12": 0,
  "13": 0,
  "101": 1,
  "102": 0,
  "103": 0,
  "104": 0,
  "105": 0,
  "106": 0,
  "107": 0
}
[2018-02-07T00:03:28.312] [DEBUG] EMR101 - Sent outbreak request
[2018-02-07T00:03:28.313] [DEBUG] VectorTimestamp - {
  "1": 0,
  "2": 0,
  "3": 0,
  "10": 5,
  "11": 0,
  "12": 0,
  "13": 0,
  "101": 2,
  "102": 1,
  "103": 0,
  "104": 0,
  "105": 0,
  "106": 0,
  "107": 0
}
[2018-02-07T00:03:28.313] [DEBUG] EMR101 - Got outbreak response
[2018-02-07T00:03:29.311] [DEBUG] VectorTimestamp - {
  "1": 0,
  "2": 0,
  "3": 0,
  "10": 5,
  "11": 0,
  "12": 0,
  "13": 0,
  "101": 3,
  "102": 1,
  "103": 0,
  "104": 0,
  "105": 0,
  "106": 0,
  "107": 0
}
[2018-02-07T00:03:29.311] [DEBUG] EMR101 - Sent outbreak request
[2018-02-07T00:03:29.312] [DEBUG] VectorTimestamp - {
  "1": 0,
  "2": 0,
  "3": 0,
  "10": 10,
  "11": 0,
  "12": 0,
  "13": 0,
  "101": 4,
  "102": 3,
  "103": 0,
  "104": 0,
  "105": 0,
  "106": 0,
  "107": 0
}
[2018-02-07T00:03:29.312] [DEBUG] EMR101 - Got outbreak response
[2018-02-07T00:03:30.313] [DEBUG] VectorTimestamp - {
  "1": 0,
  "2": 0,
  "3": 0,
  "10": 10,
  "11": 0,
  "12": 0,
  "13": 0,
  "101": 5,
  "102": 3,
  "103": 0,
  "104": 0,
  "105": 0,
  "106": 0,
  "107": 0
}
[2018-02-07T00:03:30.313] [DEBUG] EMR101 - Sent outbreak request
[2018-02-07T00:03:30.315] [DEBUG] VectorTimestamp - {
  "1": 0,
  "2": 0,
  "3": 0,
  "10": 15,
  "11": 0,
  "12": 0,
  "13": 0,
  "101": 6,
  "102": 5,
  "103": 0,
  "104": 0,
  "105": 0,
  "106": 0,
  "107": 0
}
[2018-02-07T00:03:30.315] [DEBUG] EMR101 - Got outbreak response
[2018-02-07T00:03:31.314] [DEBUG] VectorTimestamp - {
  "1": 0,
  "2": 0,
  "3": 0,
  "10": 15,
  "11": 0,
  "12": 0,
  "13": 0,
  "101": 7,
  "102": 5,
  "103": 0,
  "104": 0,
  "105": 0,
  "106": 0,
  "107": 0
}
[2018-02-07T00:03:31.314] [DEBUG] EMR101 - Sent outbreak request
[2018-02-07T00:03:31.315] [DEBUG] VectorTimestamp - {
  "1": 0,
  "2": 0,
  "3": 0,
  "10": 20,
  "11": 0,
  "12": 0,
  "13": 0,
  "101": 8,
  "102": 7,
  "103": 0,
  "104": 0,
  "105": 0,
  "106": 0,
  "107": 0
}
[2018-02-07T00:03:31.315] [DEBUG] EMR101 - Got outbreak response
[2018-02-07T00:03:32.314] [DEBUG] VectorTimestamp - {
  "1": 0,
  "2": 0,
  "3": 0,
  "10": 20,
  "11": 0,
  "12": 0,
  "13": 0,
  "101": 9,
  "102": 7,
  "103": 0,
  "104": 0,
  "105": 0,
  "106": 0,
  "107": 0
}
[2018-02-07T00:03:32.314] [DEBUG] EMR101 - Sent outbreak request
[2018-02-07T00:03:32.315] [DEBUG] VectorTimestamp - {
  "1": 0,
  "2": 0,
  "3": 0,
  "10": 26,
  "11": 0,
  "12": 0,
  "13": 0,
  "101": 10,
  "102": 10,
  "103": 0,
  "104": 0,
  "105": 0,
  "106": 0,
  "107": 0
}
[2018-02-07T00:03:32.316] [DEBUG] EMR101 - Got outbreak response
[2018-02-07T00:03:33.316] [DEBUG] VectorTimestamp - {
  "1": 0,
  "2": 0,
  "3": 0,
  "10": 26,
  "11": 0,
  "12": 0,
  "13": 0,
  "101": 11,
  "102": 10,
  "103": 0,
  "104": 0,
  "105": 0,
  "106": 0,
  "107": 0
}
[2018-02-07T00:03:33.317] [DEBUG] EMR101 - Sent outbreak request
[2018-02-07T00:03:33.317] [DEBUG] VectorTimestamp - {
  "1": 0,
  "2": 0,
  "3": 0,
  "10": 32,
  "11": 0,
  "12": 0,
  "13": 0,
  "101": 12,
  "102": 13,
  "103": 0,
  "104": 0,
  "105": 0,
  "106": 0,
  "107": 0
}
[2018-02-07T00:03:33.317] [DEBUG] EMR101 - Got outbreak response
[2018-02-07T00:03:34.318] [DEBUG] VectorTimestamp - {
  "1": 0,
  "2": 0,
  "3": 0,
  "10": 32,
  "11": 0,
  "12": 0,
  "13": 0,
  "101": 13,
  "102": 13,
  "103": 0,
  "104": 0,
  "105": 0,
  "106": 0,
  "107": 0
}
[2018-02-07T00:03:34.318] [DEBUG] EMR101 - Sent outbreak request
[2018-02-07T00:03:34.319] [DEBUG] VectorTimestamp - {
  "1": 0,
  "2": 0,
  "3": 0,
  "10": 37,
  "11": 0,
  "12": 0,
  "13": 0,
  "101": 14,
  "102": 15,
  "103": 0,
  "104": 0,
  "105": 0,
  "106": 0,
  "107": 0
}
[2018-02-07T00:03:34.319] [DEBUG] EMR101 - Got outbreak response
[2018-02-07T00:03:35.318] [DEBUG] VectorTimestamp - {
  "1": 0,
  "2": 0,
  "3": 0,
  "10": 37,
  "11": 0,
  "12": 0,
  "13": 0,
  "101": 15,
  "102": 15,
  "103": 0,
  "104": 0,
  "105": 0,
  "106": 0,
  "107": 0
}
[2018-02-07T00:03:35.318] [DEBUG] EMR101 - Sent outbreak request
[2018-02-07T00:03:35.319] [DEBUG] VectorTimestamp - {
  "1": 0,
  "2": 0,
  "3": 0,
  "10": 42,
  "11": 0,
  "12": 0,
  "13": 0,
  "101": 16,
  "102": 17,
  "103": 0,
  "104": 0,
  "105": 0,
  "106": 0,
  "107": 0
}
[2018-02-07T00:03:35.319] [DEBUG] EMR101 - Got outbreak response
[2018-02-07T00:03:36.319] [DEBUG] VectorTimestamp - {
  "1": 0,
  "2": 0,
  "3": 0,
  "10": 42,
  "11": 0,
  "12": 0,
  "13": 0,
  "101": 17,
  "102": 17,
  "103": 0,
  "104": 0,
  "105": 0,
  "106": 0,
  "107": 0
}
[2018-02-07T00:03:36.319] [DEBUG] EMR101 - Sent outbreak request
[2018-02-07T00:03:36.320] [DEBUG] VectorTimestamp - {
  "1": 0,
  "2": 0,
  "3": 0,
  "10": 47,
  "11": 0,
  "12": 0,
  "13": 0,
  "101": 18,
  "102": 19,
  "103": 0,
  "104": 0,
  "105": 0,
  "106": 0,
  "107": 0
}
[2018-02-07T00:03:36.320] [DEBUG] EMR101 - Got outbreak response
[2018-02-07T00:03:37.320] [DEBUG] VectorTimestamp - {
  "1": 0,
  "2": 0,
  "3": 0,
  "10": 47,
  "11": 0,
  "12": 0,
  "13": 0,
  "101": 19,
  "102": 19,
  "103": 0,
  "104": 0,
  "105": 0,
  "106": 0,
  "107": 0
}
[2018-02-07T00:03:37.320] [DEBUG] EMR101 - Sent outbreak request
[2018-02-07T00:03:37.322] [DEBUG] VectorTimestamp - {
  "1": 0,
  "2": 0,
  "3": 0,
  "10": 52,
  "11": 0,
  "12": 0,
  "13": 0,
  "101": 20,
  "102": 21,
  "103": 0,
  "104": 0,
  "105": 0,
  "106": 0,
  "107": 0
}
[2018-02-07T00:03:37.322] [DEBUG] EMR101 - Got outbreak response
[2018-02-07T00:03:38.320] [DEBUG] VectorTimestamp - {
  "1": 0,
  "2": 0,
  "3": 0,
  "10": 52,
  "11": 0,
  "12": 0,
  "13": 0,
  "101": 21,
  "102": 21,
  "103": 0,
  "104": 0,
  "105": 0,
  "106": 0,
  "107": 0
}
[2018-02-07T00:03:38.320] [DEBUG] EMR101 - Sent outbreak request
[2018-02-07T00:03:38.322] [DEBUG] VectorTimestamp - {
  "1": 0,
  "2": 0,
  "3": 0,
  "10": 58,
  "11": 0,
  "12": 0,
  "13": 0,
  "101": 22,
  "102": 24,
  "103": 0,
  "104": 0,
  "105": 0,
  "106": 0,
  "107": 0
}
[2018-02-07T00:03:38.322] [DEBUG] EMR101 - Got outbreak response
[2018-02-07T00:03:39.322] [DEBUG] VectorTimestamp - {
  "1": 0,
  "2": 0,
  "3": 0,
  "10": 58,
  "11": 0,
  "12": 0,
  "13": 0,
  "101": 23,
  "102": 24,
  "103": 0,
  "104": 0,
  "105": 0,
  "106": 0,
  "107": 0
}
[2018-02-07T00:03:39.323] [DEBUG] EMR101 - Sent outbreak request
[2018-02-07T00:03:39.323] [DEBUG] VectorTimestamp - {
  "1": 0,
  "2": 0,
  "3": 0,
  "10": 63,
  "11": 0,
  "12": 0,
  "13": 0,
  "101": 24,
  "102": 26,
  "103": 0,
  "104": 0,
  "105": 0,
  "106": 0,
  "107": 0
}
[2018-02-07T00:03:39.324] [DEBUG] EMR101 - Got outbreak response
[2018-02-07T00:03:40.324] [DEBUG] VectorTimestamp - {
  "1": 0,
  "2": 0,
  "3": 0,
  "10": 63,
  "11": 0,
  "12": 0,
  "13": 0,
  "101": 25,
  "102": 26,
  "103": 0,
  "104": 0,
  "105": 0,
  "106": 0,
  "107": 0
}
[2018-02-07T00:03:40.325] [DEBUG] EMR101 - Sent outbreak request
[2018-02-07T00:03:40.326] [DEBUG] VectorTimestamp - {
  "1": 0,
  "2": 0,
  "3": 0,
  "10": 69,
  "11": 0,
  "12": 0,
  "13": 0,
  "101": 26,
  "102": 29,
  "103": 0,
  "104": 0,
  "105": 0,
  "106": 0,
  "107": 0
}
[2018-02-07T00:03:40.326] [DEBUG] EMR101 - Got outbreak response
[2018-02-07T00:03:41.324] [DEBUG] VectorTimestamp - {
  "1": 0,
  "2": 0,
  "3": 0,
  "10": 69,
  "11": 0,
  "12": 0,
  "13": 0,
  "101": 27,
  "102": 29,
  "103": 0,
  "104": 0,
  "105": 0,
  "106": 0,
  "107": 0
}
[2018-02-07T00:03:41.324] [DEBUG] EMR101 - Sent outbreak request
[2018-02-07T00:03:41.325] [DEBUG] VectorTimestamp - {
  "1": 0,
  "2": 0,
  "3": 0,
  "10": 74,
  "11": 0,
  "12": 0,
  "13": 0,
  "101": 28,
  "102": 31,
  "103": 0,
  "104": 0,
  "105": 0,
  "106": 0,
  "107": 0
}
[2018-02-07T00:03:41.326] [DEBUG] EMR101 - Got outbreak response
[2018-02-07T00:03:41.751] [DEBUG] VectorTimestamp - {
  "1": 0,
  "2": 0,
  "3": 0,
  "10": 74,
  "11": 0,
  "12": 0,
  "13": 0,
  "101": 29,
  "102": 31,
  "103": 0,
  "104": 0,
  "105": 0,
  "106": 0,
  "107": 0
}
[2018-02-07T00:03:41.751] [DEBUG] EMR101 - Sent disease notification: Influenza (1)
[2018-02-07T00:03:42.325] [DEBUG] VectorTimestamp - {
  "1": 0,
  "2": 0,
  "3": 0,
  "10": 74,
  "11": 0,
  "12": 0,
  "13": 0,
  "101": 30,
  "102": 31,
  "103": 0,
  "104": 0,
  "105": 0,
  "106": 0,
  "107": 0
}
[2018-02-07T00:03:42.325] [DEBUG] EMR101 - Sent outbreak request
[2018-02-07T00:03:42.326] [DEBUG] VectorTimestamp - {
  "1": 0,
  "2": 0,
  "3": 0,
  "10": 80,
  "11": 0,
  "12": 0,
  "13": 0,
  "101": 31,
  "102": 33,
  "103": 0,
  "104": 0,
  "105": 0,
  "106": 0,
  "107": 0
}
[2018-02-07T00:03:42.326] [DEBUG] EMR101 - Got outbreak response
[2018-02-07T00:03:43.326] [DEBUG] VectorTimestamp - {
  "1": 0,
  "2": 0,
  "3": 0,
  "10": 80,
  "11": 0,
  "12": 0,
  "13": 0,
  "101": 32,
  "102": 33,
  "103": 0,
  "104": 0,
  "105": 0,
  "106": 0,
  "107": 0
}
[2018-02-07T00:03:43.326] [DEBUG] EMR101 - Sent outbreak request
[2018-02-07T00:03:43.327] [DEBUG] VectorTimestamp - {
  "1": 0,
  "2": 0,
  "3": 0,
  "10": 85,
  "11": 0,
  "12": 0,
  "13": 0,
  "101": 33,
  "102": 35,
  "103": 0,
  "104": 0,
  "105": 0,
  "106": 0,
  "107": 0
}
[2018-02-07T00:03:43.327] [DEBUG] EMR101 - Got outbreak response
[2018-02-07T00:03:44.326] [DEBUG] VectorTimestamp - {
  "1": 0,
  "2": 0,
  "3": 0,
  "10": 85,
  "11": 0,
  "12": 0,
  "13": 0,
  "101": 34,
  "102": 35,
  "103": 0,
  "104": 0,
  "105": 0,
  "106": 0,
  "107": 0
}
[2018-02-07T00:03:44.326] [DEBUG] EMR101 - Sent outbreak request
[2018-02-07T00:03:44.327] [DEBUG] VectorTimestamp - {
  "1": 0,
  "2": 0,
  "3": 0,
  "10": 91,
  "11": 0,
  "12": 0,
  "13": 0,
  "101": 35,
  "102": 38,
  "103": 0,
  "104": 0,
  "105": 0,
  "106": 0,
  "107": 0
}
[2018-02-07T00:03:44.327] [DEBUG] EMR101 - Got outbreak response
[2018-02-07T00:03:45.327] [DEBUG] VectorTimestamp - {
  "1": 0,
  "2": 0,
  "3": 0,
  "10": 91,
  "11": 0,
  "12": 0,
  "13": 0,
  "101": 36,
  "102": 38,
  "103": 0,
  "104": 0,
  "105": 0,
  "106": 0,
  "107": 0
}
[2018-02-07T00:03:45.327] [DEBUG] EMR101 - Sent outbreak request
[2018-02-07T00:03:45.328] [DEBUG] VectorTimestamp - {
  "1": 0,
  "2": 0,
  "3": 0,
  "10": 97,
  "11": 0,
  "12": 0,
  "13": 0,
  "101": 37,
  "102": 41,
  "103": 0,
  "104": 0,
  "105": 0,
  "106": 0,
  "107": 0
}
[2018-02-07T00:03:45.328] [DEBUG] EMR101 - Got outbreak response
[2018-02-07T00:03:45.861] [DEBUG] VectorTimestamp - {
  "1": 0,
  "2": 0,
  "3": 0,
  "10": 97,
  "11": 0,
  "12": 0,
  "13": 0,
  "101": 38,
  "102": 41,
  "103": 0,
  "104": 0,
  "105": 0,
  "106": 0,
  "107": 0
}
[2018-02-07T00:03:45.861] [DEBUG] EMR101 - Sent disease notification: Influenza (1)
[2018-02-07T00:03:46.263] [DEBUG] VectorTimestamp - {
  "1": 0,
  "2": 0,
  "3": 0,
  "10": 97,
  "11": 0,
  "12": 0,
  "13": 0,
  "101": 39,
  "102": 41,
  "103": 0,
  "104": 0,
  "105": 0,
  "106": 0,
  "107": 0
}
[2018-02-07T00:03:46.263] [DEBUG] EMR101 - Sent disease notification: Influenza (1)
[2018-02-07T00:03:46.328] [DEBUG] VectorTimestamp - {
  "1": 0,
  "2": 0,
  "3": 0,
  "10": 97,
  "11": 0,
  "12": 0,
  "13": 0,
  "101": 40,
  "102": 41,
  "103": 0,
  "104": 0,
  "105": 0,
  "106": 0,
  "107": 0
}
[2018-02-07T00:03:46.328] [DEBUG] EMR101 - Sent outbreak request
[2018-02-07T00:03:46.329] [DEBUG] VectorTimestamp - {
  "1": 0,
  "2": 0,
  "3": 0,
  "10": 104,
  "11": 0,
  "12": 0,
  "13": 0,
  "101": 41,
  "102": 43,
  "103": 0,
  "104": 0,
  "105": 0,
  "106": 0,
  "107": 0
}
[2018-02-07T00:03:46.329] [DEBUG] EMR101 - Got outbreak response
[2018-02-07T00:03:47.328] [DEBUG] VectorTimestamp - {
  "1": 0,
  "2": 0,
  "3": 0,
  "10": 104,
  "11": 0,
  "12": 0,
  "13": 0,
  "101": 42,
  "102": 43,
  "103": 0,
  "104": 0,
  "105": 0,
  "106": 0,
  "107": 0
}
[2018-02-07T00:03:47.328] [DEBUG] EMR101 - Sent outbreak request
[2018-02-07T00:03:47.329] [DEBUG] VectorTimestamp - {
  "1": 0,
  "2": 0,
  "3": 0,
  "10": 110,
  "11": 0,
  "12": 0,
  "13": 0,
  "101": 43,
  "102": 46,
  "103": 0,
  "104": 0,
  "105": 0,
  "106": 0,
  "107": 0
}
[2018-02-07T00:03:47.329] [DEBUG] EMR101 - Got outbreak response
[2018-02-07T00:03:48.329] [DEBUG] VectorTimestamp - {
  "1": 0,
  "2": 0,
  "3": 0,
  "10": 110,
  "11": 0,
  "12": 0,
  "13": 0,
  "101": 44,
  "102": 46,
  "103": 0,
  "104": 0,
  "105": 0,
  "106": 0,
  "107": 0
}
[2018-02-07T00:03:48.329] [DEBUG] EMR101 - Sent outbreak request
[2018-02-07T00:03:48.330] [DEBUG] VectorTimestamp - {
  "1": 0,
  "2": 0,
  "3": 0,
  "10": 115,
  "11": 0,
  "12": 0,
  "13": 0,
  "101": 45,
  "102": 48,
  "103": 0,
  "104": 0,
  "105": 0,
  "106": 0,
  "107": 0
}
[2018-02-07T00:03:48.330] [DEBUG] EMR101 - Got outbreak response
[2018-02-07T00:03:49.070] [DEBUG] VectorTimestamp - {
  "1": 0,
  "2": 0,
  "3": 0,
  "10": 115,
  "11": 0,
  "12": 0,
  "13": 0,
  "101": 46,
  "102": 48,
  "103": 0,
  "104": 0,
  "105": 0,
  "106": 0,
  "107": 0
}
[2018-02-07T00:03:49.070] [DEBUG] EMR101 - Sent disease notification: Influenza (1)
[2018-02-07T00:03:49.330] [DEBUG] VectorTimestamp - {
  "1": 0,
  "2": 0,
  "3": 0,
  "10": 115,
  "11": 0,
  "12": 0,
  "13": 0,
  "101": 47,
  "102": 48,
  "103": 0,
  "104": 0,
  "105": 0,
  "106": 0,
  "107": 0
}
[2018-02-07T00:03:49.330] [DEBUG] EMR101 - Sent outbreak request
[2018-02-07T00:03:49.332] [DEBUG] VectorTimestamp - {
  "1": 0,
  "2": 0,
  "3": 0,
  "10": 121,
  "11": 0,
  "12": 0,
  "13": 0,
  "101": 48,
  "102": 50,
  "103": 0,
  "104": 0,
  "105": 0,
  "106": 0,
  "107": 0
}
[2018-02-07T00:03:49.332] [DEBUG] EMR101 - Got outbreak response
[2018-02-07T00:03:50.330] [DEBUG] VectorTimestamp - {
  "1": 0,
  "2": 0,
  "3": 0,
  "10": 121,
  "11": 0,
  "12": 0,
  "13": 0,
  "101": 49,
  "102": 50,
  "103": 0,
  "104": 0,
  "105": 0,
  "106": 0,
  "107": 0
}
[2018-02-07T00:03:50.331] [DEBUG] EMR101 - Sent outbreak request
[2018-02-07T00:03:50.331] [DEBUG] VectorTimestamp - {
  "1": 0,
  "2": 0,
  "3": 0,
  "10": 127,
  "11": 0,
  "12": 0,
  "13": 0,
  "101": 50,
  "102": 53,
  "103": 0,
  "104": 0,
  "105": 0,
  "106": 0,
  "107": 0
}
[2018-02-07T00:03:50.331] [DEBUG] EMR101 - Got outbreak response
[2018-02-07T00:03:50.574] [DEBUG] VectorTimestamp - {
  "1": 0,
  "2": 0,
  "3": 0,
  "10": 127,
  "11": 0,
  "12": 0,
  "13": 0,
  "101": 51,
  "102": 53,
  "103": 0,
  "104": 0,
  "105": 0,
  "106": 0,
  "107": 0
}
[2018-02-07T00:03:50.574] [DEBUG] EMR101 - Sent disease notification: Influenza (1)
[2018-02-07T00:03:51.277] [DEBUG] VectorTimestamp - {
  "1": 0,
  "2": 0,
  "3": 0,
  "10": 127,
  "11": 0,
  "12": 0,
  "13": 0,
  "101": 52,
  "102": 53,
  "103": 0,
  "104": 0,
  "105": 0,
  "106": 0,
  "107": 0
}
[2018-02-07T00:03:51.277] [DEBUG] EMR101 - Sent disease notification: Influenza (1)
[2018-02-07T00:03:51.332] [DEBUG] VectorTimestamp - {
  "1": 0,
  "2": 0,
  "3": 0,
  "10": 127,
  "11": 0,
  "12": 0,
  "13": 0,
  "101": 53,
  "102": 53,
  "103": 0,
  "104": 0,
  "105": 0,
  "106": 0,
  "107": 0
}
[2018-02-07T00:03:51.332] [DEBUG] EMR101 - Sent outbreak request
[2018-02-07T00:03:51.333] [DEBUG] VectorTimestamp - {
  "1": 0,
  "2": 0,
  "3": 0,
  "10": 135,
  "11": 0,
  "12": 0,
  "13": 0,
  "101": 54,
  "102": 56,
  "103": 0,
  "104": 0,
  "105": 0,
  "106": 0,
  "107": 0
}
[2018-02-07T00:03:51.333] [DEBUG] EMR101 - Got outbreak response
[2018-02-07T00:03:52.333] [DEBUG] VectorTimestamp - {
  "1": 0,
  "2": 0,
  "3": 0,
  "10": 135,
  "11": 0,
  "12": 0,
  "13": 0,
  "101": 55,
  "102": 56,
  "103": 0,
  "104": 0,
  "105": 0,
  "106": 0,
  "107": 0
}
[2018-02-07T00:03:52.333] [DEBUG] EMR101 - Sent outbreak request
[2018-02-07T00:03:52.335] [DEBUG] VectorTimestamp - {
  "1": 0,
  "2": 0,
  "3": 0,
  "10": 141,
  "11": 0,
  "12": 0,
  "13": 0,
  "101": 56,
  "102": 59,
  "103": 0,
  "104": 0,
  "105": 0,
  "106": 0,
  "107": 0
}
[2018-02-07T00:03:52.335] [DEBUG] EMR101 - Got outbreak response
[2018-02-07T00:03:52.682] [DEBUG] VectorTimestamp - {
  "1": 0,
  "2": 0,
  "3": 0,
  "10": 141,
  "11": 0,
  "12": 0,
  "13": 0,
  "101": 57,
  "102": 59,
  "103": 0,
  "104": 0,
  "105": 0,
  "106": 0,
  "107": 0
}
[2018-02-07T00:03:52.682] [DEBUG] EMR101 - Sent disease notification: Influenza (1)
[2018-02-07T00:03:53.333] [DEBUG] VectorTimestamp - {
  "1": 0,
  "2": 0,
  "3": 0,
  "10": 141,
  "11": 0,
  "12": 0,
  "13": 0,
  "101": 58,
  "102": 59,
  "103": 0,
  "104": 0,
  "105": 0,
  "106": 0,
  "107": 0
}
[2018-02-07T00:03:53.333] [DEBUG] EMR101 - Sent outbreak request
[2018-02-07T00:03:53.334] [DEBUG] VectorTimestamp - {
  "1": 0,
  "2": 0,
  "3": 0,
  "10": 147,
  "11": 0,
  "12": 0,
  "13": 0,
  "101": 59,
  "102": 61,
  "103": 0,
  "104": 0,
  "105": 0,
  "106": 0,
  "107": 0
}
[2018-02-07T00:03:53.334] [DEBUG] EMR101 - Got outbreak response
[2018-02-07T00:03:54.334] [DEBUG] VectorTimestamp - {
  "1": 0,
  "2": 0,
  "3": 0,
  "10": 147,
  "11": 0,
  "12": 0,
  "13": 0,
  "101": 60,
  "102": 61,
  "103": 0,
  "104": 0,
  "105": 0,
  "106": 0,
  "107": 0
}
[2018-02-07T00:03:54.334] [DEBUG] EMR101 - Sent outbreak request
[2018-02-07T00:03:54.335] [DEBUG] VectorTimestamp - {
  "1": 0,
  "2": 0,
  "3": 0,
  "10": 152,
  "11": 0,
  "12": 0,
  "13": 0,
  "101": 61,
  "102": 63,
  "103": 0,
  "104": 0,
  "105": 0,
  "106": 0,
  "107": 0
}
[2018-02-07T00:03:54.335] [DEBUG] EMR101 - Got outbreak response
[2018-02-07T00:03:54.988] [DEBUG] VectorTimestamp - {
  "1": 0,
  "2": 0,
  "3": 0,
  "10": 152,
  "11": 0,
  "12": 0,
  "13": 0,
  "101": 62,
  "102": 63,
  "103": 0,
  "104": 0,
  "105": 0,
  "106": 0,
  "107": 0
}
[2018-02-07T00:03:54.988] [DEBUG] EMR101 - Sent disease notification: Influenza (1)
[2018-02-07T00:03:55.335] [DEBUG] VectorTimestamp - {
  "1": 0,
  "2": 0,
  "3": 0,
  "10": 152,
  "11": 0,
  "12": 0,
  "13": 0,
  "101": 63,
  "102": 63,
  "103": 0,
  "104": 0,
  "105": 0,
  "106": 0,
  "107": 0
}
[2018-02-07T00:03:55.335] [DEBUG] EMR101 - Sent outbreak request
[2018-02-07T00:03:55.336] [DEBUG] VectorTimestamp - {
  "1": 0,
  "2": 0,
  "3": 0,
  "10": 158,
  "11": 0,
  "12": 0,
  "13": 0,
  "101": 64,
  "102": 65,
  "103": 0,
  "104": 0,
  "105": 0,
  "106": 0,
  "107": 0
}
[2018-02-07T00:03:55.336] [DEBUG] EMR101 - Got outbreak response
[2018-02-07T00:03:56.335] [DEBUG] VectorTimestamp - {
  "1": 0,
  "2": 0,
  "3": 0,
  "10": 158,
  "11": 0,
  "12": 0,
  "13": 0,
  "101": 65,
  "102": 65,
  "103": 0,
  "104": 0,
  "105": 0,
  "106": 0,
  "107": 0
}
[2018-02-07T00:03:56.336] [DEBUG] EMR101 - Sent outbreak request
[2018-02-07T00:03:56.337] [DEBUG] VectorTimestamp - {
  "1": 0,
  "2": 0,
  "3": 0,
  "10": 163,
  "11": 0,
  "12": 0,
  "13": 0,
  "101": 66,
  "102": 67,
  "103": 0,
  "104": 0,
  "105": 0,
  "106": 0,
  "107": 0
}
[2018-02-07T00:03:56.340] [DEBUG] EMR101 - Got outbreak response
[2018-02-07T00:03:57.337] [DEBUG] VectorTimestamp - {
  "1": 0,
  "2": 0,
  "3": 0,
  "10": 163,
  "11": 0,
  "12": 0,
  "13": 0,
  "101": 67,
  "102": 67,
  "103": 0,
  "104": 0,
  "105": 0,
  "106": 0,
  "107": 0
}
[2018-02-07T00:03:57.337] [DEBUG] EMR101 - Sent outbreak request
[2018-02-07T00:03:57.338] [DEBUG] VectorTimestamp - {
  "1": 0,
  "2": 0,
  "3": 0,
  "10": 168,
  "11": 0,
  "12": 0,
  "13": 0,
  "101": 68,
  "102": 69,
  "103": 0,
  "104": 0,
  "105": 0,
  "106": 0,
  "107": 0
}
[2018-02-07T00:03:57.338] [DEBUG] EMR101 - Got outbreak response
[2018-02-07T00:03:58.338] [DEBUG] VectorTimestamp - {
  "1": 0,
  "2": 0,
  "3": 0,
  "10": 168,
  "11": 0,
  "12": 0,
  "13": 0,
  "101": 69,
  "102": 69,
  "103": 0,
  "104": 0,
  "105": 0,
  "106": 0,
  "107": 0
}
[2018-02-07T00:03:58.338] [DEBUG] EMR101 - Sent outbreak request
[2018-02-07T00:03:58.339] [DEBUG] VectorTimestamp - {
  "1": 0,
  "2": 0,
  "3": 0,
  "10": 176,
  "11": 0,
  "12": 0,
  "13": 0,
  "101": 70,
  "102": 74,
  "103": 0,
  "104": 0,
  "105": 0,
  "106": 0,
  "107": 0
}
[2018-02-07T00:03:58.339] [DEBUG] EMR101 - Got outbreak response
[2018-02-07T00:03:59.338] [DEBUG] VectorTimestamp - {
  "1": 0,
  "2": 0,
  "3": 0,
  "10": 176,
  "11": 0,
  "12": 0,
  "13": 0,
  "101": 71,
  "102": 74,
  "103": 0,
  "104": 0,
  "105": 0,
  "106": 0,
  "107": 0
}
[2018-02-07T00:03:59.338] [DEBUG] EMR101 - Sent outbreak request
[2018-02-07T00:03:59.339] [DEBUG] VectorTimestamp - {
  "1": 0,
  "2": 0,
  "3": 0,
  "10": 181,
  "11": 0,
  "12": 0,
  "13": 0,
  "101": 72,
  "102": 76,
  "103": 0,
  "104": 0,
  "105": 0,
  "106": 0,
  "107": 0
}
[2018-02-07T00:03:59.339] [DEBUG] EMR101 - Got outbreak response
[2018-02-07T00:04:00.339] [DEBUG] VectorTimestamp - {
  "1": 0,
  "2": 0,
  "3": 0,
  "10": 181,
  "11": 0,
  "12": 0,
  "13": 0,
  "101": 73,
  "102": 76,
  "103": 0,
  "104": 0,
  "105": 0,
  "106": 0,
  "107": 0
}
[2018-02-07T00:04:00.339] [DEBUG] EMR101 - Sent outbreak request
[2018-02-07T00:04:00.343] [DEBUG] VectorTimestamp - {
  "1": 0,
  "2": 0,
  "3": 0,
  "10": 189,
  "11": 0,
  "12": 0,
  "13": 0,
  "101": 74,
  "102": 82,
  "103": 0,
  "104": 0,
  "105": 0,
  "106": 0,
  "107": 0
}
[2018-02-07T00:04:00.343] [DEBUG] EMR101 - Got outbreak response
[2018-02-07T00:04:01.340] [DEBUG] VectorTimestamp - {
  "1": 0,
  "2": 0,
  "3": 0,
  "10": 189,
  "11": 0,
  "12": 0,
  "13": 0,
  "101": 75,
  "102": 82,
  "103": 0,
  "104": 0,
  "105": 0,
  "106": 0,
  "107": 0
}
[2018-02-07T00:04:01.340] [DEBUG] EMR101 - Sent outbreak request
[2018-02-07T00:04:01.341] [DEBUG] VectorTimestamp - {
  "1": 0,
  "2": 0,
  "3": 0,
  "10": 195,
  "11": 0,
  "12": 0,
  "13": 0,
  "101": 76,
  "102": 84,
  "103": 0,
  "104": 0,
  "105": 0,
  "106": 0,
  "107": 0
}
[2018-02-07T00:04:01.341] [DEBUG] EMR101 - Got outbreak response
[2018-02-07T00:04:02.340] [DEBUG] VectorTimestamp - {
  "1": 0,
  "2": 0,
  "3": 0,
  "10": 195,
  "11": 0,
  "12": 0,
  "13": 0,
  "101": 77,
  "102": 84,
  "103": 0,
  "104": 0,
  "105": 0,
  "106": 0,
  "107": 0
}
[2018-02-07T00:04:02.340] [DEBUG] EMR101 - Sent outbreak request
[2018-02-07T00:04:02.341] [DEBUG] VectorTimestamp - {
  "1": 0,
  "2": 0,
  "3": 0,
  "10": 201,
  "11": 0,
  "12": 0,
  "13": 0,
  "101": 78,
  "102": 87,
  "103": 0,
  "104": 0,
  "105": 0,
  "106": 0,
  "107": 0
}
[2018-02-07T00:04:02.341] [DEBUG] EMR101 - Got outbreak response
[2018-02-07T00:04:03.341] [DEBUG] VectorTimestamp - {
  "1": 0,
  "2": 0,
  "3": 0,
  "10": 201,
  "11": 0,
  "12": 0,
  "13": 0,
  "101": 79,
  "102": 87,
  "103": 0,
  "104": 0,
  "105": 0,
  "106": 0,
  "107": 0
}
[2018-02-07T00:04:03.342] [DEBUG] EMR101 - Sent outbreak request
[2018-02-07T00:04:03.344] [DEBUG] VectorTimestamp - {
  "1": 0,
  "2": 0,
  "3": 0,
  "10": 206,
  "11": 0,
  "12": 0,
  "13": 0,
  "101": 80,
  "102": 89,
  "103": 0,
  "104": 0,
  "105": 0,
  "106": 0,
  "107": 0
}
[2018-02-07T00:04:03.344] [DEBUG] EMR101 - Got outbreak response
[2018-02-07T00:04:04.343] [DEBUG] VectorTimestamp - {
  "1": 0,
  "2": 0,
  "3": 0,
  "10": 206,
  "11": 0,
  "12": 0,
  "13": 0,
  "101": 81,
  "102": 89,
  "103": 0,
  "104": 0,
  "105": 0,
  "106": 0,
  "107": 0
}
[2018-02-07T00:04:04.343] [DEBUG] EMR101 - Sent outbreak request
[2018-02-07T00:04:04.344] [DEBUG] VectorTimestamp - {
  "1": 0,
  "2": 0,
  "3": 0,
  "10": 212,
  "11": 0,
  "12": 0,
  "13": 0,
  "101": 82,
  "102": 92,
  "103": 0,
  "104": 0,
  "105": 0,
  "106": 0,
  "107": 0
}
[2018-02-07T00:04:04.344] [DEBUG] EMR101 - Got outbreak response
[2018-02-07T00:04:05.343] [DEBUG] VectorTimestamp - {
  "1": 0,
  "2": 0,
  "3": 0,
  "10": 212,
  "11": 0,
  "12": 0,
  "13": 0,
  "101": 83,
  "102": 92,
  "103": 0,
  "104": 0,
  "105": 0,
  "106": 0,
  "107": 0
}
[2018-02-07T00:04:05.343] [DEBUG] EMR101 - Sent outbreak request
[2018-02-07T00:04:05.347] [DEBUG] VectorTimestamp - {
  "1": 0,
  "2": 0,
  "3": 0,
  "10": 218,
  "11": 0,
  "12": 0,
  "13": 0,
  "101": 84,
  "102": 95,
  "103": 0,
  "104": 0,
  "105": 0,
  "106": 0,
  "107": 0
}
[2018-02-07T00:04:05.348] [DEBUG] EMR101 - Got outbreak response
[2018-02-07T00:04:05.416] [DEBUG] VectorTimestamp - {
  "1": 0,
  "2": 0,
  "3": 0,
  "10": 218,
  "11": 0,
  "12": 0,
  "13": 0,
  "101": 85,
  "102": 95,
  "103": 0,
  "104": 0,
  "105": 0,
  "106": 0,
  "107": 0
}
[2018-02-07T00:04:05.416] [DEBUG] EMR101 - Sent disease notification: Influenza (1)
[2018-02-07T00:04:05.818] [DEBUG] VectorTimestamp - {
  "1": 0,
  "2": 0,
  "3": 0,
  "10": 218,
  "11": 0,
  "12": 0,
  "13": 0,
  "101": 86,
  "102": 95,
  "103": 0,
  "104": 0,
  "105": 0,
  "106": 0,
  "107": 0
}
[2018-02-07T00:04:05.818] [DEBUG] EMR101 - Sent disease notification: Influenza (1)
[2018-02-07T00:04:06.344] [DEBUG] VectorTimestamp - {
  "1": 0,
  "2": 0,
  "3": 0,
  "10": 218,
  "11": 0,
  "12": 0,
  "13": 0,
  "101": 87,
  "102": 95,
  "103": 0,
  "104": 0,
  "105": 0,
  "106": 0,
  "107": 0
}
[2018-02-07T00:04:06.344] [DEBUG] EMR101 - Sent outbreak request
[2018-02-07T00:04:06.345] [DEBUG] VectorTimestamp - {
  "1": 0,
  "2": 0,
  "3": 0,
  "10": 226,
  "11": 0,
  "12": 0,
  "13": 0,
  "101": 88,
  "102": 98,
  "103": 0,
  "104": 0,
  "105": 0,
  "106": 0,
  "107": 0
}
[2018-02-07T00:04:06.345] [DEBUG] EMR101 - Got outbreak response
[2018-02-07T00:04:06.620] [DEBUG] VectorTimestamp - {
  "1": 0,
  "2": 0,
  "3": 0,
  "10": 226,
  "11": 0,
  "12": 0,
  "13": 0,
  "101": 89,
  "102": 98,
  "103": 0,
  "104": 0,
  "105": 0,
  "106": 0,
  "107": 0
}
[2018-02-07T00:04:06.620] [DEBUG] EMR101 - Sent disease notification: Influenza (1)
[2018-02-07T00:04:07.345] [DEBUG] VectorTimestamp - {
  "1": 0,
  "2": 0,
  "3": 0,
  "10": 226,
  "11": 0,
  "12": 0,
  "13": 0,
  "101": 90,
  "102": 98,
  "103": 0,
  "104": 0,
  "105": 0,
  "106": 0,
  "107": 0
}
[2018-02-07T00:04:07.345] [DEBUG] EMR101 - Sent outbreak request
[2018-02-07T00:04:07.346] [DEBUG] VectorTimestamp - {
  "1": 0,
  "2": 0,
  "3": 0,
  "10": 232,
  "11": 0,
  "12": 0,
  "13": 0,
  "101": 91,
  "102": 100,
  "103": 0,
  "104": 0,
  "105": 0,
  "106": 0,
  "107": 0
}
[2018-02-07T00:04:07.346] [DEBUG] EMR101 - Got outbreak response
[2018-02-07T00:04:08.344] [DEBUG] VectorTimestamp - {
  "1": 0,
  "2": 0,
  "3": 0,
  "10": 232,
  "11": 0,
  "12": 0,
  "13": 0,
  "101": 92,
  "102": 100,
  "103": 0,
  "104": 0,
  "105": 0,
  "106": 0,
  "107": 0
}
[2018-02-07T00:04:08.344] [DEBUG] EMR101 - Sent outbreak request
[2018-02-07T00:04:08.345] [DEBUG] VectorTimestamp - {
  "1": 0,
  "2": 0,
  "3": 0,
  "10": 238,
  "11": 0,
  "12": 0,
  "13": 0,
  "101": 93,
  "102": 103,
  "103": 0,
  "104": 0,
  "105": 0,
  "106": 0,
  "107": 0
}
[2018-02-07T00:04:08.345] [DEBUG] EMR101 - Got outbreak response
[2018-02-07T00:04:08.826] [DEBUG] VectorTimestamp - {
  "1": 0,
  "2": 0,
  "3": 0,
  "10": 238,
  "11": 0,
  "12": 0,
  "13": 0,
  "101": 94,
  "102": 103,
  "103": 0,
  "104": 0,
  "105": 0,
  "106": 0,
  "107": 0
}
[2018-02-07T00:04:08.826] [DEBUG] EMR101 - Sent disease notification: Influenza (1)
[2018-02-07T00:04:09.345] [DEBUG] VectorTimestamp - {
  "1": 0,
  "2": 0,
  "3": 0,
  "10": 238,
  "11": 0,
  "12": 0,
  "13": 0,
  "101": 95,
  "102": 103,
  "103": 0,
  "104": 0,
  "105": 0,
  "106": 0,
  "107": 0
}
[2018-02-07T00:04:09.345] [DEBUG] EMR101 - Sent outbreak request
[2018-02-07T00:04:09.346] [DEBUG] VectorTimestamp - {
  "1": 0,
  "2": 0,
  "3": 0,
  "10": 247,
  "11": 0,
  "12": 0,
  "13": 0,
  "101": 96,
  "102": 108,
  "103": 0,
  "104": 0,
  "105": 0,
  "106": 0,
  "107": 0
}
[2018-02-07T00:04:09.346] [DEBUG] EMR101 - Got outbreak response
[2018-02-07T00:04:09.628] [DEBUG] VectorTimestamp - {
  "1": 0,
  "2": 0,
  "3": 0,
  "10": 247,
  "11": 0,
  "12": 0,
  "13": 0,
  "101": 97,
  "102": 108,
  "103": 0,
  "104": 0,
  "105": 0,
  "106": 0,
  "107": 0
}
[2018-02-07T00:04:09.628] [DEBUG] EMR101 - Sent disease notification: Influenza (1)
[2018-02-07T00:04:10.330] [DEBUG] VectorTimestamp - {
  "1": 0,
  "2": 0,
  "3": 0,
  "10": 247,
  "11": 0,
  "12": 0,
  "13": 0,
  "101": 98,
  "102": 108,
  "103": 0,
  "104": 0,
  "105": 0,
  "106": 0,
  "107": 0
}
[2018-02-07T00:04:10.330] [DEBUG] EMR101 - Sent disease notification: Influenza (1)
[2018-02-07T00:04:10.346] [DEBUG] VectorTimestamp - {
  "1": 0,
  "2": 0,
  "3": 0,
  "10": 247,
  "11": 0,
  "12": 0,
  "13": 0,
  "101": 99,
  "102": 108,
  "103": 0,
  "104": 0,
  "105": 0,
  "106": 0,
  "107": 0
}
[2018-02-07T00:04:10.346] [DEBUG] EMR101 - Sent outbreak request
[2018-02-07T00:04:10.347] [DEBUG] VectorTimestamp - {
  "1": 0,
  "2": 0,
  "3": 0,
  "10": 256,
  "11": 0,
  "12": 0,
  "13": 0,
  "101": 100,
  "102": 112,
  "103": 0,
  "104": 0,
  "105": 0,
  "106": 0,
  "107": 0
}
[2018-02-07T00:04:10.347] [DEBUG] EMR101 - Got outbreak response
[2018-02-07T00:04:10.430] [DEBUG] VectorTimestamp - {
  "1": 0,
  "2": 0,
  "3": 0,
  "10": 256,
  "11": 0,
  "12": 0,
  "13": 0,
  "101": 101,
  "102": 112,
  "103": 0,
  "104": 0,
  "105": 0,
  "106": 0,
  "107": 0
}
[2018-02-07T00:04:10.430] [DEBUG] EMR101 - Sent disease notification: Influenza (1)
[2018-02-07T00:04:11.346] [DEBUG] VectorTimestamp - {
  "1": 0,
  "2": 0,
  "3": 0,
  "10": 256,
  "11": 0,
  "12": 0,
  "13": 0,
  "101": 102,
  "102": 112,
  "103": 0,
  "104": 0,
  "105": 0,
  "106": 0,
  "107": 0
}
[2018-02-07T00:04:11.346] [DEBUG] EMR101 - Sent outbreak request
[2018-02-07T00:04:11.347] [DEBUG] VectorTimestamp - {
  "1": 0,
  "2": 0,
  "3": 0,
  "10": 262,
  "11": 0,
  "12": 0,
  "13": 0,
  "101": 103,
  "102": 114,
  "103": 0,
  "104": 0,
  "105": 0,
  "106": 0,
  "107": 0
}
[2018-02-07T00:04:11.347] [DEBUG] EMR101 - Got outbreak response
[2018-02-07T00:04:12.347] [DEBUG] VectorTimestamp - {
  "1": 0,
  "2": 0,
  "3": 0,
  "10": 262,
  "11": 0,
  "12": 0,
  "13": 0,
  "101": 104,
  "102": 114,
  "103": 0,
  "104": 0,
  "105": 0,
  "106": 0,
  "107": 0
}
[2018-02-07T00:04:12.347] [DEBUG] EMR101 - Sent outbreak request
[2018-02-07T00:04:12.348] [DEBUG] VectorTimestamp - {
  "1": 0,
  "2": 0,
  "3": 0,
  "10": 267,
  "11": 0,
  "12": 0,
  "13": 0,
  "101": 105,
  "102": 116,
  "103": 0,
  "104": 0,
  "105": 0,
  "106": 0,
  "107": 0
}
[2018-02-07T00:04:12.348] [DEBUG] EMR101 - Got outbreak response
[2018-02-07T00:04:13.237] [DEBUG] VectorTimestamp - {
  "1": 0,
  "2": 0,
  "3": 0,
  "10": 267,
  "11": 0,
  "12": 0,
  "13": 0,
  "101": 106,
  "102": 116,
  "103": 0,
  "104": 0,
  "105": 0,
  "106": 0,
  "107": 0
}
[2018-02-07T00:04:13.237] [DEBUG] EMR101 - Sent disease notification: Influenza (1)
[2018-02-07T00:04:13.348] [DEBUG] VectorTimestamp - {
  "1": 0,
  "2": 0,
  "3": 0,
  "10": 267,
  "11": 0,
  "12": 0,
  "13": 0,
  "101": 107,
  "102": 116,
  "103": 0,
  "104": 0,
  "105": 0,
  "106": 0,
  "107": 0
}
[2018-02-07T00:04:13.348] [DEBUG] EMR101 - Sent outbreak request
[2018-02-07T00:04:13.349] [DEBUG] VectorTimestamp - {
  "1": 0,
  "2": 0,
  "3": 0,
  "10": 274,
  "11": 0,
  "12": 0,
  "13": 0,
  "101": 108,
  "102": 119,
  "103": 0,
  "104": 0,
  "105": 0,
  "106": 0,
  "107": 0
}
[2018-02-07T00:04:13.349] [DEBUG] EMR101 - Got outbreak response
[2018-02-07T00:04:14.347] [DEBUG] VectorTimestamp - {
  "1": 0,
  "2": 0,
  "3": 0,
  "10": 274,
  "11": 0,
  "12": 0,
  "13": 0,
  "101": 109,
  "102": 119,
  "103": 0,
  "104": 0,
  "105": 0,
  "106": 0,
  "107": 0
}
[2018-02-07T00:04:14.347] [DEBUG] EMR101 - Sent outbreak request
[2018-02-07T00:04:14.348] [DEBUG] VectorTimestamp - {
  "1": 0,
  "2": 0,
  "3": 0,
  "10": 279,
  "11": 0,
  "12": 0,
  "13": 0,
  "101": 110,
  "102": 121,
  "103": 0,
  "104": 0,
  "105": 0,
  "106": 0,
  "107": 0
}
[2018-02-07T00:04:14.349] [DEBUG] EMR101 - Got outbreak response
[2018-02-07T00:04:15.348] [DEBUG] VectorTimestamp - {
  "1": 0,
  "2": 0,
  "3": 0,
  "10": 279,
  "11": 0,
  "12": 0,
  "13": 0,
  "101": 111,
  "102": 121,
  "103": 0,
  "104": 0,
  "105": 0,
  "106": 0,
  "107": 0
}
[2018-02-07T00:04:15.348] [DEBUG] EMR101 - Sent outbreak request
[2018-02-07T00:04:15.349] [DEBUG] VectorTimestamp - {
  "1": 0,
  "2": 0,
  "3": 0,
  "10": 285,
  "11": 0,
  "12": 0,
  "13": 0,
  "101": 112,
  "102": 124,
  "103": 0,
  "104": 0,
  "105": 0,
  "106": 0,
  "107": 0
}
[2018-02-07T00:04:15.349] [DEBUG] EMR101 - Got outbreak response
[2018-02-07T00:04:15.644] [DEBUG] VectorTimestamp - {
  "1": 0,
  "2": 0,
  "3": 0,
  "10": 285,
  "11": 0,
  "12": 0,
  "13": 0,
  "101": 113,
  "102": 124,
  "103": 0,
  "104": 0,
  "105": 0,
  "106": 0,
  "107": 0
}
[2018-02-07T00:04:15.644] [DEBUG] EMR101 - Sent disease notification: Influenza (1)
[2018-02-07T00:04:16.045] [DEBUG] VectorTimestamp - {
  "1": 0,
  "2": 0,
  "3": 0,
  "10": 285,
  "11": 0,
  "12": 0,
  "13": 0,
  "101": 114,
  "102": 124,
  "103": 0,
  "104": 0,
  "105": 0,
  "106": 0,
  "107": 0
}
[2018-02-07T00:04:16.045] [DEBUG] EMR101 - Sent disease notification: Influenza (1)
[2018-02-07T00:04:16.349] [DEBUG] VectorTimestamp - {
  "1": 0,
  "2": 0,
  "3": 0,
  "10": 285,
  "11": 0,
  "12": 0,
  "13": 0,
  "101": 115,
  "102": 124,
  "103": 0,
  "104": 0,
  "105": 0,
  "106": 0,
  "107": 0
}
[2018-02-07T00:04:16.349] [DEBUG] EMR101 - Sent outbreak request
[2018-02-07T00:04:16.350] [DEBUG] VectorTimestamp - {
  "1": 0,
  "2": 0,
  "3": 0,
  "10": 293,
  "11": 0,
  "12": 0,
  "13": 0,
  "101": 116,
  "102": 127,
  "103": 0,
  "104": 0,
  "105": 0,
  "106": 0,
  "107": 0
}
[2018-02-07T00:04:16.350] [DEBUG] EMR101 - Got outbreak response
[2018-02-07T00:04:17.348] [DEBUG] VectorTimestamp - {
  "1": 0,
  "2": 0,
  "3": 0,
  "10": 293,
  "11": 0,
  "12": 0,
  "13": 0,
  "101": 117,
  "102": 127,
  "103": 0,
  "104": 0,
  "105": 0,
  "106": 0,
  "107": 0
}
[2018-02-07T00:04:17.348] [DEBUG] EMR101 - Sent outbreak request
[2018-02-07T00:04:17.349] [DEBUG] VectorTimestamp - {
  "1": 0,
  "2": 0,
  "3": 0,
  "10": 300,
  "11": 0,
  "12": 0,
  "13": 0,
  "101": 118,
  "102": 131,
  "103": 0,
  "104": 0,
  "105": 0,
  "106": 0,
  "107": 0
}
[2018-02-07T00:04:17.349] [DEBUG] EMR101 - Got outbreak response
[2018-02-07T00:04:18.349] [DEBUG] VectorTimestamp - {
  "1": 0,
  "2": 0,
  "3": 0,
  "10": 300,
  "11": 0,
  "12": 0,
  "13": 0,
  "101": 119,
  "102": 131,
  "103": 0,
  "104": 0,
  "105": 0,
  "106": 0,
  "107": 0
}
[2018-02-07T00:04:18.349] [DEBUG] EMR101 - Sent outbreak request
[2018-02-07T00:04:18.350] [DEBUG] VectorTimestamp - {
  "1": 0,
  "2": 0,
  "3": 0,
  "10": 308,
  "11": 0,
  "12": 0,
  "13": 0,
  "101": 120,
  "102": 136,
  "103": 0,
  "104": 0,
  "105": 0,
  "106": 0,
  "107": 0
}
[2018-02-07T00:04:18.350] [DEBUG] EMR101 - Got outbreak response
[2018-02-07T00:04:19.349] [DEBUG] VectorTimestamp - {
  "1": 0,
  "2": 0,
  "3": 0,
  "10": 308,
  "11": 0,
  "12": 0,
  "13": 0,
  "101": 121,
  "102": 136,
  "103": 0,
  "104": 0,
  "105": 0,
  "106": 0,
  "107": 0
}
[2018-02-07T00:04:19.350] [DEBUG] EMR101 - Sent outbreak request
[2018-02-07T00:04:19.350] [DEBUG] VectorTimestamp - {
  "1": 0,
  "2": 0,
  "3": 0,
  "10": 314,
  "11": 0,
  "12": 0,
  "13": 0,
  "101": 122,
  "102": 139,
  "103": 0,
  "104": 0,
  "105": 0,
  "106": 0,
  "107": 0
}
[2018-02-07T00:04:19.350] [DEBUG] EMR101 - Got outbreak response
[2018-02-07T00:04:20.351] [DEBUG] VectorTimestamp - {
  "1": 0,
  "2": 0,
  "3": 0,
  "10": 314,
  "11": 0,
  "12": 0,
  "13": 0,
  "101": 123,
  "102": 139,
  "103": 0,
  "104": 0,
  "105": 0,
  "106": 0,
  "107": 0
}
[2018-02-07T00:04:20.351] [DEBUG] EMR101 - Sent outbreak request
[2018-02-07T00:04:20.352] [DEBUG] VectorTimestamp - {
  "1": 290,
  "2": 0,
  "3": 0,
  "10": 321,
  "11": 307,
  "12": 310,
  "13": 191,
  "101": 124,
  "102": 142,
  "103": 123,
  "104": 130,
  "105": 128,
  "106": 128,
  "107": 138
}
[2018-02-07T00:04:20.352] [DEBUG] EMR101 - Got outbreak response
[2018-02-07T00:04:20.352] [INFO] EMR101 - Outbreaks: [
  {
    "time": "Wed Feb 07 2018 00:04:19 GMT-0700 (Mountain Standard Time)",
    "infections": 122,
    "type": 1,
    "name": "Influenza"
  }
]
[2018-02-07T00:04:20.455] [DEBUG] VectorTimestamp - {
  "1": 290,
  "2": 0,
  "3": 0,
  "10": 321,
  "11": 307,
  "12": 310,
  "13": 191,
  "101": 125,
  "102": 142,
  "103": 123,
  "104": 130,
  "105": 128,
  "106": 128,
  "107": 138
}
[2018-02-07T00:04:20.455] [DEBUG] EMR101 - Sent disease notification: Influenza (1)
[2018-02-07T00:04:21.352] [DEBUG] VectorTimestamp - {
  "1": 290,
  "2": 0,
  "3": 0,
  "10": 321,
  "11": 307,
  "12": 310,
  "13": 191,
  "101": 126,
  "102": 142,
  "103": 123,
  "104": 130,
  "105": 128,
  "106": 128,
  "107": 138
}
[2018-02-07T00:04:21.352] [DEBUG] EMR101 - Sent outbreak request
[2018-02-07T00:04:21.353] [DEBUG] VectorTimestamp - {
  "1": 300,
  "2": 0,
  "3": 0,
  "10": 329,
  "11": 315,
  "12": 317,
  "13": 196,
  "101": 127,
  "102": 145,
  "103": 126,
  "104": 133,
  "105": 131,
  "106": 130,
  "107": 141
}
[2018-02-07T00:04:21.353] [DEBUG] EMR101 - Got outbreak response
[2018-02-07T00:04:21.353] [INFO] EMR101 - Outbreaks: [
  {
    "time": "Wed Feb 07 2018 00:04:19 GMT-0700 (Mountain Standard Time)",
    "infections": 122,
    "type": 1,
    "name": "Influenza"
  },
  {
    "time": "Wed Feb 07 2018 00:04:21 GMT-0700 (Mountain Standard Time)",
    "infections": 121,
    "type": 1,
    "name": "Influenza"
  }
]
[2018-02-07T00:04:21.458] [DEBUG] VectorTimestamp - {
  "1": 300,
  "2": 0,
  "3": 0,
  "10": 329,
  "11": 315,
  "12": 317,
  "13": 196,
  "101": 128,
  "102": 145,
  "103": 126,
  "104": 133,
  "105": 131,
  "106": 130,
  "107": 141
}
[2018-02-07T00:04:21.458] [DEBUG] EMR101 - Sent disease notification: Influenza (1)
[2018-02-07T00:04:22.060] [DEBUG] VectorTimestamp - {
  "1": 300,
  "2": 0,
  "3": 0,
  "10": 329,
  "11": 315,
  "12": 317,
  "13": 196,
  "101": 129,
  "102": 145,
  "103": 126,
  "104": 133,
  "105": 131,
  "106": 130,
  "107": 141
}
[2018-02-07T00:04:22.060] [DEBUG] EMR101 - Sent disease notification: Influenza (1)
[2018-02-07T00:04:22.160] [DEBUG] VectorTimestamp - {
  "1": 300,
  "2": 0,
  "3": 0,
  "10": 329,
  "11": 315,
  "12": 317,
  "13": 196,
  "101": 130,
  "102": 145,
  "103": 126,
  "104": 133,
  "105": 131,
  "106": 130,
  "107": 141
}
[2018-02-07T00:04:22.163] [DEBUG] EMR101 - Sent disease notification: Influenza (1)
[2018-02-07T00:04:22.352] [DEBUG] VectorTimestamp - {
  "1": 300,
  "2": 0,
  "3": 0,
  "10": 329,
  "11": 315,
  "12": 317,
  "13": 196,
  "101": 131,
  "102": 145,
  "103": 126,
  "104": 133,
  "105": 131,
  "106": 130,
  "107": 141
}
[2018-02-07T00:04:22.352] [DEBUG] EMR101 - Sent outbreak request
[2018-02-07T00:04:22.354] [DEBUG] VectorTimestamp - {
  "1": 300,
  "2": 0,
  "3": 0,
  "10": 337,
  "11": 315,
  "12": 317,
  "13": 196,
  "101": 132,
  "102": 147,
  "103": 126,
  "104": 133,
  "105": 131,
  "106": 130,
  "107": 141
}
[2018-02-07T00:04:22.354] [DEBUG] EMR101 - Got outbreak response
[2018-02-07T00:04:22.354] [INFO] EMR101 - Outbreaks: [
  {
    "time": "Wed Feb 07 2018 00:04:19 GMT-0700 (Mountain Standard Time)",
    "infections": 122,
    "type": 1,
    "name": "Influenza"
  },
  {
    "time": "Wed Feb 07 2018 00:04:21 GMT-0700 (Mountain Standard Time)",
    "infections": 121,
    "type": 1,
    "name": "Influenza"
  }
]
[2018-02-07T00:04:23.354] [DEBUG] VectorTimestamp - {
  "1": 300,
  "2": 0,
  "3": 0,
  "10": 337,
  "11": 315,
  "12": 317,
  "13": 196,
  "101": 133,
  "102": 147,
  "103": 126,
  "104": 133,
  "105": 131,
  "106": 130,
  "107": 141
}
[2018-02-07T00:04:23.354] [DEBUG] EMR101 - Sent outbreak request
[2018-02-07T00:04:23.355] [DEBUG] VectorTimestamp - {
  "1": 300,
  "2": 0,
  "3": 0,
  "10": 344,
  "11": 315,
  "12": 317,
  "13": 196,
  "101": 134,
  "102": 151,
  "103": 126,
  "104": 133,
  "105": 131,
  "106": 130,
  "107": 141
}
[2018-02-07T00:04:23.356] [DEBUG] EMR101 - Got outbreak response
[2018-02-07T00:04:23.356] [INFO] EMR101 - Outbreaks: [
  {
    "time": "Wed Feb 07 2018 00:04:19 GMT-0700 (Mountain Standard Time)",
    "infections": 122,
    "type": 1,
    "name": "Influenza"
  },
  {
    "time": "Wed Feb 07 2018 00:04:21 GMT-0700 (Mountain Standard Time)",
    "infections": 121,
    "type": 1,
    "name": "Influenza"
  }
]
[2018-02-07T00:04:24.269] [DEBUG] VectorTimestamp - {
  "1": 300,
  "2": 0,
  "3": 0,
  "10": 344,
  "11": 315,
  "12": 317,
  "13": 196,
  "101": 135,
  "102": 151,
  "103": 126,
  "104": 133,
  "105": 131,
  "106": 130,
  "107": 141
}
[2018-02-07T00:04:24.269] [DEBUG] EMR101 - Sent disease notification: Influenza (1)
[2018-02-07T00:04:24.355] [DEBUG] VectorTimestamp - {
  "1": 300,
  "2": 0,
  "3": 0,
  "10": 344,
  "11": 315,
  "12": 317,
  "13": 196,
  "101": 136,
  "102": 151,
  "103": 126,
  "104": 133,
  "105": 131,
  "106": 130,
  "107": 141
}
[2018-02-07T00:04:24.355] [DEBUG] EMR101 - Sent outbreak request
[2018-02-07T00:04:24.358] [DEBUG] VectorTimestamp - {
  "1": 300,
  "2": 0,
  "3": 0,
  "10": 350,
  "11": 315,
  "12": 317,
  "13": 196,
  "101": 137,
  "102": 153,
  "103": 126,
  "104": 133,
  "105": 131,
  "106": 130,
  "107": 141
}
[2018-02-07T00:04:24.358] [DEBUG] EMR101 - Got outbreak response
[2018-02-07T00:04:24.358] [INFO] EMR101 - Outbreaks: [
  {
    "time": "Wed Feb 07 2018 00:04:19 GMT-0700 (Mountain Standard Time)",
    "infections": 122,
    "type": 1,
    "name": "Influenza"
  },
  {
    "time": "Wed Feb 07 2018 00:04:21 GMT-0700 (Mountain Standard Time)",
    "infections": 121,
    "type": 1,
    "name": "Influenza"
  }
]
[2018-02-07T00:04:24.670] [DEBUG] VectorTimestamp - {
  "1": 300,
  "2": 0,
  "3": 0,
  "10": 350,
  "11": 315,
  "12": 317,
  "13": 196,
  "101": 138,
  "102": 153,
  "103": 126,
  "104": 133,
  "105": 131,
  "106": 130,
  "107": 141
}
[2018-02-07T00:04:24.670] [DEBUG] EMR101 - Sent disease notification: Influenza (1)
[2018-02-07T00:04:25.171] [DEBUG] VectorTimestamp - {
  "1": 300,
  "2": 0,
  "3": 0,
  "10": 350,
  "11": 315,
  "12": 317,
  "13": 196,
  "101": 139,
  "102": 153,
  "103": 126,
  "104": 133,
  "105": 131,
  "106": 130,
  "107": 141
}
[2018-02-07T00:04:25.171] [DEBUG] EMR101 - Sent disease notification: Influenza (1)
[2018-02-07T00:04:25.355] [DEBUG] VectorTimestamp - {
  "1": 300,
  "2": 0,
  "3": 0,
  "10": 350,
  "11": 315,
  "12": 317,
  "13": 196,
  "101": 140,
  "102": 153,
  "103": 126,
  "104": 133,
  "105": 131,
  "106": 130,
  "107": 141
}
[2018-02-07T00:04:25.355] [DEBUG] EMR101 - Sent outbreak request
[2018-02-07T00:04:25.356] [DEBUG] VectorTimestamp - {
  "1": 300,
  "2": 0,
  "3": 0,
  "10": 357,
  "11": 315,
  "12": 317,
  "13": 196,
  "101": 141,
  "102": 155,
  "103": 126,
  "104": 133,
  "105": 131,
  "106": 130,
  "107": 141
}
[2018-02-07T00:04:25.356] [DEBUG] EMR101 - Got outbreak response
[2018-02-07T00:04:25.357] [INFO] EMR101 - Outbreaks: [
  {
    "time": "Wed Feb 07 2018 00:04:19 GMT-0700 (Mountain Standard Time)",
    "infections": 122,
    "type": 1,
    "name": "Influenza"
  },
  {
    "time": "Wed Feb 07 2018 00:04:21 GMT-0700 (Mountain Standard Time)",
    "infections": 121,
    "type": 1,
    "name": "Influenza"
  }
]
[2018-02-07T00:04:26.357] [DEBUG] VectorTimestamp - {
  "1": 300,
  "2": 0,
  "3": 0,
  "10": 357,
  "11": 315,
  "12": 317,
  "13": 196,
  "101": 142,
  "102": 155,
  "103": 126,
  "104": 133,
  "105": 131,
  "106": 130,
  "107": 141
}
[2018-02-07T00:04:26.357] [DEBUG] EMR101 - Sent outbreak request
[2018-02-07T00:04:26.358] [DEBUG] VectorTimestamp - {
  "1": 300,
  "2": 0,
  "3": 0,
  "10": 362,
  "11": 315,
  "12": 317,
  "13": 196,
  "101": 143,
  "102": 157,
  "103": 126,
  "104": 133,
  "105": 131,
  "106": 130,
  "107": 141
}
[2018-02-07T00:04:26.358] [DEBUG] EMR101 - Got outbreak response
[2018-02-07T00:04:26.358] [INFO] EMR101 - Outbreaks: [
  {
    "time": "Wed Feb 07 2018 00:04:19 GMT-0700 (Mountain Standard Time)",
    "infections": 122,
    "type": 1,
    "name": "Influenza"
  },
  {
    "time": "Wed Feb 07 2018 00:04:21 GMT-0700 (Mountain Standard Time)",
    "infections": 121,
    "type": 1,
    "name": "Influenza"
  }
]
[2018-02-07T00:04:27.358] [DEBUG] VectorTimestamp - {
  "1": 300,
  "2": 0,
  "3": 0,
  "10": 362,
  "11": 315,
  "12": 317,
  "13": 196,
  "101": 144,
  "102": 157,
  "103": 126,
  "104": 133,
  "105": 131,
  "106": 130,
  "107": 141
}
[2018-02-07T00:04:27.358] [DEBUG] EMR101 - Sent outbreak request
[2018-02-07T00:04:27.359] [DEBUG] VectorTimestamp - {
  "1": 300,
  "2": 0,
  "3": 0,
  "10": 367,
  "11": 315,
  "12": 317,
  "13": 196,
  "101": 145,
  "102": 159,
  "103": 126,
  "104": 133,
  "105": 131,
  "106": 130,
  "107": 141
}
[2018-02-07T00:04:27.359] [DEBUG] EMR101 - Got outbreak response
[2018-02-07T00:04:27.359] [INFO] EMR101 - Outbreaks: [
  {
    "time": "Wed Feb 07 2018 00:04:19 GMT-0700 (Mountain Standard Time)",
    "infections": 122,
    "type": 1,
    "name": "Influenza"
  },
  {
    "time": "Wed Feb 07 2018 00:04:21 GMT-0700 (Mountain Standard Time)",
    "infections": 121,
    "type": 1,
    "name": "Influenza"
  }
]
[2018-02-07T00:04:27.977] [DEBUG] VectorTimestamp - {
  "1": 300,
  "2": 0,
  "3": 0,
  "10": 367,
  "11": 315,
  "12": 317,
  "13": 196,
  "101": 146,
  "102": 159,
  "103": 126,
  "104": 133,
  "105": 131,
  "106": 130,
  "107": 141
}
[2018-02-07T00:04:27.977] [DEBUG] EMR101 - Sent disease notification: Influenza (1)
[2018-02-07T00:04:28.358] [DEBUG] VectorTimestamp - {
  "1": 300,
  "2": 0,
  "3": 0,
  "10": 367,
  "11": 315,
  "12": 317,
  "13": 196,
  "101": 147,
  "102": 159,
  "103": 126,
  "104": 133,
  "105": 131,
  "106": 130,
  "107": 141
}
[2018-02-07T00:04:28.358] [DEBUG] EMR101 - Sent outbreak request
[2018-02-07T00:04:28.359] [DEBUG] VectorTimestamp - {
  "1": 300,
  "2": 0,
  "3": 0,
  "10": 375,
  "11": 315,
  "12": 317,
  "13": 196,
  "101": 148,
  "102": 163,
  "103": 126,
  "104": 133,
  "105": 131,
  "106": 130,
  "107": 141
}
[2018-02-07T00:04:28.359] [DEBUG] EMR101 - Got outbreak response
[2018-02-07T00:04:28.359] [INFO] EMR101 - Outbreaks: [
  {
    "time": "Wed Feb 07 2018 00:04:19 GMT-0700 (Mountain Standard Time)",
    "infections": 122,
    "type": 1,
    "name": "Influenza"
  },
  {
    "time": "Wed Feb 07 2018 00:04:21 GMT-0700 (Mountain Standard Time)",
    "infections": 121,
    "type": 1,
    "name": "Influenza"
  }
]
[2018-02-07T00:04:29.359] [DEBUG] VectorTimestamp - {
  "1": 300,
  "2": 0,
  "3": 0,
  "10": 375,
  "11": 315,
  "12": 317,
  "13": 196,
  "101": 149,
  "102": 163,
  "103": 126,
  "104": 133,
  "105": 131,
  "106": 130,
  "107": 141
}
[2018-02-07T00:04:29.359] [DEBUG] EMR101 - Sent outbreak request
[2018-02-07T00:04:29.360] [DEBUG] VectorTimestamp - {
  "1": 300,
  "2": 0,
  "3": 0,
  "10": 380,
  "11": 315,
  "12": 317,
  "13": 196,
  "101": 150,
  "102": 165,
  "103": 126,
  "104": 133,
  "105": 131,
  "106": 130,
  "107": 141
}
[2018-02-07T00:04:29.361] [DEBUG] EMR101 - Got outbreak response
[2018-02-07T00:04:29.361] [INFO] EMR101 - Outbreaks: [
  {
    "time": "Wed Feb 07 2018 00:04:19 GMT-0700 (Mountain Standard Time)",
    "infections": 122,
    "type": 1,
    "name": "Influenza"
  },
  {
    "time": "Wed Feb 07 2018 00:04:21 GMT-0700 (Mountain Standard Time)",
    "infections": 121,
    "type": 1,
    "name": "Influenza"
  }
]
[2018-02-07T00:04:30.360] [DEBUG] VectorTimestamp - {
  "1": 300,
  "2": 0,
  "3": 0,
  "10": 380,
  "11": 315,
  "12": 317,
  "13": 196,
  "101": 151,
  "102": 165,
  "103": 126,
  "104": 133,
  "105": 131,
  "106": 130,
  "107": 141
}
[2018-02-07T00:04:30.360] [DEBUG] EMR101 - Sent outbreak request
[2018-02-07T00:04:30.361] [DEBUG] VectorTimestamp - {
  "1": 300,
  "2": 0,
  "3": 0,
  "10": 385,
  "11": 315,
  "12": 317,
  "13": 196,
  "101": 152,
  "102": 167,
  "103": 126,
  "104": 133,
  "105": 131,
  "106": 130,
  "107": 141
}
[2018-02-07T00:04:30.361] [DEBUG] EMR101 - Got outbreak response
[2018-02-07T00:04:30.361] [INFO] EMR101 - Outbreaks: [
  {
    "time": "Wed Feb 07 2018 00:04:19 GMT-0700 (Mountain Standard Time)",
    "infections": 122,
    "type": 1,
    "name": "Influenza"
  },
  {
    "time": "Wed Feb 07 2018 00:04:21 GMT-0700 (Mountain Standard Time)",
    "infections": 121,
    "type": 1,
    "name": "Influenza"
  }
]
[2018-02-07T00:04:31.360] [DEBUG] VectorTimestamp - {
  "1": 300,
  "2": 0,
  "3": 0,
  "10": 385,
  "11": 315,
  "12": 317,
  "13": 196,
  "101": 153,
  "102": 167,
  "103": 126,
  "104": 133,
  "105": 131,
  "106": 130,
  "107": 141
}
[2018-02-07T00:04:31.360] [DEBUG] EMR101 - Sent outbreak request
[2018-02-07T00:04:31.361] [DEBUG] VectorTimestamp - {
  "1": 300,
  "2": 0,
  "3": 0,
  "10": 390,
  "11": 315,
  "12": 317,
  "13": 196,
  "101": 154,
  "102": 169,
  "103": 126,
  "104": 133,
  "105": 131,
  "106": 130,
  "107": 141
}
[2018-02-07T00:04:31.361] [DEBUG] EMR101 - Got outbreak response
[2018-02-07T00:04:31.361] [INFO] EMR101 - Outbreaks: [
  {
    "time": "Wed Feb 07 2018 00:04:19 GMT-0700 (Mountain Standard Time)",
    "infections": 122,
    "type": 1,
    "name": "Influenza"
  },
  {
    "time": "Wed Feb 07 2018 00:04:21 GMT-0700 (Mountain Standard Time)",
    "infections": 121,
    "type": 1,
    "name": "Influenza"
  }
]
[2018-02-07T00:04:32.087] [DEBUG] VectorTimestamp - {
  "1": 300,
  "2": 0,
  "3": 0,
  "10": 390,
  "11": 315,
  "12": 317,
  "13": 196,
  "101": 155,
  "102": 169,
  "103": 126,
  "104": 133,
  "105": 131,
  "106": 130,
  "107": 141
}
[2018-02-07T00:04:32.087] [DEBUG] EMR101 - Sent disease notification: Influenza (1)
[2018-02-07T00:04:32.288] [DEBUG] VectorTimestamp - {
  "1": 300,
  "2": 0,
  "3": 0,
  "10": 390,
  "11": 315,
  "12": 317,
  "13": 196,
  "101": 156,
  "102": 169,
  "103": 126,
  "104": 133,
  "105": 131,
  "106": 130,
  "107": 141
}
[2018-02-07T00:04:32.288] [DEBUG] EMR101 - Sent disease notification: Influenza (1)
[2018-02-07T00:04:32.361] [DEBUG] VectorTimestamp - {
  "1": 300,
  "2": 0,
  "3": 0,
  "10": 390,
  "11": 315,
  "12": 317,
  "13": 196,
  "101": 157,
  "102": 169,
  "103": 126,
  "104": 133,
  "105": 131,
  "106": 130,
  "107": 141
}
[2018-02-07T00:04:32.361] [DEBUG] EMR101 - Sent outbreak request
[2018-02-07T00:04:32.362] [DEBUG] VectorTimestamp - {
  "1": 300,
  "2": 0,
  "3": 0,
  "10": 398,
  "11": 315,
  "12": 317,
  "13": 196,
  "101": 158,
  "102": 172,
  "103": 126,
  "104": 133,
  "105": 131,
  "106": 130,
  "107": 141
}
[2018-02-07T00:04:32.362] [DEBUG] EMR101 - Got outbreak response
[2018-02-07T00:04:32.362] [INFO] EMR101 - Outbreaks: [
  {
    "time": "Wed Feb 07 2018 00:04:19 GMT-0700 (Mountain Standard Time)",
    "infections": 122,
    "type": 1,
    "name": "Influenza"
  },
  {
    "time": "Wed Feb 07 2018 00:04:21 GMT-0700 (Mountain Standard Time)",
    "infections": 121,
    "type": 1,
    "name": "Influenza"
  }
]
[2018-02-07T00:04:33.362] [DEBUG] VectorTimestamp - {
  "1": 300,
  "2": 0,
  "3": 0,
  "10": 398,
  "11": 315,
  "12": 317,
  "13": 196,
  "101": 159,
  "102": 172,
  "103": 126,
  "104": 133,
  "105": 131,
  "106": 130,
  "107": 141
}
[2018-02-07T00:04:33.362] [DEBUG] EMR101 - Sent outbreak request
[2018-02-07T00:04:33.364] [DEBUG] VectorTimestamp - {
  "1": 300,
  "2": 0,
  "3": 0,
  "10": 403,
  "11": 315,
  "12": 317,
  "13": 196,
  "101": 160,
  "102": 174,
  "103": 126,
  "104": 133,
  "105": 131,
  "106": 130,
  "107": 141
}
[2018-02-07T00:04:33.364] [DEBUG] EMR101 - Got outbreak response
[2018-02-07T00:04:33.364] [INFO] EMR101 - Outbreaks: [
  {
    "time": "Wed Feb 07 2018 00:04:19 GMT-0700 (Mountain Standard Time)",
    "infections": 122,
    "type": 1,
    "name": "Influenza"
  },
  {
    "time": "Wed Feb 07 2018 00:04:21 GMT-0700 (Mountain Standard Time)",
    "infections": 121,
    "type": 1,
    "name": "Influenza"
  }
]
[2018-02-07T00:04:34.293] [DEBUG] VectorTimestamp - {
  "1": 300,
  "2": 0,
  "3": 0,
  "10": 403,
  "11": 315,
  "12": 317,
  "13": 196,
  "101": 161,
  "102": 174,
  "103": 126,
  "104": 133,
  "105": 131,
  "106": 130,
  "107": 141
}
[2018-02-07T00:04:34.293] [DEBUG] EMR101 - Sent disease notification: Influenza (1)
[2018-02-07T00:04:34.362] [DEBUG] VectorTimestamp - {
  "1": 300,
  "2": 0,
  "3": 0,
  "10": 403,
  "11": 315,
  "12": 317,
  "13": 196,
  "101": 162,
  "102": 174,
  "103": 126,
  "104": 133,
  "105": 131,
  "106": 130,
  "107": 141
}
[2018-02-07T00:04:34.362] [DEBUG] EMR101 - Sent outbreak request
[2018-02-07T00:04:34.363] [DEBUG] VectorTimestamp - {
  "1": 300,
  "2": 0,
  "3": 0,
  "10": 409,
  "11": 315,
  "12": 317,
  "13": 196,
  "101": 163,
  "102": 176,
  "103": 126,
  "104": 133,
  "105": 131,
  "106": 130,
  "107": 141
}
[2018-02-07T00:04:34.363] [DEBUG] EMR101 - Got outbreak response
[2018-02-07T00:04:34.363] [INFO] EMR101 - Outbreaks: [
  {
    "time": "Wed Feb 07 2018 00:04:19 GMT-0700 (Mountain Standard Time)",
    "infections": 122,
    "type": 1,
    "name": "Influenza"
  },
  {
    "time": "Wed Feb 07 2018 00:04:21 GMT-0700 (Mountain Standard Time)",
    "infections": 121,
    "type": 1,
    "name": "Influenza"
  }
]
[2018-02-07T00:04:34.795] [DEBUG] VectorTimestamp - {
  "1": 300,
  "2": 0,
  "3": 0,
  "10": 409,
  "11": 315,
  "12": 317,
  "13": 196,
  "101": 164,
  "102": 176,
  "103": 126,
  "104": 133,
  "105": 131,
  "106": 130,
  "107": 141
}
[2018-02-07T00:04:34.795] [DEBUG] EMR101 - Sent disease notification: Influenza (1)
[2018-02-07T00:04:35.363] [DEBUG] VectorTimestamp - {
  "1": 300,
  "2": 0,
  "3": 0,
  "10": 409,
  "11": 315,
  "12": 317,
  "13": 196,
  "101": 165,
  "102": 176,
  "103": 126,
  "104": 133,
  "105": 131,
  "106": 130,
  "107": 141
}
[2018-02-07T00:04:35.363] [DEBUG] EMR101 - Sent outbreak request
[2018-02-07T00:04:35.364] [DEBUG] VectorTimestamp - {
  "1": 300,
  "2": 0,
  "3": 0,
  "10": 417,
  "11": 315,
  "12": 317,
  "13": 196,
  "101": 166,
  "102": 180,
  "103": 126,
  "104": 133,
  "105": 131,
  "106": 130,
  "107": 141
}
[2018-02-07T00:04:35.364] [DEBUG] EMR101 - Got outbreak response
[2018-02-07T00:04:35.364] [INFO] EMR101 - Outbreaks: [
  {
    "time": "Wed Feb 07 2018 00:04:19 GMT-0700 (Mountain Standard Time)",
    "infections": 122,
    "type": 1,
    "name": "Influenza"
  },
  {
    "time": "Wed Feb 07 2018 00:04:21 GMT-0700 (Mountain Standard Time)",
    "infections": 121,
    "type": 1,
    "name": "Influenza"
  }
]
[2018-02-07T00:04:36.364] [DEBUG] VectorTimestamp - {
  "1": 300,
  "2": 0,
  "3": 0,
  "10": 417,
  "11": 315,
  "12": 317,
  "13": 196,
  "101": 167,
  "102": 180,
  "103": 126,
  "104": 133,
  "105": 131,
  "106": 130,
  "107": 141
}
[2018-02-07T00:04:36.364] [DEBUG] EMR101 - Sent outbreak request
[2018-02-07T00:04:36.365] [DEBUG] VectorTimestamp - {
  "1": 300,
  "2": 0,
  "3": 0,
  "10": 422,
  "11": 315,
  "12": 317,
  "13": 196,
  "101": 168,
  "102": 182,
  "103": 126,
  "104": 133,
  "105": 131,
  "106": 130,
  "107": 141
}
[2018-02-07T00:04:36.365] [DEBUG] EMR101 - Got outbreak response
[2018-02-07T00:04:36.365] [INFO] EMR101 - Outbreaks: [
  {
    "time": "Wed Feb 07 2018 00:04:19 GMT-0700 (Mountain Standard Time)",
    "infections": 122,
    "type": 1,
    "name": "Influenza"
  },
  {
    "time": "Wed Feb 07 2018 00:04:21 GMT-0700 (Mountain Standard Time)",
    "infections": 121,
    "type": 1,
    "name": "Influenza"
  }
]
[2018-02-07T00:04:36.399] [DEBUG] VectorTimestamp - {
  "1": 300,
  "2": 0,
  "3": 0,
  "10": 422,
  "11": 315,
  "12": 317,
  "13": 196,
  "101": 169,
  "102": 182,
  "103": 126,
  "104": 133,
  "105": 131,
  "106": 130,
  "107": 141
}
[2018-02-07T00:04:36.399] [DEBUG] EMR101 - Sent disease notification: Influenza (1)
[2018-02-07T00:04:37.364] [DEBUG] VectorTimestamp - {
  "1": 300,
  "2": 0,
  "3": 0,
  "10": 422,
  "11": 315,
  "12": 317,
  "13": 196,
  "101": 170,
  "102": 182,
  "103": 126,
  "104": 133,
  "105": 131,
  "106": 130,
  "107": 141
}
[2018-02-07T00:04:37.364] [DEBUG] EMR101 - Sent outbreak request
[2018-02-07T00:04:37.365] [DEBUG] VectorTimestamp - {
  "1": 300,
  "2": 0,
  "3": 0,
  "10": 429,
  "11": 315,
  "12": 317,
  "13": 196,
  "101": 171,
  "102": 185,
  "103": 126,
  "104": 133,
  "105": 131,
  "106": 130,
  "107": 141
}
[2018-02-07T00:04:37.365] [DEBUG] EMR101 - Got outbreak response
[2018-02-07T00:04:37.365] [INFO] EMR101 - Outbreaks: [
  {
    "time": "Wed Feb 07 2018 00:04:19 GMT-0700 (Mountain Standard Time)",
    "infections": 122,
    "type": 1,
    "name": "Influenza"
  },
  {
    "time": "Wed Feb 07 2018 00:04:21 GMT-0700 (Mountain Standard Time)",
    "infections": 121,
    "type": 1,
    "name": "Influenza"
  }
]
[2018-02-07T00:04:37.602] [DEBUG] VectorTimestamp - {
  "1": 300,
  "2": 0,
  "3": 0,
  "10": 429,
  "11": 315,
  "12": 317,
  "13": 196,
  "101": 172,
  "102": 185,
  "103": 126,
  "104": 133,
  "105": 131,
  "106": 130,
  "107": 141
}
[2018-02-07T00:04:37.602] [DEBUG] EMR101 - Sent disease notification: Influenza (1)
[2018-02-07T00:04:38.365] [DEBUG] VectorTimestamp - {
  "1": 300,
  "2": 0,
  "3": 0,
  "10": 429,
  "11": 315,
  "12": 317,
  "13": 196,
  "101": 173,
  "102": 185,
  "103": 126,
  "104": 133,
  "105": 131,
  "106": 130,
  "107": 141
}
[2018-02-07T00:04:38.365] [DEBUG] EMR101 - Sent outbreak request
[2018-02-07T00:04:38.366] [DEBUG] VectorTimestamp - {
  "1": 300,
  "2": 0,
  "3": 0,
  "10": 435,
  "11": 315,
  "12": 317,
  "13": 196,
  "101": 174,
  "102": 187,
  "103": 126,
  "104": 133,
  "105": 131,
  "106": 130,
  "107": 141
}
[2018-02-07T00:04:38.366] [DEBUG] EMR101 - Got outbreak response
[2018-02-07T00:04:38.366] [INFO] EMR101 - Outbreaks: [
  {
    "time": "Wed Feb 07 2018 00:04:19 GMT-0700 (Mountain Standard Time)",
    "infections": 122,
    "type": 1,
    "name": "Influenza"
  },
  {
    "time": "Wed Feb 07 2018 00:04:21 GMT-0700 (Mountain Standard Time)",
    "infections": 121,
    "type": 1,
    "name": "Influenza"
  }
]
[2018-02-07T00:04:38.705] [DEBUG] VectorTimestamp - {
  "1": 300,
  "2": 0,
  "3": 0,
  "10": 435,
  "11": 315,
  "12": 317,
  "13": 196,
  "101": 175,
  "102": 187,
  "103": 126,
  "104": 133,
  "105": 131,
  "106": 130,
  "107": 141
}
[2018-02-07T00:04:38.705] [DEBUG] EMR101 - Sent disease notification: Influenza (1)
[2018-02-07T00:04:39.106] [DEBUG] VectorTimestamp - {
  "1": 300,
  "2": 0,
  "3": 0,
  "10": 435,
  "11": 315,
  "12": 317,
  "13": 196,
  "101": 176,
  "102": 187,
  "103": 126,
  "104": 133,
  "105": 131,
  "106": 130,
  "107": 141
}
[2018-02-07T00:04:39.106] [DEBUG] EMR101 - Sent disease notification: Influenza (1)
[2018-02-07T00:04:39.366] [DEBUG] VectorTimestamp - {
  "1": 300,
  "2": 0,
  "3": 0,
  "10": 435,
  "11": 315,
  "12": 317,
  "13": 196,
  "101": 177,
  "102": 187,
  "103": 126,
  "104": 133,
  "105": 131,
  "106": 130,
  "107": 141
}
[2018-02-07T00:04:39.366] [DEBUG] EMR101 - Sent outbreak request
[2018-02-07T00:04:39.367] [DEBUG] VectorTimestamp - {
  "1": 412,
  "2": 0,
  "3": 0,
  "10": 443,
  "11": 435,
  "12": 428,
  "13": 263,
  "101": 178,
  "102": 189,
  "103": 176,
  "104": 183,
  "105": 177,
  "106": 177,
  "107": 189
}
[2018-02-07T00:04:39.368] [DEBUG] EMR101 - Got outbreak response
[2018-02-07T00:04:39.368] [INFO] EMR101 - Outbreaks: [
  {
    "time": "Wed Feb 07 2018 00:04:19 GMT-0700 (Mountain Standard Time)",
    "infections": 122,
    "type": 1,
    "name": "Influenza"
  },
  {
    "time": "Wed Feb 07 2018 00:04:21 GMT-0700 (Mountain Standard Time)",
    "infections": 121,
    "type": 1,
    "name": "Influenza"
  },
  {
    "time": "Wed Feb 07 2018 00:04:39 GMT-0700 (Mountain Standard Time)",
    "infections": 121,
    "type": 1,
    "name": "Influenza"
  }
]
[2018-02-07T00:04:40.366] [DEBUG] VectorTimestamp - {
  "1": 412,
  "2": 0,
  "3": 0,
  "10": 443,
  "11": 435,
  "12": 428,
  "13": 263,
  "101": 179,
  "102": 189,
  "103": 176,
  "104": 183,
  "105": 177,
  "106": 177,
  "107": 189
}
[2018-02-07T00:04:40.366] [DEBUG] EMR101 - Sent outbreak request
[2018-02-07T00:04:40.367] [DEBUG] VectorTimestamp - {
  "1": 412,
  "2": 0,
  "3": 0,
  "10": 448,
  "11": 435,
  "12": 428,
  "13": 263,
  "101": 180,
  "102": 191,
  "103": 176,
  "104": 183,
  "105": 177,
  "106": 177,
  "107": 189
}
[2018-02-07T00:04:40.367] [DEBUG] EMR101 - Got outbreak response
[2018-02-07T00:04:40.367] [INFO] EMR101 - Outbreaks: [
  {
    "time": "Wed Feb 07 2018 00:04:19 GMT-0700 (Mountain Standard Time)",
    "infections": 122,
    "type": 1,
    "name": "Influenza"
  },
  {
    "time": "Wed Feb 07 2018 00:04:21 GMT-0700 (Mountain Standard Time)",
    "infections": 121,
    "type": 1,
    "name": "Influenza"
  },
  {
    "time": "Wed Feb 07 2018 00:04:39 GMT-0700 (Mountain Standard Time)",
    "infections": 121,
    "type": 1,
    "name": "Influenza"
  }
]
[2018-02-07T00:04:41.368] [DEBUG] VectorTimestamp - {
  "1": 412,
  "2": 0,
  "3": 0,
  "10": 448,
  "11": 435,
  "12": 428,
  "13": 263,
  "101": 181,
  "102": 191,
  "103": 176,
  "104": 183,
  "105": 177,
  "106": 177,
  "107": 189
}
[2018-02-07T00:04:41.368] [DEBUG] EMR101 - Sent outbreak request
[2018-02-07T00:04:41.369] [DEBUG] VectorTimestamp - {
  "1": 412,
  "2": 0,
  "3": 0,
  "10": 453,
  "11": 435,
  "12": 428,
  "13": 263,
  "101": 182,
  "102": 193,
  "103": 176,
  "104": 183,
  "105": 177,
  "106": 177,
  "107": 189
}
[2018-02-07T00:04:41.369] [DEBUG] EMR101 - Got outbreak response
[2018-02-07T00:04:41.369] [INFO] EMR101 - Outbreaks: [
  {
    "time": "Wed Feb 07 2018 00:04:19 GMT-0700 (Mountain Standard Time)",
    "infections": 122,
    "type": 1,
    "name": "Influenza"
  },
  {
    "time": "Wed Feb 07 2018 00:04:21 GMT-0700 (Mountain Standard Time)",
    "infections": 121,
    "type": 1,
    "name": "Influenza"
  },
  {
    "time": "Wed Feb 07 2018 00:04:39 GMT-0700 (Mountain Standard Time)",
    "infections": 121,
    "type": 1,
    "name": "Influenza"
  }
]
[2018-02-07T00:04:42.014] [DEBUG] VectorTimestamp - {
  "1": 412,
  "2": 0,
  "3": 0,
  "10": 453,
  "11": 435,
  "12": 428,
  "13": 263,
  "101": 183,
  "102": 193,
  "103": 176,
  "104": 183,
  "105": 177,
  "106": 177,
  "107": 189
}
[2018-02-07T00:04:42.014] [DEBUG] EMR101 - Sent disease notification: Influenza (1)
[2018-02-07T00:04:42.369] [DEBUG] VectorTimestamp - {
  "1": 412,
  "2": 0,
  "3": 0,
  "10": 453,
  "11": 435,
  "12": 428,
  "13": 263,
  "101": 184,
  "102": 193,
  "103": 176,
  "104": 183,
  "105": 177,
  "106": 177,
  "107": 189
}
[2018-02-07T00:04:42.369] [DEBUG] EMR101 - Sent outbreak request
[2018-02-07T00:04:42.370] [DEBUG] VectorTimestamp - {
  "1": 412,
  "2": 0,
  "3": 0,
  "10": 461,
  "11": 435,
  "12": 428,
  "13": 263,
  "101": 185,
  "102": 197,
  "103": 176,
  "104": 183,
  "105": 177,
  "106": 177,
  "107": 189
}
[2018-02-07T00:04:42.370] [DEBUG] EMR101 - Got outbreak response
[2018-02-07T00:04:42.370] [INFO] EMR101 - Outbreaks: [
  {
    "time": "Wed Feb 07 2018 00:04:19 GMT-0700 (Mountain Standard Time)",
    "infections": 122,
    "type": 1,
    "name": "Influenza"
  },
  {
    "time": "Wed Feb 07 2018 00:04:21 GMT-0700 (Mountain Standard Time)",
    "infections": 121,
    "type": 1,
    "name": "Influenza"
  },
  {
    "time": "Wed Feb 07 2018 00:04:39 GMT-0700 (Mountain Standard Time)",
    "infections": 121,
    "type": 1,
    "name": "Influenza"
  }
]
[2018-02-07T00:04:43.369] [DEBUG] VectorTimestamp - {
  "1": 412,
  "2": 0,
  "3": 0,
  "10": 461,
  "11": 435,
  "12": 428,
  "13": 263,
  "101": 186,
  "102": 197,
  "103": 176,
  "104": 183,
  "105": 177,
  "106": 177,
  "107": 189
}
[2018-02-07T00:04:43.369] [DEBUG] EMR101 - Sent outbreak request
[2018-02-07T00:04:43.370] [DEBUG] VectorTimestamp - {
  "1": 412,
  "2": 0,
  "3": 0,
  "10": 466,
  "11": 435,
  "12": 428,
  "13": 263,
  "101": 187,
  "102": 199,
  "103": 176,
  "104": 183,
  "105": 177,
  "106": 177,
  "107": 189
}
[2018-02-07T00:04:43.370] [DEBUG] EMR101 - Got outbreak response
[2018-02-07T00:04:43.370] [INFO] EMR101 - Outbreaks: [
  {
    "time": "Wed Feb 07 2018 00:04:21 GMT-0700 (Mountain Standard Time)",
    "infections": 121,
    "type": 1,
    "name": "Influenza"
  },
  {
    "time": "Wed Feb 07 2018 00:04:39 GMT-0700 (Mountain Standard Time)",
    "infections": 121,
    "type": 1,
    "name": "Influenza"
  }
]
[2018-02-07T00:04:43.919] [DEBUG] VectorTimestamp - {
  "1": 412,
  "2": 0,
  "3": 0,
  "10": 466,
  "11": 435,
  "12": 428,
  "13": 263,
  "101": 188,
  "102": 199,
  "103": 176,
  "104": 183,
  "105": 177,
  "106": 177,
  "107": 189
}
[2018-02-07T00:04:43.919] [DEBUG] EMR101 - Sent disease notification: Influenza (1)
[2018-02-07T00:04:44.370] [DEBUG] VectorTimestamp - {
  "1": 412,
  "2": 0,
  "3": 0,
  "10": 466,
  "11": 435,
  "12": 428,
  "13": 263,
  "101": 189,
  "102": 199,
  "103": 176,
  "104": 183,
  "105": 177,
  "106": 177,
  "107": 189
}
[2018-02-07T00:04:44.370] [DEBUG] EMR101 - Sent outbreak request
[2018-02-07T00:04:44.371] [DEBUG] VectorTimestamp - {
  "1": 412,
  "2": 0,
  "3": 0,
  "10": 472,
  "11": 435,
  "12": 428,
  "13": 263,
  "101": 190,
  "102": 201,
  "103": 176,
  "104": 183,
  "105": 177,
  "106": 177,
  "107": 189
}
[2018-02-07T00:04:44.371] [DEBUG] EMR101 - Got outbreak response
[2018-02-07T00:04:44.371] [INFO] EMR101 - Outbreaks: [
  {
    "time": "Wed Feb 07 2018 00:04:21 GMT-0700 (Mountain Standard Time)",
    "infections": 121,
    "type": 1,
    "name": "Influenza"
  },
  {
    "time": "Wed Feb 07 2018 00:04:39 GMT-0700 (Mountain Standard Time)",
    "infections": 121,
    "type": 1,
    "name": "Influenza"
  }
]
[2018-02-07T00:04:44.420] [DEBUG] VectorTimestamp - {
  "1": 412,
  "2": 0,
  "3": 0,
  "10": 472,
  "11": 435,
  "12": 428,
  "13": 263,
  "101": 191,
  "102": 201,
  "103": 176,
  "104": 183,
  "105": 177,
  "106": 177,
  "107": 189
}
[2018-02-07T00:04:44.420] [DEBUG] EMR101 - Sent disease notification: Influenza (1)
[2018-02-07T00:04:45.371] [DEBUG] VectorTimestamp - {
  "1": 412,
  "2": 0,
  "3": 0,
  "10": 472,
  "11": 435,
  "12": 428,
  "13": 263,
  "101": 192,
  "102": 201,
  "103": 176,
  "104": 183,
  "105": 177,
  "106": 177,
  "107": 189
}
[2018-02-07T00:04:45.371] [DEBUG] EMR101 - Sent outbreak request
[2018-02-07T00:04:45.372] [DEBUG] VectorTimestamp - {
  "1": 412,
  "2": 0,
  "3": 0,
  "10": 478,
  "11": 435,
  "12": 428,
  "13": 263,
  "101": 193,
  "102": 203,
  "103": 176,
  "104": 183,
  "105": 177,
  "106": 177,
  "107": 189
}
[2018-02-07T00:04:45.372] [DEBUG] EMR101 - Got outbreak response
[2018-02-07T00:04:45.372] [INFO] EMR101 - Outbreaks: [
  {
    "time": "Wed Feb 07 2018 00:04:39 GMT-0700 (Mountain Standard Time)",
    "infections": 121,
    "type": 1,
    "name": "Influenza"
  }
]
[2018-02-07T00:04:46.371] [DEBUG] VectorTimestamp - {
  "1": 412,
  "2": 0,
  "3": 0,
  "10": 478,
  "11": 435,
  "12": 428,
  "13": 263,
  "101": 194,
  "102": 203,
  "103": 176,
  "104": 183,
  "105": 177,
  "106": 177,
  "107": 189
}
[2018-02-07T00:04:46.371] [DEBUG] EMR101 - Sent outbreak request
[2018-02-07T00:04:46.372] [DEBUG] VectorTimestamp - {
  "1": 412,
  "2": 0,
  "3": 0,
  "10": 483,
  "11": 435,
  "12": 428,
  "13": 263,
  "101": 195,
  "102": 205,
  "103": 176,
  "104": 183,
  "105": 177,
  "106": 177,
  "107": 189
}
[2018-02-07T00:04:46.372] [DEBUG] EMR101 - Got outbreak response
[2018-02-07T00:04:46.372] [INFO] EMR101 - Outbreaks: [
  {
    "time": "Wed Feb 07 2018 00:04:39 GMT-0700 (Mountain Standard Time)",
    "infections": 121,
    "type": 1,
    "name": "Influenza"
  }
]
[2018-02-07T00:04:47.372] [DEBUG] VectorTimestamp - {
  "1": 412,
  "2": 0,
  "3": 0,
  "10": 483,
  "11": 435,
  "12": 428,
  "13": 263,
  "101": 196,
  "102": 205,
  "103": 176,
  "104": 183,
  "105": 177,
  "106": 177,
  "107": 189
}
[2018-02-07T00:04:47.372] [DEBUG] EMR101 - Sent outbreak request
[2018-02-07T00:04:47.373] [DEBUG] VectorTimestamp - {
  "1": 412,
  "2": 0,
  "3": 0,
  "10": 488,
  "11": 435,
  "12": 428,
  "13": 263,
  "101": 197,
  "102": 207,
  "103": 176,
  "104": 183,
  "105": 177,
  "106": 177,
  "107": 189
}
[2018-02-07T00:04:47.373] [DEBUG] EMR101 - Got outbreak response
[2018-02-07T00:04:47.373] [INFO] EMR101 - Outbreaks: [
  {
    "time": "Wed Feb 07 2018 00:04:39 GMT-0700 (Mountain Standard Time)",
    "infections": 121,
    "type": 1,
    "name": "Influenza"
  }
]
[2018-02-07T00:04:48.373] [DEBUG] VectorTimestamp - {
  "1": 412,
  "2": 0,
  "3": 0,
  "10": 488,
  "11": 435,
  "12": 428,
  "13": 263,
  "101": 198,
  "102": 207,
  "103": 176,
  "104": 183,
  "105": 177,
  "106": 177,
  "107": 189
}
[2018-02-07T00:04:48.373] [DEBUG] EMR101 - Sent outbreak request
[2018-02-07T00:04:48.374] [DEBUG] VectorTimestamp - {
  "1": 412,
  "2": 0,
  "3": 0,
  "10": 493,
  "11": 435,
  "12": 428,
  "13": 263,
  "101": 199,
  "102": 209,
  "103": 176,
  "104": 183,
  "105": 177,
  "106": 177,
  "107": 189
}
[2018-02-07T00:04:48.374] [DEBUG] EMR101 - Got outbreak response
[2018-02-07T00:04:48.374] [INFO] EMR101 - Outbreaks: [
  {
    "time": "Wed Feb 07 2018 00:04:39 GMT-0700 (Mountain Standard Time)",
    "infections": 121,
    "type": 1,
    "name": "Influenza"
  }
]
[2018-02-07T00:04:48.832] [DEBUG] VectorTimestamp - {
  "1": 412,
  "2": 0,
  "3": 0,
  "10": 493,
  "11": 435,
  "12": 428,
  "13": 263,
  "101": 200,
  "102": 209,
  "103": 176,
  "104": 183,
  "105": 177,
  "106": 177,
  "107": 189
}
[2018-02-07T00:04:48.832] [DEBUG] EMR101 - Sent disease notification: Influenza (1)
[2018-02-07T00:04:49.373] [DEBUG] VectorTimestamp - {
  "1": 412,
  "2": 0,
  "3": 0,
  "10": 493,
  "11": 435,
  "12": 428,
  "13": 263,
  "101": 201,
  "102": 209,
  "103": 176,
  "104": 183,
  "105": 177,
  "106": 177,
  "107": 189
}
[2018-02-07T00:04:49.373] [DEBUG] EMR101 - Sent outbreak request
[2018-02-07T00:04:49.374] [DEBUG] VectorTimestamp - {
  "1": 412,
  "2": 0,
  "3": 0,
  "10": 499,
  "11": 435,
  "12": 428,
  "13": 263,
  "101": 202,
  "102": 211,
  "103": 176,
  "104": 183,
  "105": 177,
  "106": 177,
  "107": 189
}
[2018-02-07T00:04:49.374] [DEBUG] EMR101 - Got outbreak response
[2018-02-07T00:04:49.374] [INFO] EMR101 - Outbreaks: [
  {
    "time": "Wed Feb 07 2018 00:04:39 GMT-0700 (Mountain Standard Time)",
    "infections": 121,
    "type": 1,
    "name": "Influenza"
  }
]
[2018-02-07T00:04:50.374] [DEBUG] VectorTimestamp - {
  "1": 412,
  "2": 0,
  "3": 0,
  "10": 499,
  "11": 435,
  "12": 428,
  "13": 263,
  "101": 203,
  "102": 211,
  "103": 176,
  "104": 183,
  "105": 177,
  "106": 177,
  "107": 189
}
[2018-02-07T00:04:50.374] [DEBUG] EMR101 - Sent outbreak request
[2018-02-07T00:04:50.375] [DEBUG] VectorTimestamp - {
  "1": 412,
  "2": 0,
  "3": 0,
  "10": 504,
  "11": 435,
  "12": 428,
  "13": 263,
  "101": 204,
  "102": 213,
  "103": 176,
  "104": 183,
  "105": 177,
  "106": 177,
  "107": 189
}
[2018-02-07T00:04:50.375] [DEBUG] EMR101 - Got outbreak response
[2018-02-07T00:04:50.375] [INFO] EMR101 - Outbreaks: [
  {
    "time": "Wed Feb 07 2018 00:04:39 GMT-0700 (Mountain Standard Time)",
    "infections": 121,
    "type": 1,
    "name": "Influenza"
  }
]
[2018-02-07T00:04:50.736] [DEBUG] VectorTimestamp - {
  "1": 412,
  "2": 0,
  "3": 0,
  "10": 504,
  "11": 435,
  "12": 428,
  "13": 263,
  "101": 205,
  "102": 213,
  "103": 176,
  "104": 183,
  "105": 177,
  "106": 177,
  "107": 189
}
[2018-02-07T00:04:50.736] [DEBUG] EMR101 - Sent disease notification: Influenza (1)
[2018-02-07T00:04:50.836] [DEBUG] VectorTimestamp - {
  "1": 412,
  "2": 0,
  "3": 0,
  "10": 504,
  "11": 435,
  "12": 428,
  "13": 263,
  "101": 206,
  "102": 213,
  "103": 176,
  "104": 183,
  "105": 177,
  "106": 177,
  "107": 189
}
[2018-02-07T00:04:50.836] [DEBUG] EMR101 - Sent disease notification: Influenza (1)
[2018-02-07T00:04:51.375] [DEBUG] VectorTimestamp - {
  "1": 412,
  "2": 0,
  "3": 0,
  "10": 504,
  "11": 435,
  "12": 428,
  "13": 263,
  "101": 207,
  "102": 213,
  "103": 176,
  "104": 183,
  "105": 177,
  "106": 177,
  "107": 189
}
[2018-02-07T00:04:51.375] [DEBUG] EMR101 - Sent outbreak request
[2018-02-07T00:04:51.376] [DEBUG] VectorTimestamp - {
  "1": 412,
  "2": 0,
  "3": 0,
  "10": 512,
  "11": 435,
  "12": 428,
  "13": 263,
  "101": 208,
  "102": 216,
  "103": 176,
  "104": 183,
  "105": 177,
  "106": 177,
  "107": 189
}
[2018-02-07T00:04:51.376] [DEBUG] EMR101 - Got outbreak response
[2018-02-07T00:04:51.376] [INFO] EMR101 - Outbreaks: [
  {
    "time": "Wed Feb 07 2018 00:04:39 GMT-0700 (Mountain Standard Time)",
    "infections": 121,
    "type": 1,
    "name": "Influenza"
  }
]
[2018-02-07T00:04:52.375] [DEBUG] VectorTimestamp - {
  "1": 412,
  "2": 0,
  "3": 0,
  "10": 512,
  "11": 435,
  "12": 428,
  "13": 263,
  "101": 209,
  "102": 216,
  "103": 176,
  "104": 183,
  "105": 177,
  "106": 177,
  "107": 189
}
[2018-02-07T00:04:52.375] [DEBUG] EMR101 - Sent outbreak request
[2018-02-07T00:04:52.376] [DEBUG] VectorTimestamp - {
  "1": 412,
  "2": 0,
  "3": 0,
  "10": 517,
  "11": 435,
  "12": 428,
  "13": 263,
  "101": 210,
  "102": 218,
  "103": 176,
  "104": 183,
  "105": 177,
  "106": 177,
  "107": 189
}
[2018-02-07T00:04:52.376] [DEBUG] EMR101 - Got outbreak response
[2018-02-07T00:04:52.376] [INFO] EMR101 - Outbreaks: [
  {
    "time": "Wed Feb 07 2018 00:04:39 GMT-0700 (Mountain Standard Time)",
    "infections": 121,
    "type": 1,
    "name": "Influenza"
  }
]
[2018-02-07T00:04:53.377] [DEBUG] VectorTimestamp - {
  "1": 412,
  "2": 0,
  "3": 0,
  "10": 517,
  "11": 435,
  "12": 428,
  "13": 263,
  "101": 211,
  "102": 218,
  "103": 176,
  "104": 183,
  "105": 177,
  "106": 177,
  "107": 189
}
[2018-02-07T00:04:53.377] [DEBUG] EMR101 - Sent outbreak request
[2018-02-07T00:04:53.378] [DEBUG] VectorTimestamp - {
  "1": 412,
  "2": 0,
  "3": 0,
  "10": 522,
  "11": 435,
  "12": 428,
  "13": 263,
  "101": 212,
  "102": 220,
  "103": 176,
  "104": 183,
  "105": 177,
  "106": 177,
  "107": 189
}
[2018-02-07T00:04:53.378] [DEBUG] EMR101 - Got outbreak response
[2018-02-07T00:04:53.378] [INFO] EMR101 - Outbreaks: [
  {
    "time": "Wed Feb 07 2018 00:04:39 GMT-0700 (Mountain Standard Time)",
    "infections": 121,
    "type": 1,
    "name": "Influenza"
  }
]
[2018-02-07T00:04:54.378] [DEBUG] VectorTimestamp - {
  "1": 412,
  "2": 0,
  "3": 0,
  "10": 522,
  "11": 435,
  "12": 428,
  "13": 263,
  "101": 213,
  "102": 220,
  "103": 176,
  "104": 183,
  "105": 177,
  "106": 177,
  "107": 189
}
[2018-02-07T00:04:54.378] [DEBUG] EMR101 - Sent outbreak request
[2018-02-07T00:04:54.379] [DEBUG] VectorTimestamp - {
  "1": 412,
  "2": 0,
  "3": 0,
  "10": 527,
  "11": 435,
  "12": 428,
  "13": 263,
  "101": 214,
  "102": 222,
  "103": 176,
  "104": 183,
  "105": 177,
  "106": 177,
  "107": 189
}
[2018-02-07T00:04:54.379] [DEBUG] EMR101 - Got outbreak response
[2018-02-07T00:04:54.379] [INFO] EMR101 - Outbreaks: [
  {
    "time": "Wed Feb 07 2018 00:04:39 GMT-0700 (Mountain Standard Time)",
    "infections": 121,
    "type": 1,
    "name": "Influenza"
  }
]
[2018-02-07T00:04:55.148] [DEBUG] VectorTimestamp - {
  "1": 412,
  "2": 0,
  "3": 0,
  "10": 527,
  "11": 435,
  "12": 428,
  "13": 263,
  "101": 215,
  "102": 222,
  "103": 176,
  "104": 183,
  "105": 177,
  "106": 177,
  "107": 189
}
[2018-02-07T00:04:55.148] [DEBUG] EMR101 - Sent disease notification: Influenza (1)
[2018-02-07T00:04:55.378] [DEBUG] VectorTimestamp - {
  "1": 412,
  "2": 0,
  "3": 0,
  "10": 527,
  "11": 435,
  "12": 428,
  "13": 263,
  "101": 216,
  "102": 222,
  "103": 176,
  "104": 183,
  "105": 177,
  "106": 177,
  "107": 189
}
[2018-02-07T00:04:55.378] [DEBUG] EMR101 - Sent outbreak request
[2018-02-07T00:04:55.379] [DEBUG] VectorTimestamp - {
  "1": 412,
  "2": 0,
  "3": 0,
  "10": 533,
  "11": 435,
  "12": 428,
  "13": 263,
  "101": 217,
  "102": 224,
  "103": 176,
  "104": 183,
  "105": 177,
  "106": 177,
  "107": 189
}
[2018-02-07T00:04:55.379] [DEBUG] EMR101 - Got outbreak response
[2018-02-07T00:04:55.379] [INFO] EMR101 - Outbreaks: [
  {
    "time": "Wed Feb 07 2018 00:04:39 GMT-0700 (Mountain Standard Time)",
    "infections": 121,
    "type": 1,
    "name": "Influenza"
  }
]
[2018-02-07T00:04:56.379] [DEBUG] VectorTimestamp - {
  "1": 412,
  "2": 0,
  "3": 0,
  "10": 533,
  "11": 435,
  "12": 428,
  "13": 263,
  "101": 218,
  "102": 224,
  "103": 176,
  "104": 183,
  "105": 177,
  "106": 177,
  "107": 189
}
[2018-02-07T00:04:56.379] [DEBUG] EMR101 - Sent outbreak request
[2018-02-07T00:04:56.380] [DEBUG] VectorTimestamp - {
  "1": 412,
  "2": 0,
  "3": 0,
  "10": 538,
  "11": 435,
  "12": 428,
  "13": 263,
  "101": 219,
  "102": 226,
  "103": 176,
  "104": 183,
  "105": 177,
  "106": 177,
  "107": 189
}
[2018-02-07T00:04:56.380] [DEBUG] EMR101 - Got outbreak response
[2018-02-07T00:04:56.380] [INFO] EMR101 - Outbreaks: [
  {
    "time": "Wed Feb 07 2018 00:04:39 GMT-0700 (Mountain Standard Time)",
    "infections": 121,
    "type": 1,
    "name": "Influenza"
  }
]
[2018-02-07T00:04:56.853] [DEBUG] VectorTimestamp - {
  "1": 412,
  "2": 0,
  "3": 0,
  "10": 538,
  "11": 435,
  "12": 428,
  "13": 263,
  "101": 220,
  "102": 226,
  "103": 176,
  "104": 183,
  "105": 177,
  "106": 177,
  "107": 189
}
[2018-02-07T00:04:56.853] [DEBUG] EMR101 - Sent disease notification: Influenza (1)
[2018-02-07T00:04:57.380] [DEBUG] VectorTimestamp - {
  "1": 412,
  "2": 0,
  "3": 0,
  "10": 538,
  "11": 435,
  "12": 428,
  "13": 263,
  "101": 221,
  "102": 226,
  "103": 176,
  "104": 183,
  "105": 177,
  "106": 177,
  "107": 189
}
[2018-02-07T00:04:57.380] [DEBUG] EMR101 - Sent outbreak request
[2018-02-07T00:04:57.381] [DEBUG] VectorTimestamp - {
  "1": 412,
  "2": 0,
  "3": 0,
  "10": 544,
  "11": 435,
  "12": 428,
  "13": 263,
  "101": 222,
  "102": 228,
  "103": 176,
  "104": 183,
  "105": 177,
  "106": 177,
  "107": 189
}
[2018-02-07T00:04:57.381] [DEBUG] EMR101 - Got outbreak response
[2018-02-07T00:04:57.381] [INFO] EMR101 - Outbreaks: [
  {
    "time": "Wed Feb 07 2018 00:04:39 GMT-0700 (Mountain Standard Time)",
    "infections": 121,
    "type": 1,
    "name": "Influenza"
  }
]
[2018-02-07T00:04:57.458] [DEBUG] VectorTimestamp - {
  "1": 412,
  "2": 0,
  "3": 0,
  "10": 544,
  "11": 435,
  "12": 428,
  "13": 263,
  "101": 223,
  "102": 228,
  "103": 176,
  "104": 183,
  "105": 177,
  "106": 177,
  "107": 189
}
[2018-02-07T00:04:57.458] [DEBUG] EMR101 - Sent disease notification: Influenza (1)
[2018-02-07T00:04:58.381] [DEBUG] VectorTimestamp - {
  "1": 412,
  "2": 0,
  "3": 0,
  "10": 544,
  "11": 435,
  "12": 428,
  "13": 263,
  "101": 224,
  "102": 228,
  "103": 176,
  "104": 183,
  "105": 177,
  "106": 177,
  "107": 189
}
[2018-02-07T00:04:58.381] [DEBUG] EMR101 - Sent outbreak request
[2018-02-07T00:04:58.382] [DEBUG] VectorTimestamp - {
  "1": 412,
  "2": 0,
  "3": 0,
  "10": 550,
  "11": 435,
  "12": 428,
  "13": 263,
  "101": 225,
  "102": 230,
  "103": 176,
  "104": 183,
  "105": 177,
  "106": 177,
  "107": 189
}
[2018-02-07T00:04:58.382] [DEBUG] EMR101 - Got outbreak response
[2018-02-07T00:04:58.382] [INFO] EMR101 - Outbreaks: [
  {
    "time": "Wed Feb 07 2018 00:04:39 GMT-0700 (Mountain Standard Time)",
    "infections": 121,
    "type": 1,
    "name": "Influenza"
  }
]
[2018-02-07T00:04:59.381] [DEBUG] VectorTimestamp - {
  "1": 412,
  "2": 0,
  "3": 0,
  "10": 550,
  "11": 435,
  "12": 428,
  "13": 263,
  "101": 226,
  "102": 230,
  "103": 176,
  "104": 183,
  "105": 177,
  "106": 177,
  "107": 189
}
[2018-02-07T00:04:59.381] [DEBUG] EMR101 - Sent outbreak request
[2018-02-07T00:04:59.382] [DEBUG] VectorTimestamp - {
  "1": 412,
  "2": 0,
  "3": 0,
  "10": 555,
  "11": 435,
  "12": 428,
  "13": 263,
  "101": 227,
  "102": 232,
  "103": 176,
  "104": 183,
  "105": 177,
  "106": 177,
  "107": 189
}
[2018-02-07T00:04:59.382] [DEBUG] EMR101 - Got outbreak response
[2018-02-07T00:04:59.382] [INFO] EMR101 - Outbreaks: [
  {
    "time": "Wed Feb 07 2018 00:04:39 GMT-0700 (Mountain Standard Time)",
    "infections": 121,
    "type": 1,
    "name": "Influenza"
  }
]
[2018-02-07T00:05:00.382] [DEBUG] VectorTimestamp - {
  "1": 412,
  "2": 0,
  "3": 0,
  "10": 555,
  "11": 435,
  "12": 428,
  "13": 263,
  "101": 228,
  "102": 232,
  "103": 176,
  "104": 183,
  "105": 177,
  "106": 177,
  "107": 189
}
[2018-02-07T00:05:00.382] [DEBUG] EMR101 - Sent outbreak request
[2018-02-07T00:05:00.383] [DEBUG] VectorTimestamp - {
  "1": 412,
  "2": 0,
  "3": 0,
  "10": 560,
  "11": 435,
  "12": 428,
  "13": 263,
  "101": 229,
  "102": 234,
  "103": 176,
  "104": 183,
  "105": 177,
  "106": 177,
  "107": 189
}
[2018-02-07T00:05:00.383] [DEBUG] EMR101 - Got outbreak response
[2018-02-07T00:05:00.383] [INFO] EMR101 - Outbreaks: [
  {
    "time": "Wed Feb 07 2018 00:04:39 GMT-0700 (Mountain Standard Time)",
    "infections": 121,
    "type": 1,
    "name": "Influenza"
  }
]
[2018-02-07T00:05:01.383] [DEBUG] VectorTimestamp - {
  "1": 412,
  "2": 0,
  "3": 0,
  "10": 560,
  "11": 435,
  "12": 428,
  "13": 263,
  "101": 230,
  "102": 234,
  "103": 176,
  "104": 183,
  "105": 177,
  "106": 177,
  "107": 189
}
[2018-02-07T00:05:01.383] [DEBUG] EMR101 - Sent outbreak request
[2018-02-07T00:05:01.384] [DEBUG] VectorTimestamp - {
  "1": 412,
  "2": 0,
  "3": 0,
  "10": 565,
  "11": 435,
  "12": 428,
  "13": 263,
  "101": 231,
  "102": 236,
  "103": 176,
  "104": 183,
  "105": 177,
  "106": 177,
  "107": 189
}
[2018-02-07T00:05:01.384] [DEBUG] EMR101 - Got outbreak response
[2018-02-07T00:05:01.384] [INFO] EMR101 - Outbreaks: [
  {
    "time": "Wed Feb 07 2018 00:04:39 GMT-0700 (Mountain Standard Time)",
    "infections": 121,
    "type": 1,
    "name": "Influenza"
  }
]
[2018-02-07T00:05:02.383] [DEBUG] VectorTimestamp - {
  "1": 412,
  "2": 0,
  "3": 0,
  "10": 565,
  "11": 435,
  "12": 428,
  "13": 263,
  "101": 232,
  "102": 236,
  "103": 176,
  "104": 183,
  "105": 177,
  "106": 177,
  "107": 189
}
[2018-02-07T00:05:02.383] [DEBUG] EMR101 - Sent outbreak request
[2018-02-07T00:05:02.384] [DEBUG] VectorTimestamp - {
  "1": 412,
  "2": 0,
  "3": 0,
  "10": 570,
  "11": 435,
  "12": 428,
  "13": 263,
  "101": 233,
  "102": 238,
  "103": 176,
  "104": 183,
  "105": 177,
  "106": 177,
  "107": 189
}
[2018-02-07T00:05:02.384] [DEBUG] EMR101 - Got outbreak response
[2018-02-07T00:05:02.384] [INFO] EMR101 - Outbreaks: [
  {
    "time": "Wed Feb 07 2018 00:04:39 GMT-0700 (Mountain Standard Time)",
    "infections": 121,
    "type": 1,
    "name": "Influenza"
  }
]
[2018-02-07T00:05:03.384] [DEBUG] VectorTimestamp - {
  "1": 412,
  "2": 0,
  "3": 0,
  "10": 570,
  "11": 435,
  "12": 428,
  "13": 263,
  "101": 234,
  "102": 238,
  "103": 176,
  "104": 183,
  "105": 177,
  "106": 177,
  "107": 189
}
[2018-02-07T00:05:03.384] [DEBUG] EMR101 - Sent outbreak request
[2018-02-07T00:05:03.385] [DEBUG] VectorTimestamp - {
  "1": 412,
  "2": 0,
  "3": 0,
  "10": 575,
  "11": 435,
  "12": 428,
  "13": 263,
  "101": 235,
  "102": 240,
  "103": 176,
  "104": 183,
  "105": 177,
  "106": 177,
  "107": 189
}
[2018-02-07T00:05:03.385] [DEBUG] EMR101 - Got outbreak response
[2018-02-07T00:05:04.385] [DEBUG] VectorTimestamp - {
  "1": 412,
  "2": 0,
  "3": 0,
  "10": 575,
  "11": 435,
  "12": 428,
  "13": 263,
  "101": 236,
  "102": 240,
  "103": 176,
  "104": 183,
  "105": 177,
  "106": 177,
  "107": 189
}
[2018-02-07T00:05:04.385] [DEBUG] EMR101 - Sent outbreak request
[2018-02-07T00:05:04.386] [DEBUG] VectorTimestamp - {
  "1": 412,
  "2": 0,
  "3": 0,
  "10": 580,
  "11": 435,
  "12": 428,
  "13": 263,
  "101": 237,
  "102": 242,
  "103": 176,
  "104": 183,
  "105": 177,
  "106": 177,
  "107": 189
}
[2018-02-07T00:05:04.386] [DEBUG] EMR101 - Got outbreak response
