[2018-02-07T00:03:27.252] [DEBUG] EMR102 - Got config: {
  "hds": {
    "id": 10,
    "notification": {
      "ip": "localhost",
      "port": 12100
    },
    "update": {
      "ip": "localhost",
      "port": 12101
    },
    "outbreakRouter": {
      "ip": "localhost",
      "port": 12110
    }
  },
  "processes": [
    {
      "id": 1,
      "ip": "localhost",
      "port": 12001,
      "disease": 1
    },
    {
      "id": 2,
      "ip": "localhost",
      "port": 12002,
      "disease": 2
    },
    {
      "id": 3,
      "ip": "localhost",
      "port": 12003,
      "disease": 3
    },
    {
      "id": 101,
      "hds": 10
    },
    {
      "id": 102,
      "hds": 10
    },
    {
      "id": 103,
      "hds": 11
    },
    {
      "id": 104,
      "hds": 11
    },
    {
      "id": 105,
      "hds": 12
    },
    {
      "id": 106,
      "hds": 12
    },
    {
      "id": 107,
      "hds": 13
    },
    {
      "id": 10,
      "notification": {
        "ip": "localhost",
        "port": 12100
      },
      "update": {
        "ip": "localhost",
        "port": 12101
      },
      "outbreakRouter": {
        "ip": "localhost",
        "port": 12110
      }
    },
    {
      "id": 11,
      "notification": {
        "ip": "localhost",
        "port": 12102
      },
      "update": {
        "ip": "localhost",
        "port": 12103
      },
      "outbreakRouter": {
        "ip": "localhost",
        "port": 12111
      }
    },
    {
      "id": 12,
      "notification": {
        "ip": "localhost",
        "port": 12104
      },
      "update": {
        "ip": "localhost",
        "port": 12105
      },
      "outbreakRouter": {
        "ip": "localhost",
        "port": 12112
      }
    },
    {
      "id": 13,
      "notification": {
        "ip": "localhost",
        "port": 12106
      },
      "update": {
        "ip": "localhost",
        "port": 12107
      },
      "outbreakRouter": {
        "ip": "localhost",
        "port": 12113
      }
    }
  ],
  "simulation": {
    "simulationTime": 24,
    "simulationInterval": 100,
    "diseases": [
      {
        "id": 1,
        "name": "Influenza",
        "threshold": 120,
        "minP": 0,
        "maxP": 0.1,
        "ratePeriod": 48
      },
      {
        "id": 2,
        "name": "Chicken Pox",
        "threshold": 50,
        "minP": 0,
        "maxP": 0,
        "ratePeriod": 120
      },
      {
        "id": 3,
        "name": "Measles",
        "threshold": 10,
        "minP": 0,
        "maxP": 0,
        "ratePeriod": 24
      }
    ]
  }
}
[2018-02-07T00:03:28.258] [DEBUG] VectorTimestamp - {
  "1": 0,
  "2": 0,
  "3": 0,
  "10": 0,
  "11": 0,
  "12": 0,
  "13": 0,
  "101": 0,
  "102": 1,
  "103": 0,
  "104": 0,
  "105": 0,
  "106": 0,
  "107": 0
}
[2018-02-07T00:03:28.259] [DEBUG] EMR102 - Sent outbreak request
[2018-02-07T00:03:28.262] [DEBUG] VectorTimestamp - {
  "1": 0,
  "2": 0,
  "3": 0,
  "10": 3,
  "11": 0,
  "12": 0,
  "13": 0,
  "101": 0,
  "102": 2,
  "103": 0,
  "104": 0,
  "105": 0,
  "106": 0,
  "107": 0
}
[2018-02-07T00:03:28.262] [DEBUG] EMR102 - Got outbreak response
[2018-02-07T00:03:29.260] [DEBUG] VectorTimestamp - {
  "1": 0,
  "2": 0,
  "3": 0,
  "10": 3,
  "11": 0,
  "12": 0,
  "13": 0,
  "101": 0,
  "102": 3,
  "103": 0,
  "104": 0,
  "105": 0,
  "106": 0,
  "107": 0
}
[2018-02-07T00:03:29.260] [DEBUG] EMR102 - Sent outbreak request
[2018-02-07T00:03:29.261] [DEBUG] VectorTimestamp - {
  "1": 0,
  "2": 0,
  "3": 0,
  "10": 8,
  "11": 0,
  "12": 0,
  "13": 0,
  "101": 1,
  "102": 4,
  "103": 0,
  "104": 0,
  "105": 0,
  "106": 0,
  "107": 0
}
[2018-02-07T00:03:29.261] [DEBUG] EMR102 - Got outbreak response
[2018-02-07T00:03:30.260] [DEBUG] VectorTimestamp - {
  "1": 0,
  "2": 0,
  "3": 0,
  "10": 8,
  "11": 0,
  "12": 0,
  "13": 0,
  "101": 1,
  "102": 5,
  "103": 0,
  "104": 0,
  "105": 0,
  "106": 0,
  "107": 0
}
[2018-02-07T00:03:30.260] [DEBUG] EMR102 - Sent outbreak request
[2018-02-07T00:03:30.261] [DEBUG] VectorTimestamp - {
  "1": 0,
  "2": 0,
  "3": 0,
  "10": 13,
  "11": 0,
  "12": 0,
  "13": 0,
  "101": 3,
  "102": 6,
  "103": 0,
  "104": 0,
  "105": 0,
  "106": 0,
  "107": 0
}
[2018-02-07T00:03:30.261] [DEBUG] EMR102 - Got outbreak response
[2018-02-07T00:03:31.261] [DEBUG] VectorTimestamp - {
  "1": 0,
  "2": 0,
  "3": 0,
  "10": 13,
  "11": 0,
  "12": 0,
  "13": 0,
  "101": 3,
  "102": 7,
  "103": 0,
  "104": 0,
  "105": 0,
  "106": 0,
  "107": 0
}
[2018-02-07T00:03:31.261] [DEBUG] EMR102 - Sent outbreak request
[2018-02-07T00:03:31.263] [DEBUG] VectorTimestamp - {
  "1": 0,
  "2": 0,
  "3": 0,
  "10": 18,
  "11": 0,
  "12": 0,
  "13": 0,
  "101": 5,
  "102": 8,
  "103": 0,
  "104": 0,
  "105": 0,
  "106": 0,
  "107": 0
}
[2018-02-07T00:03:31.263] [DEBUG] EMR102 - Got outbreak response
[2018-02-07T00:03:32.169] [DEBUG] VectorTimestamp - {
  "1": 0,
  "2": 0,
  "3": 0,
  "10": 18,
  "11": 0,
  "12": 0,
  "13": 0,
  "101": 5,
  "102": 9,
  "103": 0,
  "104": 0,
  "105": 0,
  "106": 0,
  "107": 0
}
[2018-02-07T00:03:32.169] [DEBUG] EMR102 - Sent disease notification: Influenza (1)
[2018-02-07T00:03:32.262] [DEBUG] VectorTimestamp - {
  "1": 0,
  "2": 0,
  "3": 0,
  "10": 18,
  "11": 0,
  "12": 0,
  "13": 0,
  "101": 5,
  "102": 10,
  "103": 0,
  "104": 0,
  "105": 0,
  "106": 0,
  "107": 0
}
[2018-02-07T00:03:32.262] [DEBUG] EMR102 - Sent outbreak request
[2018-02-07T00:03:32.263] [DEBUG] VectorTimestamp - {
  "1": 0,
  "2": 0,
  "3": 0,
  "10": 24,
  "11": 0,
  "12": 0,
  "13": 0,
  "101": 7,
  "102": 11,
  "103": 0,
  "104": 0,
  "105": 0,
  "106": 0,
  "107": 0
}
[2018-02-07T00:03:32.263] [DEBUG] EMR102 - Got outbreak response
[2018-02-07T00:03:32.370] [DEBUG] VectorTimestamp - {
  "1": 0,
  "2": 0,
  "3": 0,
  "10": 24,
  "11": 0,
  "12": 0,
  "13": 0,
  "101": 7,
  "102": 12,
  "103": 0,
  "104": 0,
  "105": 0,
  "106": 0,
  "107": 0
}
[2018-02-07T00:03:32.370] [DEBUG] EMR102 - Sent disease notification: Influenza (1)
[2018-02-07T00:03:33.262] [DEBUG] VectorTimestamp - {
  "1": 0,
  "2": 0,
  "3": 0,
  "10": 24,
  "11": 0,
  "12": 0,
  "13": 0,
  "101": 7,
  "102": 13,
  "103": 0,
  "104": 0,
  "105": 0,
  "106": 0,
  "107": 0
}
[2018-02-07T00:03:33.263] [DEBUG] EMR102 - Sent outbreak request
[2018-02-07T00:03:33.264] [DEBUG] VectorTimestamp - {
  "1": 0,
  "2": 0,
  "3": 0,
  "10": 30,
  "11": 0,
  "12": 0,
  "13": 0,
  "101": 9,
  "102": 14,
  "103": 0,
  "104": 0,
  "105": 0,
  "106": 0,
  "107": 0
}
[2018-02-07T00:03:33.264] [DEBUG] EMR102 - Got outbreak response
[2018-02-07T00:03:34.264] [DEBUG] VectorTimestamp - {
  "1": 0,
  "2": 0,
  "3": 0,
  "10": 30,
  "11": 0,
  "12": 0,
  "13": 0,
  "101": 9,
  "102": 15,
  "103": 0,
  "104": 0,
  "105": 0,
  "106": 0,
  "107": 0
}
[2018-02-07T00:03:34.264] [DEBUG] EMR102 - Sent outbreak request
[2018-02-07T00:03:34.266] [DEBUG] VectorTimestamp - {
  "1": 0,
  "2": 0,
  "3": 0,
  "10": 35,
  "11": 0,
  "12": 0,
  "13": 0,
  "101": 11,
  "102": 16,
  "103": 0,
  "104": 0,
  "105": 0,
  "106": 0,
  "107": 0
}
[2018-02-07T00:03:34.266] [DEBUG] EMR102 - Got outbreak response
[2018-02-07T00:03:35.266] [DEBUG] VectorTimestamp - {
  "1": 0,
  "2": 0,
  "3": 0,
  "10": 35,
  "11": 0,
  "12": 0,
  "13": 0,
  "101": 11,
  "102": 17,
  "103": 0,
  "104": 0,
  "105": 0,
  "106": 0,
  "107": 0
}
[2018-02-07T00:03:35.266] [DEBUG] EMR102 - Sent outbreak request
[2018-02-07T00:03:35.267] [DEBUG] VectorTimestamp - {
  "1": 0,
  "2": 0,
  "3": 0,
  "10": 40,
  "11": 0,
  "12": 0,
  "13": 0,
  "101": 13,
  "102": 18,
  "103": 0,
  "104": 0,
  "105": 0,
  "106": 0,
  "107": 0
}
[2018-02-07T00:03:35.267] [DEBUG] EMR102 - Got outbreak response
[2018-02-07T00:03:36.266] [DEBUG] VectorTimestamp - {
  "1": 0,
  "2": 0,
  "3": 0,
  "10": 40,
  "11": 0,
  "12": 0,
  "13": 0,
  "101": 13,
  "102": 19,
  "103": 0,
  "104": 0,
  "105": 0,
  "106": 0,
  "107": 0
}
[2018-02-07T00:03:36.267] [DEBUG] EMR102 - Sent outbreak request
[2018-02-07T00:03:36.268] [DEBUG] VectorTimestamp - {
  "1": 0,
  "2": 0,
  "3": 0,
  "10": 45,
  "11": 0,
  "12": 0,
  "13": 0,
  "101": 15,
  "102": 20,
  "103": 0,
  "104": 0,
  "105": 0,
  "106": 0,
  "107": 0
}
[2018-02-07T00:03:36.268] [DEBUG] EMR102 - Got outbreak response
[2018-02-07T00:03:37.267] [DEBUG] VectorTimestamp - {
  "1": 0,
  "2": 0,
  "3": 0,
  "10": 45,
  "11": 0,
  "12": 0,
  "13": 0,
  "101": 15,
  "102": 21,
  "103": 0,
  "104": 0,
  "105": 0,
  "106": 0,
  "107": 0
}
[2018-02-07T00:03:37.267] [DEBUG] EMR102 - Sent outbreak request
[2018-02-07T00:03:37.268] [DEBUG] VectorTimestamp - {
  "1": 0,
  "2": 0,
  "3": 0,
  "10": 50,
  "11": 0,
  "12": 0,
  "13": 0,
  "101": 17,
  "102": 22,
  "103": 0,
  "104": 0,
  "105": 0,
  "106": 0,
  "107": 0
}
[2018-02-07T00:03:37.268] [DEBUG] EMR102 - Got outbreak response
[2018-02-07T00:03:37.884] [DEBUG] VectorTimestamp - {
  "1": 0,
  "2": 0,
  "3": 0,
  "10": 50,
  "11": 0,
  "12": 0,
  "13": 0,
  "101": 17,
  "102": 23,
  "103": 0,
  "104": 0,
  "105": 0,
  "106": 0,
  "107": 0
}
[2018-02-07T00:03:37.884] [DEBUG] EMR102 - Sent disease notification: Influenza (1)
[2018-02-07T00:03:38.269] [DEBUG] VectorTimestamp - {
  "1": 0,
  "2": 0,
  "3": 0,
  "10": 50,
  "11": 0,
  "12": 0,
  "13": 0,
  "101": 17,
  "102": 24,
  "103": 0,
  "104": 0,
  "105": 0,
  "106": 0,
  "107": 0
}
[2018-02-07T00:03:38.270] [DEBUG] EMR102 - Sent outbreak request
[2018-02-07T00:03:38.271] [DEBUG] VectorTimestamp - {
  "1": 0,
  "2": 0,
  "3": 0,
  "10": 56,
  "11": 0,
  "12": 0,
  "13": 0,
  "101": 19,
  "102": 25,
  "103": 0,
  "104": 0,
  "105": 0,
  "106": 0,
  "107": 0
}
[2018-02-07T00:03:38.271] [DEBUG] EMR102 - Got outbreak response
[2018-02-07T00:03:39.270] [DEBUG] VectorTimestamp - {
  "1": 0,
  "2": 0,
  "3": 0,
  "10": 56,
  "11": 0,
  "12": 0,
  "13": 0,
  "101": 19,
  "102": 26,
  "103": 0,
  "104": 0,
  "105": 0,
  "106": 0,
  "107": 0
}
[2018-02-07T00:03:39.271] [DEBUG] EMR102 - Sent outbreak request
[2018-02-07T00:03:39.272] [DEBUG] VectorTimestamp - {
  "1": 0,
  "2": 0,
  "3": 0,
  "10": 61,
  "11": 0,
  "12": 0,
  "13": 0,
  "101": 21,
  "102": 27,
  "103": 0,
  "104": 0,
  "105": 0,
  "106": 0,
  "107": 0
}
[2018-02-07T00:03:39.272] [DEBUG] EMR102 - Got outbreak response
[2018-02-07T00:03:40.190] [DEBUG] VectorTimestamp - {
  "1": 0,
  "2": 0,
  "3": 0,
  "10": 61,
  "11": 0,
  "12": 0,
  "13": 0,
  "101": 21,
  "102": 28,
  "103": 0,
  "104": 0,
  "105": 0,
  "106": 0,
  "107": 0
}
[2018-02-07T00:03:40.190] [DEBUG] EMR102 - Sent disease notification: Influenza (1)
[2018-02-07T00:03:40.272] [DEBUG] VectorTimestamp - {
  "1": 0,
  "2": 0,
  "3": 0,
  "10": 61,
  "11": 0,
  "12": 0,
  "13": 0,
  "101": 21,
  "102": 29,
  "103": 0,
  "104": 0,
  "105": 0,
  "106": 0,
  "107": 0
}
[2018-02-07T00:03:40.272] [DEBUG] EMR102 - Sent outbreak request
[2018-02-07T00:03:40.273] [DEBUG] VectorTimestamp - {
  "1": 0,
  "2": 0,
  "3": 0,
  "10": 67,
  "11": 0,
  "12": 0,
  "13": 0,
  "101": 23,
  "102": 30,
  "103": 0,
  "104": 0,
  "105": 0,
  "106": 0,
  "107": 0
}
[2018-02-07T00:03:40.273] [DEBUG] EMR102 - Got outbreak response
[2018-02-07T00:03:41.274] [DEBUG] VectorTimestamp - {
  "1": 0,
  "2": 0,
  "3": 0,
  "10": 67,
  "11": 0,
  "12": 0,
  "13": 0,
  "101": 23,
  "102": 31,
  "103": 0,
  "104": 0,
  "105": 0,
  "106": 0,
  "107": 0
}
[2018-02-07T00:03:41.274] [DEBUG] EMR102 - Sent outbreak request
[2018-02-07T00:03:41.278] [DEBUG] VectorTimestamp - {
  "1": 0,
  "2": 0,
  "3": 0,
  "10": 72,
  "11": 0,
  "12": 0,
  "13": 0,
  "101": 25,
  "102": 32,
  "103": 0,
  "104": 0,
  "105": 0,
  "106": 0,
  "107": 0
}
[2018-02-07T00:03:41.279] [DEBUG] EMR102 - Got outbreak response
[2018-02-07T00:03:42.274] [DEBUG] VectorTimestamp - {
  "1": 0,
  "2": 0,
  "3": 0,
  "10": 72,
  "11": 0,
  "12": 0,
  "13": 0,
  "101": 25,
  "102": 33,
  "103": 0,
  "104": 0,
  "105": 0,
  "106": 0,
  "107": 0
}
[2018-02-07T00:03:42.274] [DEBUG] EMR102 - Sent outbreak request
[2018-02-07T00:03:42.275] [DEBUG] VectorTimestamp - {
  "1": 0,
  "2": 0,
  "3": 0,
  "10": 78,
  "11": 0,
  "12": 0,
  "13": 0,
  "101": 29,
  "102": 34,
  "103": 0,
  "104": 0,
  "105": 0,
  "106": 0,
  "107": 0
}
[2018-02-07T00:03:42.275] [DEBUG] EMR102 - Got outbreak response
[2018-02-07T00:03:43.275] [DEBUG] VectorTimestamp - {
  "1": 0,
  "2": 0,
  "3": 0,
  "10": 78,
  "11": 0,
  "12": 0,
  "13": 0,
  "101": 29,
  "102": 35,
  "103": 0,
  "104": 0,
  "105": 0,
  "106": 0,
  "107": 0
}
[2018-02-07T00:03:43.275] [DEBUG] EMR102 - Sent outbreak request
[2018-02-07T00:03:43.276] [DEBUG] VectorTimestamp - {
  "1": 0,
  "2": 0,
  "3": 0,
  "10": 83,
  "11": 0,
  "12": 0,
  "13": 0,
  "101": 30,
  "102": 36,
  "103": 0,
  "104": 0,
  "105": 0,
  "106": 0,
  "107": 0
}
[2018-02-07T00:03:43.276] [DEBUG] EMR102 - Got outbreak response
[2018-02-07T00:03:43.999] [DEBUG] VectorTimestamp - {
  "1": 0,
  "2": 0,
  "3": 0,
  "10": 83,
  "11": 0,
  "12": 0,
  "13": 0,
  "101": 30,
  "102": 37,
  "103": 0,
  "104": 0,
  "105": 0,
  "106": 0,
  "107": 0
}
[2018-02-07T00:03:43.999] [DEBUG] EMR102 - Sent disease notification: Influenza (1)
[2018-02-07T00:03:44.277] [DEBUG] VectorTimestamp - {
  "1": 0,
  "2": 0,
  "3": 0,
  "10": 83,
  "11": 0,
  "12": 0,
  "13": 0,
  "101": 30,
  "102": 38,
  "103": 0,
  "104": 0,
  "105": 0,
  "106": 0,
  "107": 0
}
[2018-02-07T00:03:44.277] [DEBUG] EMR102 - Sent outbreak request
[2018-02-07T00:03:44.278] [DEBUG] VectorTimestamp - {
  "1": 0,
  "2": 0,
  "3": 0,
  "10": 89,
  "11": 0,
  "12": 0,
  "13": 0,
  "101": 32,
  "102": 39,
  "103": 0,
  "104": 0,
  "105": 0,
  "106": 0,
  "107": 0
}
[2018-02-07T00:03:44.278] [DEBUG] EMR102 - Got outbreak response
[2018-02-07T00:03:44.599] [DEBUG] VectorTimestamp - {
  "1": 0,
  "2": 0,
  "3": 0,
  "10": 89,
  "11": 0,
  "12": 0,
  "13": 0,
  "101": 32,
  "102": 40,
  "103": 0,
  "104": 0,
  "105": 0,
  "106": 0,
  "107": 0
}
[2018-02-07T00:03:44.599] [DEBUG] EMR102 - Sent disease notification: Influenza (1)
[2018-02-07T00:03:45.277] [DEBUG] VectorTimestamp - {
  "1": 0,
  "2": 0,
  "3": 0,
  "10": 89,
  "11": 0,
  "12": 0,
  "13": 0,
  "101": 32,
  "102": 41,
  "103": 0,
  "104": 0,
  "105": 0,
  "106": 0,
  "107": 0
}
[2018-02-07T00:03:45.277] [DEBUG] EMR102 - Sent outbreak request
[2018-02-07T00:03:45.278] [DEBUG] VectorTimestamp - {
  "1": 0,
  "2": 0,
  "3": 0,
  "10": 95,
  "11": 0,
  "12": 0,
  "13": 0,
  "101": 34,
  "102": 42,
  "103": 0,
  "104": 0,
  "105": 0,
  "106": 0,
  "107": 0
}
[2018-02-07T00:03:45.278] [DEBUG] EMR102 - Got outbreak response
[2018-02-07T00:03:46.278] [DEBUG] VectorTimestamp - {
  "1": 0,
  "2": 0,
  "3": 0,
  "10": 95,
  "11": 0,
  "12": 0,
  "13": 0,
  "101": 34,
  "102": 43,
  "103": 0,
  "104": 0,
  "105": 0,
  "106": 0,
  "107": 0
}
[2018-02-07T00:03:46.278] [DEBUG] EMR102 - Sent outbreak request
[2018-02-07T00:03:46.279] [DEBUG] VectorTimestamp - {
  "1": 0,
  "2": 0,
  "3": 0,
  "10": 102,
  "11": 0,
  "12": 0,
  "13": 0,
  "101": 39,
  "102": 44,
  "103": 0,
  "104": 0,
  "105": 0,
  "106": 0,
  "107": 0
}
[2018-02-07T00:03:46.279] [DEBUG] EMR102 - Got outbreak response
[2018-02-07T00:03:46.504] [DEBUG] VectorTimestamp - {
  "1": 0,
  "2": 0,
  "3": 0,
  "10": 102,
  "11": 0,
  "12": 0,
  "13": 0,
  "101": 39,
  "102": 45,
  "103": 0,
  "104": 0,
  "105": 0,
  "106": 0,
  "107": 0
}
[2018-02-07T00:03:46.504] [DEBUG] EMR102 - Sent disease notification: Influenza (1)
[2018-02-07T00:03:47.279] [DEBUG] VectorTimestamp - {
  "1": 0,
  "2": 0,
  "3": 0,
  "10": 102,
  "11": 0,
  "12": 0,
  "13": 0,
  "101": 39,
  "102": 46,
  "103": 0,
  "104": 0,
  "105": 0,
  "106": 0,
  "107": 0
}
[2018-02-07T00:03:47.279] [DEBUG] EMR102 - Sent outbreak request
[2018-02-07T00:03:47.281] [DEBUG] VectorTimestamp - {
  "1": 0,
  "2": 0,
  "3": 0,
  "10": 108,
  "11": 0,
  "12": 0,
  "13": 0,
  "101": 40,
  "102": 47,
  "103": 0,
  "104": 0,
  "105": 0,
  "106": 0,
  "107": 0
}
[2018-02-07T00:03:47.281] [DEBUG] EMR102 - Got outbreak response
[2018-02-07T00:03:48.279] [DEBUG] VectorTimestamp - {
  "1": 0,
  "2": 0,
  "3": 0,
  "10": 108,
  "11": 0,
  "12": 0,
  "13": 0,
  "101": 40,
  "102": 48,
  "103": 0,
  "104": 0,
  "105": 0,
  "106": 0,
  "107": 0
}
[2018-02-07T00:03:48.279] [DEBUG] EMR102 - Sent outbreak request
[2018-02-07T00:03:48.280] [DEBUG] VectorTimestamp - {
  "1": 0,
  "2": 0,
  "3": 0,
  "10": 113,
  "11": 0,
  "12": 0,
  "13": 0,
  "101": 42,
  "102": 49,
  "103": 0,
  "104": 0,
  "105": 0,
  "106": 0,
  "107": 0
}
[2018-02-07T00:03:48.281] [DEBUG] EMR102 - Got outbreak response
[2018-02-07T00:03:49.280] [DEBUG] VectorTimestamp - {
  "1": 0,
  "2": 0,
  "3": 0,
  "10": 113,
  "11": 0,
  "12": 0,
  "13": 0,
  "101": 42,
  "102": 50,
  "103": 0,
  "104": 0,
  "105": 0,
  "106": 0,
  "107": 0
}
[2018-02-07T00:03:49.280] [DEBUG] EMR102 - Sent outbreak request
[2018-02-07T00:03:49.281] [DEBUG] VectorTimestamp - {
  "1": 0,
  "2": 0,
  "3": 0,
  "10": 119,
  "11": 0,
  "12": 0,
  "13": 0,
  "101": 46,
  "102": 51,
  "103": 0,
  "104": 0,
  "105": 0,
  "106": 0,
  "107": 0
}
[2018-02-07T00:03:49.281] [DEBUG] EMR102 - Got outbreak response
[2018-02-07T00:03:49.913] [DEBUG] VectorTimestamp - {
  "1": 0,
  "2": 0,
  "3": 0,
  "10": 119,
  "11": 0,
  "12": 0,
  "13": 0,
  "101": 46,
  "102": 52,
  "103": 0,
  "104": 0,
  "105": 0,
  "106": 0,
  "107": 0
}
[2018-02-07T00:03:49.913] [DEBUG] EMR102 - Sent disease notification: Influenza (1)
[2018-02-07T00:03:50.282] [DEBUG] VectorTimestamp - {
  "1": 0,
  "2": 0,
  "3": 0,
  "10": 119,
  "11": 0,
  "12": 0,
  "13": 0,
  "101": 46,
  "102": 53,
  "103": 0,
  "104": 0,
  "105": 0,
  "106": 0,
  "107": 0
}
[2018-02-07T00:03:50.282] [DEBUG] EMR102 - Sent outbreak request
[2018-02-07T00:03:50.283] [DEBUG] VectorTimestamp - {
  "1": 0,
  "2": 0,
  "3": 0,
  "10": 125,
  "11": 0,
  "12": 0,
  "13": 0,
  "101": 47,
  "102": 54,
  "103": 0,
  "104": 0,
  "105": 0,
  "106": 0,
  "107": 0
}
[2018-02-07T00:03:50.283] [DEBUG] EMR102 - Got outbreak response
[2018-02-07T00:03:50.914] [DEBUG] VectorTimestamp - {
  "1": 0,
  "2": 0,
  "3": 0,
  "10": 125,
  "11": 0,
  "12": 0,
  "13": 0,
  "101": 47,
  "102": 55,
  "103": 0,
  "104": 0,
  "105": 0,
  "106": 0,
  "107": 0
}
[2018-02-07T00:03:50.914] [DEBUG] EMR102 - Sent disease notification: Influenza (1)
[2018-02-07T00:03:51.282] [DEBUG] VectorTimestamp - {
  "1": 0,
  "2": 0,
  "3": 0,
  "10": 125,
  "11": 0,
  "12": 0,
  "13": 0,
  "101": 47,
  "102": 56,
  "103": 0,
  "104": 0,
  "105": 0,
  "106": 0,
  "107": 0
}
[2018-02-07T00:03:51.282] [DEBUG] EMR102 - Sent outbreak request
[2018-02-07T00:03:51.284] [DEBUG] VectorTimestamp - {
  "1": 0,
  "2": 0,
  "3": 0,
  "10": 133,
  "11": 0,
  "12": 0,
  "13": 0,
  "101": 52,
  "102": 57,
  "103": 0,
  "104": 0,
  "105": 0,
  "106": 0,
  "107": 0
}
[2018-02-07T00:03:51.284] [DEBUG] EMR102 - Got outbreak response
[2018-02-07T00:03:52.218] [DEBUG] VectorTimestamp - {
  "1": 0,
  "2": 0,
  "3": 0,
  "10": 133,
  "11": 0,
  "12": 0,
  "13": 0,
  "101": 52,
  "102": 58,
  "103": 0,
  "104": 0,
  "105": 0,
  "106": 0,
  "107": 0
}
[2018-02-07T00:03:52.218] [DEBUG] EMR102 - Sent disease notification: Influenza (1)
[2018-02-07T00:03:52.283] [DEBUG] VectorTimestamp - {
  "1": 0,
  "2": 0,
  "3": 0,
  "10": 133,
  "11": 0,
  "12": 0,
  "13": 0,
  "101": 52,
  "102": 59,
  "103": 0,
  "104": 0,
  "105": 0,
  "106": 0,
  "107": 0
}
[2018-02-07T00:03:52.283] [DEBUG] EMR102 - Sent outbreak request
[2018-02-07T00:03:52.285] [DEBUG] VectorTimestamp - {
  "1": 0,
  "2": 0,
  "3": 0,
  "10": 139,
  "11": 0,
  "12": 0,
  "13": 0,
  "101": 53,
  "102": 60,
  "103": 0,
  "104": 0,
  "105": 0,
  "106": 0,
  "107": 0
}
[2018-02-07T00:03:52.285] [DEBUG] EMR102 - Got outbreak response
[2018-02-07T00:03:53.283] [DEBUG] VectorTimestamp - {
  "1": 0,
  "2": 0,
  "3": 0,
  "10": 139,
  "11": 0,
  "12": 0,
  "13": 0,
  "101": 53,
  "102": 61,
  "103": 0,
  "104": 0,
  "105": 0,
  "106": 0,
  "107": 0
}
[2018-02-07T00:03:53.283] [DEBUG] EMR102 - Sent outbreak request
[2018-02-07T00:03:53.284] [DEBUG] VectorTimestamp - {
  "1": 0,
  "2": 0,
  "3": 0,
  "10": 145,
  "11": 0,
  "12": 0,
  "13": 0,
  "101": 57,
  "102": 62,
  "103": 0,
  "104": 0,
  "105": 0,
  "106": 0,
  "107": 0
}
[2018-02-07T00:03:53.284] [DEBUG] EMR102 - Got outbreak response
[2018-02-07T00:03:54.284] [DEBUG] VectorTimestamp - {
  "1": 0,
  "2": 0,
  "3": 0,
  "10": 145,
  "11": 0,
  "12": 0,
  "13": 0,
  "101": 57,
  "102": 63,
  "103": 0,
  "104": 0,
  "105": 0,
  "106": 0,
  "107": 0
}
[2018-02-07T00:03:54.284] [DEBUG] EMR102 - Sent outbreak request
[2018-02-07T00:03:54.285] [DEBUG] VectorTimestamp - {
  "1": 0,
  "2": 0,
  "3": 0,
  "10": 150,
  "11": 0,
  "12": 0,
  "13": 0,
  "101": 58,
  "102": 64,
  "103": 0,
  "104": 0,
  "105": 0,
  "106": 0,
  "107": 0
}
[2018-02-07T00:03:54.285] [DEBUG] EMR102 - Got outbreak response
[2018-02-07T00:03:55.285] [DEBUG] VectorTimestamp - {
  "1": 0,
  "2": 0,
  "3": 0,
  "10": 150,
  "11": 0,
  "12": 0,
  "13": 0,
  "101": 58,
  "102": 65,
  "103": 0,
  "104": 0,
  "105": 0,
  "106": 0,
  "107": 0
}
[2018-02-07T00:03:55.286] [DEBUG] EMR102 - Sent outbreak request
[2018-02-07T00:03:55.288] [DEBUG] VectorTimestamp - {
  "1": 0,
  "2": 0,
  "3": 0,
  "10": 156,
  "11": 0,
  "12": 0,
  "13": 0,
  "101": 62,
  "102": 66,
  "103": 0,
  "104": 0,
  "105": 0,
  "106": 0,
  "107": 0
}
[2018-02-07T00:03:55.293] [DEBUG] EMR102 - Got outbreak response
[2018-02-07T00:03:56.287] [DEBUG] VectorTimestamp - {
  "1": 0,
  "2": 0,
  "3": 0,
  "10": 156,
  "11": 0,
  "12": 0,
  "13": 0,
  "101": 62,
  "102": 67,
  "103": 0,
  "104": 0,
  "105": 0,
  "106": 0,
  "107": 0
}
[2018-02-07T00:03:56.287] [DEBUG] EMR102 - Sent outbreak request
[2018-02-07T00:03:56.288] [DEBUG] VectorTimestamp - {
  "1": 0,
  "2": 0,
  "3": 0,
  "10": 161,
  "11": 0,
  "12": 0,
  "13": 0,
  "101": 63,
  "102": 68,
  "103": 0,
  "104": 0,
  "105": 0,
  "106": 0,
  "107": 0
}
[2018-02-07T00:03:56.288] [DEBUG] EMR102 - Got outbreak response
[2018-02-07T00:03:57.288] [DEBUG] VectorTimestamp - {
  "1": 0,
  "2": 0,
  "3": 0,
  "10": 161,
  "11": 0,
  "12": 0,
  "13": 0,
  "101": 63,
  "102": 69,
  "103": 0,
  "104": 0,
  "105": 0,
  "106": 0,
  "107": 0
}
[2018-02-07T00:03:57.288] [DEBUG] EMR102 - Sent outbreak request
[2018-02-07T00:03:57.289] [DEBUG] VectorTimestamp - {
  "1": 0,
  "2": 0,
  "3": 0,
  "10": 166,
  "11": 0,
  "12": 0,
  "13": 0,
  "101": 65,
  "102": 70,
  "103": 0,
  "104": 0,
  "105": 0,
  "106": 0,
  "107": 0
}
[2018-02-07T00:03:57.289] [DEBUG] EMR102 - Got outbreak response
[2018-02-07T00:03:57.530] [DEBUG] VectorTimestamp - {
  "1": 0,
  "2": 0,
  "3": 0,
  "10": 166,
  "11": 0,
  "12": 0,
  "13": 0,
  "101": 65,
  "102": 71,
  "103": 0,
  "104": 0,
  "105": 0,
  "106": 0,
  "107": 0
}
[2018-02-07T00:03:57.530] [DEBUG] EMR102 - Sent disease notification: Influenza (1)
[2018-02-07T00:03:57.630] [DEBUG] VectorTimestamp - {
  "1": 0,
  "2": 0,
  "3": 0,
  "10": 166,
  "11": 0,
  "12": 0,
  "13": 0,
  "101": 65,
  "102": 72,
  "103": 0,
  "104": 0,
  "105": 0,
  "106": 0,
  "107": 0
}
[2018-02-07T00:03:57.630] [DEBUG] EMR102 - Sent disease notification: Influenza (1)
[2018-02-07T00:03:58.232] [DEBUG] VectorTimestamp - {
  "1": 0,
  "2": 0,
  "3": 0,
  "10": 166,
  "11": 0,
  "12": 0,
  "13": 0,
  "101": 65,
  "102": 73,
  "103": 0,
  "104": 0,
  "105": 0,
  "106": 0,
  "107": 0
}
[2018-02-07T00:03:58.232] [DEBUG] EMR102 - Sent disease notification: Influenza (1)
[2018-02-07T00:03:58.289] [DEBUG] VectorTimestamp - {
  "1": 0,
  "2": 0,
  "3": 0,
  "10": 166,
  "11": 0,
  "12": 0,
  "13": 0,
  "101": 65,
  "102": 74,
  "103": 0,
  "104": 0,
  "105": 0,
  "106": 0,
  "107": 0
}
[2018-02-07T00:03:58.289] [DEBUG] EMR102 - Sent outbreak request
[2018-02-07T00:03:58.290] [DEBUG] VectorTimestamp - {
  "1": 0,
  "2": 0,
  "3": 0,
  "10": 174,
  "11": 0,
  "12": 0,
  "13": 0,
  "101": 67,
  "102": 75,
  "103": 0,
  "104": 0,
  "105": 0,
  "106": 0,
  "107": 0
}
[2018-02-07T00:03:58.290] [DEBUG] EMR102 - Got outbreak response
[2018-02-07T00:03:59.290] [DEBUG] VectorTimestamp - {
  "1": 0,
  "2": 0,
  "3": 0,
  "10": 174,
  "11": 0,
  "12": 0,
  "13": 0,
  "101": 67,
  "102": 76,
  "103": 0,
  "104": 0,
  "105": 0,
  "106": 0,
  "107": 0
}
[2018-02-07T00:03:59.290] [DEBUG] EMR102 - Sent outbreak request
[2018-02-07T00:03:59.291] [DEBUG] VectorTimestamp - {
  "1": 0,
  "2": 0,
  "3": 0,
  "10": 179,
  "11": 0,
  "12": 0,
  "13": 0,
  "101": 69,
  "102": 77,
  "103": 0,
  "104": 0,
  "105": 0,
  "106": 0,
  "107": 0
}
[2018-02-07T00:03:59.291] [DEBUG] EMR102 - Got outbreak response
[2018-02-07T00:03:59.435] [DEBUG] VectorTimestamp - {
  "1": 0,
  "2": 0,
  "3": 0,
  "10": 179,
  "11": 0,
  "12": 0,
  "13": 0,
  "101": 69,
  "102": 78,
  "103": 0,
  "104": 0,
  "105": 0,
  "106": 0,
  "107": 0
}
[2018-02-07T00:03:59.435] [DEBUG] EMR102 - Sent disease notification: Influenza (1)
[2018-02-07T00:04:00.237] [DEBUG] VectorTimestamp - {
  "1": 0,
  "2": 0,
  "3": 0,
  "10": 179,
  "11": 0,
  "12": 0,
  "13": 0,
  "101": 69,
  "102": 79,
  "103": 0,
  "104": 0,
  "105": 0,
  "106": 0,
  "107": 0
}
[2018-02-07T00:04:00.237] [DEBUG] EMR102 - Sent disease notification: Influenza (1)
[2018-02-07T00:04:00.291] [DEBUG] VectorTimestamp - {
  "1": 0,
  "2": 0,
  "3": 0,
  "10": 179,
  "11": 0,
  "12": 0,
  "13": 0,
  "101": 69,
  "102": 80,
  "103": 0,
  "104": 0,
  "105": 0,
  "106": 0,
  "107": 0
}
[2018-02-07T00:04:00.291] [DEBUG] EMR102 - Sent outbreak request
[2018-02-07T00:04:00.292] [DEBUG] VectorTimestamp - {
  "1": 0,
  "2": 0,
  "3": 0,
  "10": 186,
  "11": 0,
  "12": 0,
  "13": 0,
  "101": 71,
  "102": 81,
  "103": 0,
  "104": 0,
  "105": 0,
  "106": 0,
  "107": 0
}
[2018-02-07T00:04:00.292] [DEBUG] EMR102 - Got outbreak response
[2018-02-07T00:04:00.337] [DEBUG] VectorTimestamp - {
  "1": 0,
  "2": 0,
  "3": 0,
  "10": 186,
  "11": 0,
  "12": 0,
  "13": 0,
  "101": 71,
  "102": 82,
  "103": 0,
  "104": 0,
  "105": 0,
  "106": 0,
  "107": 0
}
[2018-02-07T00:04:00.337] [DEBUG] EMR102 - Sent disease notification: Influenza (1)
[2018-02-07T00:04:01.039] [DEBUG] VectorTimestamp - {
  "1": 0,
  "2": 0,
  "3": 0,
  "10": 186,
  "11": 0,
  "12": 0,
  "13": 0,
  "101": 71,
  "102": 83,
  "103": 0,
  "104": 0,
  "105": 0,
  "106": 0,
  "107": 0
}
[2018-02-07T00:04:01.039] [DEBUG] EMR102 - Sent disease notification: Influenza (1)
[2018-02-07T00:04:01.292] [DEBUG] VectorTimestamp - {
  "1": 0,
  "2": 0,
  "3": 0,
  "10": 186,
  "11": 0,
  "12": 0,
  "13": 0,
  "101": 71,
  "102": 84,
  "103": 0,
  "104": 0,
  "105": 0,
  "106": 0,
  "107": 0
}
[2018-02-07T00:04:01.292] [DEBUG] EMR102 - Sent outbreak request
[2018-02-07T00:04:01.294] [DEBUG] VectorTimestamp - {
  "1": 0,
  "2": 0,
  "3": 0,
  "10": 193,
  "11": 0,
  "12": 0,
  "13": 0,
  "101": 73,
  "102": 85,
  "103": 0,
  "104": 0,
  "105": 0,
  "106": 0,
  "107": 0
}
[2018-02-07T00:04:01.294] [DEBUG] EMR102 - Got outbreak response
[2018-02-07T00:04:02.042] [DEBUG] VectorTimestamp - {
  "1": 0,
  "2": 0,
  "3": 0,
  "10": 193,
  "11": 0,
  "12": 0,
  "13": 0,
  "101": 73,
  "102": 86,
  "103": 0,
  "104": 0,
  "105": 0,
  "106": 0,
  "107": 0
}
[2018-02-07T00:04:02.042] [DEBUG] EMR102 - Sent disease notification: Influenza (1)
[2018-02-07T00:04:02.293] [DEBUG] VectorTimestamp - {
  "1": 0,
  "2": 0,
  "3": 0,
  "10": 193,
  "11": 0,
  "12": 0,
  "13": 0,
  "101": 73,
  "102": 87,
  "103": 0,
  "104": 0,
  "105": 0,
  "106": 0,
  "107": 0
}
[2018-02-07T00:04:02.293] [DEBUG] EMR102 - Sent outbreak request
[2018-02-07T00:04:02.295] [DEBUG] VectorTimestamp - {
  "1": 0,
  "2": 0,
  "3": 0,
  "10": 199,
  "11": 0,
  "12": 0,
  "13": 0,
  "101": 75,
  "102": 88,
  "103": 0,
  "104": 0,
  "105": 0,
  "106": 0,
  "107": 0
}
[2018-02-07T00:04:02.295] [DEBUG] EMR102 - Got outbreak response
[2018-02-07T00:04:03.294] [DEBUG] VectorTimestamp - {
  "1": 0,
  "2": 0,
  "3": 0,
  "10": 199,
  "11": 0,
  "12": 0,
  "13": 0,
  "101": 75,
  "102": 89,
  "103": 0,
  "104": 0,
  "105": 0,
  "106": 0,
  "107": 0
}
[2018-02-07T00:04:03.295] [DEBUG] EMR102 - Sent outbreak request
[2018-02-07T00:04:03.296] [DEBUG] VectorTimestamp - {
  "1": 0,
  "2": 0,
  "3": 0,
  "10": 204,
  "11": 0,
  "12": 0,
  "13": 0,
  "101": 77,
  "102": 90,
  "103": 0,
  "104": 0,
  "105": 0,
  "106": 0,
  "107": 0
}
[2018-02-07T00:04:03.296] [DEBUG] EMR102 - Got outbreak response
[2018-02-07T00:04:03.446] [DEBUG] VectorTimestamp - {
  "1": 0,
  "2": 0,
  "3": 0,
  "10": 204,
  "11": 0,
  "12": 0,
  "13": 0,
  "101": 77,
  "102": 91,
  "103": 0,
  "104": 0,
  "105": 0,
  "106": 0,
  "107": 0
}
[2018-02-07T00:04:03.446] [DEBUG] EMR102 - Sent disease notification: Influenza (1)
[2018-02-07T00:04:04.295] [DEBUG] VectorTimestamp - {
  "1": 0,
  "2": 0,
  "3": 0,
  "10": 204,
  "11": 0,
  "12": 0,
  "13": 0,
  "101": 77,
  "102": 92,
  "103": 0,
  "104": 0,
  "105": 0,
  "106": 0,
  "107": 0
}
[2018-02-07T00:04:04.295] [DEBUG] EMR102 - Sent outbreak request
[2018-02-07T00:04:04.296] [DEBUG] VectorTimestamp - {
  "1": 0,
  "2": 0,
  "3": 0,
  "10": 210,
  "11": 0,
  "12": 0,
  "13": 0,
  "101": 79,
  "102": 93,
  "103": 0,
  "104": 0,
  "105": 0,
  "106": 0,
  "107": 0
}
[2018-02-07T00:04:04.296] [DEBUG] EMR102 - Got outbreak response
[2018-02-07T00:04:04.749] [DEBUG] VectorTimestamp - {
  "1": 0,
  "2": 0,
  "3": 0,
  "10": 210,
  "11": 0,
  "12": 0,
  "13": 0,
  "101": 79,
  "102": 94,
  "103": 0,
  "104": 0,
  "105": 0,
  "106": 0,
  "107": 0
}
[2018-02-07T00:04:04.749] [DEBUG] EMR102 - Sent disease notification: Influenza (1)
[2018-02-07T00:04:05.296] [DEBUG] VectorTimestamp - {
  "1": 0,
  "2": 0,
  "3": 0,
  "10": 210,
  "11": 0,
  "12": 0,
  "13": 0,
  "101": 79,
  "102": 95,
  "103": 0,
  "104": 0,
  "105": 0,
  "106": 0,
  "107": 0
}
[2018-02-07T00:04:05.296] [DEBUG] EMR102 - Sent outbreak request
[2018-02-07T00:04:05.297] [DEBUG] VectorTimestamp - {
  "1": 0,
  "2": 0,
  "3": 0,
  "10": 216,
  "11": 0,
  "12": 0,
  "13": 0,
  "101": 81,
  "102": 96,
  "103": 0,
  "104": 0,
  "105": 0,
  "106": 0,
  "107": 0
}
[2018-02-07T00:04:05.297] [DEBUG] EMR102 - Got outbreak response
[2018-02-07T00:04:06.051] [DEBUG] VectorTimestamp - {
  "1": 0,
  "2": 0,
  "3": 0,
  "10": 216,
  "11": 0,
  "12": 0,
  "13": 0,
  "101": 81,
  "102": 97,
  "103": 0,
  "104": 0,
  "105": 0,
  "106": 0,
  "107": 0
}
[2018-02-07T00:04:06.051] [DEBUG] EMR102 - Sent disease notification: Influenza (1)
[2018-02-07T00:04:06.297] [DEBUG] VectorTimestamp - {
  "1": 0,
  "2": 0,
  "3": 0,
  "10": 216,
  "11": 0,
  "12": 0,
  "13": 0,
  "101": 81,
  "102": 98,
  "103": 0,
  "104": 0,
  "105": 0,
  "106": 0,
  "107": 0
}
[2018-02-07T00:04:06.297] [DEBUG] EMR102 - Sent outbreak request
[2018-02-07T00:04:06.303] [DEBUG] VectorTimestamp - {
  "1": 0,
  "2": 0,
  "3": 0,
  "10": 224,
  "11": 0,
  "12": 0,
  "13": 0,
  "101": 86,
  "102": 99,
  "103": 0,
  "104": 0,
  "105": 0,
  "106": 0,
  "107": 0
}
[2018-02-07T00:04:06.303] [DEBUG] EMR102 - Got outbreak response
[2018-02-07T00:04:07.298] [DEBUG] VectorTimestamp - {
  "1": 0,
  "2": 0,
  "3": 0,
  "10": 224,
  "11": 0,
  "12": 0,
  "13": 0,
  "101": 86,
  "102": 100,
  "103": 0,
  "104": 0,
  "105": 0,
  "106": 0,
  "107": 0
}
[2018-02-07T00:04:07.298] [DEBUG] EMR102 - Sent outbreak request
[2018-02-07T00:04:07.299] [DEBUG] VectorTimestamp - {
  "1": 0,
  "2": 0,
  "3": 0,
  "10": 230,
  "11": 0,
  "12": 0,
  "13": 0,
  "101": 89,
  "102": 101,
  "103": 0,
  "104": 0,
  "105": 0,
  "106": 0,
  "107": 0
}
[2018-02-07T00:04:07.299] [DEBUG] EMR102 - Got outbreak response
[2018-02-07T00:04:07.957] [DEBUG] VectorTimestamp - {
  "1": 0,
  "2": 0,
  "3": 0,
  "10": 230,
  "11": 0,
  "12": 0,
  "13": 0,
  "101": 89,
  "102": 102,
  "103": 0,
  "104": 0,
  "105": 0,
  "106": 0,
  "107": 0
}
[2018-02-07T00:04:07.957] [DEBUG] EMR102 - Sent disease notification: Influenza (1)
[2018-02-07T00:04:08.298] [DEBUG] VectorTimestamp - {
  "1": 0,
  "2": 0,
  "3": 0,
  "10": 230,
  "11": 0,
  "12": 0,
  "13": 0,
  "101": 89,
  "102": 103,
  "103": 0,
  "104": 0,
  "105": 0,
  "106": 0,
  "107": 0
}
[2018-02-07T00:04:08.298] [DEBUG] EMR102 - Sent outbreak request
[2018-02-07T00:04:08.299] [DEBUG] VectorTimestamp - {
  "1": 0,
  "2": 0,
  "3": 0,
  "10": 236,
  "11": 0,
  "12": 0,
  "13": 0,
  "101": 90,
  "102": 104,
  "103": 0,
  "104": 0,
  "105": 0,
  "106": 0,
  "107": 0
}
[2018-02-07T00:04:08.299] [DEBUG] EMR102 - Got outbreak response
[2018-02-07T00:04:08.357] [DEBUG] VectorTimestamp - {
  "1": 0,
  "2": 0,
  "3": 0,
  "10": 236,
  "11": 0,
  "12": 0,
  "13": 0,
  "101": 90,
  "102": 105,
  "103": 0,
  "104": 0,
  "105": 0,
  "106": 0,
  "107": 0
}
[2018-02-07T00:04:08.357] [DEBUG] EMR102 - Sent disease notification: Influenza (1)
[2018-02-07T00:04:08.958] [DEBUG] VectorTimestamp - {
  "1": 0,
  "2": 0,
  "3": 0,
  "10": 236,
  "11": 0,
  "12": 0,
  "13": 0,
  "101": 90,
  "102": 106,
  "103": 0,
  "104": 0,
  "105": 0,
  "106": 0,
  "107": 0
}
[2018-02-07T00:04:08.958] [DEBUG] EMR102 - Sent disease notification: Influenza (1)
[2018-02-07T00:04:09.059] [DEBUG] VectorTimestamp - {
  "1": 0,
  "2": 0,
  "3": 0,
  "10": 236,
  "11": 0,
  "12": 0,
  "13": 0,
  "101": 90,
  "102": 107,
  "103": 0,
  "104": 0,
  "105": 0,
  "106": 0,
  "107": 0
}
[2018-02-07T00:04:09.059] [DEBUG] EMR102 - Sent disease notification: Influenza (1)
[2018-02-07T00:04:09.299] [DEBUG] VectorTimestamp - {
  "1": 0,
  "2": 0,
  "3": 0,
  "10": 236,
  "11": 0,
  "12": 0,
  "13": 0,
  "101": 90,
  "102": 108,
  "103": 0,
  "104": 0,
  "105": 0,
  "106": 0,
  "107": 0
}
[2018-02-07T00:04:09.299] [DEBUG] EMR102 - Sent outbreak request
[2018-02-07T00:04:09.300] [DEBUG] VectorTimestamp - {
  "1": 0,
  "2": 0,
  "3": 0,
  "10": 245,
  "11": 0,
  "12": 0,
  "13": 0,
  "101": 94,
  "102": 109,
  "103": 0,
  "104": 0,
  "105": 0,
  "106": 0,
  "107": 0
}
[2018-02-07T00:04:09.300] [DEBUG] EMR102 - Got outbreak response
[2018-02-07T00:04:09.761] [DEBUG] VectorTimestamp - {
  "1": 0,
  "2": 0,
  "3": 0,
  "10": 245,
  "11": 0,
  "12": 0,
  "13": 0,
  "101": 94,
  "102": 110,
  "103": 0,
  "104": 0,
  "105": 0,
  "106": 0,
  "107": 0
}
[2018-02-07T00:04:09.761] [DEBUG] EMR102 - Sent disease notification: Influenza (1)
[2018-02-07T00:04:10.062] [DEBUG] VectorTimestamp - {
  "1": 0,
  "2": 0,
  "3": 0,
  "10": 245,
  "11": 0,
  "12": 0,
  "13": 0,
  "101": 94,
  "102": 111,
  "103": 0,
  "104": 0,
  "105": 0,
  "106": 0,
  "107": 0
}
[2018-02-07T00:04:10.062] [DEBUG] EMR102 - Sent disease notification: Influenza (1)
[2018-02-07T00:04:10.300] [DEBUG] VectorTimestamp - {
  "1": 0,
  "2": 0,
  "3": 0,
  "10": 245,
  "11": 0,
  "12": 0,
  "13": 0,
  "101": 94,
  "102": 112,
  "103": 0,
  "104": 0,
  "105": 0,
  "106": 0,
  "107": 0
}
[2018-02-07T00:04:10.300] [DEBUG] EMR102 - Sent outbreak request
[2018-02-07T00:04:10.301] [DEBUG] VectorTimestamp - {
  "1": 0,
  "2": 0,
  "3": 0,
  "10": 253,
  "11": 0,
  "12": 0,
  "13": 0,
  "101": 97,
  "102": 113,
  "103": 0,
  "104": 0,
  "105": 0,
  "106": 0,
  "107": 0
}
[2018-02-07T00:04:10.301] [DEBUG] EMR102 - Got outbreak response
[2018-02-07T00:04:11.300] [DEBUG] VectorTimestamp - {
  "1": 0,
  "2": 0,
  "3": 0,
  "10": 253,
  "11": 0,
  "12": 0,
  "13": 0,
  "101": 97,
  "102": 114,
  "103": 0,
  "104": 0,
  "105": 0,
  "106": 0,
  "107": 0
}
[2018-02-07T00:04:11.300] [DEBUG] EMR102 - Sent outbreak request
[2018-02-07T00:04:11.301] [DEBUG] VectorTimestamp - {
  "1": 0,
  "2": 0,
  "3": 0,
  "10": 260,
  "11": 0,
  "12": 0,
  "13": 0,
  "101": 101,
  "102": 115,
  "103": 0,
  "104": 0,
  "105": 0,
  "106": 0,
  "107": 0
}
[2018-02-07T00:04:11.301] [DEBUG] EMR102 - Got outbreak response
[2018-02-07T00:04:12.301] [DEBUG] VectorTimestamp - {
  "1": 0,
  "2": 0,
  "3": 0,
  "10": 260,
  "11": 0,
  "12": 0,
  "13": 0,
  "101": 101,
  "102": 116,
  "103": 0,
  "104": 0,
  "105": 0,
  "106": 0,
  "107": 0
}
[2018-02-07T00:04:12.301] [DEBUG] EMR102 - Sent outbreak request
[2018-02-07T00:04:12.302] [DEBUG] VectorTimestamp - {
  "1": 0,
  "2": 0,
  "3": 0,
  "10": 265,
  "11": 0,
  "12": 0,
  "13": 0,
  "101": 102,
  "102": 117,
  "103": 0,
  "104": 0,
  "105": 0,
  "106": 0,
  "107": 0
}
[2018-02-07T00:04:12.302] [DEBUG] EMR102 - Got outbreak response
[2018-02-07T00:04:12.969] [DEBUG] VectorTimestamp - {
  "1": 0,
  "2": 0,
  "3": 0,
  "10": 265,
  "11": 0,
  "12": 0,
  "13": 0,
  "101": 102,
  "102": 118,
  "103": 0,
  "104": 0,
  "105": 0,
  "106": 0,
  "107": 0
}
[2018-02-07T00:04:12.969] [DEBUG] EMR102 - Sent disease notification: Influenza (1)
[2018-02-07T00:04:13.302] [DEBUG] VectorTimestamp - {
  "1": 0,
  "2": 0,
  "3": 0,
  "10": 265,
  "11": 0,
  "12": 0,
  "13": 0,
  "101": 102,
  "102": 119,
  "103": 0,
  "104": 0,
  "105": 0,
  "106": 0,
  "107": 0
}
[2018-02-07T00:04:13.302] [DEBUG] EMR102 - Sent outbreak request
[2018-02-07T00:04:13.303] [DEBUG] VectorTimestamp - {
  "1": 0,
  "2": 0,
  "3": 0,
  "10": 272,
  "11": 0,
  "12": 0,
  "13": 0,
  "101": 106,
  "102": 120,
  "103": 0,
  "104": 0,
  "105": 0,
  "106": 0,
  "107": 0
}
[2018-02-07T00:04:13.303] [DEBUG] EMR102 - Got outbreak response
[2018-02-07T00:04:14.302] [DEBUG] VectorTimestamp - {
  "1": 0,
  "2": 0,
  "3": 0,
  "10": 272,
  "11": 0,
  "12": 0,
  "13": 0,
  "101": 106,
  "102": 121,
  "103": 0,
  "104": 0,
  "105": 0,
  "106": 0,
  "107": 0
}
[2018-02-07T00:04:14.302] [DEBUG] EMR102 - Sent outbreak request
[2018-02-07T00:04:14.303] [DEBUG] VectorTimestamp - {
  "1": 0,
  "2": 0,
  "3": 0,
  "10": 277,
  "11": 0,
  "12": 0,
  "13": 0,
  "101": 107,
  "102": 122,
  "103": 0,
  "104": 0,
  "105": 0,
  "106": 0,
  "107": 0
}
[2018-02-07T00:04:14.303] [DEBUG] EMR102 - Got outbreak response
[2018-02-07T00:04:14.773] [DEBUG] VectorTimestamp - {
  "1": 0,
  "2": 0,
  "3": 0,
  "10": 277,
  "11": 0,
  "12": 0,
  "13": 0,
  "101": 107,
  "102": 123,
  "103": 0,
  "104": 0,
  "105": 0,
  "106": 0,
  "107": 0
}
[2018-02-07T00:04:14.773] [DEBUG] EMR102 - Sent disease notification: Influenza (1)
[2018-02-07T00:04:15.303] [DEBUG] VectorTimestamp - {
  "1": 0,
  "2": 0,
  "3": 0,
  "10": 277,
  "11": 0,
  "12": 0,
  "13": 0,
  "101": 107,
  "102": 124,
  "103": 0,
  "104": 0,
  "105": 0,
  "106": 0,
  "107": 0
}
[2018-02-07T00:04:15.303] [DEBUG] EMR102 - Sent outbreak request
[2018-02-07T00:04:15.304] [DEBUG] VectorTimestamp - {
  "1": 0,
  "2": 0,
  "3": 0,
  "10": 283,
  "11": 0,
  "12": 0,
  "13": 0,
  "101": 109,
  "102": 125,
  "103": 0,
  "104": 0,
  "105": 0,
  "106": 0,
  "107": 0
}
[2018-02-07T00:04:15.304] [DEBUG] EMR102 - Got outbreak response
[2018-02-07T00:04:16.277] [DEBUG] VectorTimestamp - {
  "1": 0,
  "2": 0,
  "3": 0,
  "10": 283,
  "11": 0,
  "12": 0,
  "13": 0,
  "101": 109,
  "102": 126,
  "103": 0,
  "104": 0,
  "105": 0,
  "106": 0,
  "107": 0
}
[2018-02-07T00:04:16.277] [DEBUG] EMR102 - Sent disease notification: Influenza (1)
[2018-02-07T00:04:16.304] [DEBUG] VectorTimestamp - {
  "1": 0,
  "2": 0,
  "3": 0,
  "10": 283,
  "11": 0,
  "12": 0,
  "13": 0,
  "101": 109,
  "102": 127,
  "103": 0,
  "104": 0,
  "105": 0,
  "106": 0,
  "107": 0
}
[2018-02-07T00:04:16.304] [DEBUG] EMR102 - Sent outbreak request
[2018-02-07T00:04:16.305] [DEBUG] VectorTimestamp - {
  "1": 0,
  "2": 0,
  "3": 0,
  "10": 291,
  "11": 0,
  "12": 0,
  "13": 0,
  "101": 114,
  "102": 128,
  "103": 0,
  "104": 0,
  "105": 0,
  "106": 0,
  "107": 0
}
[2018-02-07T00:04:16.305] [DEBUG] EMR102 - Got outbreak response
[2018-02-07T00:04:16.577] [DEBUG] VectorTimestamp - {
  "1": 0,
  "2": 0,
  "3": 0,
  "10": 291,
  "11": 0,
  "12": 0,
  "13": 0,
  "101": 114,
  "102": 129,
  "103": 0,
  "104": 0,
  "105": 0,
  "106": 0,
  "107": 0
}
[2018-02-07T00:04:16.577] [DEBUG] EMR102 - Sent disease notification: Influenza (1)
[2018-02-07T00:04:17.079] [DEBUG] VectorTimestamp - {
  "1": 0,
  "2": 0,
  "3": 0,
  "10": 291,
  "11": 0,
  "12": 0,
  "13": 0,
  "101": 114,
  "102": 130,
  "103": 0,
  "104": 0,
  "105": 0,
  "106": 0,
  "107": 0
}
[2018-02-07T00:04:17.079] [DEBUG] EMR102 - Sent disease notification: Influenza (1)
[2018-02-07T00:04:17.304] [DEBUG] VectorTimestamp - {
  "1": 0,
  "2": 0,
  "3": 0,
  "10": 291,
  "11": 0,
  "12": 0,
  "13": 0,
  "101": 114,
  "102": 131,
  "103": 0,
  "104": 0,
  "105": 0,
  "106": 0,
  "107": 0
}
[2018-02-07T00:04:17.304] [DEBUG] EMR102 - Sent outbreak request
[2018-02-07T00:04:17.305] [DEBUG] VectorTimestamp - {
  "1": 0,
  "2": 0,
  "3": 0,
  "10": 298,
  "11": 0,
  "12": 0,
  "13": 0,
  "101": 115,
  "102": 132,
  "103": 0,
  "104": 0,
  "105": 0,
  "106": 0,
  "107": 0
}
[2018-02-07T00:04:17.305] [DEBUG] EMR102 - Got outbreak response
[2018-02-07T00:04:17.579] [DEBUG] VectorTimestamp - {
  "1": 0,
  "2": 0,
  "3": 0,
  "10": 298,
  "11": 0,
  "12": 0,
  "13": 0,
  "101": 115,
  "102": 133,
  "103": 0,
  "104": 0,
  "105": 0,
  "106": 0,
  "107": 0
}
[2018-02-07T00:04:17.579] [DEBUG] EMR102 - Sent disease notification: Influenza (1)
[2018-02-07T00:04:17.679] [DEBUG] VectorTimestamp - {
  "1": 0,
  "2": 0,
  "3": 0,
  "10": 298,
  "11": 0,
  "12": 0,
  "13": 0,
  "101": 115,
  "102": 134,
  "103": 0,
  "104": 0,
  "105": 0,
  "106": 0,
  "107": 0
}
[2018-02-07T00:04:17.679] [DEBUG] EMR102 - Sent disease notification: Influenza (1)
[2018-02-07T00:04:18.181] [DEBUG] VectorTimestamp - {
  "1": 0,
  "2": 0,
  "3": 0,
  "10": 298,
  "11": 0,
  "12": 0,
  "13": 0,
  "101": 115,
  "102": 135,
  "103": 0,
  "104": 0,
  "105": 0,
  "106": 0,
  "107": 0
}
[2018-02-07T00:04:18.181] [DEBUG] EMR102 - Sent disease notification: Influenza (1)
[2018-02-07T00:04:18.305] [DEBUG] VectorTimestamp - {
  "1": 0,
  "2": 0,
  "3": 0,
  "10": 298,
  "11": 0,
  "12": 0,
  "13": 0,
  "101": 115,
  "102": 136,
  "103": 0,
  "104": 0,
  "105": 0,
  "106": 0,
  "107": 0
}
[2018-02-07T00:04:18.305] [DEBUG] EMR102 - Sent outbreak request
[2018-02-07T00:04:18.306] [DEBUG] VectorTimestamp - {
  "1": 0,
  "2": 0,
  "3": 0,
  "10": 306,
  "11": 0,
  "12": 0,
  "13": 0,
  "101": 117,
  "102": 137,
  "103": 0,
  "104": 0,
  "105": 0,
  "106": 0,
  "107": 0
}
[2018-02-07T00:04:18.306] [DEBUG] EMR102 - Got outbreak response
[2018-02-07T00:04:18.782] [DEBUG] VectorTimestamp - {
  "1": 0,
  "2": 0,
  "3": 0,
  "10": 306,
  "11": 0,
  "12": 0,
  "13": 0,
  "101": 117,
  "102": 138,
  "103": 0,
  "104": 0,
  "105": 0,
  "106": 0,
  "107": 0
}
[2018-02-07T00:04:18.782] [DEBUG] EMR102 - Sent disease notification: Influenza (1)
[2018-02-07T00:04:19.306] [DEBUG] VectorTimestamp - {
  "1": 0,
  "2": 0,
  "3": 0,
  "10": 306,
  "11": 0,
  "12": 0,
  "13": 0,
  "101": 117,
  "102": 139,
  "103": 0,
  "104": 0,
  "105": 0,
  "106": 0,
  "107": 0
}
[2018-02-07T00:04:19.306] [DEBUG] EMR102 - Sent outbreak request
[2018-02-07T00:04:19.307] [DEBUG] VectorTimestamp - {
  "1": 0,
  "2": 0,
  "3": 0,
  "10": 312,
  "11": 0,
  "12": 0,
  "13": 0,
  "101": 119,
  "102": 140,
  "103": 0,
  "104": 0,
  "105": 0,
  "106": 0,
  "107": 0
}
[2018-02-07T00:04:19.307] [DEBUG] EMR102 - Got outbreak response
[2018-02-07T00:04:20.286] [DEBUG] VectorTimestamp - {
  "1": 0,
  "2": 0,
  "3": 0,
  "10": 312,
  "11": 0,
  "12": 0,
  "13": 0,
  "101": 119,
  "102": 141,
  "103": 0,
  "104": 0,
  "105": 0,
  "106": 0,
  "107": 0
}
[2018-02-07T00:04:20.286] [DEBUG] EMR102 - Sent disease notification: Influenza (1)
[2018-02-07T00:04:20.306] [DEBUG] VectorTimestamp - {
  "1": 0,
  "2": 0,
  "3": 0,
  "10": 312,
  "11": 0,
  "12": 0,
  "13": 0,
  "101": 119,
  "102": 142,
  "103": 0,
  "104": 0,
  "105": 0,
  "106": 0,
  "107": 0
}
[2018-02-07T00:04:20.306] [DEBUG] EMR102 - Sent outbreak request
[2018-02-07T00:04:20.307] [DEBUG] VectorTimestamp - {
  "1": 290,
  "2": 0,
  "3": 0,
  "10": 319,
  "11": 307,
  "12": 310,
  "13": 191,
  "101": 121,
  "102": 143,
  "103": 123,
  "104": 130,
  "105": 128,
  "106": 128,
  "107": 138
}
[2018-02-07T00:04:20.307] [DEBUG] EMR102 - Got outbreak response
[2018-02-07T00:04:20.308] [INFO] EMR102 - Outbreaks: [
  {
    "time": "Wed Feb 07 2018 00:04:19 GMT-0700 (Mountain Standard Time)",
    "infections": 122,
    "type": 1,
    "name": "Influenza"
  }
]
[2018-02-07T00:04:20.687] [DEBUG] VectorTimestamp - {
  "1": 290,
  "2": 0,
  "3": 0,
  "10": 319,
  "11": 307,
  "12": 310,
  "13": 191,
  "101": 121,
  "102": 144,
  "103": 123,
  "104": 130,
  "105": 128,
  "106": 128,
  "107": 138
}
[2018-02-07T00:04:20.687] [DEBUG] EMR102 - Sent disease notification: Influenza (1)
[2018-02-07T00:04:21.307] [DEBUG] VectorTimestamp - {
  "1": 290,
  "2": 0,
  "3": 0,
  "10": 319,
  "11": 307,
  "12": 310,
  "13": 191,
  "101": 121,
  "102": 145,
  "103": 123,
  "104": 130,
  "105": 128,
  "106": 128,
  "107": 138
}
[2018-02-07T00:04:21.307] [DEBUG] EMR102 - Sent outbreak request
[2018-02-07T00:04:21.308] [DEBUG] VectorTimestamp - {
  "1": 300,
  "2": 0,
  "3": 0,
  "10": 327,
  "11": 315,
  "12": 317,
  "13": 196,
  "101": 125,
  "102": 146,
  "103": 126,
  "104": 133,
  "105": 131,
  "106": 130,
  "107": 141
}
[2018-02-07T00:04:21.308] [DEBUG] EMR102 - Got outbreak response
[2018-02-07T00:04:21.308] [INFO] EMR102 - Outbreaks: [
  {
    "time": "Wed Feb 07 2018 00:04:19 GMT-0700 (Mountain Standard Time)",
    "infections": 122,
    "type": 1,
    "name": "Influenza"
  },
  {
    "time": "Wed Feb 07 2018 00:04:21 GMT-0700 (Mountain Standard Time)",
    "infections": 121,
    "type": 1,
    "name": "Influenza"
  }
]
[2018-02-07T00:04:22.308] [DEBUG] VectorTimestamp - {
  "1": 300,
  "2": 0,
  "3": 0,
  "10": 327,
  "11": 315,
  "12": 317,
  "13": 196,
  "101": 125,
  "102": 147,
  "103": 126,
  "104": 133,
  "105": 131,
  "106": 130,
  "107": 141
}
[2018-02-07T00:04:22.308] [DEBUG] EMR102 - Sent outbreak request
[2018-02-07T00:04:22.309] [DEBUG] VectorTimestamp - {
  "1": 300,
  "2": 0,
  "3": 0,
  "10": 335,
  "11": 315,
  "12": 317,
  "13": 196,
  "101": 130,
  "102": 148,
  "103": 126,
  "104": 133,
  "105": 131,
  "106": 130,
  "107": 141
}
[2018-02-07T00:04:22.309] [DEBUG] EMR102 - Got outbreak response
[2018-02-07T00:04:22.309] [INFO] EMR102 - Outbreaks: [
  {
    "time": "Wed Feb 07 2018 00:04:19 GMT-0700 (Mountain Standard Time)",
    "infections": 122,
    "type": 1,
    "name": "Influenza"
  },
  {
    "time": "Wed Feb 07 2018 00:04:21 GMT-0700 (Mountain Standard Time)",
    "infections": 121,
    "type": 1,
    "name": "Influenza"
  }
]
[2018-02-07T00:04:22.693] [DEBUG] VectorTimestamp - {
  "1": 300,
  "2": 0,
  "3": 0,
  "10": 335,
  "11": 315,
  "12": 317,
  "13": 196,
  "101": 130,
  "102": 149,
  "103": 126,
  "104": 133,
  "105": 131,
  "106": 130,
  "107": 141
}
[2018-02-07T00:04:22.693] [DEBUG] EMR102 - Sent disease notification: Influenza (1)
[2018-02-07T00:04:23.194] [DEBUG] VectorTimestamp - {
  "1": 300,
  "2": 0,
  "3": 0,
  "10": 335,
  "11": 315,
  "12": 317,
  "13": 196,
  "101": 130,
  "102": 150,
  "103": 126,
  "104": 133,
  "105": 131,
  "106": 130,
  "107": 141
}
[2018-02-07T00:04:23.194] [DEBUG] EMR102 - Sent disease notification: Influenza (1)
[2018-02-07T00:04:23.308] [DEBUG] VectorTimestamp - {
  "1": 300,
  "2": 0,
  "3": 0,
  "10": 335,
  "11": 315,
  "12": 317,
  "13": 196,
  "101": 130,
  "102": 151,
  "103": 126,
  "104": 133,
  "105": 131,
  "106": 130,
  "107": 141
}
[2018-02-07T00:04:23.308] [DEBUG] EMR102 - Sent outbreak request
[2018-02-07T00:04:23.309] [DEBUG] VectorTimestamp - {
  "1": 300,
  "2": 0,
  "3": 0,
  "10": 342,
  "11": 315,
  "12": 317,
  "13": 196,
  "101": 131,
  "102": 152,
  "103": 126,
  "104": 133,
  "105": 131,
  "106": 130,
  "107": 141
}
[2018-02-07T00:04:23.310] [DEBUG] EMR102 - Got outbreak response
[2018-02-07T00:04:23.310] [INFO] EMR102 - Outbreaks: [
  {
    "time": "Wed Feb 07 2018 00:04:19 GMT-0700 (Mountain Standard Time)",
    "infections": 122,
    "type": 1,
    "name": "Influenza"
  },
  {
    "time": "Wed Feb 07 2018 00:04:21 GMT-0700 (Mountain Standard Time)",
    "infections": 121,
    "type": 1,
    "name": "Influenza"
  }
]
[2018-02-07T00:04:24.309] [DEBUG] VectorTimestamp - {
  "1": 300,
  "2": 0,
  "3": 0,
  "10": 342,
  "11": 315,
  "12": 317,
  "13": 196,
  "101": 131,
  "102": 153,
  "103": 126,
  "104": 133,
  "105": 131,
  "106": 130,
  "107": 141
}
[2018-02-07T00:04:24.309] [DEBUG] EMR102 - Sent outbreak request
[2018-02-07T00:04:24.311] [DEBUG] VectorTimestamp - {
  "1": 300,
  "2": 0,
  "3": 0,
  "10": 348,
  "11": 315,
  "12": 317,
  "13": 196,
  "101": 135,
  "102": 154,
  "103": 126,
  "104": 133,
  "105": 131,
  "106": 130,
  "107": 141
}
[2018-02-07T00:04:24.311] [DEBUG] EMR102 - Got outbreak response
[2018-02-07T00:04:24.311] [INFO] EMR102 - Outbreaks: [
  {
    "time": "Wed Feb 07 2018 00:04:19 GMT-0700 (Mountain Standard Time)",
    "infections": 122,
    "type": 1,
    "name": "Influenza"
  },
  {
    "time": "Wed Feb 07 2018 00:04:21 GMT-0700 (Mountain Standard Time)",
    "infections": 121,
    "type": 1,
    "name": "Influenza"
  }
]
[2018-02-07T00:04:25.310] [DEBUG] VectorTimestamp - {
  "1": 300,
  "2": 0,
  "3": 0,
  "10": 348,
  "11": 315,
  "12": 317,
  "13": 196,
  "101": 135,
  "102": 155,
  "103": 126,
  "104": 133,
  "105": 131,
  "106": 130,
  "107": 141
}
[2018-02-07T00:04:25.310] [DEBUG] EMR102 - Sent outbreak request
[2018-02-07T00:04:25.311] [DEBUG] VectorTimestamp - {
  "1": 300,
  "2": 0,
  "3": 0,
  "10": 355,
  "11": 315,
  "12": 317,
  "13": 196,
  "101": 139,
  "102": 156,
  "103": 126,
  "104": 133,
  "105": 131,
  "106": 130,
  "107": 141
}
[2018-02-07T00:04:25.312] [DEBUG] EMR102 - Got outbreak response
[2018-02-07T00:04:25.312] [INFO] EMR102 - Outbreaks: [
  {
    "time": "Wed Feb 07 2018 00:04:19 GMT-0700 (Mountain Standard Time)",
    "infections": 122,
    "type": 1,
    "name": "Influenza"
  },
  {
    "time": "Wed Feb 07 2018 00:04:21 GMT-0700 (Mountain Standard Time)",
    "infections": 121,
    "type": 1,
    "name": "Influenza"
  }
]
[2018-02-07T00:04:26.311] [DEBUG] VectorTimestamp - {
  "1": 300,
  "2": 0,
  "3": 0,
  "10": 355,
  "11": 315,
  "12": 317,
  "13": 196,
  "101": 139,
  "102": 157,
  "103": 126,
  "104": 133,
  "105": 131,
  "106": 130,
  "107": 141
}
[2018-02-07T00:04:26.311] [DEBUG] EMR102 - Sent outbreak request
[2018-02-07T00:04:26.312] [DEBUG] VectorTimestamp - {
  "1": 300,
  "2": 0,
  "3": 0,
  "10": 360,
  "11": 315,
  "12": 317,
  "13": 196,
  "101": 140,
  "102": 158,
  "103": 126,
  "104": 133,
  "105": 131,
  "106": 130,
  "107": 141
}
[2018-02-07T00:04:26.312] [DEBUG] EMR102 - Got outbreak response
[2018-02-07T00:04:26.312] [INFO] EMR102 - Outbreaks: [
  {
    "time": "Wed Feb 07 2018 00:04:19 GMT-0700 (Mountain Standard Time)",
    "infections": 122,
    "type": 1,
    "name": "Influenza"
  },
  {
    "time": "Wed Feb 07 2018 00:04:21 GMT-0700 (Mountain Standard Time)",
    "infections": 121,
    "type": 1,
    "name": "Influenza"
  }
]
[2018-02-07T00:04:27.313] [DEBUG] VectorTimestamp - {
  "1": 300,
  "2": 0,
  "3": 0,
  "10": 360,
  "11": 315,
  "12": 317,
  "13": 196,
  "101": 140,
  "102": 159,
  "103": 126,
  "104": 133,
  "105": 131,
  "106": 130,
  "107": 141
}
[2018-02-07T00:04:27.313] [DEBUG] EMR102 - Sent outbreak request
[2018-02-07T00:04:27.314] [DEBUG] VectorTimestamp - {
  "1": 300,
  "2": 0,
  "3": 0,
  "10": 365,
  "11": 315,
  "12": 317,
  "13": 196,
  "101": 142,
  "102": 160,
  "103": 126,
  "104": 133,
  "105": 131,
  "106": 130,
  "107": 141
}
[2018-02-07T00:04:27.314] [DEBUG] EMR102 - Got outbreak response
[2018-02-07T00:04:27.314] [INFO] EMR102 - Outbreaks: [
  {
    "time": "Wed Feb 07 2018 00:04:19 GMT-0700 (Mountain Standard Time)",
    "infections": 122,
    "type": 1,
    "name": "Influenza"
  },
  {
    "time": "Wed Feb 07 2018 00:04:21 GMT-0700 (Mountain Standard Time)",
    "infections": 121,
    "type": 1,
    "name": "Influenza"
  }
]
[2018-02-07T00:04:27.405] [DEBUG] VectorTimestamp - {
  "1": 300,
  "2": 0,
  "3": 0,
  "10": 365,
  "11": 315,
  "12": 317,
  "13": 196,
  "101": 142,
  "102": 161,
  "103": 126,
  "104": 133,
  "105": 131,
  "106": 130,
  "107": 141
}
[2018-02-07T00:04:27.405] [DEBUG] EMR102 - Sent disease notification: Influenza (1)
[2018-02-07T00:04:28.007] [DEBUG] VectorTimestamp - {
  "1": 300,
  "2": 0,
  "3": 0,
  "10": 365,
  "11": 315,
  "12": 317,
  "13": 196,
  "101": 142,
  "102": 162,
  "103": 126,
  "104": 133,
  "105": 131,
  "106": 130,
  "107": 141
}
[2018-02-07T00:04:28.007] [DEBUG] EMR102 - Sent disease notification: Influenza (1)
[2018-02-07T00:04:28.314] [DEBUG] VectorTimestamp - {
  "1": 300,
  "2": 0,
  "3": 0,
  "10": 365,
  "11": 315,
  "12": 317,
  "13": 196,
  "101": 142,
  "102": 163,
  "103": 126,
  "104": 133,
  "105": 131,
  "106": 130,
  "107": 141
}
[2018-02-07T00:04:28.314] [DEBUG] EMR102 - Sent outbreak request
[2018-02-07T00:04:28.315] [DEBUG] VectorTimestamp - {
  "1": 300,
  "2": 0,
  "3": 0,
  "10": 373,
  "11": 315,
  "12": 317,
  "13": 196,
  "101": 146,
  "102": 164,
  "103": 126,
  "104": 133,
  "105": 131,
  "106": 130,
  "107": 141
}
[2018-02-07T00:04:28.315] [DEBUG] EMR102 - Got outbreak response
[2018-02-07T00:04:28.315] [INFO] EMR102 - Outbreaks: [
  {
    "time": "Wed Feb 07 2018 00:04:19 GMT-0700 (Mountain Standard Time)",
    "infections": 122,
    "type": 1,
    "name": "Influenza"
  },
  {
    "time": "Wed Feb 07 2018 00:04:21 GMT-0700 (Mountain Standard Time)",
    "infections": 121,
    "type": 1,
    "name": "Influenza"
  }
]
[2018-02-07T00:04:29.314] [DEBUG] VectorTimestamp - {
  "1": 300,
  "2": 0,
  "3": 0,
  "10": 373,
  "11": 315,
  "12": 317,
  "13": 196,
  "101": 146,
  "102": 165,
  "103": 126,
  "104": 133,
  "105": 131,
  "106": 130,
  "107": 141
}
[2018-02-07T00:04:29.314] [DEBUG] EMR102 - Sent outbreak request
[2018-02-07T00:04:29.315] [DEBUG] VectorTimestamp - {
  "1": 300,
  "2": 0,
  "3": 0,
  "10": 378,
  "11": 315,
  "12": 317,
  "13": 196,
  "101": 147,
  "102": 166,
  "103": 126,
  "104": 133,
  "105": 131,
  "106": 130,
  "107": 141
}
[2018-02-07T00:04:29.315] [DEBUG] EMR102 - Got outbreak response
[2018-02-07T00:04:29.315] [INFO] EMR102 - Outbreaks: [
  {
    "time": "Wed Feb 07 2018 00:04:19 GMT-0700 (Mountain Standard Time)",
    "infections": 122,
    "type": 1,
    "name": "Influenza"
  },
  {
    "time": "Wed Feb 07 2018 00:04:21 GMT-0700 (Mountain Standard Time)",
    "infections": 121,
    "type": 1,
    "name": "Influenza"
  }
]
[2018-02-07T00:04:30.315] [DEBUG] VectorTimestamp - {
  "1": 300,
  "2": 0,
  "3": 0,
  "10": 378,
  "11": 315,
  "12": 317,
  "13": 196,
  "101": 147,
  "102": 167,
  "103": 126,
  "104": 133,
  "105": 131,
  "106": 130,
  "107": 141
}
[2018-02-07T00:04:30.315] [DEBUG] EMR102 - Sent outbreak request
[2018-02-07T00:04:30.316] [DEBUG] VectorTimestamp - {
  "1": 300,
  "2": 0,
  "3": 0,
  "10": 383,
  "11": 315,
  "12": 317,
  "13": 196,
  "101": 149,
  "102": 168,
  "103": 126,
  "104": 133,
  "105": 131,
  "106": 130,
  "107": 141
}
[2018-02-07T00:04:30.316] [DEBUG] EMR102 - Got outbreak response
[2018-02-07T00:04:30.316] [INFO] EMR102 - Outbreaks: [
  {
    "time": "Wed Feb 07 2018 00:04:19 GMT-0700 (Mountain Standard Time)",
    "infections": 122,
    "type": 1,
    "name": "Influenza"
  },
  {
    "time": "Wed Feb 07 2018 00:04:21 GMT-0700 (Mountain Standard Time)",
    "infections": 121,
    "type": 1,
    "name": "Influenza"
  }
]
[2018-02-07T00:04:31.316] [DEBUG] VectorTimestamp - {
  "1": 300,
  "2": 0,
  "3": 0,
  "10": 383,
  "11": 315,
  "12": 317,
  "13": 196,
  "101": 149,
  "102": 169,
  "103": 126,
  "104": 133,
  "105": 131,
  "106": 130,
  "107": 141
}
[2018-02-07T00:04:31.316] [DEBUG] EMR102 - Sent outbreak request
[2018-02-07T00:04:31.317] [DEBUG] VectorTimestamp - {
  "1": 300,
  "2": 0,
  "3": 0,
  "10": 388,
  "11": 315,
  "12": 317,
  "13": 196,
  "101": 151,
  "102": 170,
  "103": 126,
  "104": 133,
  "105": 131,
  "106": 130,
  "107": 141
}
[2018-02-07T00:04:31.317] [DEBUG] EMR102 - Got outbreak response
[2018-02-07T00:04:31.317] [INFO] EMR102 - Outbreaks: [
  {
    "time": "Wed Feb 07 2018 00:04:19 GMT-0700 (Mountain Standard Time)",
    "infections": 122,
    "type": 1,
    "name": "Influenza"
  },
  {
    "time": "Wed Feb 07 2018 00:04:21 GMT-0700 (Mountain Standard Time)",
    "infections": 121,
    "type": 1,
    "name": "Influenza"
  }
]
[2018-02-07T00:04:31.716] [DEBUG] VectorTimestamp - {
  "1": 300,
  "2": 0,
  "3": 0,
  "10": 388,
  "11": 315,
  "12": 317,
  "13": 196,
  "101": 151,
  "102": 171,
  "103": 126,
  "104": 133,
  "105": 131,
  "106": 130,
  "107": 141
}
[2018-02-07T00:04:31.716] [DEBUG] EMR102 - Sent disease notification: Influenza (1)
[2018-02-07T00:04:32.316] [DEBUG] VectorTimestamp - {
  "1": 300,
  "2": 0,
  "3": 0,
  "10": 388,
  "11": 315,
  "12": 317,
  "13": 196,
  "101": 151,
  "102": 172,
  "103": 126,
  "104": 133,
  "105": 131,
  "106": 130,
  "107": 141
}
[2018-02-07T00:04:32.316] [DEBUG] EMR102 - Sent outbreak request
[2018-02-07T00:04:32.317] [DEBUG] VectorTimestamp - {
  "1": 300,
  "2": 0,
  "3": 0,
  "10": 396,
  "11": 315,
  "12": 317,
  "13": 196,
  "101": 156,
  "102": 173,
  "103": 126,
  "104": 133,
  "105": 131,
  "106": 130,
  "107": 141
}
[2018-02-07T00:04:32.317] [DEBUG] EMR102 - Got outbreak response
[2018-02-07T00:04:32.317] [INFO] EMR102 - Outbreaks: [
  {
    "time": "Wed Feb 07 2018 00:04:19 GMT-0700 (Mountain Standard Time)",
    "infections": 122,
    "type": 1,
    "name": "Influenza"
  },
  {
    "time": "Wed Feb 07 2018 00:04:21 GMT-0700 (Mountain Standard Time)",
    "infections": 121,
    "type": 1,
    "name": "Influenza"
  }
]
[2018-02-07T00:04:33.317] [DEBUG] VectorTimestamp - {
  "1": 300,
  "2": 0,
  "3": 0,
  "10": 396,
  "11": 315,
  "12": 317,
  "13": 196,
  "101": 156,
  "102": 174,
  "103": 126,
  "104": 133,
  "105": 131,
  "106": 130,
  "107": 141
}
[2018-02-07T00:04:33.317] [DEBUG] EMR102 - Sent outbreak request
[2018-02-07T00:04:33.324] [DEBUG] VectorTimestamp - {
  "1": 300,
  "2": 0,
  "3": 0,
  "10": 401,
  "11": 315,
  "12": 317,
  "13": 196,
  "101": 157,
  "102": 175,
  "103": 126,
  "104": 133,
  "105": 131,
  "106": 130,
  "107": 141
}
[2018-02-07T00:04:33.324] [DEBUG] EMR102 - Got outbreak response
[2018-02-07T00:04:33.324] [INFO] EMR102 - Outbreaks: [
  {
    "time": "Wed Feb 07 2018 00:04:19 GMT-0700 (Mountain Standard Time)",
    "infections": 122,
    "type": 1,
    "name": "Influenza"
  },
  {
    "time": "Wed Feb 07 2018 00:04:21 GMT-0700 (Mountain Standard Time)",
    "infections": 121,
    "type": 1,
    "name": "Influenza"
  }
]
[2018-02-07T00:04:34.319] [DEBUG] VectorTimestamp - {
  "1": 300,
  "2": 0,
  "3": 0,
  "10": 401,
  "11": 315,
  "12": 317,
  "13": 196,
  "101": 157,
  "102": 176,
  "103": 126,
  "104": 133,
  "105": 131,
  "106": 130,
  "107": 141
}
[2018-02-07T00:04:34.319] [DEBUG] EMR102 - Sent outbreak request
[2018-02-07T00:04:34.320] [DEBUG] VectorTimestamp - {
  "1": 300,
  "2": 0,
  "3": 0,
  "10": 407,
  "11": 315,
  "12": 317,
  "13": 196,
  "101": 161,
  "102": 177,
  "103": 126,
  "104": 133,
  "105": 131,
  "106": 130,
  "107": 141
}
[2018-02-07T00:04:34.320] [DEBUG] EMR102 - Got outbreak response
[2018-02-07T00:04:34.320] [INFO] EMR102 - Outbreaks: [
  {
    "time": "Wed Feb 07 2018 00:04:19 GMT-0700 (Mountain Standard Time)",
    "infections": 122,
    "type": 1,
    "name": "Influenza"
  },
  {
    "time": "Wed Feb 07 2018 00:04:21 GMT-0700 (Mountain Standard Time)",
    "infections": 121,
    "type": 1,
    "name": "Influenza"
  }
]
[2018-02-07T00:04:34.922] [DEBUG] VectorTimestamp - {
  "1": 300,
  "2": 0,
  "3": 0,
  "10": 407,
  "11": 315,
  "12": 317,
  "13": 196,
  "101": 161,
  "102": 178,
  "103": 126,
  "104": 133,
  "105": 131,
  "106": 130,
  "107": 141
}
[2018-02-07T00:04:34.922] [DEBUG] EMR102 - Sent disease notification: Influenza (1)
[2018-02-07T00:04:35.224] [DEBUG] VectorTimestamp - {
  "1": 300,
  "2": 0,
  "3": 0,
  "10": 407,
  "11": 315,
  "12": 317,
  "13": 196,
  "101": 161,
  "102": 179,
  "103": 126,
  "104": 133,
  "105": 131,
  "106": 130,
  "107": 141
}
[2018-02-07T00:04:35.224] [DEBUG] EMR102 - Sent disease notification: Influenza (1)
[2018-02-07T00:04:35.319] [DEBUG] VectorTimestamp - {
  "1": 300,
  "2": 0,
  "3": 0,
  "10": 407,
  "11": 315,
  "12": 317,
  "13": 196,
  "101": 161,
  "102": 180,
  "103": 126,
  "104": 133,
  "105": 131,
  "106": 130,
  "107": 141
}
[2018-02-07T00:04:35.319] [DEBUG] EMR102 - Sent outbreak request
[2018-02-07T00:04:35.320] [DEBUG] VectorTimestamp - {
  "1": 300,
  "2": 0,
  "3": 0,
  "10": 415,
  "11": 315,
  "12": 317,
  "13": 196,
  "101": 164,
  "102": 181,
  "103": 126,
  "104": 133,
  "105": 131,
  "106": 130,
  "107": 141
}
[2018-02-07T00:04:35.321] [DEBUG] EMR102 - Got outbreak response
[2018-02-07T00:04:35.321] [INFO] EMR102 - Outbreaks: [
  {
    "time": "Wed Feb 07 2018 00:04:19 GMT-0700 (Mountain Standard Time)",
    "infections": 122,
    "type": 1,
    "name": "Influenza"
  },
  {
    "time": "Wed Feb 07 2018 00:04:21 GMT-0700 (Mountain Standard Time)",
    "infections": 121,
    "type": 1,
    "name": "Influenza"
  }
]
[2018-02-07T00:04:36.320] [DEBUG] VectorTimestamp - {
  "1": 300,
  "2": 0,
  "3": 0,
  "10": 415,
  "11": 315,
  "12": 317,
  "13": 196,
  "101": 164,
  "102": 182,
  "103": 126,
  "104": 133,
  "105": 131,
  "106": 130,
  "107": 141
}
[2018-02-07T00:04:36.320] [DEBUG] EMR102 - Sent outbreak request
[2018-02-07T00:04:36.321] [DEBUG] VectorTimestamp - {
  "1": 300,
  "2": 0,
  "3": 0,
  "10": 420,
  "11": 315,
  "12": 317,
  "13": 196,
  "101": 165,
  "102": 183,
  "103": 126,
  "104": 133,
  "105": 131,
  "106": 130,
  "107": 141
}
[2018-02-07T00:04:36.321] [DEBUG] EMR102 - Got outbreak response
[2018-02-07T00:04:36.321] [INFO] EMR102 - Outbreaks: [
  {
    "time": "Wed Feb 07 2018 00:04:19 GMT-0700 (Mountain Standard Time)",
    "infections": 122,
    "type": 1,
    "name": "Influenza"
  },
  {
    "time": "Wed Feb 07 2018 00:04:21 GMT-0700 (Mountain Standard Time)",
    "infections": 121,
    "type": 1,
    "name": "Influenza"
  }
]
[2018-02-07T00:04:36.929] [DEBUG] VectorTimestamp - {
  "1": 300,
  "2": 0,
  "3": 0,
  "10": 420,
  "11": 315,
  "12": 317,
  "13": 196,
  "101": 165,
  "102": 184,
  "103": 126,
  "104": 133,
  "105": 131,
  "106": 130,
  "107": 141
}
[2018-02-07T00:04:36.929] [DEBUG] EMR102 - Sent disease notification: Influenza (1)
[2018-02-07T00:04:37.322] [DEBUG] VectorTimestamp - {
  "1": 300,
  "2": 0,
  "3": 0,
  "10": 420,
  "11": 315,
  "12": 317,
  "13": 196,
  "101": 165,
  "102": 185,
  "103": 126,
  "104": 133,
  "105": 131,
  "106": 130,
  "107": 141
}
[2018-02-07T00:04:37.322] [DEBUG] EMR102 - Sent outbreak request
[2018-02-07T00:04:37.323] [DEBUG] VectorTimestamp - {
  "1": 300,
  "2": 0,
  "3": 0,
  "10": 427,
  "11": 315,
  "12": 317,
  "13": 196,
  "101": 169,
  "102": 186,
  "103": 126,
  "104": 133,
  "105": 131,
  "106": 130,
  "107": 141
}
[2018-02-07T00:04:37.323] [DEBUG] EMR102 - Got outbreak response
[2018-02-07T00:04:37.323] [INFO] EMR102 - Outbreaks: [
  {
    "time": "Wed Feb 07 2018 00:04:19 GMT-0700 (Mountain Standard Time)",
    "infections": 122,
    "type": 1,
    "name": "Influenza"
  },
  {
    "time": "Wed Feb 07 2018 00:04:21 GMT-0700 (Mountain Standard Time)",
    "infections": 121,
    "type": 1,
    "name": "Influenza"
  }
]
[2018-02-07T00:04:38.322] [DEBUG] VectorTimestamp - {
  "1": 300,
  "2": 0,
  "3": 0,
  "10": 427,
  "11": 315,
  "12": 317,
  "13": 196,
  "101": 169,
  "102": 187,
  "103": 126,
  "104": 133,
  "105": 131,
  "106": 130,
  "107": 141
}
[2018-02-07T00:04:38.322] [DEBUG] EMR102 - Sent outbreak request
[2018-02-07T00:04:38.323] [DEBUG] VectorTimestamp - {
  "1": 300,
  "2": 0,
  "3": 0,
  "10": 433,
  "11": 315,
  "12": 317,
  "13": 196,
  "101": 172,
  "102": 188,
  "103": 126,
  "104": 133,
  "105": 131,
  "106": 130,
  "107": 141
}
[2018-02-07T00:04:38.323] [DEBUG] EMR102 - Got outbreak response
[2018-02-07T00:04:38.323] [INFO] EMR102 - Outbreaks: [
  {
    "time": "Wed Feb 07 2018 00:04:19 GMT-0700 (Mountain Standard Time)",
    "infections": 122,
    "type": 1,
    "name": "Influenza"
  },
  {
    "time": "Wed Feb 07 2018 00:04:21 GMT-0700 (Mountain Standard Time)",
    "infections": 121,
    "type": 1,
    "name": "Influenza"
  }
]
[2018-02-07T00:04:39.323] [DEBUG] VectorTimestamp - {
  "1": 300,
  "2": 0,
  "3": 0,
  "10": 433,
  "11": 315,
  "12": 317,
  "13": 196,
  "101": 172,
  "102": 189,
  "103": 126,
  "104": 133,
  "105": 131,
  "106": 130,
  "107": 141
}
[2018-02-07T00:04:39.323] [DEBUG] EMR102 - Sent outbreak request
[2018-02-07T00:04:39.324] [DEBUG] VectorTimestamp - {
  "1": 300,
  "2": 0,
  "3": 0,
  "10": 440,
  "11": 315,
  "12": 317,
  "13": 196,
  "101": 176,
  "102": 190,
  "103": 126,
  "104": 133,
  "105": 131,
  "106": 130,
  "107": 141
}
[2018-02-07T00:04:39.324] [DEBUG] EMR102 - Got outbreak response
[2018-02-07T00:04:39.324] [INFO] EMR102 - Outbreaks: [
  {
    "time": "Wed Feb 07 2018 00:04:19 GMT-0700 (Mountain Standard Time)",
    "infections": 122,
    "type": 1,
    "name": "Influenza"
  },
  {
    "time": "Wed Feb 07 2018 00:04:21 GMT-0700 (Mountain Standard Time)",
    "infections": 121,
    "type": 1,
    "name": "Influenza"
  }
]
[2018-02-07T00:04:40.325] [DEBUG] VectorTimestamp - {
  "1": 300,
  "2": 0,
  "3": 0,
  "10": 440,
  "11": 315,
  "12": 317,
  "13": 196,
  "101": 176,
  "102": 191,
  "103": 126,
  "104": 133,
  "105": 131,
  "106": 130,
  "107": 141
}
[2018-02-07T00:04:40.325] [DEBUG] EMR102 - Sent outbreak request
[2018-02-07T00:04:40.326] [DEBUG] VectorTimestamp - {
  "1": 412,
  "2": 0,
  "3": 0,
  "10": 446,
  "11": 435,
  "12": 428,
  "13": 263,
  "101": 177,
  "102": 192,
  "103": 176,
  "104": 183,
  "105": 177,
  "106": 177,
  "107": 189
}
[2018-02-07T00:04:40.326] [DEBUG] EMR102 - Got outbreak response
[2018-02-07T00:04:40.326] [INFO] EMR102 - Outbreaks: [
  {
    "time": "Wed Feb 07 2018 00:04:19 GMT-0700 (Mountain Standard Time)",
    "infections": 122,
    "type": 1,
    "name": "Influenza"
  },
  {
    "time": "Wed Feb 07 2018 00:04:21 GMT-0700 (Mountain Standard Time)",
    "infections": 121,
    "type": 1,
    "name": "Influenza"
  },
  {
    "time": "Wed Feb 07 2018 00:04:39 GMT-0700 (Mountain Standard Time)",
    "infections": 121,
    "type": 1,
    "name": "Influenza"
  }
]
[2018-02-07T00:04:41.325] [DEBUG] VectorTimestamp - {
  "1": 412,
  "2": 0,
  "3": 0,
  "10": 446,
  "11": 435,
  "12": 428,
  "13": 263,
  "101": 177,
  "102": 193,
  "103": 176,
  "104": 183,
  "105": 177,
  "106": 177,
  "107": 189
}
[2018-02-07T00:04:41.325] [DEBUG] EMR102 - Sent outbreak request
[2018-02-07T00:04:41.326] [DEBUG] VectorTimestamp - {
  "1": 412,
  "2": 0,
  "3": 0,
  "10": 451,
  "11": 435,
  "12": 428,
  "13": 263,
  "101": 179,
  "102": 194,
  "103": 176,
  "104": 183,
  "105": 177,
  "106": 177,
  "107": 189
}
[2018-02-07T00:04:41.326] [DEBUG] EMR102 - Got outbreak response
[2018-02-07T00:04:41.326] [INFO] EMR102 - Outbreaks: [
  {
    "time": "Wed Feb 07 2018 00:04:19 GMT-0700 (Mountain Standard Time)",
    "infections": 122,
    "type": 1,
    "name": "Influenza"
  },
  {
    "time": "Wed Feb 07 2018 00:04:21 GMT-0700 (Mountain Standard Time)",
    "infections": 121,
    "type": 1,
    "name": "Influenza"
  },
  {
    "time": "Wed Feb 07 2018 00:04:39 GMT-0700 (Mountain Standard Time)",
    "infections": 121,
    "type": 1,
    "name": "Influenza"
  }
]
[2018-02-07T00:04:41.539] [DEBUG] VectorTimestamp - {
  "1": 412,
  "2": 0,
  "3": 0,
  "10": 451,
  "11": 435,
  "12": 428,
  "13": 263,
  "101": 179,
  "102": 195,
  "103": 176,
  "104": 183,
  "105": 177,
  "106": 177,
  "107": 189
}
[2018-02-07T00:04:41.539] [DEBUG] EMR102 - Sent disease notification: Influenza (1)
[2018-02-07T00:04:42.141] [DEBUG] VectorTimestamp - {
  "1": 412,
  "2": 0,
  "3": 0,
  "10": 451,
  "11": 435,
  "12": 428,
  "13": 263,
  "101": 179,
  "102": 196,
  "103": 176,
  "104": 183,
  "105": 177,
  "106": 177,
  "107": 189
}
[2018-02-07T00:04:42.141] [DEBUG] EMR102 - Sent disease notification: Influenza (1)
[2018-02-07T00:04:42.326] [DEBUG] VectorTimestamp - {
  "1": 412,
  "2": 0,
  "3": 0,
  "10": 451,
  "11": 435,
  "12": 428,
  "13": 263,
  "101": 179,
  "102": 197,
  "103": 176,
  "104": 183,
  "105": 177,
  "106": 177,
  "107": 189
}
[2018-02-07T00:04:42.326] [DEBUG] EMR102 - Sent outbreak request
[2018-02-07T00:04:42.327] [DEBUG] VectorTimestamp - {
  "1": 412,
  "2": 0,
  "3": 0,
  "10": 459,
  "11": 435,
  "12": 428,
  "13": 263,
  "101": 183,
  "102": 198,
  "103": 176,
  "104": 183,
  "105": 177,
  "106": 177,
  "107": 189
}
[2018-02-07T00:04:42.327] [DEBUG] EMR102 - Got outbreak response
[2018-02-07T00:04:42.327] [INFO] EMR102 - Outbreaks: [
  {
    "time": "Wed Feb 07 2018 00:04:19 GMT-0700 (Mountain Standard Time)",
    "infections": 122,
    "type": 1,
    "name": "Influenza"
  },
  {
    "time": "Wed Feb 07 2018 00:04:21 GMT-0700 (Mountain Standard Time)",
    "infections": 121,
    "type": 1,
    "name": "Influenza"
  },
  {
    "time": "Wed Feb 07 2018 00:04:39 GMT-0700 (Mountain Standard Time)",
    "infections": 121,
    "type": 1,
    "name": "Influenza"
  }
]
[2018-02-07T00:04:43.328] [DEBUG] VectorTimestamp - {
  "1": 412,
  "2": 0,
  "3": 0,
  "10": 459,
  "11": 435,
  "12": 428,
  "13": 263,
  "101": 183,
  "102": 199,
  "103": 176,
  "104": 183,
  "105": 177,
  "106": 177,
  "107": 189
}
[2018-02-07T00:04:43.328] [DEBUG] EMR102 - Sent outbreak request
[2018-02-07T00:04:43.329] [DEBUG] VectorTimestamp - {
  "1": 412,
  "2": 0,
  "3": 0,
  "10": 464,
  "11": 435,
  "12": 428,
  "13": 263,
  "101": 184,
  "102": 200,
  "103": 176,
  "104": 183,
  "105": 177,
  "106": 177,
  "107": 189
}
[2018-02-07T00:04:43.329] [DEBUG] EMR102 - Got outbreak response
[2018-02-07T00:04:43.329] [INFO] EMR102 - Outbreaks: [
  {
    "time": "Wed Feb 07 2018 00:04:19 GMT-0700 (Mountain Standard Time)",
    "infections": 122,
    "type": 1,
    "name": "Influenza"
  },
  {
    "time": "Wed Feb 07 2018 00:04:21 GMT-0700 (Mountain Standard Time)",
    "infections": 121,
    "type": 1,
    "name": "Influenza"
  },
  {
    "time": "Wed Feb 07 2018 00:04:39 GMT-0700 (Mountain Standard Time)",
    "infections": 121,
    "type": 1,
    "name": "Influenza"
  }
]
[2018-02-07T00:04:44.328] [DEBUG] VectorTimestamp - {
  "1": 412,
  "2": 0,
  "3": 0,
  "10": 464,
  "11": 435,
  "12": 428,
  "13": 263,
  "101": 184,
  "102": 201,
  "103": 176,
  "104": 183,
  "105": 177,
  "106": 177,
  "107": 189
}
[2018-02-07T00:04:44.328] [DEBUG] EMR102 - Sent outbreak request
[2018-02-07T00:04:44.329] [DEBUG] VectorTimestamp - {
  "1": 412,
  "2": 0,
  "3": 0,
  "10": 470,
  "11": 435,
  "12": 428,
  "13": 263,
  "101": 188,
  "102": 202,
  "103": 176,
  "104": 183,
  "105": 177,
  "106": 177,
  "107": 189
}
[2018-02-07T00:04:44.329] [DEBUG] EMR102 - Got outbreak response
[2018-02-07T00:04:44.329] [INFO] EMR102 - Outbreaks: [
  {
    "time": "Wed Feb 07 2018 00:04:21 GMT-0700 (Mountain Standard Time)",
    "infections": 121,
    "type": 1,
    "name": "Influenza"
  },
  {
    "time": "Wed Feb 07 2018 00:04:39 GMT-0700 (Mountain Standard Time)",
    "infections": 121,
    "type": 1,
    "name": "Influenza"
  }
]
[2018-02-07T00:04:45.329] [DEBUG] VectorTimestamp - {
  "1": 412,
  "2": 0,
  "3": 0,
  "10": 470,
  "11": 435,
  "12": 428,
  "13": 263,
  "101": 188,
  "102": 203,
  "103": 176,
  "104": 183,
  "105": 177,
  "106": 177,
  "107": 189
}
[2018-02-07T00:04:45.329] [DEBUG] EMR102 - Sent outbreak request
[2018-02-07T00:04:45.330] [DEBUG] VectorTimestamp - {
  "1": 412,
  "2": 0,
  "3": 0,
  "10": 476,
  "11": 435,
  "12": 428,
  "13": 263,
  "101": 191,
  "102": 204,
  "103": 176,
  "104": 183,
  "105": 177,
  "106": 177,
  "107": 189
}
[2018-02-07T00:04:45.330] [DEBUG] EMR102 - Got outbreak response
[2018-02-07T00:04:45.330] [INFO] EMR102 - Outbreaks: [
  {
    "time": "Wed Feb 07 2018 00:04:39 GMT-0700 (Mountain Standard Time)",
    "infections": 121,
    "type": 1,
    "name": "Influenza"
  }
]
[2018-02-07T00:04:46.331] [DEBUG] VectorTimestamp - {
  "1": 412,
  "2": 0,
  "3": 0,
  "10": 476,
  "11": 435,
  "12": 428,
  "13": 263,
  "101": 191,
  "102": 205,
  "103": 176,
  "104": 183,
  "105": 177,
  "106": 177,
  "107": 189
}
[2018-02-07T00:04:46.331] [DEBUG] EMR102 - Sent outbreak request
[2018-02-07T00:04:46.332] [DEBUG] VectorTimestamp - {
  "1": 412,
  "2": 0,
  "3": 0,
  "10": 481,
  "11": 435,
  "12": 428,
  "13": 263,
  "101": 192,
  "102": 206,
  "103": 176,
  "104": 183,
  "105": 177,
  "106": 177,
  "107": 189
}
[2018-02-07T00:04:46.332] [DEBUG] EMR102 - Got outbreak response
[2018-02-07T00:04:46.332] [INFO] EMR102 - Outbreaks: [
  {
    "time": "Wed Feb 07 2018 00:04:39 GMT-0700 (Mountain Standard Time)",
    "infections": 121,
    "type": 1,
    "name": "Influenza"
  }
]
[2018-02-07T00:04:47.331] [DEBUG] VectorTimestamp - {
  "1": 412,
  "2": 0,
  "3": 0,
  "10": 481,
  "11": 435,
  "12": 428,
  "13": 263,
  "101": 192,
  "102": 207,
  "103": 176,
  "104": 183,
  "105": 177,
  "106": 177,
  "107": 189
}
[2018-02-07T00:04:47.331] [DEBUG] EMR102 - Sent outbreak request
[2018-02-07T00:04:47.332] [DEBUG] VectorTimestamp - {
  "1": 412,
  "2": 0,
  "3": 0,
  "10": 486,
  "11": 435,
  "12": 428,
  "13": 263,
  "101": 194,
  "102": 208,
  "103": 176,
  "104": 183,
  "105": 177,
  "106": 177,
  "107": 189
}
[2018-02-07T00:04:47.332] [DEBUG] EMR102 - Got outbreak response
[2018-02-07T00:04:47.332] [INFO] EMR102 - Outbreaks: [
  {
    "time": "Wed Feb 07 2018 00:04:39 GMT-0700 (Mountain Standard Time)",
    "infections": 121,
    "type": 1,
    "name": "Influenza"
  }
]
[2018-02-07T00:04:48.332] [DEBUG] VectorTimestamp - {
  "1": 412,
  "2": 0,
  "3": 0,
  "10": 486,
  "11": 435,
  "12": 428,
  "13": 263,
  "101": 194,
  "102": 209,
  "103": 176,
  "104": 183,
  "105": 177,
  "106": 177,
  "107": 189
}
[2018-02-07T00:04:48.332] [DEBUG] EMR102 - Sent outbreak request
[2018-02-07T00:04:48.333] [DEBUG] VectorTimestamp - {
  "1": 412,
  "2": 0,
  "3": 0,
  "10": 491,
  "11": 435,
  "12": 428,
  "13": 263,
  "101": 196,
  "102": 210,
  "103": 176,
  "104": 183,
  "105": 177,
  "106": 177,
  "107": 189
}
[2018-02-07T00:04:48.333] [DEBUG] EMR102 - Got outbreak response
[2018-02-07T00:04:48.333] [INFO] EMR102 - Outbreaks: [
  {
    "time": "Wed Feb 07 2018 00:04:39 GMT-0700 (Mountain Standard Time)",
    "infections": 121,
    "type": 1,
    "name": "Influenza"
  }
]
[2018-02-07T00:04:49.334] [DEBUG] VectorTimestamp - {
  "1": 412,
  "2": 0,
  "3": 0,
  "10": 491,
  "11": 435,
  "12": 428,
  "13": 263,
  "101": 196,
  "102": 211,
  "103": 176,
  "104": 183,
  "105": 177,
  "106": 177,
  "107": 189
}
[2018-02-07T00:04:49.334] [DEBUG] EMR102 - Sent outbreak request
[2018-02-07T00:04:49.335] [DEBUG] VectorTimestamp - {
  "1": 412,
  "2": 0,
  "3": 0,
  "10": 497,
  "11": 435,
  "12": 428,
  "13": 263,
  "101": 200,
  "102": 212,
  "103": 176,
  "104": 183,
  "105": 177,
  "106": 177,
  "107": 189
}
[2018-02-07T00:04:49.335] [DEBUG] EMR102 - Got outbreak response
[2018-02-07T00:04:49.335] [INFO] EMR102 - Outbreaks: [
  {
    "time": "Wed Feb 07 2018 00:04:39 GMT-0700 (Mountain Standard Time)",
    "infections": 121,
    "type": 1,
    "name": "Influenza"
  }
]
[2018-02-07T00:04:50.334] [DEBUG] VectorTimestamp - {
  "1": 412,
  "2": 0,
  "3": 0,
  "10": 497,
  "11": 435,
  "12": 428,
  "13": 263,
  "101": 200,
  "102": 213,
  "103": 176,
  "104": 183,
  "105": 177,
  "106": 177,
  "107": 189
}
[2018-02-07T00:04:50.338] [DEBUG] EMR102 - Sent outbreak request
[2018-02-07T00:04:50.339] [DEBUG] VectorTimestamp - {
  "1": 412,
  "2": 0,
  "3": 0,
  "10": 502,
  "11": 435,
  "12": 428,
  "13": 263,
  "101": 201,
  "102": 214,
  "103": 176,
  "104": 183,
  "105": 177,
  "106": 177,
  "107": 189
}
[2018-02-07T00:04:50.339] [DEBUG] EMR102 - Got outbreak response
[2018-02-07T00:04:50.339] [INFO] EMR102 - Outbreaks: [
  {
    "time": "Wed Feb 07 2018 00:04:39 GMT-0700 (Mountain Standard Time)",
    "infections": 121,
    "type": 1,
    "name": "Influenza"
  }
]
[2018-02-07T00:04:50.560] [DEBUG] VectorTimestamp - {
  "1": 412,
  "2": 0,
  "3": 0,
  "10": 502,
  "11": 435,
  "12": 428,
  "13": 263,
  "101": 201,
  "102": 215,
  "103": 176,
  "104": 183,
  "105": 177,
  "106": 177,
  "107": 189
}
[2018-02-07T00:04:50.560] [DEBUG] EMR102 - Sent disease notification: Influenza (1)
[2018-02-07T00:04:51.339] [DEBUG] VectorTimestamp - {
  "1": 412,
  "2": 0,
  "3": 0,
  "10": 502,
  "11": 435,
  "12": 428,
  "13": 263,
  "101": 201,
  "102": 216,
  "103": 176,
  "104": 183,
  "105": 177,
  "106": 177,
  "107": 189
}
[2018-02-07T00:04:51.339] [DEBUG] EMR102 - Sent outbreak request
[2018-02-07T00:04:51.340] [DEBUG] VectorTimestamp - {
  "1": 412,
  "2": 0,
  "3": 0,
  "10": 510,
  "11": 435,
  "12": 428,
  "13": 263,
  "101": 206,
  "102": 217,
  "103": 176,
  "104": 183,
  "105": 177,
  "106": 177,
  "107": 189
}
[2018-02-07T00:04:51.340] [DEBUG] EMR102 - Got outbreak response
[2018-02-07T00:04:51.340] [INFO] EMR102 - Outbreaks: [
  {
    "time": "Wed Feb 07 2018 00:04:39 GMT-0700 (Mountain Standard Time)",
    "infections": 121,
    "type": 1,
    "name": "Influenza"
  }
]
[2018-02-07T00:04:52.341] [DEBUG] VectorTimestamp - {
  "1": 412,
  "2": 0,
  "3": 0,
  "10": 510,
  "11": 435,
  "12": 428,
  "13": 263,
  "101": 206,
  "102": 218,
  "103": 176,
  "104": 183,
  "105": 177,
  "106": 177,
  "107": 189
}
[2018-02-07T00:04:52.341] [DEBUG] EMR102 - Sent outbreak request
[2018-02-07T00:04:52.342] [DEBUG] VectorTimestamp - {
  "1": 412,
  "2": 0,
  "3": 0,
  "10": 515,
  "11": 435,
  "12": 428,
  "13": 263,
  "101": 207,
  "102": 219,
  "103": 176,
  "104": 183,
  "105": 177,
  "106": 177,
  "107": 189
}
[2018-02-07T00:04:52.342] [DEBUG] EMR102 - Got outbreak response
[2018-02-07T00:04:52.342] [INFO] EMR102 - Outbreaks: [
  {
    "time": "Wed Feb 07 2018 00:04:39 GMT-0700 (Mountain Standard Time)",
    "infections": 121,
    "type": 1,
    "name": "Influenza"
  }
]
[2018-02-07T00:04:53.341] [DEBUG] VectorTimestamp - {
  "1": 412,
  "2": 0,
  "3": 0,
  "10": 515,
  "11": 435,
  "12": 428,
  "13": 263,
  "101": 207,
  "102": 220,
  "103": 176,
  "104": 183,
  "105": 177,
  "106": 177,
  "107": 189
}
[2018-02-07T00:04:53.341] [DEBUG] EMR102 - Sent outbreak request
[2018-02-07T00:04:53.342] [DEBUG] VectorTimestamp - {
  "1": 412,
  "2": 0,
  "3": 0,
  "10": 520,
  "11": 435,
  "12": 428,
  "13": 263,
  "101": 209,
  "102": 221,
  "103": 176,
  "104": 183,
  "105": 177,
  "106": 177,
  "107": 189
}
[2018-02-07T00:04:53.342] [DEBUG] EMR102 - Got outbreak response
[2018-02-07T00:04:53.342] [INFO] EMR102 - Outbreaks: [
  {
    "time": "Wed Feb 07 2018 00:04:39 GMT-0700 (Mountain Standard Time)",
    "infections": 121,
    "type": 1,
    "name": "Influenza"
  }
]
[2018-02-07T00:04:54.342] [DEBUG] VectorTimestamp - {
  "1": 412,
  "2": 0,
  "3": 0,
  "10": 520,
  "11": 435,
  "12": 428,
  "13": 263,
  "101": 209,
  "102": 222,
  "103": 176,
  "104": 183,
  "105": 177,
  "106": 177,
  "107": 189
}
[2018-02-07T00:04:54.342] [DEBUG] EMR102 - Sent outbreak request
[2018-02-07T00:04:54.343] [DEBUG] VectorTimestamp - {
  "1": 412,
  "2": 0,
  "3": 0,
  "10": 525,
  "11": 435,
  "12": 428,
  "13": 263,
  "101": 211,
  "102": 223,
  "103": 176,
  "104": 183,
  "105": 177,
  "106": 177,
  "107": 189
}
[2018-02-07T00:04:54.343] [DEBUG] EMR102 - Got outbreak response
[2018-02-07T00:04:54.343] [INFO] EMR102 - Outbreaks: [
  {
    "time": "Wed Feb 07 2018 00:04:39 GMT-0700 (Mountain Standard Time)",
    "infections": 121,
    "type": 1,
    "name": "Influenza"
  }
]
[2018-02-07T00:04:55.343] [DEBUG] VectorTimestamp - {
  "1": 412,
  "2": 0,
  "3": 0,
  "10": 525,
  "11": 435,
  "12": 428,
  "13": 263,
  "101": 211,
  "102": 224,
  "103": 176,
  "104": 183,
  "105": 177,
  "106": 177,
  "107": 189
}
[2018-02-07T00:04:55.343] [DEBUG] EMR102 - Sent outbreak request
[2018-02-07T00:04:55.344] [DEBUG] VectorTimestamp - {
  "1": 412,
  "2": 0,
  "3": 0,
  "10": 531,
  "11": 435,
  "12": 428,
  "13": 263,
  "101": 215,
  "102": 225,
  "103": 176,
  "104": 183,
  "105": 177,
  "106": 177,
  "107": 189
}
[2018-02-07T00:04:55.344] [DEBUG] EMR102 - Got outbreak response
[2018-02-07T00:04:55.344] [INFO] EMR102 - Outbreaks: [
  {
    "time": "Wed Feb 07 2018 00:04:39 GMT-0700 (Mountain Standard Time)",
    "infections": 121,
    "type": 1,
    "name": "Influenza"
  }
]
[2018-02-07T00:04:56.343] [DEBUG] VectorTimestamp - {
  "1": 412,
  "2": 0,
  "3": 0,
  "10": 531,
  "11": 435,
  "12": 428,
  "13": 263,
  "101": 215,
  "102": 226,
  "103": 176,
  "104": 183,
  "105": 177,
  "106": 177,
  "107": 189
}
[2018-02-07T00:04:56.343] [DEBUG] EMR102 - Sent outbreak request
[2018-02-07T00:04:56.344] [DEBUG] VectorTimestamp - {
  "1": 412,
  "2": 0,
  "3": 0,
  "10": 536,
  "11": 435,
  "12": 428,
  "13": 263,
  "101": 216,
  "102": 227,
  "103": 176,
  "104": 183,
  "105": 177,
  "106": 177,
  "107": 189
}
[2018-02-07T00:04:56.344] [DEBUG] EMR102 - Got outbreak response
[2018-02-07T00:04:56.344] [INFO] EMR102 - Outbreaks: [
  {
    "time": "Wed Feb 07 2018 00:04:39 GMT-0700 (Mountain Standard Time)",
    "infections": 121,
    "type": 1,
    "name": "Influenza"
  }
]
[2018-02-07T00:04:57.344] [DEBUG] VectorTimestamp - {
  "1": 412,
  "2": 0,
  "3": 0,
  "10": 536,
  "11": 435,
  "12": 428,
  "13": 263,
  "101": 216,
  "102": 228,
  "103": 176,
  "104": 183,
  "105": 177,
  "106": 177,
  "107": 189
}
[2018-02-07T00:04:57.344] [DEBUG] EMR102 - Sent outbreak request
[2018-02-07T00:04:57.345] [DEBUG] VectorTimestamp - {
  "1": 412,
  "2": 0,
  "3": 0,
  "10": 542,
  "11": 435,
  "12": 428,
  "13": 263,
  "101": 220,
  "102": 229,
  "103": 176,
  "104": 183,
  "105": 177,
  "106": 177,
  "107": 189
}
[2018-02-07T00:04:57.345] [DEBUG] EMR102 - Got outbreak response
[2018-02-07T00:04:57.345] [INFO] EMR102 - Outbreaks: [
  {
    "time": "Wed Feb 07 2018 00:04:39 GMT-0700 (Mountain Standard Time)",
    "infections": 121,
    "type": 1,
    "name": "Influenza"
  }
]
[2018-02-07T00:04:58.345] [DEBUG] VectorTimestamp - {
  "1": 412,
  "2": 0,
  "3": 0,
  "10": 542,
  "11": 435,
  "12": 428,
  "13": 263,
  "101": 220,
  "102": 230,
  "103": 176,
  "104": 183,
  "105": 177,
  "106": 177,
  "107": 189
}
[2018-02-07T00:04:58.345] [DEBUG] EMR102 - Sent outbreak request
[2018-02-07T00:04:58.346] [DEBUG] VectorTimestamp - {
  "1": 412,
  "2": 0,
  "3": 0,
  "10": 548,
  "11": 435,
  "12": 428,
  "13": 263,
  "101": 223,
  "102": 231,
  "103": 176,
  "104": 183,
  "105": 177,
  "106": 177,
  "107": 189
}
[2018-02-07T00:04:58.346] [DEBUG] EMR102 - Got outbreak response
[2018-02-07T00:04:58.346] [INFO] EMR102 - Outbreaks: [
  {
    "time": "Wed Feb 07 2018 00:04:39 GMT-0700 (Mountain Standard Time)",
    "infections": 121,
    "type": 1,
    "name": "Influenza"
  }
]
[2018-02-07T00:04:59.346] [DEBUG] VectorTimestamp - {
  "1": 412,
  "2": 0,
  "3": 0,
  "10": 548,
  "11": 435,
  "12": 428,
  "13": 263,
  "101": 223,
  "102": 232,
  "103": 176,
  "104": 183,
  "105": 177,
  "106": 177,
  "107": 189
}
[2018-02-07T00:04:59.346] [DEBUG] EMR102 - Sent outbreak request
[2018-02-07T00:04:59.347] [DEBUG] VectorTimestamp - {
  "1": 412,
  "2": 0,
  "3": 0,
  "10": 553,
  "11": 435,
  "12": 428,
  "13": 263,
  "101": 224,
  "102": 233,
  "103": 176,
  "104": 183,
  "105": 177,
  "106": 177,
  "107": 189
}
[2018-02-07T00:04:59.347] [DEBUG] EMR102 - Got outbreak response
[2018-02-07T00:04:59.347] [INFO] EMR102 - Outbreaks: [
  {
    "time": "Wed Feb 07 2018 00:04:39 GMT-0700 (Mountain Standard Time)",
    "infections": 121,
    "type": 1,
    "name": "Influenza"
  }
]
[2018-02-07T00:05:00.346] [DEBUG] VectorTimestamp - {
  "1": 412,
  "2": 0,
  "3": 0,
  "10": 553,
  "11": 435,
  "12": 428,
  "13": 263,
  "101": 224,
  "102": 234,
  "103": 176,
  "104": 183,
  "105": 177,
  "106": 177,
  "107": 189
}
[2018-02-07T00:05:00.346] [DEBUG] EMR102 - Sent outbreak request
[2018-02-07T00:05:00.347] [DEBUG] VectorTimestamp - {
  "1": 412,
  "2": 0,
  "3": 0,
  "10": 558,
  "11": 435,
  "12": 428,
  "13": 263,
  "101": 226,
  "102": 235,
  "103": 176,
  "104": 183,
  "105": 177,
  "106": 177,
  "107": 189
}
[2018-02-07T00:05:00.347] [DEBUG] EMR102 - Got outbreak response
[2018-02-07T00:05:00.347] [INFO] EMR102 - Outbreaks: [
  {
    "time": "Wed Feb 07 2018 00:04:39 GMT-0700 (Mountain Standard Time)",
    "infections": 121,
    "type": 1,
    "name": "Influenza"
  }
]
[2018-02-07T00:05:01.347] [DEBUG] VectorTimestamp - {
  "1": 412,
  "2": 0,
  "3": 0,
  "10": 558,
  "11": 435,
  "12": 428,
  "13": 263,
  "101": 226,
  "102": 236,
  "103": 176,
  "104": 183,
  "105": 177,
  "106": 177,
  "107": 189
}
[2018-02-07T00:05:01.347] [DEBUG] EMR102 - Sent outbreak request
[2018-02-07T00:05:01.349] [DEBUG] VectorTimestamp - {
  "1": 412,
  "2": 0,
  "3": 0,
  "10": 563,
  "11": 435,
  "12": 428,
  "13": 263,
  "101": 228,
  "102": 237,
  "103": 176,
  "104": 183,
  "105": 177,
  "106": 177,
  "107": 189
}
[2018-02-07T00:05:01.349] [DEBUG] EMR102 - Got outbreak response
[2018-02-07T00:05:01.349] [INFO] EMR102 - Outbreaks: [
  {
    "time": "Wed Feb 07 2018 00:04:39 GMT-0700 (Mountain Standard Time)",
    "infections": 121,
    "type": 1,
    "name": "Influenza"
  }
]
[2018-02-07T00:05:02.348] [DEBUG] VectorTimestamp - {
  "1": 412,
  "2": 0,
  "3": 0,
  "10": 563,
  "11": 435,
  "12": 428,
  "13": 263,
  "101": 228,
  "102": 238,
  "103": 176,
  "104": 183,
  "105": 177,
  "106": 177,
  "107": 189
}
[2018-02-07T00:05:02.348] [DEBUG] EMR102 - Sent outbreak request
[2018-02-07T00:05:02.349] [DEBUG] VectorTimestamp - {
  "1": 412,
  "2": 0,
  "3": 0,
  "10": 568,
  "11": 435,
  "12": 428,
  "13": 263,
  "101": 230,
  "102": 239,
  "103": 176,
  "104": 183,
  "105": 177,
  "106": 177,
  "107": 189
}
[2018-02-07T00:05:02.349] [DEBUG] EMR102 - Got outbreak response
[2018-02-07T00:05:02.349] [INFO] EMR102 - Outbreaks: [
  {
    "time": "Wed Feb 07 2018 00:04:39 GMT-0700 (Mountain Standard Time)",
    "infections": 121,
    "type": 1,
    "name": "Influenza"
  }
]
[2018-02-07T00:05:03.348] [DEBUG] VectorTimestamp - {
  "1": 412,
  "2": 0,
  "3": 0,
  "10": 568,
  "11": 435,
  "12": 428,
  "13": 263,
  "101": 230,
  "102": 240,
  "103": 176,
  "104": 183,
  "105": 177,
  "106": 177,
  "107": 189
}
[2018-02-07T00:05:03.348] [DEBUG] EMR102 - Sent outbreak request
[2018-02-07T00:05:03.349] [DEBUG] VectorTimestamp - {
  "1": 412,
  "2": 0,
  "3": 0,
  "10": 573,
  "11": 435,
  "12": 428,
  "13": 263,
  "101": 232,
  "102": 241,
  "103": 176,
  "104": 183,
  "105": 177,
  "106": 177,
  "107": 189
}
[2018-02-07T00:05:03.349] [DEBUG] EMR102 - Got outbreak response
[2018-02-07T00:05:03.349] [INFO] EMR102 - Outbreaks: [
  {
    "time": "Wed Feb 07 2018 00:04:39 GMT-0700 (Mountain Standard Time)",
    "infections": 121,
    "type": 1,
    "name": "Influenza"
  }
]
[2018-02-07T00:05:04.349] [DEBUG] VectorTimestamp - {
  "1": 412,
  "2": 0,
  "3": 0,
  "10": 573,
  "11": 435,
  "12": 428,
  "13": 263,
  "101": 232,
  "102": 242,
  "103": 176,
  "104": 183,
  "105": 177,
  "106": 177,
  "107": 189
}
[2018-02-07T00:05:04.349] [DEBUG] EMR102 - Sent outbreak request
[2018-02-07T00:05:04.350] [DEBUG] VectorTimestamp - {
  "1": 412,
  "2": 0,
  "3": 0,
  "10": 578,
  "11": 435,
  "12": 428,
  "13": 263,
  "101": 234,
  "102": 243,
  "103": 176,
  "104": 183,
  "105": 177,
  "106": 177,
  "107": 189
}
[2018-02-07T00:05:04.350] [DEBUG] EMR102 - Got outbreak response
