[2018-02-07T00:03:27.256] [DEBUG] EMR107 - Got config: {
  "hds": {
    "id": 13,
    "notification": {
      "ip": "localhost",
      "port": 12106
    },
    "update": {
      "ip": "localhost",
      "port": 12107
    },
    "outbreakRouter": {
      "ip": "localhost",
      "port": 12113
    }
  },
  "processes": [
    {
      "id": 1,
      "ip": "localhost",
      "port": 12001,
      "disease": 1
    },
    {
      "id": 2,
      "ip": "localhost",
      "port": 12002,
      "disease": 2
    },
    {
      "id": 3,
      "ip": "localhost",
      "port": 12003,
      "disease": 3
    },
    {
      "id": 101,
      "hds": 10
    },
    {
      "id": 102,
      "hds": 10
    },
    {
      "id": 103,
      "hds": 11
    },
    {
      "id": 104,
      "hds": 11
    },
    {
      "id": 105,
      "hds": 12
    },
    {
      "id": 106,
      "hds": 12
    },
    {
      "id": 107,
      "hds": 13
    },
    {
      "id": 10,
      "notification": {
        "ip": "localhost",
        "port": 12100
      },
      "update": {
        "ip": "localhost",
        "port": 12101
      },
      "outbreakRouter": {
        "ip": "localhost",
        "port": 12110
      }
    },
    {
      "id": 11,
      "notification": {
        "ip": "localhost",
        "port": 12102
      },
      "update": {
        "ip": "localhost",
        "port": 12103
      },
      "outbreakRouter": {
        "ip": "localhost",
        "port": 12111
      }
    },
    {
      "id": 12,
      "notification": {
        "ip": "localhost",
        "port": 12104
      },
      "update": {
        "ip": "localhost",
        "port": 12105
      },
      "outbreakRouter": {
        "ip": "localhost",
        "port": 12112
      }
    },
    {
      "id": 13,
      "notification": {
        "ip": "localhost",
        "port": 12106
      },
      "update": {
        "ip": "localhost",
        "port": 12107
      },
      "outbreakRouter": {
        "ip": "localhost",
        "port": 12113
      }
    }
  ],
  "simulation": {
    "simulationTime": 24,
    "simulationInterval": 100,
    "diseases": [
      {
        "id": 1,
        "name": "Influenza",
        "threshold": 120,
        "minP": 0,
        "maxP": 0.1,
        "ratePeriod": 48
      },
      {
        "id": 2,
        "name": "Chicken Pox",
        "threshold": 50,
        "minP": 0,
        "maxP": 0,
        "ratePeriod": 120
      },
      {
        "id": 3,
        "name": "Measles",
        "threshold": 10,
        "minP": 0,
        "maxP": 0,
        "ratePeriod": 24
      }
    ]
  }
}
[2018-02-07T00:03:28.262] [DEBUG] VectorTimestamp - {
  "1": 0,
  "2": 0,
  "3": 0,
  "10": 0,
  "11": 0,
  "12": 0,
  "13": 0,
  "101": 0,
  "102": 0,
  "103": 0,
  "104": 0,
  "105": 0,
  "106": 0,
  "107": 1
}
[2018-02-07T00:03:28.263] [DEBUG] EMR107 - Sent outbreak request
[2018-02-07T00:03:28.266] [DEBUG] VectorTimestamp - {
  "1": 0,
  "2": 0,
  "3": 0,
  "10": 0,
  "11": 0,
  "12": 0,
  "13": 2,
  "101": 0,
  "102": 0,
  "103": 0,
  "104": 0,
  "105": 0,
  "106": 0,
  "107": 2
}
[2018-02-07T00:03:28.266] [DEBUG] EMR107 - Got outbreak response
[2018-02-07T00:03:29.264] [DEBUG] VectorTimestamp - {
  "1": 0,
  "2": 0,
  "3": 0,
  "10": 0,
  "11": 0,
  "12": 0,
  "13": 2,
  "101": 0,
  "102": 0,
  "103": 0,
  "104": 0,
  "105": 0,
  "106": 0,
  "107": 3
}
[2018-02-07T00:03:29.265] [DEBUG] EMR107 - Sent outbreak request
[2018-02-07T00:03:29.266] [DEBUG] VectorTimestamp - {
  "1": 0,
  "2": 0,
  "3": 0,
  "10": 0,
  "11": 0,
  "12": 0,
  "13": 5,
  "101": 0,
  "102": 0,
  "103": 0,
  "104": 0,
  "105": 0,
  "106": 0,
  "107": 4
}
[2018-02-07T00:03:29.266] [DEBUG] EMR107 - Got outbreak response
[2018-02-07T00:03:30.265] [DEBUG] VectorTimestamp - {
  "1": 0,
  "2": 0,
  "3": 0,
  "10": 0,
  "11": 0,
  "12": 0,
  "13": 5,
  "101": 0,
  "102": 0,
  "103": 0,
  "104": 0,
  "105": 0,
  "106": 0,
  "107": 5
}
[2018-02-07T00:03:30.265] [DEBUG] EMR107 - Sent outbreak request
[2018-02-07T00:03:30.266] [DEBUG] VectorTimestamp - {
  "1": 0,
  "2": 0,
  "3": 0,
  "10": 0,
  "11": 0,
  "12": 0,
  "13": 8,
  "101": 0,
  "102": 0,
  "103": 0,
  "104": 0,
  "105": 0,
  "106": 0,
  "107": 6
}
[2018-02-07T00:03:30.266] [DEBUG] EMR107 - Got outbreak response
[2018-02-07T00:03:31.266] [DEBUG] VectorTimestamp - {
  "1": 0,
  "2": 0,
  "3": 0,
  "10": 0,
  "11": 0,
  "12": 0,
  "13": 8,
  "101": 0,
  "102": 0,
  "103": 0,
  "104": 0,
  "105": 0,
  "106": 0,
  "107": 7
}
[2018-02-07T00:03:31.266] [DEBUG] EMR107 - Sent outbreak request
[2018-02-07T00:03:31.267] [DEBUG] VectorTimestamp - {
  "1": 0,
  "2": 0,
  "3": 0,
  "10": 0,
  "11": 0,
  "12": 0,
  "13": 11,
  "101": 0,
  "102": 0,
  "103": 0,
  "104": 0,
  "105": 0,
  "106": 0,
  "107": 8
}
[2018-02-07T00:03:31.267] [DEBUG] EMR107 - Got outbreak response
[2018-02-07T00:03:32.268] [DEBUG] VectorTimestamp - {
  "1": 0,
  "2": 0,
  "3": 0,
  "10": 0,
  "11": 0,
  "12": 0,
  "13": 11,
  "101": 0,
  "102": 0,
  "103": 0,
  "104": 0,
  "105": 0,
  "106": 0,
  "107": 9
}
[2018-02-07T00:03:32.268] [DEBUG] EMR107 - Sent outbreak request
[2018-02-07T00:03:32.269] [DEBUG] VectorTimestamp - {
  "1": 0,
  "2": 0,
  "3": 0,
  "10": 0,
  "11": 0,
  "12": 0,
  "13": 14,
  "101": 0,
  "102": 0,
  "103": 0,
  "104": 0,
  "105": 0,
  "106": 0,
  "107": 10
}
[2018-02-07T00:03:32.269] [DEBUG] EMR107 - Got outbreak response
[2018-02-07T00:03:33.269] [DEBUG] VectorTimestamp - {
  "1": 0,
  "2": 0,
  "3": 0,
  "10": 0,
  "11": 0,
  "12": 0,
  "13": 14,
  "101": 0,
  "102": 0,
  "103": 0,
  "104": 0,
  "105": 0,
  "106": 0,
  "107": 11
}
[2018-02-07T00:03:33.270] [DEBUG] EMR107 - Sent outbreak request
[2018-02-07T00:03:33.271] [DEBUG] VectorTimestamp - {
  "1": 0,
  "2": 0,
  "3": 0,
  "10": 0,
  "11": 0,
  "12": 0,
  "13": 17,
  "101": 0,
  "102": 0,
  "103": 0,
  "104": 0,
  "105": 0,
  "106": 0,
  "107": 12
}
[2018-02-07T00:03:33.271] [DEBUG] EMR107 - Got outbreak response
[2018-02-07T00:03:34.271] [DEBUG] VectorTimestamp - {
  "1": 0,
  "2": 0,
  "3": 0,
  "10": 0,
  "11": 0,
  "12": 0,
  "13": 17,
  "101": 0,
  "102": 0,
  "103": 0,
  "104": 0,
  "105": 0,
  "106": 0,
  "107": 13
}
[2018-02-07T00:03:34.271] [DEBUG] EMR107 - Sent outbreak request
[2018-02-07T00:03:34.272] [DEBUG] VectorTimestamp - {
  "1": 0,
  "2": 0,
  "3": 0,
  "10": 0,
  "11": 0,
  "12": 0,
  "13": 20,
  "101": 0,
  "102": 0,
  "103": 0,
  "104": 0,
  "105": 0,
  "106": 0,
  "107": 14
}
[2018-02-07T00:03:34.272] [DEBUG] EMR107 - Got outbreak response
[2018-02-07T00:03:35.273] [DEBUG] VectorTimestamp - {
  "1": 0,
  "2": 0,
  "3": 0,
  "10": 0,
  "11": 0,
  "12": 0,
  "13": 20,
  "101": 0,
  "102": 0,
  "103": 0,
  "104": 0,
  "105": 0,
  "106": 0,
  "107": 15
}
[2018-02-07T00:03:35.273] [DEBUG] EMR107 - Sent outbreak request
[2018-02-07T00:03:35.274] [DEBUG] VectorTimestamp - {
  "1": 0,
  "2": 0,
  "3": 0,
  "10": 0,
  "11": 0,
  "12": 0,
  "13": 23,
  "101": 0,
  "102": 0,
  "103": 0,
  "104": 0,
  "105": 0,
  "106": 0,
  "107": 16
}
[2018-02-07T00:03:35.274] [DEBUG] EMR107 - Got outbreak response
[2018-02-07T00:03:35.982] [DEBUG] VectorTimestamp - {
  "1": 0,
  "2": 0,
  "3": 0,
  "10": 0,
  "11": 0,
  "12": 0,
  "13": 23,
  "101": 0,
  "102": 0,
  "103": 0,
  "104": 0,
  "105": 0,
  "106": 0,
  "107": 17
}
[2018-02-07T00:03:35.982] [DEBUG] EMR107 - Sent disease notification: Influenza (1)
[2018-02-07T00:03:36.273] [DEBUG] VectorTimestamp - {
  "1": 0,
  "2": 0,
  "3": 0,
  "10": 0,
  "11": 0,
  "12": 0,
  "13": 23,
  "101": 0,
  "102": 0,
  "103": 0,
  "104": 0,
  "105": 0,
  "106": 0,
  "107": 18
}
[2018-02-07T00:03:36.273] [DEBUG] EMR107 - Sent outbreak request
[2018-02-07T00:03:36.275] [DEBUG] VectorTimestamp - {
  "1": 0,
  "2": 0,
  "3": 0,
  "10": 0,
  "11": 0,
  "12": 0,
  "13": 27,
  "101": 0,
  "102": 0,
  "103": 0,
  "104": 0,
  "105": 0,
  "106": 0,
  "107": 19
}
[2018-02-07T00:03:36.275] [DEBUG] EMR107 - Got outbreak response
[2018-02-07T00:03:37.274] [DEBUG] VectorTimestamp - {
  "1": 0,
  "2": 0,
  "3": 0,
  "10": 0,
  "11": 0,
  "12": 0,
  "13": 27,
  "101": 0,
  "102": 0,
  "103": 0,
  "104": 0,
  "105": 0,
  "106": 0,
  "107": 20
}
[2018-02-07T00:03:37.274] [DEBUG] EMR107 - Sent outbreak request
[2018-02-07T00:03:37.275] [DEBUG] VectorTimestamp - {
  "1": 0,
  "2": 0,
  "3": 0,
  "10": 0,
  "11": 0,
  "12": 0,
  "13": 30,
  "101": 0,
  "102": 0,
  "103": 0,
  "104": 0,
  "105": 0,
  "106": 0,
  "107": 21
}
[2018-02-07T00:03:37.275] [DEBUG] EMR107 - Got outbreak response
[2018-02-07T00:03:38.276] [DEBUG] VectorTimestamp - {
  "1": 0,
  "2": 0,
  "3": 0,
  "10": 0,
  "11": 0,
  "12": 0,
  "13": 30,
  "101": 0,
  "102": 0,
  "103": 0,
  "104": 0,
  "105": 0,
  "106": 0,
  "107": 22
}
[2018-02-07T00:03:38.276] [DEBUG] EMR107 - Sent outbreak request
[2018-02-07T00:03:38.277] [DEBUG] VectorTimestamp - {
  "1": 0,
  "2": 0,
  "3": 0,
  "10": 0,
  "11": 0,
  "12": 0,
  "13": 33,
  "101": 0,
  "102": 0,
  "103": 0,
  "104": 0,
  "105": 0,
  "106": 0,
  "107": 23
}
[2018-02-07T00:03:38.277] [DEBUG] EMR107 - Got outbreak response
[2018-02-07T00:03:39.277] [DEBUG] VectorTimestamp - {
  "1": 0,
  "2": 0,
  "3": 0,
  "10": 0,
  "11": 0,
  "12": 0,
  "13": 33,
  "101": 0,
  "102": 0,
  "103": 0,
  "104": 0,
  "105": 0,
  "106": 0,
  "107": 24
}
[2018-02-07T00:03:39.278] [DEBUG] EMR107 - Sent outbreak request
[2018-02-07T00:03:39.279] [DEBUG] VectorTimestamp - {
  "1": 0,
  "2": 0,
  "3": 0,
  "10": 0,
  "11": 0,
  "12": 0,
  "13": 36,
  "101": 0,
  "102": 0,
  "103": 0,
  "104": 0,
  "105": 0,
  "106": 0,
  "107": 25
}
[2018-02-07T00:03:39.279] [DEBUG] EMR107 - Got outbreak response
[2018-02-07T00:03:40.279] [DEBUG] VectorTimestamp - {
  "1": 0,
  "2": 0,
  "3": 0,
  "10": 0,
  "11": 0,
  "12": 0,
  "13": 36,
  "101": 0,
  "102": 0,
  "103": 0,
  "104": 0,
  "105": 0,
  "106": 0,
  "107": 26
}
[2018-02-07T00:03:40.279] [DEBUG] EMR107 - Sent outbreak request
[2018-02-07T00:03:40.280] [DEBUG] VectorTimestamp - {
  "1": 0,
  "2": 0,
  "3": 0,
  "10": 0,
  "11": 0,
  "12": 0,
  "13": 39,
  "101": 0,
  "102": 0,
  "103": 0,
  "104": 0,
  "105": 0,
  "106": 0,
  "107": 27
}
[2018-02-07T00:03:40.280] [DEBUG] EMR107 - Got outbreak response
[2018-02-07T00:03:41.281] [DEBUG] VectorTimestamp - {
  "1": 0,
  "2": 0,
  "3": 0,
  "10": 0,
  "11": 0,
  "12": 0,
  "13": 39,
  "101": 0,
  "102": 0,
  "103": 0,
  "104": 0,
  "105": 0,
  "106": 0,
  "107": 28
}
[2018-02-07T00:03:41.281] [DEBUG] EMR107 - Sent outbreak request
[2018-02-07T00:03:41.283] [DEBUG] VectorTimestamp - {
  "1": 0,
  "2": 0,
  "3": 0,
  "10": 0,
  "11": 0,
  "12": 0,
  "13": 42,
  "101": 0,
  "102": 0,
  "103": 0,
  "104": 0,
  "105": 0,
  "106": 0,
  "107": 29
}
[2018-02-07T00:03:41.283] [DEBUG] EMR107 - Got outbreak response
[2018-02-07T00:03:42.198] [DEBUG] VectorTimestamp - {
  "1": 0,
  "2": 0,
  "3": 0,
  "10": 0,
  "11": 0,
  "12": 0,
  "13": 42,
  "101": 0,
  "102": 0,
  "103": 0,
  "104": 0,
  "105": 0,
  "106": 0,
  "107": 30
}
[2018-02-07T00:03:42.198] [DEBUG] EMR107 - Sent disease notification: Influenza (1)
[2018-02-07T00:03:42.281] [DEBUG] VectorTimestamp - {
  "1": 0,
  "2": 0,
  "3": 0,
  "10": 0,
  "11": 0,
  "12": 0,
  "13": 42,
  "101": 0,
  "102": 0,
  "103": 0,
  "104": 0,
  "105": 0,
  "106": 0,
  "107": 31
}
[2018-02-07T00:03:42.281] [DEBUG] EMR107 - Sent outbreak request
[2018-02-07T00:03:42.282] [DEBUG] VectorTimestamp - {
  "1": 0,
  "2": 0,
  "3": 0,
  "10": 0,
  "11": 0,
  "12": 0,
  "13": 46,
  "101": 0,
  "102": 0,
  "103": 0,
  "104": 0,
  "105": 0,
  "106": 0,
  "107": 32
}
[2018-02-07T00:03:42.282] [DEBUG] EMR107 - Got outbreak response
[2018-02-07T00:03:43.282] [DEBUG] VectorTimestamp - {
  "1": 0,
  "2": 0,
  "3": 0,
  "10": 0,
  "11": 0,
  "12": 0,
  "13": 46,
  "101": 0,
  "102": 0,
  "103": 0,
  "104": 0,
  "105": 0,
  "106": 0,
  "107": 33
}
[2018-02-07T00:03:43.282] [DEBUG] EMR107 - Sent outbreak request
[2018-02-07T00:03:43.283] [DEBUG] VectorTimestamp - {
  "1": 0,
  "2": 0,
  "3": 0,
  "10": 0,
  "11": 0,
  "12": 0,
  "13": 49,
  "101": 0,
  "102": 0,
  "103": 0,
  "104": 0,
  "105": 0,
  "106": 0,
  "107": 34
}
[2018-02-07T00:03:43.283] [DEBUG] EMR107 - Got outbreak response
[2018-02-07T00:03:43.301] [DEBUG] VectorTimestamp - {
  "1": 0,
  "2": 0,
  "3": 0,
  "10": 0,
  "11": 0,
  "12": 0,
  "13": 49,
  "101": 0,
  "102": 0,
  "103": 0,
  "104": 0,
  "105": 0,
  "106": 0,
  "107": 35
}
[2018-02-07T00:03:43.301] [DEBUG] EMR107 - Sent disease notification: Influenza (1)
[2018-02-07T00:03:44.284] [DEBUG] VectorTimestamp - {
  "1": 0,
  "2": 0,
  "3": 0,
  "10": 0,
  "11": 0,
  "12": 0,
  "13": 49,
  "101": 0,
  "102": 0,
  "103": 0,
  "104": 0,
  "105": 0,
  "106": 0,
  "107": 36
}
[2018-02-07T00:03:44.284] [DEBUG] EMR107 - Sent outbreak request
[2018-02-07T00:03:44.285] [DEBUG] VectorTimestamp - {
  "1": 0,
  "2": 0,
  "3": 0,
  "10": 0,
  "11": 0,
  "12": 0,
  "13": 53,
  "101": 0,
  "102": 0,
  "103": 0,
  "104": 0,
  "105": 0,
  "106": 0,
  "107": 37
}
[2018-02-07T00:03:44.285] [DEBUG] EMR107 - Got outbreak response
[2018-02-07T00:03:45.284] [DEBUG] VectorTimestamp - {
  "1": 0,
  "2": 0,
  "3": 0,
  "10": 0,
  "11": 0,
  "12": 0,
  "13": 53,
  "101": 0,
  "102": 0,
  "103": 0,
  "104": 0,
  "105": 0,
  "106": 0,
  "107": 38
}
[2018-02-07T00:03:45.284] [DEBUG] EMR107 - Sent outbreak request
[2018-02-07T00:03:45.285] [DEBUG] VectorTimestamp - {
  "1": 0,
  "2": 0,
  "3": 0,
  "10": 0,
  "11": 0,
  "12": 0,
  "13": 56,
  "101": 0,
  "102": 0,
  "103": 0,
  "104": 0,
  "105": 0,
  "106": 0,
  "107": 39
}
[2018-02-07T00:03:45.285] [DEBUG] EMR107 - Got outbreak response
[2018-02-07T00:03:46.285] [DEBUG] VectorTimestamp - {
  "1": 0,
  "2": 0,
  "3": 0,
  "10": 0,
  "11": 0,
  "12": 0,
  "13": 56,
  "101": 0,
  "102": 0,
  "103": 0,
  "104": 0,
  "105": 0,
  "106": 0,
  "107": 40
}
[2018-02-07T00:03:46.285] [DEBUG] EMR107 - Sent outbreak request
[2018-02-07T00:03:46.286] [DEBUG] VectorTimestamp - {
  "1": 0,
  "2": 0,
  "3": 0,
  "10": 0,
  "11": 0,
  "12": 0,
  "13": 59,
  "101": 0,
  "102": 0,
  "103": 0,
  "104": 0,
  "105": 0,
  "106": 0,
  "107": 41
}
[2018-02-07T00:03:46.286] [DEBUG] EMR107 - Got outbreak response
[2018-02-07T00:03:47.285] [DEBUG] VectorTimestamp - {
  "1": 0,
  "2": 0,
  "3": 0,
  "10": 0,
  "11": 0,
  "12": 0,
  "13": 59,
  "101": 0,
  "102": 0,
  "103": 0,
  "104": 0,
  "105": 0,
  "106": 0,
  "107": 42
}
[2018-02-07T00:03:47.285] [DEBUG] EMR107 - Sent outbreak request
[2018-02-07T00:03:47.287] [DEBUG] VectorTimestamp - {
  "1": 0,
  "2": 0,
  "3": 0,
  "10": 0,
  "11": 0,
  "12": 0,
  "13": 62,
  "101": 0,
  "102": 0,
  "103": 0,
  "104": 0,
  "105": 0,
  "106": 0,
  "107": 43
}
[2018-02-07T00:03:47.287] [DEBUG] EMR107 - Got outbreak response
[2018-02-07T00:03:47.911] [DEBUG] VectorTimestamp - {
  "1": 0,
  "2": 0,
  "3": 0,
  "10": 0,
  "11": 0,
  "12": 0,
  "13": 62,
  "101": 0,
  "102": 0,
  "103": 0,
  "104": 0,
  "105": 0,
  "106": 0,
  "107": 44
}
[2018-02-07T00:03:47.911] [DEBUG] EMR107 - Sent disease notification: Influenza (1)
[2018-02-07T00:03:48.286] [DEBUG] VectorTimestamp - {
  "1": 0,
  "2": 0,
  "3": 0,
  "10": 0,
  "11": 0,
  "12": 0,
  "13": 62,
  "101": 0,
  "102": 0,
  "103": 0,
  "104": 0,
  "105": 0,
  "106": 0,
  "107": 45
}
[2018-02-07T00:03:48.286] [DEBUG] EMR107 - Sent outbreak request
[2018-02-07T00:03:48.287] [DEBUG] VectorTimestamp - {
  "1": 0,
  "2": 0,
  "3": 0,
  "10": 0,
  "11": 0,
  "12": 0,
  "13": 66,
  "101": 0,
  "102": 0,
  "103": 0,
  "104": 0,
  "105": 0,
  "106": 0,
  "107": 46
}
[2018-02-07T00:03:48.287] [DEBUG] EMR107 - Got outbreak response
[2018-02-07T00:03:48.914] [DEBUG] VectorTimestamp - {
  "1": 0,
  "2": 0,
  "3": 0,
  "10": 0,
  "11": 0,
  "12": 0,
  "13": 66,
  "101": 0,
  "102": 0,
  "103": 0,
  "104": 0,
  "105": 0,
  "106": 0,
  "107": 47
}
[2018-02-07T00:03:48.914] [DEBUG] EMR107 - Sent disease notification: Influenza (1)
[2018-02-07T00:03:49.287] [DEBUG] VectorTimestamp - {
  "1": 0,
  "2": 0,
  "3": 0,
  "10": 0,
  "11": 0,
  "12": 0,
  "13": 66,
  "101": 0,
  "102": 0,
  "103": 0,
  "104": 0,
  "105": 0,
  "106": 0,
  "107": 48
}
[2018-02-07T00:03:49.287] [DEBUG] EMR107 - Sent outbreak request
[2018-02-07T00:03:49.288] [DEBUG] VectorTimestamp - {
  "1": 0,
  "2": 0,
  "3": 0,
  "10": 0,
  "11": 0,
  "12": 0,
  "13": 70,
  "101": 0,
  "102": 0,
  "103": 0,
  "104": 0,
  "105": 0,
  "106": 0,
  "107": 49
}
[2018-02-07T00:03:49.288] [DEBUG] EMR107 - Got outbreak response
[2018-02-07T00:03:49.716] [DEBUG] VectorTimestamp - {
  "1": 0,
  "2": 0,
  "3": 0,
  "10": 0,
  "11": 0,
  "12": 0,
  "13": 70,
  "101": 0,
  "102": 0,
  "103": 0,
  "104": 0,
  "105": 0,
  "106": 0,
  "107": 50
}
[2018-02-07T00:03:49.716] [DEBUG] EMR107 - Sent disease notification: Influenza (1)
[2018-02-07T00:03:50.287] [DEBUG] VectorTimestamp - {
  "1": 0,
  "2": 0,
  "3": 0,
  "10": 0,
  "11": 0,
  "12": 0,
  "13": 70,
  "101": 0,
  "102": 0,
  "103": 0,
  "104": 0,
  "105": 0,
  "106": 0,
  "107": 51
}
[2018-02-07T00:03:50.288] [DEBUG] EMR107 - Sent outbreak request
[2018-02-07T00:03:50.288] [DEBUG] VectorTimestamp - {
  "1": 0,
  "2": 0,
  "3": 0,
  "10": 0,
  "11": 0,
  "12": 0,
  "13": 74,
  "101": 0,
  "102": 0,
  "103": 0,
  "104": 0,
  "105": 0,
  "106": 0,
  "107": 52
}
[2018-02-07T00:03:50.290] [DEBUG] EMR107 - Got outbreak response
[2018-02-07T00:03:50.719] [DEBUG] VectorTimestamp - {
  "1": 0,
  "2": 0,
  "3": 0,
  "10": 0,
  "11": 0,
  "12": 0,
  "13": 74,
  "101": 0,
  "102": 0,
  "103": 0,
  "104": 0,
  "105": 0,
  "106": 0,
  "107": 53
}
[2018-02-07T00:03:50.719] [DEBUG] EMR107 - Sent disease notification: Influenza (1)
[2018-02-07T00:03:51.289] [DEBUG] VectorTimestamp - {
  "1": 0,
  "2": 0,
  "3": 0,
  "10": 0,
  "11": 0,
  "12": 0,
  "13": 74,
  "101": 0,
  "102": 0,
  "103": 0,
  "104": 0,
  "105": 0,
  "106": 0,
  "107": 54
}
[2018-02-07T00:03:51.289] [DEBUG] EMR107 - Sent outbreak request
[2018-02-07T00:03:51.291] [DEBUG] VectorTimestamp - {
  "1": 0,
  "2": 0,
  "3": 0,
  "10": 0,
  "11": 0,
  "12": 0,
  "13": 78,
  "101": 0,
  "102": 0,
  "103": 0,
  "104": 0,
  "105": 0,
  "106": 0,
  "107": 55
}
[2018-02-07T00:03:51.291] [DEBUG] EMR107 - Got outbreak response
[2018-02-07T00:03:52.291] [DEBUG] VectorTimestamp - {
  "1": 0,
  "2": 0,
  "3": 0,
  "10": 0,
  "11": 0,
  "12": 0,
  "13": 78,
  "101": 0,
  "102": 0,
  "103": 0,
  "104": 0,
  "105": 0,
  "106": 0,
  "107": 56
}
[2018-02-07T00:03:52.291] [DEBUG] EMR107 - Sent outbreak request
[2018-02-07T00:03:52.292] [DEBUG] VectorTimestamp - {
  "1": 0,
  "2": 0,
  "3": 0,
  "10": 0,
  "11": 0,
  "12": 0,
  "13": 81,
  "101": 0,
  "102": 0,
  "103": 0,
  "104": 0,
  "105": 0,
  "106": 0,
  "107": 57
}
[2018-02-07T00:03:52.292] [DEBUG] EMR107 - Got outbreak response
[2018-02-07T00:03:52.924] [DEBUG] VectorTimestamp - {
  "1": 0,
  "2": 0,
  "3": 0,
  "10": 0,
  "11": 0,
  "12": 0,
  "13": 81,
  "101": 0,
  "102": 0,
  "103": 0,
  "104": 0,
  "105": 0,
  "106": 0,
  "107": 58
}
[2018-02-07T00:03:52.924] [DEBUG] EMR107 - Sent disease notification: Influenza (1)
[2018-02-07T00:03:53.225] [DEBUG] VectorTimestamp - {
  "1": 0,
  "2": 0,
  "3": 0,
  "10": 0,
  "11": 0,
  "12": 0,
  "13": 81,
  "101": 0,
  "102": 0,
  "103": 0,
  "104": 0,
  "105": 0,
  "106": 0,
  "107": 59
}
[2018-02-07T00:03:53.225] [DEBUG] EMR107 - Sent disease notification: Influenza (1)
[2018-02-07T00:03:53.290] [DEBUG] VectorTimestamp - {
  "1": 0,
  "2": 0,
  "3": 0,
  "10": 0,
  "11": 0,
  "12": 0,
  "13": 81,
  "101": 0,
  "102": 0,
  "103": 0,
  "104": 0,
  "105": 0,
  "106": 0,
  "107": 60
}
[2018-02-07T00:03:53.290] [DEBUG] EMR107 - Sent outbreak request
[2018-02-07T00:03:53.291] [DEBUG] VectorTimestamp - {
  "1": 0,
  "2": 0,
  "3": 0,
  "10": 0,
  "11": 0,
  "12": 0,
  "13": 86,
  "101": 0,
  "102": 0,
  "103": 0,
  "104": 0,
  "105": 0,
  "106": 0,
  "107": 61
}
[2018-02-07T00:03:53.291] [DEBUG] EMR107 - Got outbreak response
[2018-02-07T00:03:53.326] [DEBUG] VectorTimestamp - {
  "1": 0,
  "2": 0,
  "3": 0,
  "10": 0,
  "11": 0,
  "12": 0,
  "13": 86,
  "101": 0,
  "102": 0,
  "103": 0,
  "104": 0,
  "105": 0,
  "106": 0,
  "107": 62
}
[2018-02-07T00:03:53.326] [DEBUG] EMR107 - Sent disease notification: Influenza (1)
[2018-02-07T00:03:54.291] [DEBUG] VectorTimestamp - {
  "1": 0,
  "2": 0,
  "3": 0,
  "10": 0,
  "11": 0,
  "12": 0,
  "13": 86,
  "101": 0,
  "102": 0,
  "103": 0,
  "104": 0,
  "105": 0,
  "106": 0,
  "107": 63
}
[2018-02-07T00:03:54.291] [DEBUG] EMR107 - Sent outbreak request
[2018-02-07T00:03:54.292] [DEBUG] VectorTimestamp - {
  "1": 0,
  "2": 0,
  "3": 0,
  "10": 0,
  "11": 0,
  "12": 0,
  "13": 90,
  "101": 0,
  "102": 0,
  "103": 0,
  "104": 0,
  "105": 0,
  "106": 0,
  "107": 64
}
[2018-02-07T00:03:54.292] [DEBUG] EMR107 - Got outbreak response
[2018-02-07T00:03:55.231] [DEBUG] VectorTimestamp - {
  "1": 0,
  "2": 0,
  "3": 0,
  "10": 0,
  "11": 0,
  "12": 0,
  "13": 90,
  "101": 0,
  "102": 0,
  "103": 0,
  "104": 0,
  "105": 0,
  "106": 0,
  "107": 65
}
[2018-02-07T00:03:55.231] [DEBUG] EMR107 - Sent disease notification: Influenza (1)
[2018-02-07T00:03:55.293] [DEBUG] VectorTimestamp - {
  "1": 0,
  "2": 0,
  "3": 0,
  "10": 0,
  "11": 0,
  "12": 0,
  "13": 90,
  "101": 0,
  "102": 0,
  "103": 0,
  "104": 0,
  "105": 0,
  "106": 0,
  "107": 66
}
[2018-02-07T00:03:55.299] [DEBUG] EMR107 - Sent outbreak request
[2018-02-07T00:03:55.301] [DEBUG] VectorTimestamp - {
  "1": 0,
  "2": 0,
  "3": 0,
  "10": 0,
  "11": 0,
  "12": 0,
  "13": 94,
  "101": 0,
  "102": 0,
  "103": 0,
  "104": 0,
  "105": 0,
  "106": 0,
  "107": 67
}
[2018-02-07T00:03:55.302] [DEBUG] EMR107 - Got outbreak response
[2018-02-07T00:03:55.632] [DEBUG] VectorTimestamp - {
  "1": 0,
  "2": 0,
  "3": 0,
  "10": 0,
  "11": 0,
  "12": 0,
  "13": 94,
  "101": 0,
  "102": 0,
  "103": 0,
  "104": 0,
  "105": 0,
  "106": 0,
  "107": 68
}
[2018-02-07T00:03:55.632] [DEBUG] EMR107 - Sent disease notification: Influenza (1)
[2018-02-07T00:03:56.233] [DEBUG] VectorTimestamp - {
  "1": 0,
  "2": 0,
  "3": 0,
  "10": 0,
  "11": 0,
  "12": 0,
  "13": 94,
  "101": 0,
  "102": 0,
  "103": 0,
  "104": 0,
  "105": 0,
  "106": 0,
  "107": 69
}
[2018-02-07T00:03:56.233] [DEBUG] EMR107 - Sent disease notification: Influenza (1)
[2018-02-07T00:03:56.298] [DEBUG] VectorTimestamp - {
  "1": 0,
  "2": 0,
  "3": 0,
  "10": 0,
  "11": 0,
  "12": 0,
  "13": 94,
  "101": 0,
  "102": 0,
  "103": 0,
  "104": 0,
  "105": 0,
  "106": 0,
  "107": 70
}
[2018-02-07T00:03:56.298] [DEBUG] EMR107 - Sent outbreak request
[2018-02-07T00:03:56.299] [DEBUG] VectorTimestamp - {
  "1": 0,
  "2": 0,
  "3": 0,
  "10": 0,
  "11": 0,
  "12": 0,
  "13": 99,
  "101": 0,
  "102": 0,
  "103": 0,
  "104": 0,
  "105": 0,
  "106": 0,
  "107": 71
}
[2018-02-07T00:03:56.299] [DEBUG] EMR107 - Got outbreak response
[2018-02-07T00:03:57.299] [DEBUG] VectorTimestamp - {
  "1": 0,
  "2": 0,
  "3": 0,
  "10": 0,
  "11": 0,
  "12": 0,
  "13": 99,
  "101": 0,
  "102": 0,
  "103": 0,
  "104": 0,
  "105": 0,
  "106": 0,
  "107": 72
}
[2018-02-07T00:03:57.299] [DEBUG] EMR107 - Sent outbreak request
[2018-02-07T00:03:57.305] [DEBUG] VectorTimestamp - {
  "1": 0,
  "2": 0,
  "3": 0,
  "10": 0,
  "11": 0,
  "12": 0,
  "13": 102,
  "101": 0,
  "102": 0,
  "103": 0,
  "104": 0,
  "105": 0,
  "106": 0,
  "107": 73
}
[2018-02-07T00:03:57.305] [DEBUG] EMR107 - Got outbreak response
[2018-02-07T00:03:57.737] [DEBUG] VectorTimestamp - {
  "1": 0,
  "2": 0,
  "3": 0,
  "10": 0,
  "11": 0,
  "12": 0,
  "13": 102,
  "101": 0,
  "102": 0,
  "103": 0,
  "104": 0,
  "105": 0,
  "106": 0,
  "107": 74
}
[2018-02-07T00:03:57.737] [DEBUG] EMR107 - Sent disease notification: Influenza (1)
[2018-02-07T00:03:58.300] [DEBUG] VectorTimestamp - {
  "1": 0,
  "2": 0,
  "3": 0,
  "10": 0,
  "11": 0,
  "12": 0,
  "13": 102,
  "101": 0,
  "102": 0,
  "103": 0,
  "104": 0,
  "105": 0,
  "106": 0,
  "107": 75
}
[2018-02-07T00:03:58.300] [DEBUG] EMR107 - Sent outbreak request
[2018-02-07T00:03:58.301] [DEBUG] VectorTimestamp - {
  "1": 0,
  "2": 0,
  "3": 0,
  "10": 0,
  "11": 0,
  "12": 0,
  "13": 106,
  "101": 0,
  "102": 0,
  "103": 0,
  "104": 0,
  "105": 0,
  "106": 0,
  "107": 76
}
[2018-02-07T00:03:58.301] [DEBUG] EMR107 - Got outbreak response
[2018-02-07T00:03:59.300] [DEBUG] VectorTimestamp - {
  "1": 0,
  "2": 0,
  "3": 0,
  "10": 0,
  "11": 0,
  "12": 0,
  "13": 106,
  "101": 0,
  "102": 0,
  "103": 0,
  "104": 0,
  "105": 0,
  "106": 0,
  "107": 77
}
[2018-02-07T00:03:59.300] [DEBUG] EMR107 - Sent outbreak request
[2018-02-07T00:03:59.301] [DEBUG] VectorTimestamp - {
  "1": 0,
  "2": 0,
  "3": 0,
  "10": 0,
  "11": 0,
  "12": 0,
  "13": 109,
  "101": 0,
  "102": 0,
  "103": 0,
  "104": 0,
  "105": 0,
  "106": 0,
  "107": 78
}
[2018-02-07T00:03:59.301] [DEBUG] EMR107 - Got outbreak response
[2018-02-07T00:04:00.301] [DEBUG] VectorTimestamp - {
  "1": 0,
  "2": 0,
  "3": 0,
  "10": 0,
  "11": 0,
  "12": 0,
  "13": 109,
  "101": 0,
  "102": 0,
  "103": 0,
  "104": 0,
  "105": 0,
  "106": 0,
  "107": 79
}
[2018-02-07T00:04:00.301] [DEBUG] EMR107 - Sent outbreak request
[2018-02-07T00:04:00.303] [DEBUG] VectorTimestamp - {
  "1": 0,
  "2": 0,
  "3": 0,
  "10": 0,
  "11": 0,
  "12": 0,
  "13": 112,
  "101": 0,
  "102": 0,
  "103": 0,
  "104": 0,
  "105": 0,
  "106": 0,
  "107": 80
}
[2018-02-07T00:04:00.303] [DEBUG] EMR107 - Got outbreak response
[2018-02-07T00:04:01.146] [DEBUG] VectorTimestamp - {
  "1": 0,
  "2": 0,
  "3": 0,
  "10": 0,
  "11": 0,
  "12": 0,
  "13": 112,
  "101": 0,
  "102": 0,
  "103": 0,
  "104": 0,
  "105": 0,
  "106": 0,
  "107": 81
}
[2018-02-07T00:04:01.146] [DEBUG] EMR107 - Sent disease notification: Influenza (1)
[2018-02-07T00:04:01.302] [DEBUG] VectorTimestamp - {
  "1": 0,
  "2": 0,
  "3": 0,
  "10": 0,
  "11": 0,
  "12": 0,
  "13": 112,
  "101": 0,
  "102": 0,
  "103": 0,
  "104": 0,
  "105": 0,
  "106": 0,
  "107": 82
}
[2018-02-07T00:04:01.302] [DEBUG] EMR107 - Sent outbreak request
[2018-02-07T00:04:01.303] [DEBUG] VectorTimestamp - {
  "1": 0,
  "2": 0,
  "3": 0,
  "10": 0,
  "11": 0,
  "12": 0,
  "13": 116,
  "101": 0,
  "102": 0,
  "103": 0,
  "104": 0,
  "105": 0,
  "106": 0,
  "107": 83
}
[2018-02-07T00:04:01.303] [DEBUG] EMR107 - Got outbreak response
[2018-02-07T00:04:01.347] [DEBUG] VectorTimestamp - {
  "1": 0,
  "2": 0,
  "3": 0,
  "10": 0,
  "11": 0,
  "12": 0,
  "13": 116,
  "101": 0,
  "102": 0,
  "103": 0,
  "104": 0,
  "105": 0,
  "106": 0,
  "107": 84
}
[2018-02-07T00:04:01.347] [DEBUG] EMR107 - Sent disease notification: Influenza (1)
[2018-02-07T00:04:02.303] [DEBUG] VectorTimestamp - {
  "1": 0,
  "2": 0,
  "3": 0,
  "10": 0,
  "11": 0,
  "12": 0,
  "13": 116,
  "101": 0,
  "102": 0,
  "103": 0,
  "104": 0,
  "105": 0,
  "106": 0,
  "107": 85
}
[2018-02-07T00:04:02.303] [DEBUG] EMR107 - Sent outbreak request
[2018-02-07T00:04:02.305] [DEBUG] VectorTimestamp - {
  "1": 0,
  "2": 0,
  "3": 0,
  "10": 0,
  "11": 0,
  "12": 0,
  "13": 120,
  "101": 0,
  "102": 0,
  "103": 0,
  "104": 0,
  "105": 0,
  "106": 0,
  "107": 86
}
[2018-02-07T00:04:02.305] [DEBUG] EMR107 - Got outbreak response
[2018-02-07T00:04:03.050] [DEBUG] VectorTimestamp - {
  "1": 0,
  "2": 0,
  "3": 0,
  "10": 0,
  "11": 0,
  "12": 0,
  "13": 120,
  "101": 0,
  "102": 0,
  "103": 0,
  "104": 0,
  "105": 0,
  "106": 0,
  "107": 87
}
[2018-02-07T00:04:03.050] [DEBUG] EMR107 - Sent disease notification: Influenza (1)
[2018-02-07T00:04:03.305] [DEBUG] VectorTimestamp - {
  "1": 0,
  "2": 0,
  "3": 0,
  "10": 0,
  "11": 0,
  "12": 0,
  "13": 120,
  "101": 0,
  "102": 0,
  "103": 0,
  "104": 0,
  "105": 0,
  "106": 0,
  "107": 88
}
[2018-02-07T00:04:03.306] [DEBUG] EMR107 - Sent outbreak request
[2018-02-07T00:04:03.306] [DEBUG] VectorTimestamp - {
  "1": 0,
  "2": 0,
  "3": 0,
  "10": 0,
  "11": 0,
  "12": 0,
  "13": 124,
  "101": 0,
  "102": 0,
  "103": 0,
  "104": 0,
  "105": 0,
  "106": 0,
  "107": 89
}
[2018-02-07T00:04:03.306] [DEBUG] EMR107 - Got outbreak response
[2018-02-07T00:04:03.452] [DEBUG] VectorTimestamp - {
  "1": 0,
  "2": 0,
  "3": 0,
  "10": 0,
  "11": 0,
  "12": 0,
  "13": 124,
  "101": 0,
  "102": 0,
  "103": 0,
  "104": 0,
  "105": 0,
  "106": 0,
  "107": 90
}
[2018-02-07T00:04:03.452] [DEBUG] EMR107 - Sent disease notification: Influenza (1)
[2018-02-07T00:04:04.054] [DEBUG] VectorTimestamp - {
  "1": 0,
  "2": 0,
  "3": 0,
  "10": 0,
  "11": 0,
  "12": 0,
  "13": 124,
  "101": 0,
  "102": 0,
  "103": 0,
  "104": 0,
  "105": 0,
  "106": 0,
  "107": 91
}
[2018-02-07T00:04:04.054] [DEBUG] EMR107 - Sent disease notification: Influenza (1)
[2018-02-07T00:04:04.306] [DEBUG] VectorTimestamp - {
  "1": 0,
  "2": 0,
  "3": 0,
  "10": 0,
  "11": 0,
  "12": 0,
  "13": 124,
  "101": 0,
  "102": 0,
  "103": 0,
  "104": 0,
  "105": 0,
  "106": 0,
  "107": 92
}
[2018-02-07T00:04:04.306] [DEBUG] EMR107 - Sent outbreak request
[2018-02-07T00:04:04.307] [DEBUG] VectorTimestamp - {
  "1": 0,
  "2": 0,
  "3": 0,
  "10": 0,
  "11": 0,
  "12": 0,
  "13": 129,
  "101": 0,
  "102": 0,
  "103": 0,
  "104": 0,
  "105": 0,
  "106": 0,
  "107": 93
}
[2018-02-07T00:04:04.307] [DEBUG] EMR107 - Got outbreak response
[2018-02-07T00:04:04.355] [DEBUG] VectorTimestamp - {
  "1": 0,
  "2": 0,
  "3": 0,
  "10": 0,
  "11": 0,
  "12": 0,
  "13": 129,
  "101": 0,
  "102": 0,
  "103": 0,
  "104": 0,
  "105": 0,
  "106": 0,
  "107": 94
}
[2018-02-07T00:04:04.355] [DEBUG] EMR107 - Sent disease notification: Influenza (1)
[2018-02-07T00:04:04.955] [DEBUG] VectorTimestamp - {
  "1": 0,
  "2": 0,
  "3": 0,
  "10": 0,
  "11": 0,
  "12": 0,
  "13": 129,
  "101": 0,
  "102": 0,
  "103": 0,
  "104": 0,
  "105": 0,
  "106": 0,
  "107": 95
}
[2018-02-07T00:04:04.955] [DEBUG] EMR107 - Sent disease notification: Influenza (1)
[2018-02-07T00:04:05.306] [DEBUG] VectorTimestamp - {
  "1": 0,
  "2": 0,
  "3": 0,
  "10": 0,
  "11": 0,
  "12": 0,
  "13": 129,
  "101": 0,
  "102": 0,
  "103": 0,
  "104": 0,
  "105": 0,
  "106": 0,
  "107": 96
}
[2018-02-07T00:04:05.306] [DEBUG] EMR107 - Sent outbreak request
[2018-02-07T00:04:05.307] [DEBUG] VectorTimestamp - {
  "1": 0,
  "2": 0,
  "3": 0,
  "10": 0,
  "11": 0,
  "12": 0,
  "13": 134,
  "101": 0,
  "102": 0,
  "103": 0,
  "104": 0,
  "105": 0,
  "106": 0,
  "107": 97
}
[2018-02-07T00:04:05.307] [DEBUG] EMR107 - Got outbreak response
[2018-02-07T00:04:06.307] [DEBUG] VectorTimestamp - {
  "1": 0,
  "2": 0,
  "3": 0,
  "10": 0,
  "11": 0,
  "12": 0,
  "13": 134,
  "101": 0,
  "102": 0,
  "103": 0,
  "104": 0,
  "105": 0,
  "106": 0,
  "107": 98
}
[2018-02-07T00:04:06.307] [DEBUG] EMR107 - Sent outbreak request
[2018-02-07T00:04:06.308] [DEBUG] VectorTimestamp - {
  "1": 0,
  "2": 0,
  "3": 0,
  "10": 0,
  "11": 0,
  "12": 0,
  "13": 137,
  "101": 0,
  "102": 0,
  "103": 0,
  "104": 0,
  "105": 0,
  "106": 0,
  "107": 99
}
[2018-02-07T00:04:06.308] [DEBUG] EMR107 - Got outbreak response
[2018-02-07T00:04:06.559] [DEBUG] VectorTimestamp - {
  "1": 0,
  "2": 0,
  "3": 0,
  "10": 0,
  "11": 0,
  "12": 0,
  "13": 137,
  "101": 0,
  "102": 0,
  "103": 0,
  "104": 0,
  "105": 0,
  "106": 0,
  "107": 100
}
[2018-02-07T00:04:06.559] [DEBUG] EMR107 - Sent disease notification: Influenza (1)
[2018-02-07T00:04:07.308] [DEBUG] VectorTimestamp - {
  "1": 0,
  "2": 0,
  "3": 0,
  "10": 0,
  "11": 0,
  "12": 0,
  "13": 137,
  "101": 0,
  "102": 0,
  "103": 0,
  "104": 0,
  "105": 0,
  "106": 0,
  "107": 101
}
[2018-02-07T00:04:07.308] [DEBUG] EMR107 - Sent outbreak request
[2018-02-07T00:04:07.309] [DEBUG] VectorTimestamp - {
  "1": 0,
  "2": 0,
  "3": 0,
  "10": 0,
  "11": 0,
  "12": 0,
  "13": 141,
  "101": 0,
  "102": 0,
  "103": 0,
  "104": 0,
  "105": 0,
  "106": 0,
  "107": 102
}
[2018-02-07T00:04:07.309] [DEBUG] EMR107 - Got outbreak response
[2018-02-07T00:04:07.561] [DEBUG] VectorTimestamp - {
  "1": 0,
  "2": 0,
  "3": 0,
  "10": 0,
  "11": 0,
  "12": 0,
  "13": 141,
  "101": 0,
  "102": 0,
  "103": 0,
  "104": 0,
  "105": 0,
  "106": 0,
  "107": 103
}
[2018-02-07T00:04:07.561] [DEBUG] EMR107 - Sent disease notification: Influenza (1)
[2018-02-07T00:04:07.662] [DEBUG] VectorTimestamp - {
  "1": 0,
  "2": 0,
  "3": 0,
  "10": 0,
  "11": 0,
  "12": 0,
  "13": 141,
  "101": 0,
  "102": 0,
  "103": 0,
  "104": 0,
  "105": 0,
  "106": 0,
  "107": 104
}
[2018-02-07T00:04:07.662] [DEBUG] EMR107 - Sent disease notification: Influenza (1)
[2018-02-07T00:04:08.308] [DEBUG] VectorTimestamp - {
  "1": 0,
  "2": 0,
  "3": 0,
  "10": 0,
  "11": 0,
  "12": 0,
  "13": 141,
  "101": 0,
  "102": 0,
  "103": 0,
  "104": 0,
  "105": 0,
  "106": 0,
  "107": 105
}
[2018-02-07T00:04:08.308] [DEBUG] EMR107 - Sent outbreak request
[2018-02-07T00:04:08.309] [DEBUG] VectorTimestamp - {
  "1": 0,
  "2": 0,
  "3": 0,
  "10": 0,
  "11": 0,
  "12": 0,
  "13": 146,
  "101": 0,
  "102": 0,
  "103": 0,
  "104": 0,
  "105": 0,
  "106": 0,
  "107": 106
}
[2018-02-07T00:04:08.309] [DEBUG] EMR107 - Got outbreak response
[2018-02-07T00:04:09.309] [DEBUG] VectorTimestamp - {
  "1": 0,
  "2": 0,
  "3": 0,
  "10": 0,
  "11": 0,
  "12": 0,
  "13": 146,
  "101": 0,
  "102": 0,
  "103": 0,
  "104": 0,
  "105": 0,
  "106": 0,
  "107": 107
}
[2018-02-07T00:04:09.309] [DEBUG] EMR107 - Sent outbreak request
[2018-02-07T00:04:09.310] [DEBUG] VectorTimestamp - {
  "1": 0,
  "2": 0,
  "3": 0,
  "10": 0,
  "11": 0,
  "12": 0,
  "13": 149,
  "101": 0,
  "102": 0,
  "103": 0,
  "104": 0,
  "105": 0,
  "106": 0,
  "107": 108
}
[2018-02-07T00:04:09.310] [DEBUG] EMR107 - Got outbreak response
[2018-02-07T00:04:10.310] [DEBUG] VectorTimestamp - {
  "1": 0,
  "2": 0,
  "3": 0,
  "10": 0,
  "11": 0,
  "12": 0,
  "13": 149,
  "101": 0,
  "102": 0,
  "103": 0,
  "104": 0,
  "105": 0,
  "106": 0,
  "107": 109
}
[2018-02-07T00:04:10.310] [DEBUG] EMR107 - Sent outbreak request
[2018-02-07T00:04:10.311] [DEBUG] VectorTimestamp - {
  "1": 0,
  "2": 0,
  "3": 0,
  "10": 0,
  "11": 0,
  "12": 0,
  "13": 152,
  "101": 0,
  "102": 0,
  "103": 0,
  "104": 0,
  "105": 0,
  "106": 0,
  "107": 110
}
[2018-02-07T00:04:10.311] [DEBUG] EMR107 - Got outbreak response
[2018-02-07T00:04:11.310] [DEBUG] VectorTimestamp - {
  "1": 0,
  "2": 0,
  "3": 0,
  "10": 0,
  "11": 0,
  "12": 0,
  "13": 152,
  "101": 0,
  "102": 0,
  "103": 0,
  "104": 0,
  "105": 0,
  "106": 0,
  "107": 111
}
[2018-02-07T00:04:11.310] [DEBUG] EMR107 - Sent outbreak request
[2018-02-07T00:04:11.315] [DEBUG] VectorTimestamp - {
  "1": 0,
  "2": 0,
  "3": 0,
  "10": 0,
  "11": 0,
  "12": 0,
  "13": 155,
  "101": 0,
  "102": 0,
  "103": 0,
  "104": 0,
  "105": 0,
  "106": 0,
  "107": 112
}
[2018-02-07T00:04:11.316] [DEBUG] EMR107 - Got outbreak response
[2018-02-07T00:04:12.071] [DEBUG] VectorTimestamp - {
  "1": 0,
  "2": 0,
  "3": 0,
  "10": 0,
  "11": 0,
  "12": 0,
  "13": 155,
  "101": 0,
  "102": 0,
  "103": 0,
  "104": 0,
  "105": 0,
  "106": 0,
  "107": 113
}
[2018-02-07T00:04:12.071] [DEBUG] EMR107 - Sent disease notification: Influenza (1)
[2018-02-07T00:04:12.311] [DEBUG] VectorTimestamp - {
  "1": 0,
  "2": 0,
  "3": 0,
  "10": 0,
  "11": 0,
  "12": 0,
  "13": 155,
  "101": 0,
  "102": 0,
  "103": 0,
  "104": 0,
  "105": 0,
  "106": 0,
  "107": 114
}
[2018-02-07T00:04:12.311] [DEBUG] EMR107 - Sent outbreak request
[2018-02-07T00:04:12.312] [DEBUG] VectorTimestamp - {
  "1": 0,
  "2": 0,
  "3": 0,
  "10": 0,
  "11": 0,
  "12": 0,
  "13": 159,
  "101": 0,
  "102": 0,
  "103": 0,
  "104": 0,
  "105": 0,
  "106": 0,
  "107": 115
}
[2018-02-07T00:04:12.312] [DEBUG] EMR107 - Got outbreak response
[2018-02-07T00:04:13.174] [DEBUG] VectorTimestamp - {
  "1": 0,
  "2": 0,
  "3": 0,
  "10": 0,
  "11": 0,
  "12": 0,
  "13": 159,
  "101": 0,
  "102": 0,
  "103": 0,
  "104": 0,
  "105": 0,
  "106": 0,
  "107": 116
}
[2018-02-07T00:04:13.174] [DEBUG] EMR107 - Sent disease notification: Influenza (1)
[2018-02-07T00:04:13.312] [DEBUG] VectorTimestamp - {
  "1": 0,
  "2": 0,
  "3": 0,
  "10": 0,
  "11": 0,
  "12": 0,
  "13": 159,
  "101": 0,
  "102": 0,
  "103": 0,
  "104": 0,
  "105": 0,
  "106": 0,
  "107": 117
}
[2018-02-07T00:04:13.312] [DEBUG] EMR107 - Sent outbreak request
[2018-02-07T00:04:13.313] [DEBUG] VectorTimestamp - {
  "1": 0,
  "2": 0,
  "3": 0,
  "10": 0,
  "11": 0,
  "12": 0,
  "13": 163,
  "101": 0,
  "102": 0,
  "103": 0,
  "104": 0,
  "105": 0,
  "106": 0,
  "107": 118
}
[2018-02-07T00:04:13.313] [DEBUG] EMR107 - Got outbreak response
[2018-02-07T00:04:14.312] [DEBUG] VectorTimestamp - {
  "1": 0,
  "2": 0,
  "3": 0,
  "10": 0,
  "11": 0,
  "12": 0,
  "13": 163,
  "101": 0,
  "102": 0,
  "103": 0,
  "104": 0,
  "105": 0,
  "106": 0,
  "107": 119
}
[2018-02-07T00:04:14.312] [DEBUG] EMR107 - Sent outbreak request
[2018-02-07T00:04:14.313] [DEBUG] VectorTimestamp - {
  "1": 0,
  "2": 0,
  "3": 0,
  "10": 0,
  "11": 0,
  "12": 0,
  "13": 166,
  "101": 0,
  "102": 0,
  "103": 0,
  "104": 0,
  "105": 0,
  "106": 0,
  "107": 120
}
[2018-02-07T00:04:14.313] [DEBUG] EMR107 - Got outbreak response
[2018-02-07T00:04:14.577] [DEBUG] VectorTimestamp - {
  "1": 0,
  "2": 0,
  "3": 0,
  "10": 0,
  "11": 0,
  "12": 0,
  "13": 166,
  "101": 0,
  "102": 0,
  "103": 0,
  "104": 0,
  "105": 0,
  "106": 0,
  "107": 121
}
[2018-02-07T00:04:14.577] [DEBUG] EMR107 - Sent disease notification: Influenza (1)
[2018-02-07T00:04:15.279] [DEBUG] VectorTimestamp - {
  "1": 0,
  "2": 0,
  "3": 0,
  "10": 0,
  "11": 0,
  "12": 0,
  "13": 166,
  "101": 0,
  "102": 0,
  "103": 0,
  "104": 0,
  "105": 0,
  "106": 0,
  "107": 122
}
[2018-02-07T00:04:15.279] [DEBUG] EMR107 - Sent disease notification: Influenza (1)
[2018-02-07T00:04:15.313] [DEBUG] VectorTimestamp - {
  "1": 0,
  "2": 0,
  "3": 0,
  "10": 0,
  "11": 0,
  "12": 0,
  "13": 166,
  "101": 0,
  "102": 0,
  "103": 0,
  "104": 0,
  "105": 0,
  "106": 0,
  "107": 123
}
[2018-02-07T00:04:15.313] [DEBUG] EMR107 - Sent outbreak request
[2018-02-07T00:04:15.314] [DEBUG] VectorTimestamp - {
  "1": 0,
  "2": 0,
  "3": 0,
  "10": 0,
  "11": 0,
  "12": 0,
  "13": 171,
  "101": 0,
  "102": 0,
  "103": 0,
  "104": 0,
  "105": 0,
  "106": 0,
  "107": 124
}
[2018-02-07T00:04:15.314] [DEBUG] EMR107 - Got outbreak response
[2018-02-07T00:04:16.081] [DEBUG] VectorTimestamp - {
  "1": 0,
  "2": 0,
  "3": 0,
  "10": 0,
  "11": 0,
  "12": 0,
  "13": 171,
  "101": 0,
  "102": 0,
  "103": 0,
  "104": 0,
  "105": 0,
  "106": 0,
  "107": 125
}
[2018-02-07T00:04:16.081] [DEBUG] EMR107 - Sent disease notification: Influenza (1)
[2018-02-07T00:04:16.314] [DEBUG] VectorTimestamp - {
  "1": 0,
  "2": 0,
  "3": 0,
  "10": 0,
  "11": 0,
  "12": 0,
  "13": 171,
  "101": 0,
  "102": 0,
  "103": 0,
  "104": 0,
  "105": 0,
  "106": 0,
  "107": 126
}
[2018-02-07T00:04:16.314] [DEBUG] EMR107 - Sent outbreak request
[2018-02-07T00:04:16.315] [DEBUG] VectorTimestamp - {
  "1": 0,
  "2": 0,
  "3": 0,
  "10": 0,
  "11": 0,
  "12": 0,
  "13": 175,
  "101": 0,
  "102": 0,
  "103": 0,
  "104": 0,
  "105": 0,
  "106": 0,
  "107": 127
}
[2018-02-07T00:04:16.316] [DEBUG] EMR107 - Got outbreak response
[2018-02-07T00:04:16.381] [DEBUG] VectorTimestamp - {
  "1": 0,
  "2": 0,
  "3": 0,
  "10": 0,
  "11": 0,
  "12": 0,
  "13": 175,
  "101": 0,
  "102": 0,
  "103": 0,
  "104": 0,
  "105": 0,
  "106": 0,
  "107": 128
}
[2018-02-07T00:04:16.381] [DEBUG] EMR107 - Sent disease notification: Influenza (1)
[2018-02-07T00:04:17.083] [DEBUG] VectorTimestamp - {
  "1": 0,
  "2": 0,
  "3": 0,
  "10": 0,
  "11": 0,
  "12": 0,
  "13": 175,
  "101": 0,
  "102": 0,
  "103": 0,
  "104": 0,
  "105": 0,
  "106": 0,
  "107": 129
}
[2018-02-07T00:04:17.083] [DEBUG] EMR107 - Sent disease notification: Influenza (1)
[2018-02-07T00:04:17.314] [DEBUG] VectorTimestamp - {
  "1": 0,
  "2": 0,
  "3": 0,
  "10": 0,
  "11": 0,
  "12": 0,
  "13": 175,
  "101": 0,
  "102": 0,
  "103": 0,
  "104": 0,
  "105": 0,
  "106": 0,
  "107": 130
}
[2018-02-07T00:04:17.314] [DEBUG] EMR107 - Sent outbreak request
[2018-02-07T00:04:17.315] [DEBUG] VectorTimestamp - {
  "1": 0,
  "2": 0,
  "3": 0,
  "10": 0,
  "11": 0,
  "12": 0,
  "13": 180,
  "101": 0,
  "102": 0,
  "103": 0,
  "104": 0,
  "105": 0,
  "106": 0,
  "107": 131
}
[2018-02-07T00:04:17.319] [DEBUG] EMR107 - Got outbreak response
[2018-02-07T00:04:17.784] [DEBUG] VectorTimestamp - {
  "1": 0,
  "2": 0,
  "3": 0,
  "10": 0,
  "11": 0,
  "12": 0,
  "13": 180,
  "101": 0,
  "102": 0,
  "103": 0,
  "104": 0,
  "105": 0,
  "106": 0,
  "107": 132
}
[2018-02-07T00:04:17.784] [DEBUG] EMR107 - Sent disease notification: Influenza (1)
[2018-02-07T00:04:17.884] [DEBUG] VectorTimestamp - {
  "1": 0,
  "2": 0,
  "3": 0,
  "10": 0,
  "11": 0,
  "12": 0,
  "13": 180,
  "101": 0,
  "102": 0,
  "103": 0,
  "104": 0,
  "105": 0,
  "106": 0,
  "107": 133
}
[2018-02-07T00:04:17.884] [DEBUG] EMR107 - Sent disease notification: Influenza (1)
[2018-02-07T00:04:18.315] [DEBUG] VectorTimestamp - {
  "1": 0,
  "2": 0,
  "3": 0,
  "10": 0,
  "11": 0,
  "12": 0,
  "13": 180,
  "101": 0,
  "102": 0,
  "103": 0,
  "104": 0,
  "105": 0,
  "106": 0,
  "107": 134
}
[2018-02-07T00:04:18.315] [DEBUG] EMR107 - Sent outbreak request
[2018-02-07T00:04:18.316] [DEBUG] VectorTimestamp - {
  "1": 0,
  "2": 0,
  "3": 0,
  "10": 0,
  "11": 0,
  "12": 0,
  "13": 185,
  "101": 0,
  "102": 0,
  "103": 0,
  "104": 0,
  "105": 0,
  "106": 0,
  "107": 135
}
[2018-02-07T00:04:18.316] [DEBUG] EMR107 - Got outbreak response
[2018-02-07T00:04:18.786] [DEBUG] VectorTimestamp - {
  "1": 0,
  "2": 0,
  "3": 0,
  "10": 0,
  "11": 0,
  "12": 0,
  "13": 185,
  "101": 0,
  "102": 0,
  "103": 0,
  "104": 0,
  "105": 0,
  "106": 0,
  "107": 136
}
[2018-02-07T00:04:18.786] [DEBUG] EMR107 - Sent disease notification: Influenza (1)
[2018-02-07T00:04:19.087] [DEBUG] VectorTimestamp - {
  "1": 0,
  "2": 0,
  "3": 0,
  "10": 0,
  "11": 0,
  "12": 0,
  "13": 185,
  "101": 0,
  "102": 0,
  "103": 0,
  "104": 0,
  "105": 0,
  "106": 0,
  "107": 137
}
[2018-02-07T00:04:19.087] [DEBUG] EMR107 - Sent disease notification: Influenza (1)
[2018-02-07T00:04:19.316] [DEBUG] VectorTimestamp - {
  "1": 0,
  "2": 0,
  "3": 0,
  "10": 0,
  "11": 0,
  "12": 0,
  "13": 185,
  "101": 0,
  "102": 0,
  "103": 0,
  "104": 0,
  "105": 0,
  "106": 0,
  "107": 138
}
[2018-02-07T00:04:19.316] [DEBUG] EMR107 - Sent outbreak request
[2018-02-07T00:04:19.317] [DEBUG] VectorTimestamp - {
  "1": 0,
  "2": 0,
  "3": 0,
  "10": 0,
  "11": 0,
  "12": 0,
  "13": 190,
  "101": 0,
  "102": 0,
  "103": 0,
  "104": 0,
  "105": 0,
  "106": 0,
  "107": 139
}
[2018-02-07T00:04:19.317] [DEBUG] EMR107 - Got outbreak response
[2018-02-07T00:04:20.290] [DEBUG] VectorTimestamp - {
  "1": 0,
  "2": 0,
  "3": 0,
  "10": 0,
  "11": 0,
  "12": 0,
  "13": 190,
  "101": 0,
  "102": 0,
  "103": 0,
  "104": 0,
  "105": 0,
  "106": 0,
  "107": 140
}
[2018-02-07T00:04:20.290] [DEBUG] EMR107 - Sent disease notification: Influenza (1)
[2018-02-07T00:04:20.316] [DEBUG] VectorTimestamp - {
  "1": 0,
  "2": 0,
  "3": 0,
  "10": 0,
  "11": 0,
  "12": 0,
  "13": 190,
  "101": 0,
  "102": 0,
  "103": 0,
  "104": 0,
  "105": 0,
  "106": 0,
  "107": 141
}
[2018-02-07T00:04:20.316] [DEBUG] EMR107 - Sent outbreak request
[2018-02-07T00:04:20.317] [DEBUG] VectorTimestamp - {
  "1": 290,
  "2": 0,
  "3": 0,
  "10": 310,
  "11": 307,
  "12": 310,
  "13": 195,
  "101": 119,
  "102": 138,
  "103": 123,
  "104": 130,
  "105": 128,
  "106": 128,
  "107": 142
}
[2018-02-07T00:04:20.317] [DEBUG] EMR107 - Got outbreak response
[2018-02-07T00:04:20.318] [INFO] EMR107 - Outbreaks: [
  {
    "time": "Wed Feb 07 2018 00:04:19 GMT-0700 (Mountain Standard Time)",
    "infections": 122,
    "type": 1,
    "name": "Influenza"
  }
]
[2018-02-07T00:04:21.317] [DEBUG] VectorTimestamp - {
  "1": 290,
  "2": 0,
  "3": 0,
  "10": 310,
  "11": 307,
  "12": 310,
  "13": 195,
  "101": 119,
  "102": 138,
  "103": 123,
  "104": 130,
  "105": 128,
  "106": 128,
  "107": 143
}
[2018-02-07T00:04:21.318] [DEBUG] EMR107 - Sent outbreak request
[2018-02-07T00:04:21.319] [DEBUG] VectorTimestamp - {
  "1": 300,
  "2": 0,
  "3": 0,
  "10": 324,
  "11": 315,
  "12": 317,
  "13": 200,
  "101": 125,
  "102": 144,
  "103": 126,
  "104": 133,
  "105": 131,
  "106": 130,
  "107": 144
}
[2018-02-07T00:04:21.319] [DEBUG] EMR107 - Got outbreak response
[2018-02-07T00:04:21.319] [INFO] EMR107 - Outbreaks: [
  {
    "time": "Wed Feb 07 2018 00:04:19 GMT-0700 (Mountain Standard Time)",
    "infections": 122,
    "type": 1,
    "name": "Influenza"
  },
  {
    "time": "Wed Feb 07 2018 00:04:21 GMT-0700 (Mountain Standard Time)",
    "infections": 121,
    "type": 1,
    "name": "Influenza"
  }
]
[2018-02-07T00:04:22.296] [DEBUG] VectorTimestamp - {
  "1": 300,
  "2": 0,
  "3": 0,
  "10": 324,
  "11": 315,
  "12": 317,
  "13": 200,
  "101": 125,
  "102": 144,
  "103": 126,
  "104": 133,
  "105": 131,
  "106": 130,
  "107": 145
}
[2018-02-07T00:04:22.296] [DEBUG] EMR107 - Sent disease notification: Influenza (1)
[2018-02-07T00:04:22.319] [DEBUG] VectorTimestamp - {
  "1": 300,
  "2": 0,
  "3": 0,
  "10": 324,
  "11": 315,
  "12": 317,
  "13": 200,
  "101": 125,
  "102": 144,
  "103": 126,
  "104": 133,
  "105": 131,
  "106": 130,
  "107": 146
}
[2018-02-07T00:04:22.319] [DEBUG] EMR107 - Sent outbreak request
[2018-02-07T00:04:22.320] [DEBUG] VectorTimestamp - {
  "1": 300,
  "2": 0,
  "3": 0,
  "10": 324,
  "11": 315,
  "12": 317,
  "13": 204,
  "101": 125,
  "102": 144,
  "103": 126,
  "104": 133,
  "105": 131,
  "106": 130,
  "107": 147
}
[2018-02-07T00:04:22.320] [DEBUG] EMR107 - Got outbreak response
[2018-02-07T00:04:22.320] [INFO] EMR107 - Outbreaks: [
  {
    "time": "Wed Feb 07 2018 00:04:19 GMT-0700 (Mountain Standard Time)",
    "infections": 122,
    "type": 1,
    "name": "Influenza"
  },
  {
    "time": "Wed Feb 07 2018 00:04:21 GMT-0700 (Mountain Standard Time)",
    "infections": 121,
    "type": 1,
    "name": "Influenza"
  }
]
[2018-02-07T00:04:23.319] [DEBUG] VectorTimestamp - {
  "1": 300,
  "2": 0,
  "3": 0,
  "10": 324,
  "11": 315,
  "12": 317,
  "13": 204,
  "101": 125,
  "102": 144,
  "103": 126,
  "104": 133,
  "105": 131,
  "106": 130,
  "107": 148
}
[2018-02-07T00:04:23.320] [DEBUG] EMR107 - Sent outbreak request
[2018-02-07T00:04:23.321] [DEBUG] VectorTimestamp - {
  "1": 300,
  "2": 0,
  "3": 0,
  "10": 324,
  "11": 315,
  "12": 317,
  "13": 207,
  "101": 125,
  "102": 144,
  "103": 126,
  "104": 133,
  "105": 131,
  "106": 130,
  "107": 149
}
[2018-02-07T00:04:23.321] [DEBUG] EMR107 - Got outbreak response
[2018-02-07T00:04:23.321] [INFO] EMR107 - Outbreaks: [
  {
    "time": "Wed Feb 07 2018 00:04:19 GMT-0700 (Mountain Standard Time)",
    "infections": 122,
    "type": 1,
    "name": "Influenza"
  },
  {
    "time": "Wed Feb 07 2018 00:04:21 GMT-0700 (Mountain Standard Time)",
    "infections": 121,
    "type": 1,
    "name": "Influenza"
  }
]
[2018-02-07T00:04:24.321] [DEBUG] VectorTimestamp - {
  "1": 300,
  "2": 0,
  "3": 0,
  "10": 324,
  "11": 315,
  "12": 317,
  "13": 207,
  "101": 125,
  "102": 144,
  "103": 126,
  "104": 133,
  "105": 131,
  "106": 130,
  "107": 150
}
[2018-02-07T00:04:24.322] [DEBUG] EMR107 - Sent outbreak request
[2018-02-07T00:04:24.324] [DEBUG] VectorTimestamp - {
  "1": 300,
  "2": 0,
  "3": 0,
  "10": 324,
  "11": 315,
  "12": 317,
  "13": 210,
  "101": 125,
  "102": 144,
  "103": 126,
  "104": 133,
  "105": 131,
  "106": 130,
  "107": 151
}
[2018-02-07T00:04:24.324] [DEBUG] EMR107 - Got outbreak response
[2018-02-07T00:04:24.324] [INFO] EMR107 - Outbreaks: [
  {
    "time": "Wed Feb 07 2018 00:04:19 GMT-0700 (Mountain Standard Time)",
    "infections": 122,
    "type": 1,
    "name": "Influenza"
  },
  {
    "time": "Wed Feb 07 2018 00:04:21 GMT-0700 (Mountain Standard Time)",
    "infections": 121,
    "type": 1,
    "name": "Influenza"
  }
]
[2018-02-07T00:04:24.801] [DEBUG] VectorTimestamp - {
  "1": 300,
  "2": 0,
  "3": 0,
  "10": 324,
  "11": 315,
  "12": 317,
  "13": 210,
  "101": 125,
  "102": 144,
  "103": 126,
  "104": 133,
  "105": 131,
  "106": 130,
  "107": 152
}
[2018-02-07T00:04:24.801] [DEBUG] EMR107 - Sent disease notification: Influenza (1)
[2018-02-07T00:04:25.323] [DEBUG] VectorTimestamp - {
  "1": 300,
  "2": 0,
  "3": 0,
  "10": 324,
  "11": 315,
  "12": 317,
  "13": 210,
  "101": 125,
  "102": 144,
  "103": 126,
  "104": 133,
  "105": 131,
  "106": 130,
  "107": 153
}
[2018-02-07T00:04:25.323] [DEBUG] EMR107 - Sent outbreak request
[2018-02-07T00:04:25.324] [DEBUG] VectorTimestamp - {
  "1": 300,
  "2": 0,
  "3": 0,
  "10": 324,
  "11": 315,
  "12": 317,
  "13": 214,
  "101": 125,
  "102": 144,
  "103": 126,
  "104": 133,
  "105": 131,
  "106": 130,
  "107": 154
}
[2018-02-07T00:04:25.324] [DEBUG] EMR107 - Got outbreak response
[2018-02-07T00:04:25.324] [INFO] EMR107 - Outbreaks: [
  {
    "time": "Wed Feb 07 2018 00:04:19 GMT-0700 (Mountain Standard Time)",
    "infections": 122,
    "type": 1,
    "name": "Influenza"
  },
  {
    "time": "Wed Feb 07 2018 00:04:21 GMT-0700 (Mountain Standard Time)",
    "infections": 121,
    "type": 1,
    "name": "Influenza"
  }
]
[2018-02-07T00:04:26.324] [DEBUG] VectorTimestamp - {
  "1": 300,
  "2": 0,
  "3": 0,
  "10": 324,
  "11": 315,
  "12": 317,
  "13": 214,
  "101": 125,
  "102": 144,
  "103": 126,
  "104": 133,
  "105": 131,
  "106": 130,
  "107": 155
}
[2018-02-07T00:04:26.324] [DEBUG] EMR107 - Sent outbreak request
[2018-02-07T00:04:26.325] [DEBUG] VectorTimestamp - {
  "1": 300,
  "2": 0,
  "3": 0,
  "10": 324,
  "11": 315,
  "12": 317,
  "13": 217,
  "101": 125,
  "102": 144,
  "103": 126,
  "104": 133,
  "105": 131,
  "106": 130,
  "107": 156
}
[2018-02-07T00:04:26.325] [DEBUG] EMR107 - Got outbreak response
[2018-02-07T00:04:26.325] [INFO] EMR107 - Outbreaks: [
  {
    "time": "Wed Feb 07 2018 00:04:19 GMT-0700 (Mountain Standard Time)",
    "infections": 122,
    "type": 1,
    "name": "Influenza"
  },
  {
    "time": "Wed Feb 07 2018 00:04:21 GMT-0700 (Mountain Standard Time)",
    "infections": 121,
    "type": 1,
    "name": "Influenza"
  }
]
[2018-02-07T00:04:27.107] [DEBUG] VectorTimestamp - {
  "1": 300,
  "2": 0,
  "3": 0,
  "10": 324,
  "11": 315,
  "12": 317,
  "13": 217,
  "101": 125,
  "102": 144,
  "103": 126,
  "104": 133,
  "105": 131,
  "106": 130,
  "107": 157
}
[2018-02-07T00:04:27.107] [DEBUG] EMR107 - Sent disease notification: Influenza (1)
[2018-02-07T00:04:27.326] [DEBUG] VectorTimestamp - {
  "1": 300,
  "2": 0,
  "3": 0,
  "10": 324,
  "11": 315,
  "12": 317,
  "13": 217,
  "101": 125,
  "102": 144,
  "103": 126,
  "104": 133,
  "105": 131,
  "106": 130,
  "107": 158
}
[2018-02-07T00:04:27.326] [DEBUG] EMR107 - Sent outbreak request
[2018-02-07T00:04:27.327] [DEBUG] VectorTimestamp - {
  "1": 300,
  "2": 0,
  "3": 0,
  "10": 324,
  "11": 315,
  "12": 317,
  "13": 221,
  "101": 125,
  "102": 144,
  "103": 126,
  "104": 133,
  "105": 131,
  "106": 130,
  "107": 159
}
[2018-02-07T00:04:27.327] [DEBUG] EMR107 - Got outbreak response
[2018-02-07T00:04:27.327] [INFO] EMR107 - Outbreaks: [
  {
    "time": "Wed Feb 07 2018 00:04:19 GMT-0700 (Mountain Standard Time)",
    "infections": 122,
    "type": 1,
    "name": "Influenza"
  },
  {
    "time": "Wed Feb 07 2018 00:04:21 GMT-0700 (Mountain Standard Time)",
    "infections": 121,
    "type": 1,
    "name": "Influenza"
  }
]
[2018-02-07T00:04:27.709] [DEBUG] VectorTimestamp - {
  "1": 300,
  "2": 0,
  "3": 0,
  "10": 324,
  "11": 315,
  "12": 317,
  "13": 221,
  "101": 125,
  "102": 144,
  "103": 126,
  "104": 133,
  "105": 131,
  "106": 130,
  "107": 160
}
[2018-02-07T00:04:27.709] [DEBUG] EMR107 - Sent disease notification: Influenza (1)
[2018-02-07T00:04:28.327] [DEBUG] VectorTimestamp - {
  "1": 300,
  "2": 0,
  "3": 0,
  "10": 324,
  "11": 315,
  "12": 317,
  "13": 221,
  "101": 125,
  "102": 144,
  "103": 126,
  "104": 133,
  "105": 131,
  "106": 130,
  "107": 161
}
[2018-02-07T00:04:28.327] [DEBUG] EMR107 - Sent outbreak request
[2018-02-07T00:04:28.328] [DEBUG] VectorTimestamp - {
  "1": 300,
  "2": 0,
  "3": 0,
  "10": 324,
  "11": 315,
  "12": 317,
  "13": 225,
  "101": 125,
  "102": 144,
  "103": 126,
  "104": 133,
  "105": 131,
  "106": 130,
  "107": 162
}
[2018-02-07T00:04:28.328] [DEBUG] EMR107 - Got outbreak response
[2018-02-07T00:04:28.328] [INFO] EMR107 - Outbreaks: [
  {
    "time": "Wed Feb 07 2018 00:04:19 GMT-0700 (Mountain Standard Time)",
    "infections": 122,
    "type": 1,
    "name": "Influenza"
  },
  {
    "time": "Wed Feb 07 2018 00:04:21 GMT-0700 (Mountain Standard Time)",
    "infections": 121,
    "type": 1,
    "name": "Influenza"
  }
]
[2018-02-07T00:04:29.328] [DEBUG] VectorTimestamp - {
  "1": 300,
  "2": 0,
  "3": 0,
  "10": 324,
  "11": 315,
  "12": 317,
  "13": 225,
  "101": 125,
  "102": 144,
  "103": 126,
  "104": 133,
  "105": 131,
  "106": 130,
  "107": 163
}
[2018-02-07T00:04:29.328] [DEBUG] EMR107 - Sent outbreak request
[2018-02-07T00:04:29.329] [DEBUG] VectorTimestamp - {
  "1": 300,
  "2": 0,
  "3": 0,
  "10": 324,
  "11": 315,
  "12": 317,
  "13": 228,
  "101": 125,
  "102": 144,
  "103": 126,
  "104": 133,
  "105": 131,
  "106": 130,
  "107": 164
}
[2018-02-07T00:04:29.329] [DEBUG] EMR107 - Got outbreak response
[2018-02-07T00:04:29.329] [INFO] EMR107 - Outbreaks: [
  {
    "time": "Wed Feb 07 2018 00:04:19 GMT-0700 (Mountain Standard Time)",
    "infections": 122,
    "type": 1,
    "name": "Influenza"
  },
  {
    "time": "Wed Feb 07 2018 00:04:21 GMT-0700 (Mountain Standard Time)",
    "infections": 121,
    "type": 1,
    "name": "Influenza"
  }
]
[2018-02-07T00:04:29.814] [DEBUG] VectorTimestamp - {
  "1": 300,
  "2": 0,
  "3": 0,
  "10": 324,
  "11": 315,
  "12": 317,
  "13": 228,
  "101": 125,
  "102": 144,
  "103": 126,
  "104": 133,
  "105": 131,
  "106": 130,
  "107": 165
}
[2018-02-07T00:04:29.814] [DEBUG] EMR107 - Sent disease notification: Influenza (1)
[2018-02-07T00:04:30.329] [DEBUG] VectorTimestamp - {
  "1": 300,
  "2": 0,
  "3": 0,
  "10": 324,
  "11": 315,
  "12": 317,
  "13": 228,
  "101": 125,
  "102": 144,
  "103": 126,
  "104": 133,
  "105": 131,
  "106": 130,
  "107": 166
}
[2018-02-07T00:04:30.329] [DEBUG] EMR107 - Sent outbreak request
[2018-02-07T00:04:30.330] [DEBUG] VectorTimestamp - {
  "1": 300,
  "2": 0,
  "3": 0,
  "10": 324,
  "11": 315,
  "12": 317,
  "13": 232,
  "101": 125,
  "102": 144,
  "103": 126,
  "104": 133,
  "105": 131,
  "106": 130,
  "107": 167
}
[2018-02-07T00:04:30.330] [DEBUG] EMR107 - Got outbreak response
[2018-02-07T00:04:30.330] [INFO] EMR107 - Outbreaks: [
  {
    "time": "Wed Feb 07 2018 00:04:19 GMT-0700 (Mountain Standard Time)",
    "infections": 122,
    "type": 1,
    "name": "Influenza"
  },
  {
    "time": "Wed Feb 07 2018 00:04:21 GMT-0700 (Mountain Standard Time)",
    "infections": 121,
    "type": 1,
    "name": "Influenza"
  }
]
[2018-02-07T00:04:31.330] [DEBUG] VectorTimestamp - {
  "1": 300,
  "2": 0,
  "3": 0,
  "10": 324,
  "11": 315,
  "12": 317,
  "13": 232,
  "101": 125,
  "102": 144,
  "103": 126,
  "104": 133,
  "105": 131,
  "106": 130,
  "107": 168
}
[2018-02-07T00:04:31.330] [DEBUG] EMR107 - Sent outbreak request
[2018-02-07T00:04:31.331] [DEBUG] VectorTimestamp - {
  "1": 300,
  "2": 0,
  "3": 0,
  "10": 324,
  "11": 315,
  "12": 317,
  "13": 235,
  "101": 125,
  "102": 144,
  "103": 126,
  "104": 133,
  "105": 131,
  "106": 130,
  "107": 169
}
[2018-02-07T00:04:31.331] [DEBUG] EMR107 - Got outbreak response
[2018-02-07T00:04:31.331] [INFO] EMR107 - Outbreaks: [
  {
    "time": "Wed Feb 07 2018 00:04:19 GMT-0700 (Mountain Standard Time)",
    "infections": 122,
    "type": 1,
    "name": "Influenza"
  },
  {
    "time": "Wed Feb 07 2018 00:04:21 GMT-0700 (Mountain Standard Time)",
    "infections": 121,
    "type": 1,
    "name": "Influenza"
  }
]
[2018-02-07T00:04:31.919] [DEBUG] VectorTimestamp - {
  "1": 300,
  "2": 0,
  "3": 0,
  "10": 324,
  "11": 315,
  "12": 317,
  "13": 235,
  "101": 125,
  "102": 144,
  "103": 126,
  "104": 133,
  "105": 131,
  "106": 130,
  "107": 170
}
[2018-02-07T00:04:31.919] [DEBUG] EMR107 - Sent disease notification: Influenza (1)
[2018-02-07T00:04:32.330] [DEBUG] VectorTimestamp - {
  "1": 300,
  "2": 0,
  "3": 0,
  "10": 324,
  "11": 315,
  "12": 317,
  "13": 235,
  "101": 125,
  "102": 144,
  "103": 126,
  "104": 133,
  "105": 131,
  "106": 130,
  "107": 171
}
[2018-02-07T00:04:32.330] [DEBUG] EMR107 - Sent outbreak request
[2018-02-07T00:04:32.333] [DEBUG] VectorTimestamp - {
  "1": 300,
  "2": 0,
  "3": 0,
  "10": 324,
  "11": 315,
  "12": 317,
  "13": 239,
  "101": 125,
  "102": 144,
  "103": 126,
  "104": 133,
  "105": 131,
  "106": 130,
  "107": 172
}
[2018-02-07T00:04:32.333] [DEBUG] EMR107 - Got outbreak response
[2018-02-07T00:04:32.333] [INFO] EMR107 - Outbreaks: [
  {
    "time": "Wed Feb 07 2018 00:04:19 GMT-0700 (Mountain Standard Time)",
    "infections": 122,
    "type": 1,
    "name": "Influenza"
  },
  {
    "time": "Wed Feb 07 2018 00:04:21 GMT-0700 (Mountain Standard Time)",
    "infections": 121,
    "type": 1,
    "name": "Influenza"
  }
]
[2018-02-07T00:04:33.331] [DEBUG] VectorTimestamp - {
  "1": 300,
  "2": 0,
  "3": 0,
  "10": 324,
  "11": 315,
  "12": 317,
  "13": 239,
  "101": 125,
  "102": 144,
  "103": 126,
  "104": 133,
  "105": 131,
  "106": 130,
  "107": 173
}
[2018-02-07T00:04:33.331] [DEBUG] EMR107 - Sent outbreak request
[2018-02-07T00:04:33.332] [DEBUG] VectorTimestamp - {
  "1": 300,
  "2": 0,
  "3": 0,
  "10": 324,
  "11": 315,
  "12": 317,
  "13": 242,
  "101": 125,
  "102": 144,
  "103": 126,
  "104": 133,
  "105": 131,
  "106": 130,
  "107": 174
}
[2018-02-07T00:04:33.332] [DEBUG] EMR107 - Got outbreak response
[2018-02-07T00:04:33.332] [INFO] EMR107 - Outbreaks: [
  {
    "time": "Wed Feb 07 2018 00:04:19 GMT-0700 (Mountain Standard Time)",
    "infections": 122,
    "type": 1,
    "name": "Influenza"
  },
  {
    "time": "Wed Feb 07 2018 00:04:21 GMT-0700 (Mountain Standard Time)",
    "infections": 121,
    "type": 1,
    "name": "Influenza"
  }
]
[2018-02-07T00:04:34.332] [DEBUG] VectorTimestamp - {
  "1": 300,
  "2": 0,
  "3": 0,
  "10": 324,
  "11": 315,
  "12": 317,
  "13": 242,
  "101": 125,
  "102": 144,
  "103": 126,
  "104": 133,
  "105": 131,
  "106": 130,
  "107": 175
}
[2018-02-07T00:04:34.332] [DEBUG] EMR107 - Sent outbreak request
[2018-02-07T00:04:34.333] [DEBUG] VectorTimestamp - {
  "1": 300,
  "2": 0,
  "3": 0,
  "10": 324,
  "11": 315,
  "12": 317,
  "13": 245,
  "101": 125,
  "102": 144,
  "103": 126,
  "104": 133,
  "105": 131,
  "106": 130,
  "107": 176
}
[2018-02-07T00:04:34.333] [DEBUG] EMR107 - Got outbreak response
[2018-02-07T00:04:34.333] [INFO] EMR107 - Outbreaks: [
  {
    "time": "Wed Feb 07 2018 00:04:19 GMT-0700 (Mountain Standard Time)",
    "infections": 122,
    "type": 1,
    "name": "Influenza"
  },
  {
    "time": "Wed Feb 07 2018 00:04:21 GMT-0700 (Mountain Standard Time)",
    "infections": 121,
    "type": 1,
    "name": "Influenza"
  }
]
[2018-02-07T00:04:35.327] [DEBUG] VectorTimestamp - {
  "1": 300,
  "2": 0,
  "3": 0,
  "10": 324,
  "11": 315,
  "12": 317,
  "13": 245,
  "101": 125,
  "102": 144,
  "103": 126,
  "104": 133,
  "105": 131,
  "106": 130,
  "107": 177
}
[2018-02-07T00:04:35.327] [DEBUG] EMR107 - Sent disease notification: Influenza (1)
[2018-02-07T00:04:35.332] [DEBUG] VectorTimestamp - {
  "1": 300,
  "2": 0,
  "3": 0,
  "10": 324,
  "11": 315,
  "12": 317,
  "13": 245,
  "101": 125,
  "102": 144,
  "103": 126,
  "104": 133,
  "105": 131,
  "106": 130,
  "107": 178
}
[2018-02-07T00:04:35.332] [DEBUG] EMR107 - Sent outbreak request
[2018-02-07T00:04:35.333] [DEBUG] VectorTimestamp - {
  "1": 300,
  "2": 0,
  "3": 0,
  "10": 324,
  "11": 315,
  "12": 317,
  "13": 249,
  "101": 125,
  "102": 144,
  "103": 126,
  "104": 133,
  "105": 131,
  "106": 130,
  "107": 179
}
[2018-02-07T00:04:35.333] [DEBUG] EMR107 - Got outbreak response
[2018-02-07T00:04:35.333] [INFO] EMR107 - Outbreaks: [
  {
    "time": "Wed Feb 07 2018 00:04:19 GMT-0700 (Mountain Standard Time)",
    "infections": 122,
    "type": 1,
    "name": "Influenza"
  },
  {
    "time": "Wed Feb 07 2018 00:04:21 GMT-0700 (Mountain Standard Time)",
    "infections": 121,
    "type": 1,
    "name": "Influenza"
  }
]
[2018-02-07T00:04:35.629] [DEBUG] VectorTimestamp - {
  "1": 300,
  "2": 0,
  "3": 0,
  "10": 324,
  "11": 315,
  "12": 317,
  "13": 249,
  "101": 125,
  "102": 144,
  "103": 126,
  "104": 133,
  "105": 131,
  "106": 130,
  "107": 180
}
[2018-02-07T00:04:35.629] [DEBUG] EMR107 - Sent disease notification: Influenza (1)
[2018-02-07T00:04:36.231] [DEBUG] VectorTimestamp - {
  "1": 300,
  "2": 0,
  "3": 0,
  "10": 324,
  "11": 315,
  "12": 317,
  "13": 249,
  "101": 125,
  "102": 144,
  "103": 126,
  "104": 133,
  "105": 131,
  "106": 130,
  "107": 181
}
[2018-02-07T00:04:36.231] [DEBUG] EMR107 - Sent disease notification: Influenza (1)
[2018-02-07T00:04:36.332] [DEBUG] VectorTimestamp - {
  "1": 300,
  "2": 0,
  "3": 0,
  "10": 324,
  "11": 315,
  "12": 317,
  "13": 249,
  "101": 125,
  "102": 144,
  "103": 126,
  "104": 133,
  "105": 131,
  "106": 130,
  "107": 182
}
[2018-02-07T00:04:36.333] [DEBUG] EMR107 - Sent outbreak request
[2018-02-07T00:04:36.333] [DEBUG] VectorTimestamp - {
  "1": 300,
  "2": 0,
  "3": 0,
  "10": 324,
  "11": 315,
  "12": 317,
  "13": 254,
  "101": 125,
  "102": 144,
  "103": 126,
  "104": 133,
  "105": 131,
  "106": 130,
  "107": 183
}
[2018-02-07T00:04:36.333] [DEBUG] EMR107 - Got outbreak response
[2018-02-07T00:04:36.333] [INFO] EMR107 - Outbreaks: [
  {
    "time": "Wed Feb 07 2018 00:04:19 GMT-0700 (Mountain Standard Time)",
    "infections": 122,
    "type": 1,
    "name": "Influenza"
  },
  {
    "time": "Wed Feb 07 2018 00:04:21 GMT-0700 (Mountain Standard Time)",
    "infections": 121,
    "type": 1,
    "name": "Influenza"
  }
]
[2018-02-07T00:04:36.734] [DEBUG] VectorTimestamp - {
  "1": 300,
  "2": 0,
  "3": 0,
  "10": 324,
  "11": 315,
  "12": 317,
  "13": 254,
  "101": 125,
  "102": 144,
  "103": 126,
  "104": 133,
  "105": 131,
  "106": 130,
  "107": 184
}
[2018-02-07T00:04:36.734] [DEBUG] EMR107 - Sent disease notification: Influenza (1)
[2018-02-07T00:04:37.334] [DEBUG] VectorTimestamp - {
  "1": 300,
  "2": 0,
  "3": 0,
  "10": 324,
  "11": 315,
  "12": 317,
  "13": 254,
  "101": 125,
  "102": 144,
  "103": 126,
  "104": 133,
  "105": 131,
  "106": 130,
  "107": 185
}
[2018-02-07T00:04:37.334] [DEBUG] EMR107 - Sent outbreak request
[2018-02-07T00:04:37.335] [DEBUG] VectorTimestamp - {
  "1": 300,
  "2": 0,
  "3": 0,
  "10": 324,
  "11": 315,
  "12": 317,
  "13": 258,
  "101": 125,
  "102": 144,
  "103": 126,
  "104": 133,
  "105": 131,
  "106": 130,
  "107": 186
}
[2018-02-07T00:04:37.335] [DEBUG] EMR107 - Got outbreak response
[2018-02-07T00:04:37.335] [INFO] EMR107 - Outbreaks: [
  {
    "time": "Wed Feb 07 2018 00:04:19 GMT-0700 (Mountain Standard Time)",
    "infections": 122,
    "type": 1,
    "name": "Influenza"
  },
  {
    "time": "Wed Feb 07 2018 00:04:21 GMT-0700 (Mountain Standard Time)",
    "infections": 121,
    "type": 1,
    "name": "Influenza"
  }
]
[2018-02-07T00:04:38.334] [DEBUG] VectorTimestamp - {
  "1": 300,
  "2": 0,
  "3": 0,
  "10": 324,
  "11": 315,
  "12": 317,
  "13": 258,
  "101": 125,
  "102": 144,
  "103": 126,
  "104": 133,
  "105": 131,
  "106": 130,
  "107": 187
}
[2018-02-07T00:04:38.334] [DEBUG] EMR107 - Sent outbreak request
[2018-02-07T00:04:38.335] [DEBUG] VectorTimestamp - {
  "1": 300,
  "2": 0,
  "3": 0,
  "10": 324,
  "11": 315,
  "12": 317,
  "13": 261,
  "101": 125,
  "102": 144,
  "103": 126,
  "104": 133,
  "105": 131,
  "106": 130,
  "107": 188
}
[2018-02-07T00:04:38.335] [DEBUG] EMR107 - Got outbreak response
[2018-02-07T00:04:38.335] [INFO] EMR107 - Outbreaks: [
  {
    "time": "Wed Feb 07 2018 00:04:19 GMT-0700 (Mountain Standard Time)",
    "infections": 122,
    "type": 1,
    "name": "Influenza"
  },
  {
    "time": "Wed Feb 07 2018 00:04:21 GMT-0700 (Mountain Standard Time)",
    "infections": 121,
    "type": 1,
    "name": "Influenza"
  }
]
[2018-02-07T00:04:38.939] [DEBUG] VectorTimestamp - {
  "1": 300,
  "2": 0,
  "3": 0,
  "10": 324,
  "11": 315,
  "12": 317,
  "13": 261,
  "101": 125,
  "102": 144,
  "103": 126,
  "104": 133,
  "105": 131,
  "106": 130,
  "107": 189
}
[2018-02-07T00:04:38.939] [DEBUG] EMR107 - Sent disease notification: Influenza (1)
[2018-02-07T00:04:39.335] [DEBUG] VectorTimestamp - {
  "1": 300,
  "2": 0,
  "3": 0,
  "10": 324,
  "11": 315,
  "12": 317,
  "13": 261,
  "101": 125,
  "102": 144,
  "103": 126,
  "104": 133,
  "105": 131,
  "106": 130,
  "107": 190
}
[2018-02-07T00:04:39.335] [DEBUG] EMR107 - Sent outbreak request
[2018-02-07T00:04:39.336] [DEBUG] VectorTimestamp - {
  "1": 300,
  "2": 0,
  "3": 0,
  "10": 324,
  "11": 315,
  "12": 317,
  "13": 265,
  "101": 125,
  "102": 144,
  "103": 126,
  "104": 133,
  "105": 131,
  "106": 130,
  "107": 191
}
[2018-02-07T00:04:39.336] [DEBUG] EMR107 - Got outbreak response
[2018-02-07T00:04:39.336] [INFO] EMR107 - Outbreaks: [
  {
    "time": "Wed Feb 07 2018 00:04:19 GMT-0700 (Mountain Standard Time)",
    "infections": 122,
    "type": 1,
    "name": "Influenza"
  },
  {
    "time": "Wed Feb 07 2018 00:04:21 GMT-0700 (Mountain Standard Time)",
    "infections": 121,
    "type": 1,
    "name": "Influenza"
  }
]
[2018-02-07T00:04:40.337] [DEBUG] VectorTimestamp - {
  "1": 300,
  "2": 0,
  "3": 0,
  "10": 324,
  "11": 315,
  "12": 317,
  "13": 265,
  "101": 125,
  "102": 144,
  "103": 126,
  "104": 133,
  "105": 131,
  "106": 130,
  "107": 192
}
[2018-02-07T00:04:40.337] [DEBUG] EMR107 - Sent outbreak request
[2018-02-07T00:04:40.338] [DEBUG] VectorTimestamp - {
  "1": 412,
  "2": 0,
  "3": 0,
  "10": 438,
  "11": 435,
  "12": 428,
  "13": 269,
  "101": 176,
  "102": 187,
  "103": 176,
  "104": 183,
  "105": 177,
  "106": 177,
  "107": 193
}
[2018-02-07T00:04:40.338] [DEBUG] EMR107 - Got outbreak response
[2018-02-07T00:04:40.338] [INFO] EMR107 - Outbreaks: [
  {
    "time": "Wed Feb 07 2018 00:04:19 GMT-0700 (Mountain Standard Time)",
    "infections": 122,
    "type": 1,
    "name": "Influenza"
  },
  {
    "time": "Wed Feb 07 2018 00:04:21 GMT-0700 (Mountain Standard Time)",
    "infections": 121,
    "type": 1,
    "name": "Influenza"
  },
  {
    "time": "Wed Feb 07 2018 00:04:39 GMT-0700 (Mountain Standard Time)",
    "infections": 121,
    "type": 1,
    "name": "Influenza"
  }
]
[2018-02-07T00:04:41.337] [DEBUG] VectorTimestamp - {
  "1": 412,
  "2": 0,
  "3": 0,
  "10": 438,
  "11": 435,
  "12": 428,
  "13": 269,
  "101": 176,
  "102": 187,
  "103": 176,
  "104": 183,
  "105": 177,
  "106": 177,
  "107": 194
}
[2018-02-07T00:04:41.337] [DEBUG] EMR107 - Sent outbreak request
[2018-02-07T00:04:41.338] [DEBUG] VectorTimestamp - {
  "1": 412,
  "2": 0,
  "3": 0,
  "10": 438,
  "11": 435,
  "12": 428,
  "13": 272,
  "101": 176,
  "102": 187,
  "103": 176,
  "104": 183,
  "105": 177,
  "106": 177,
  "107": 195
}
[2018-02-07T00:04:41.338] [DEBUG] EMR107 - Got outbreak response
[2018-02-07T00:04:41.338] [INFO] EMR107 - Outbreaks: [
  {
    "time": "Wed Feb 07 2018 00:04:19 GMT-0700 (Mountain Standard Time)",
    "infections": 122,
    "type": 1,
    "name": "Influenza"
  },
  {
    "time": "Wed Feb 07 2018 00:04:21 GMT-0700 (Mountain Standard Time)",
    "infections": 121,
    "type": 1,
    "name": "Influenza"
  },
  {
    "time": "Wed Feb 07 2018 00:04:39 GMT-0700 (Mountain Standard Time)",
    "infections": 121,
    "type": 1,
    "name": "Influenza"
  }
]
[2018-02-07T00:04:42.046] [DEBUG] VectorTimestamp - {
  "1": 412,
  "2": 0,
  "3": 0,
  "10": 438,
  "11": 435,
  "12": 428,
  "13": 272,
  "101": 176,
  "102": 187,
  "103": 176,
  "104": 183,
  "105": 177,
  "106": 177,
  "107": 196
}
[2018-02-07T00:04:42.046] [DEBUG] EMR107 - Sent disease notification: Influenza (1)
[2018-02-07T00:04:42.338] [DEBUG] VectorTimestamp - {
  "1": 412,
  "2": 0,
  "3": 0,
  "10": 438,
  "11": 435,
  "12": 428,
  "13": 272,
  "101": 176,
  "102": 187,
  "103": 176,
  "104": 183,
  "105": 177,
  "106": 177,
  "107": 197
}
[2018-02-07T00:04:42.338] [DEBUG] EMR107 - Sent outbreak request
[2018-02-07T00:04:42.339] [DEBUG] VectorTimestamp - {
  "1": 412,
  "2": 0,
  "3": 0,
  "10": 438,
  "11": 435,
  "12": 428,
  "13": 276,
  "101": 176,
  "102": 187,
  "103": 176,
  "104": 183,
  "105": 177,
  "106": 177,
  "107": 198
}
[2018-02-07T00:04:42.339] [DEBUG] EMR107 - Got outbreak response
[2018-02-07T00:04:42.339] [INFO] EMR107 - Outbreaks: [
  {
    "time": "Wed Feb 07 2018 00:04:19 GMT-0700 (Mountain Standard Time)",
    "infections": 122,
    "type": 1,
    "name": "Influenza"
  },
  {
    "time": "Wed Feb 07 2018 00:04:21 GMT-0700 (Mountain Standard Time)",
    "infections": 121,
    "type": 1,
    "name": "Influenza"
  },
  {
    "time": "Wed Feb 07 2018 00:04:39 GMT-0700 (Mountain Standard Time)",
    "infections": 121,
    "type": 1,
    "name": "Influenza"
  }
]
[2018-02-07T00:04:43.249] [DEBUG] VectorTimestamp - {
  "1": 412,
  "2": 0,
  "3": 0,
  "10": 438,
  "11": 435,
  "12": 428,
  "13": 276,
  "101": 176,
  "102": 187,
  "103": 176,
  "104": 183,
  "105": 177,
  "106": 177,
  "107": 199
}
[2018-02-07T00:04:43.249] [DEBUG] EMR107 - Sent disease notification: Influenza (1)
[2018-02-07T00:04:43.339] [DEBUG] VectorTimestamp - {
  "1": 412,
  "2": 0,
  "3": 0,
  "10": 438,
  "11": 435,
  "12": 428,
  "13": 276,
  "101": 176,
  "102": 187,
  "103": 176,
  "104": 183,
  "105": 177,
  "106": 177,
  "107": 200
}
[2018-02-07T00:04:43.339] [DEBUG] EMR107 - Sent outbreak request
[2018-02-07T00:04:43.340] [DEBUG] VectorTimestamp - {
  "1": 412,
  "2": 0,
  "3": 0,
  "10": 438,
  "11": 435,
  "12": 428,
  "13": 280,
  "101": 176,
  "102": 187,
  "103": 176,
  "104": 183,
  "105": 177,
  "106": 177,
  "107": 201
}
[2018-02-07T00:04:43.340] [DEBUG] EMR107 - Got outbreak response
[2018-02-07T00:04:43.341] [INFO] EMR107 - Outbreaks: [
  {
    "time": "Wed Feb 07 2018 00:04:19 GMT-0700 (Mountain Standard Time)",
    "infections": 122,
    "type": 1,
    "name": "Influenza"
  },
  {
    "time": "Wed Feb 07 2018 00:04:21 GMT-0700 (Mountain Standard Time)",
    "infections": 121,
    "type": 1,
    "name": "Influenza"
  },
  {
    "time": "Wed Feb 07 2018 00:04:39 GMT-0700 (Mountain Standard Time)",
    "infections": 121,
    "type": 1,
    "name": "Influenza"
  }
]
[2018-02-07T00:04:43.851] [DEBUG] VectorTimestamp - {
  "1": 412,
  "2": 0,
  "3": 0,
  "10": 438,
  "11": 435,
  "12": 428,
  "13": 280,
  "101": 176,
  "102": 187,
  "103": 176,
  "104": 183,
  "105": 177,
  "106": 177,
  "107": 202
}
[2018-02-07T00:04:43.851] [DEBUG] EMR107 - Sent disease notification: Influenza (1)
[2018-02-07T00:04:44.339] [DEBUG] VectorTimestamp - {
  "1": 412,
  "2": 0,
  "3": 0,
  "10": 438,
  "11": 435,
  "12": 428,
  "13": 280,
  "101": 176,
  "102": 187,
  "103": 176,
  "104": 183,
  "105": 177,
  "106": 177,
  "107": 203
}
[2018-02-07T00:04:44.339] [DEBUG] EMR107 - Sent outbreak request
[2018-02-07T00:04:44.340] [DEBUG] VectorTimestamp - {
  "1": 412,
  "2": 0,
  "3": 0,
  "10": 438,
  "11": 435,
  "12": 428,
  "13": 284,
  "101": 176,
  "102": 187,
  "103": 176,
  "104": 183,
  "105": 177,
  "106": 177,
  "107": 204
}
[2018-02-07T00:04:44.340] [DEBUG] EMR107 - Got outbreak response
[2018-02-07T00:04:44.340] [INFO] EMR107 - Outbreaks: [
  {
    "time": "Wed Feb 07 2018 00:04:21 GMT-0700 (Mountain Standard Time)",
    "infections": 121,
    "type": 1,
    "name": "Influenza"
  },
  {
    "time": "Wed Feb 07 2018 00:04:39 GMT-0700 (Mountain Standard Time)",
    "infections": 121,
    "type": 1,
    "name": "Influenza"
  }
]
[2018-02-07T00:04:45.340] [DEBUG] VectorTimestamp - {
  "1": 412,
  "2": 0,
  "3": 0,
  "10": 438,
  "11": 435,
  "12": 428,
  "13": 284,
  "101": 176,
  "102": 187,
  "103": 176,
  "104": 183,
  "105": 177,
  "106": 177,
  "107": 205
}
[2018-02-07T00:04:45.340] [DEBUG] EMR107 - Sent outbreak request
[2018-02-07T00:04:45.341] [DEBUG] VectorTimestamp - {
  "1": 412,
  "2": 0,
  "3": 0,
  "10": 438,
  "11": 435,
  "12": 428,
  "13": 287,
  "101": 176,
  "102": 187,
  "103": 176,
  "104": 183,
  "105": 177,
  "106": 177,
  "107": 206
}
[2018-02-07T00:04:45.341] [DEBUG] EMR107 - Got outbreak response
[2018-02-07T00:04:45.341] [INFO] EMR107 - Outbreaks: [
  {
    "time": "Wed Feb 07 2018 00:04:39 GMT-0700 (Mountain Standard Time)",
    "infections": 121,
    "type": 1,
    "name": "Influenza"
  }
]
[2018-02-07T00:04:45.957] [DEBUG] VectorTimestamp - {
  "1": 412,
  "2": 0,
  "3": 0,
  "10": 438,
  "11": 435,
  "12": 428,
  "13": 287,
  "101": 176,
  "102": 187,
  "103": 176,
  "104": 183,
  "105": 177,
  "106": 177,
  "107": 207
}
[2018-02-07T00:04:45.957] [DEBUG] EMR107 - Sent disease notification: Influenza (1)
[2018-02-07T00:04:46.342] [DEBUG] VectorTimestamp - {
  "1": 412,
  "2": 0,
  "3": 0,
  "10": 438,
  "11": 435,
  "12": 428,
  "13": 287,
  "101": 176,
  "102": 187,
  "103": 176,
  "104": 183,
  "105": 177,
  "106": 177,
  "107": 208
}
[2018-02-07T00:04:46.342] [DEBUG] EMR107 - Sent outbreak request
[2018-02-07T00:04:46.343] [DEBUG] VectorTimestamp - {
  "1": 412,
  "2": 0,
  "3": 0,
  "10": 438,
  "11": 435,
  "12": 428,
  "13": 291,
  "101": 176,
  "102": 187,
  "103": 176,
  "104": 183,
  "105": 177,
  "106": 177,
  "107": 209
}
[2018-02-07T00:04:46.343] [DEBUG] EMR107 - Got outbreak response
[2018-02-07T00:04:46.343] [INFO] EMR107 - Outbreaks: [
  {
    "time": "Wed Feb 07 2018 00:04:39 GMT-0700 (Mountain Standard Time)",
    "infections": 121,
    "type": 1,
    "name": "Influenza"
  }
]
[2018-02-07T00:04:47.342] [DEBUG] VectorTimestamp - {
  "1": 412,
  "2": 0,
  "3": 0,
  "10": 438,
  "11": 435,
  "12": 428,
  "13": 291,
  "101": 176,
  "102": 187,
  "103": 176,
  "104": 183,
  "105": 177,
  "106": 177,
  "107": 210
}
[2018-02-07T00:04:47.346] [DEBUG] EMR107 - Sent outbreak request
[2018-02-07T00:04:47.346] [DEBUG] VectorTimestamp - {
  "1": 412,
  "2": 0,
  "3": 0,
  "10": 438,
  "11": 435,
  "12": 428,
  "13": 294,
  "101": 176,
  "102": 187,
  "103": 176,
  "104": 183,
  "105": 177,
  "106": 177,
  "107": 211
}
[2018-02-07T00:04:47.347] [DEBUG] EMR107 - Got outbreak response
[2018-02-07T00:04:47.347] [INFO] EMR107 - Outbreaks: [
  {
    "time": "Wed Feb 07 2018 00:04:39 GMT-0700 (Mountain Standard Time)",
    "infections": 121,
    "type": 1,
    "name": "Influenza"
  }
]
[2018-02-07T00:04:48.347] [DEBUG] VectorTimestamp - {
  "1": 412,
  "2": 0,
  "3": 0,
  "10": 438,
  "11": 435,
  "12": 428,
  "13": 294,
  "101": 176,
  "102": 187,
  "103": 176,
  "104": 183,
  "105": 177,
  "106": 177,
  "107": 212
}
[2018-02-07T00:04:48.348] [DEBUG] EMR107 - Sent outbreak request
[2018-02-07T00:04:48.349] [DEBUG] VectorTimestamp - {
  "1": 412,
  "2": 0,
  "3": 0,
  "10": 438,
  "11": 435,
  "12": 428,
  "13": 297,
  "101": 176,
  "102": 187,
  "103": 176,
  "104": 183,
  "105": 177,
  "106": 177,
  "107": 213
}
[2018-02-07T00:04:48.349] [DEBUG] EMR107 - Got outbreak response
[2018-02-07T00:04:48.349] [INFO] EMR107 - Outbreaks: [
  {
    "time": "Wed Feb 07 2018 00:04:39 GMT-0700 (Mountain Standard Time)",
    "infections": 121,
    "type": 1,
    "name": "Influenza"
  }
]
[2018-02-07T00:04:49.349] [DEBUG] VectorTimestamp - {
  "1": 412,
  "2": 0,
  "3": 0,
  "10": 438,
  "11": 435,
  "12": 428,
  "13": 297,
  "101": 176,
  "102": 187,
  "103": 176,
  "104": 183,
  "105": 177,
  "106": 177,
  "107": 214
}
[2018-02-07T00:04:49.349] [DEBUG] EMR107 - Sent outbreak request
[2018-02-07T00:04:49.350] [DEBUG] VectorTimestamp - {
  "1": 412,
  "2": 0,
  "3": 0,
  "10": 438,
  "11": 435,
  "12": 428,
  "13": 300,
  "101": 176,
  "102": 187,
  "103": 176,
  "104": 183,
  "105": 177,
  "106": 177,
  "107": 215
}
[2018-02-07T00:04:49.350] [DEBUG] EMR107 - Got outbreak response
[2018-02-07T00:04:49.350] [INFO] EMR107 - Outbreaks: [
  {
    "time": "Wed Feb 07 2018 00:04:39 GMT-0700 (Mountain Standard Time)",
    "infections": 121,
    "type": 1,
    "name": "Influenza"
  }
]
[2018-02-07T00:04:49.765] [DEBUG] VectorTimestamp - {
  "1": 412,
  "2": 0,
  "3": 0,
  "10": 438,
  "11": 435,
  "12": 428,
  "13": 300,
  "101": 176,
  "102": 187,
  "103": 176,
  "104": 183,
  "105": 177,
  "106": 177,
  "107": 216
}
[2018-02-07T00:04:49.765] [DEBUG] EMR107 - Sent disease notification: Influenza (1)
[2018-02-07T00:04:50.349] [DEBUG] VectorTimestamp - {
  "1": 412,
  "2": 0,
  "3": 0,
  "10": 438,
  "11": 435,
  "12": 428,
  "13": 300,
  "101": 176,
  "102": 187,
  "103": 176,
  "104": 183,
  "105": 177,
  "106": 177,
  "107": 217
}
[2018-02-07T00:04:50.349] [DEBUG] EMR107 - Sent outbreak request
[2018-02-07T00:04:50.350] [DEBUG] VectorTimestamp - {
  "1": 412,
  "2": 0,
  "3": 0,
  "10": 438,
  "11": 435,
  "12": 428,
  "13": 304,
  "101": 176,
  "102": 187,
  "103": 176,
  "104": 183,
  "105": 177,
  "106": 177,
  "107": 218
}
[2018-02-07T00:04:50.350] [DEBUG] EMR107 - Got outbreak response
[2018-02-07T00:04:50.350] [INFO] EMR107 - Outbreaks: [
  {
    "time": "Wed Feb 07 2018 00:04:39 GMT-0700 (Mountain Standard Time)",
    "infections": 121,
    "type": 1,
    "name": "Influenza"
  }
]
[2018-02-07T00:04:51.350] [DEBUG] VectorTimestamp - {
  "1": 412,
  "2": 0,
  "3": 0,
  "10": 438,
  "11": 435,
  "12": 428,
  "13": 304,
  "101": 176,
  "102": 187,
  "103": 176,
  "104": 183,
  "105": 177,
  "106": 177,
  "107": 219
}
[2018-02-07T00:04:51.350] [DEBUG] EMR107 - Sent outbreak request
[2018-02-07T00:04:51.351] [DEBUG] VectorTimestamp - {
  "1": 412,
  "2": 0,
  "3": 0,
  "10": 438,
  "11": 435,
  "12": 428,
  "13": 307,
  "101": 176,
  "102": 187,
  "103": 176,
  "104": 183,
  "105": 177,
  "106": 177,
  "107": 220
}
[2018-02-07T00:04:51.351] [DEBUG] EMR107 - Got outbreak response
[2018-02-07T00:04:51.351] [INFO] EMR107 - Outbreaks: [
  {
    "time": "Wed Feb 07 2018 00:04:39 GMT-0700 (Mountain Standard Time)",
    "infections": 121,
    "type": 1,
    "name": "Influenza"
  }
]
[2018-02-07T00:04:52.351] [DEBUG] VectorTimestamp - {
  "1": 412,
  "2": 0,
  "3": 0,
  "10": 438,
  "11": 435,
  "12": 428,
  "13": 307,
  "101": 176,
  "102": 187,
  "103": 176,
  "104": 183,
  "105": 177,
  "106": 177,
  "107": 221
}
[2018-02-07T00:04:52.351] [DEBUG] EMR107 - Sent outbreak request
[2018-02-07T00:04:52.352] [DEBUG] VectorTimestamp - {
  "1": 412,
  "2": 0,
  "3": 0,
  "10": 438,
  "11": 435,
  "12": 428,
  "13": 310,
  "101": 176,
  "102": 187,
  "103": 176,
  "104": 183,
  "105": 177,
  "106": 177,
  "107": 222
}
[2018-02-07T00:04:52.352] [DEBUG] EMR107 - Got outbreak response
[2018-02-07T00:04:52.352] [INFO] EMR107 - Outbreaks: [
  {
    "time": "Wed Feb 07 2018 00:04:39 GMT-0700 (Mountain Standard Time)",
    "infections": 121,
    "type": 1,
    "name": "Influenza"
  }
]
[2018-02-07T00:04:53.351] [DEBUG] VectorTimestamp - {
  "1": 412,
  "2": 0,
  "3": 0,
  "10": 438,
  "11": 435,
  "12": 428,
  "13": 310,
  "101": 176,
  "102": 187,
  "103": 176,
  "104": 183,
  "105": 177,
  "106": 177,
  "107": 223
}
[2018-02-07T00:04:53.351] [DEBUG] EMR107 - Sent outbreak request
[2018-02-07T00:04:53.352] [DEBUG] VectorTimestamp - {
  "1": 412,
  "2": 0,
  "3": 0,
  "10": 438,
  "11": 435,
  "12": 428,
  "13": 313,
  "101": 176,
  "102": 187,
  "103": 176,
  "104": 183,
  "105": 177,
  "106": 177,
  "107": 224
}
[2018-02-07T00:04:53.352] [DEBUG] EMR107 - Got outbreak response
[2018-02-07T00:04:53.352] [INFO] EMR107 - Outbreaks: [
  {
    "time": "Wed Feb 07 2018 00:04:39 GMT-0700 (Mountain Standard Time)",
    "infections": 121,
    "type": 1,
    "name": "Influenza"
  }
]
[2018-02-07T00:04:54.278] [DEBUG] VectorTimestamp - {
  "1": 412,
  "2": 0,
  "3": 0,
  "10": 438,
  "11": 435,
  "12": 428,
  "13": 313,
  "101": 176,
  "102": 187,
  "103": 176,
  "104": 183,
  "105": 177,
  "106": 177,
  "107": 225
}
[2018-02-07T00:04:54.278] [DEBUG] EMR107 - Sent disease notification: Influenza (1)
[2018-02-07T00:04:54.352] [DEBUG] VectorTimestamp - {
  "1": 412,
  "2": 0,
  "3": 0,
  "10": 438,
  "11": 435,
  "12": 428,
  "13": 313,
  "101": 176,
  "102": 187,
  "103": 176,
  "104": 183,
  "105": 177,
  "106": 177,
  "107": 226
}
[2018-02-07T00:04:54.352] [DEBUG] EMR107 - Sent outbreak request
[2018-02-07T00:04:54.353] [DEBUG] VectorTimestamp - {
  "1": 412,
  "2": 0,
  "3": 0,
  "10": 438,
  "11": 435,
  "12": 428,
  "13": 317,
  "101": 176,
  "102": 187,
  "103": 176,
  "104": 183,
  "105": 177,
  "106": 177,
  "107": 227
}
[2018-02-07T00:04:54.353] [DEBUG] EMR107 - Got outbreak response
[2018-02-07T00:04:54.353] [INFO] EMR107 - Outbreaks: [
  {
    "time": "Wed Feb 07 2018 00:04:39 GMT-0700 (Mountain Standard Time)",
    "infections": 121,
    "type": 1,
    "name": "Influenza"
  }
]
[2018-02-07T00:04:54.578] [DEBUG] VectorTimestamp - {
  "1": 412,
  "2": 0,
  "3": 0,
  "10": 438,
  "11": 435,
  "12": 428,
  "13": 317,
  "101": 176,
  "102": 187,
  "103": 176,
  "104": 183,
  "105": 177,
  "106": 177,
  "107": 228
}
[2018-02-07T00:04:54.578] [DEBUG] EMR107 - Sent disease notification: Influenza (1)
[2018-02-07T00:04:55.352] [DEBUG] VectorTimestamp - {
  "1": 412,
  "2": 0,
  "3": 0,
  "10": 438,
  "11": 435,
  "12": 428,
  "13": 317,
  "101": 176,
  "102": 187,
  "103": 176,
  "104": 183,
  "105": 177,
  "106": 177,
  "107": 229
}
[2018-02-07T00:04:55.352] [DEBUG] EMR107 - Sent outbreak request
[2018-02-07T00:04:55.353] [DEBUG] VectorTimestamp - {
  "1": 412,
  "2": 0,
  "3": 0,
  "10": 438,
  "11": 435,
  "12": 428,
  "13": 321,
  "101": 176,
  "102": 187,
  "103": 176,
  "104": 183,
  "105": 177,
  "106": 177,
  "107": 230
}
[2018-02-07T00:04:55.353] [DEBUG] EMR107 - Got outbreak response
[2018-02-07T00:04:55.353] [INFO] EMR107 - Outbreaks: [
  {
    "time": "Wed Feb 07 2018 00:04:39 GMT-0700 (Mountain Standard Time)",
    "infections": 121,
    "type": 1,
    "name": "Influenza"
  }
]
[2018-02-07T00:04:56.353] [DEBUG] VectorTimestamp - {
  "1": 412,
  "2": 0,
  "3": 0,
  "10": 438,
  "11": 435,
  "12": 428,
  "13": 321,
  "101": 176,
  "102": 187,
  "103": 176,
  "104": 183,
  "105": 177,
  "106": 177,
  "107": 231
}
[2018-02-07T00:04:56.353] [DEBUG] EMR107 - Sent outbreak request
[2018-02-07T00:04:56.354] [DEBUG] VectorTimestamp - {
  "1": 412,
  "2": 0,
  "3": 0,
  "10": 438,
  "11": 435,
  "12": 428,
  "13": 324,
  "101": 176,
  "102": 187,
  "103": 176,
  "104": 183,
  "105": 177,
  "106": 177,
  "107": 232
}
[2018-02-07T00:04:56.354] [DEBUG] EMR107 - Got outbreak response
[2018-02-07T00:04:56.355] [INFO] EMR107 - Outbreaks: [
  {
    "time": "Wed Feb 07 2018 00:04:39 GMT-0700 (Mountain Standard Time)",
    "infections": 121,
    "type": 1,
    "name": "Influenza"
  }
]
[2018-02-07T00:04:57.354] [DEBUG] VectorTimestamp - {
  "1": 412,
  "2": 0,
  "3": 0,
  "10": 438,
  "11": 435,
  "12": 428,
  "13": 324,
  "101": 176,
  "102": 187,
  "103": 176,
  "104": 183,
  "105": 177,
  "106": 177,
  "107": 233
}
[2018-02-07T00:04:57.354] [DEBUG] EMR107 - Sent outbreak request
[2018-02-07T00:04:57.355] [DEBUG] VectorTimestamp - {
  "1": 412,
  "2": 0,
  "3": 0,
  "10": 438,
  "11": 435,
  "12": 428,
  "13": 327,
  "101": 176,
  "102": 187,
  "103": 176,
  "104": 183,
  "105": 177,
  "106": 177,
  "107": 234
}
[2018-02-07T00:04:57.355] [DEBUG] EMR107 - Got outbreak response
[2018-02-07T00:04:57.355] [INFO] EMR107 - Outbreaks: [
  {
    "time": "Wed Feb 07 2018 00:04:39 GMT-0700 (Mountain Standard Time)",
    "infections": 121,
    "type": 1,
    "name": "Influenza"
  }
]
[2018-02-07T00:04:58.355] [DEBUG] VectorTimestamp - {
  "1": 412,
  "2": 0,
  "3": 0,
  "10": 438,
  "11": 435,
  "12": 428,
  "13": 327,
  "101": 176,
  "102": 187,
  "103": 176,
  "104": 183,
  "105": 177,
  "106": 177,
  "107": 235
}
[2018-02-07T00:04:58.355] [DEBUG] EMR107 - Sent outbreak request
[2018-02-07T00:04:58.356] [DEBUG] VectorTimestamp - {
  "1": 412,
  "2": 0,
  "3": 0,
  "10": 438,
  "11": 435,
  "12": 428,
  "13": 330,
  "101": 176,
  "102": 187,
  "103": 176,
  "104": 183,
  "105": 177,
  "106": 177,
  "107": 236
}
[2018-02-07T00:04:58.356] [DEBUG] EMR107 - Got outbreak response
[2018-02-07T00:04:58.356] [INFO] EMR107 - Outbreaks: [
  {
    "time": "Wed Feb 07 2018 00:04:39 GMT-0700 (Mountain Standard Time)",
    "infections": 121,
    "type": 1,
    "name": "Influenza"
  }
]
[2018-02-07T00:04:59.356] [DEBUG] VectorTimestamp - {
  "1": 412,
  "2": 0,
  "3": 0,
  "10": 438,
  "11": 435,
  "12": 428,
  "13": 330,
  "101": 176,
  "102": 187,
  "103": 176,
  "104": 183,
  "105": 177,
  "106": 177,
  "107": 237
}
[2018-02-07T00:04:59.356] [DEBUG] EMR107 - Sent outbreak request
[2018-02-07T00:04:59.357] [DEBUG] VectorTimestamp - {
  "1": 412,
  "2": 0,
  "3": 0,
  "10": 438,
  "11": 435,
  "12": 428,
  "13": 333,
  "101": 176,
  "102": 187,
  "103": 176,
  "104": 183,
  "105": 177,
  "106": 177,
  "107": 238
}
[2018-02-07T00:04:59.357] [DEBUG] EMR107 - Got outbreak response
[2018-02-07T00:04:59.357] [INFO] EMR107 - Outbreaks: [
  {
    "time": "Wed Feb 07 2018 00:04:39 GMT-0700 (Mountain Standard Time)",
    "infections": 121,
    "type": 1,
    "name": "Influenza"
  }
]
[2018-02-07T00:05:00.356] [DEBUG] VectorTimestamp - {
  "1": 412,
  "2": 0,
  "3": 0,
  "10": 438,
  "11": 435,
  "12": 428,
  "13": 333,
  "101": 176,
  "102": 187,
  "103": 176,
  "104": 183,
  "105": 177,
  "106": 177,
  "107": 239
}
[2018-02-07T00:05:00.356] [DEBUG] EMR107 - Sent outbreak request
[2018-02-07T00:05:00.357] [DEBUG] VectorTimestamp - {
  "1": 412,
  "2": 0,
  "3": 0,
  "10": 438,
  "11": 435,
  "12": 428,
  "13": 336,
  "101": 176,
  "102": 187,
  "103": 176,
  "104": 183,
  "105": 177,
  "106": 177,
  "107": 240
}
[2018-02-07T00:05:00.357] [DEBUG] EMR107 - Got outbreak response
[2018-02-07T00:05:00.357] [INFO] EMR107 - Outbreaks: [
  {
    "time": "Wed Feb 07 2018 00:04:39 GMT-0700 (Mountain Standard Time)",
    "infections": 121,
    "type": 1,
    "name": "Influenza"
  }
]
[2018-02-07T00:05:01.357] [DEBUG] VectorTimestamp - {
  "1": 412,
  "2": 0,
  "3": 0,
  "10": 438,
  "11": 435,
  "12": 428,
  "13": 336,
  "101": 176,
  "102": 187,
  "103": 176,
  "104": 183,
  "105": 177,
  "106": 177,
  "107": 241
}
[2018-02-07T00:05:01.357] [DEBUG] EMR107 - Sent outbreak request
[2018-02-07T00:05:01.358] [DEBUG] VectorTimestamp - {
  "1": 412,
  "2": 0,
  "3": 0,
  "10": 438,
  "11": 435,
  "12": 428,
  "13": 339,
  "101": 176,
  "102": 187,
  "103": 176,
  "104": 183,
  "105": 177,
  "106": 177,
  "107": 242
}
[2018-02-07T00:05:01.358] [DEBUG] EMR107 - Got outbreak response
[2018-02-07T00:05:01.358] [INFO] EMR107 - Outbreaks: [
  {
    "time": "Wed Feb 07 2018 00:04:39 GMT-0700 (Mountain Standard Time)",
    "infections": 121,
    "type": 1,
    "name": "Influenza"
  }
]
[2018-02-07T00:05:02.358] [DEBUG] VectorTimestamp - {
  "1": 412,
  "2": 0,
  "3": 0,
  "10": 438,
  "11": 435,
  "12": 428,
  "13": 339,
  "101": 176,
  "102": 187,
  "103": 176,
  "104": 183,
  "105": 177,
  "106": 177,
  "107": 243
}
[2018-02-07T00:05:02.358] [DEBUG] EMR107 - Sent outbreak request
[2018-02-07T00:05:02.359] [DEBUG] VectorTimestamp - {
  "1": 412,
  "2": 0,
  "3": 0,
  "10": 438,
  "11": 435,
  "12": 428,
  "13": 342,
  "101": 176,
  "102": 187,
  "103": 176,
  "104": 183,
  "105": 177,
  "106": 177,
  "107": 244
}
[2018-02-07T00:05:02.359] [DEBUG] EMR107 - Got outbreak response
[2018-02-07T00:05:02.359] [INFO] EMR107 - Outbreaks: [
  {
    "time": "Wed Feb 07 2018 00:04:39 GMT-0700 (Mountain Standard Time)",
    "infections": 121,
    "type": 1,
    "name": "Influenza"
  }
]
[2018-02-07T00:05:03.358] [DEBUG] VectorTimestamp - {
  "1": 412,
  "2": 0,
  "3": 0,
  "10": 438,
  "11": 435,
  "12": 428,
  "13": 342,
  "101": 176,
  "102": 187,
  "103": 176,
  "104": 183,
  "105": 177,
  "106": 177,
  "107": 245
}
[2018-02-07T00:05:03.358] [DEBUG] EMR107 - Sent outbreak request
[2018-02-07T00:05:03.359] [DEBUG] VectorTimestamp - {
  "1": 412,
  "2": 0,
  "3": 0,
  "10": 438,
  "11": 435,
  "12": 428,
  "13": 345,
  "101": 176,
  "102": 187,
  "103": 176,
  "104": 183,
  "105": 177,
  "106": 177,
  "107": 246
}
[2018-02-07T00:05:03.359] [DEBUG] EMR107 - Got outbreak response
[2018-02-07T00:05:04.359] [DEBUG] VectorTimestamp - {
  "1": 412,
  "2": 0,
  "3": 0,
  "10": 438,
  "11": 435,
  "12": 428,
  "13": 345,
  "101": 176,
  "102": 187,
  "103": 176,
  "104": 183,
  "105": 177,
  "106": 177,
  "107": 247
}
[2018-02-07T00:05:04.359] [DEBUG] EMR107 - Sent outbreak request
[2018-02-07T00:05:04.360] [DEBUG] VectorTimestamp - {
  "1": 412,
  "2": 0,
  "3": 0,
  "10": 438,
  "11": 435,
  "12": 428,
  "13": 348,
  "101": 176,
  "102": 187,
  "103": 176,
  "104": 183,
  "105": 177,
  "106": 177,
  "107": 248
}
[2018-02-07T00:05:04.360] [DEBUG] EMR107 - Got outbreak response
