[2018-02-07T00:03:27.246] [DEBUG] EMR103 - Got config: {
  "hds": {
    "id": 11,
    "notification": {
      "ip": "localhost",
      "port": 12102
    },
    "update": {
      "ip": "localhost",
      "port": 12103
    },
    "outbreakRouter": {
      "ip": "localhost",
      "port": 12111
    }
  },
  "processes": [
    {
      "id": 1,
      "ip": "localhost",
      "port": 12001,
      "disease": 1
    },
    {
      "id": 2,
      "ip": "localhost",
      "port": 12002,
      "disease": 2
    },
    {
      "id": 3,
      "ip": "localhost",
      "port": 12003,
      "disease": 3
    },
    {
      "id": 101,
      "hds": 10
    },
    {
      "id": 102,
      "hds": 10
    },
    {
      "id": 103,
      "hds": 11
    },
    {
      "id": 104,
      "hds": 11
    },
    {
      "id": 105,
      "hds": 12
    },
    {
      "id": 106,
      "hds": 12
    },
    {
      "id": 107,
      "hds": 13
    },
    {
      "id": 10,
      "notification": {
        "ip": "localhost",
        "port": 12100
      },
      "update": {
        "ip": "localhost",
        "port": 12101
      },
      "outbreakRouter": {
        "ip": "localhost",
        "port": 12110
      }
    },
    {
      "id": 11,
      "notification": {
        "ip": "localhost",
        "port": 12102
      },
      "update": {
        "ip": "localhost",
        "port": 12103
      },
      "outbreakRouter": {
        "ip": "localhost",
        "port": 12111
      }
    },
    {
      "id": 12,
      "notification": {
        "ip": "localhost",
        "port": 12104
      },
      "update": {
        "ip": "localhost",
        "port": 12105
      },
      "outbreakRouter": {
        "ip": "localhost",
        "port": 12112
      }
    },
    {
      "id": 13,
      "notification": {
        "ip": "localhost",
        "port": 12106
      },
      "update": {
        "ip": "localhost",
        "port": 12107
      },
      "outbreakRouter": {
        "ip": "localhost",
        "port": 12113
      }
    }
  ],
  "simulation": {
    "simulationTime": 24,
    "simulationInterval": 100,
    "diseases": [
      {
        "id": 1,
        "name": "Influenza",
        "threshold": 120,
        "minP": 0,
        "maxP": 0.1,
        "ratePeriod": 48
      },
      {
        "id": 2,
        "name": "Chicken Pox",
        "threshold": 50,
        "minP": 0,
        "maxP": 0,
        "ratePeriod": 120
      },
      {
        "id": 3,
        "name": "Measles",
        "threshold": 10,
        "minP": 0,
        "maxP": 0,
        "ratePeriod": 24
      }
    ]
  }
}
[2018-02-07T00:03:28.252] [DEBUG] VectorTimestamp - {
  "1": 0,
  "2": 0,
  "3": 0,
  "10": 0,
  "11": 0,
  "12": 0,
  "13": 0,
  "101": 0,
  "102": 0,
  "103": 1,
  "104": 0,
  "105": 0,
  "106": 0,
  "107": 0
}
[2018-02-07T00:03:28.253] [DEBUG] EMR103 - Sent outbreak request
[2018-02-07T00:03:28.256] [DEBUG] VectorTimestamp - {
  "1": 0,
  "2": 0,
  "3": 0,
  "10": 0,
  "11": 2,
  "12": 0,
  "13": 0,
  "101": 0,
  "102": 0,
  "103": 2,
  "104": 0,
  "105": 0,
  "106": 0,
  "107": 0
}
[2018-02-07T00:03:28.256] [DEBUG] EMR103 - Got outbreak response
[2018-02-07T00:03:29.253] [DEBUG] VectorTimestamp - {
  "1": 0,
  "2": 0,
  "3": 0,
  "10": 0,
  "11": 2,
  "12": 0,
  "13": 0,
  "101": 0,
  "102": 0,
  "103": 3,
  "104": 0,
  "105": 0,
  "106": 0,
  "107": 0
}
[2018-02-07T00:03:29.253] [DEBUG] EMR103 - Sent outbreak request
[2018-02-07T00:03:29.254] [DEBUG] VectorTimestamp - {
  "1": 0,
  "2": 0,
  "3": 0,
  "10": 0,
  "11": 7,
  "12": 0,
  "13": 0,
  "101": 0,
  "102": 0,
  "103": 4,
  "104": 1,
  "105": 0,
  "106": 0,
  "107": 0
}
[2018-02-07T00:03:29.254] [DEBUG] EMR103 - Got outbreak response
[2018-02-07T00:03:30.254] [DEBUG] VectorTimestamp - {
  "1": 0,
  "2": 0,
  "3": 0,
  "10": 0,
  "11": 7,
  "12": 0,
  "13": 0,
  "101": 0,
  "102": 0,
  "103": 5,
  "104": 1,
  "105": 0,
  "106": 0,
  "107": 0
}
[2018-02-07T00:03:30.254] [DEBUG] EMR103 - Sent outbreak request
[2018-02-07T00:03:30.255] [DEBUG] VectorTimestamp - {
  "1": 0,
  "2": 0,
  "3": 0,
  "10": 0,
  "11": 12,
  "12": 0,
  "13": 0,
  "101": 0,
  "102": 0,
  "103": 6,
  "104": 3,
  "105": 0,
  "106": 0,
  "107": 0
}
[2018-02-07T00:03:30.255] [DEBUG] EMR103 - Got outbreak response
[2018-02-07T00:03:31.255] [DEBUG] VectorTimestamp - {
  "1": 0,
  "2": 0,
  "3": 0,
  "10": 0,
  "11": 12,
  "12": 0,
  "13": 0,
  "101": 0,
  "102": 0,
  "103": 7,
  "104": 3,
  "105": 0,
  "106": 0,
  "107": 0
}
[2018-02-07T00:03:31.255] [DEBUG] EMR103 - Sent outbreak request
[2018-02-07T00:03:31.257] [DEBUG] VectorTimestamp - {
  "1": 0,
  "2": 0,
  "3": 0,
  "10": 0,
  "11": 17,
  "12": 0,
  "13": 0,
  "101": 0,
  "102": 0,
  "103": 8,
  "104": 5,
  "105": 0,
  "106": 0,
  "107": 0
}
[2018-02-07T00:03:31.257] [DEBUG] EMR103 - Got outbreak response
[2018-02-07T00:03:32.256] [DEBUG] VectorTimestamp - {
  "1": 0,
  "2": 0,
  "3": 0,
  "10": 0,
  "11": 17,
  "12": 0,
  "13": 0,
  "101": 0,
  "102": 0,
  "103": 9,
  "104": 5,
  "105": 0,
  "106": 0,
  "107": 0
}
[2018-02-07T00:03:32.256] [DEBUG] EMR103 - Sent outbreak request
[2018-02-07T00:03:32.257] [DEBUG] VectorTimestamp - {
  "1": 0,
  "2": 0,
  "3": 0,
  "10": 0,
  "11": 22,
  "12": 0,
  "13": 0,
  "101": 0,
  "102": 0,
  "103": 10,
  "104": 7,
  "105": 0,
  "106": 0,
  "107": 0
}
[2018-02-07T00:03:32.257] [DEBUG] EMR103 - Got outbreak response
[2018-02-07T00:03:33.258] [DEBUG] VectorTimestamp - {
  "1": 0,
  "2": 0,
  "3": 0,
  "10": 0,
  "11": 22,
  "12": 0,
  "13": 0,
  "101": 0,
  "102": 0,
  "103": 11,
  "104": 7,
  "105": 0,
  "106": 0,
  "107": 0
}
[2018-02-07T00:03:33.259] [DEBUG] EMR103 - Sent outbreak request
[2018-02-07T00:03:33.260] [DEBUG] VectorTimestamp - {
  "1": 0,
  "2": 0,
  "3": 0,
  "10": 0,
  "11": 27,
  "12": 0,
  "13": 0,
  "101": 0,
  "102": 0,
  "103": 12,
  "104": 9,
  "105": 0,
  "106": 0,
  "107": 0
}
[2018-02-07T00:03:33.260] [DEBUG] EMR103 - Got outbreak response
[2018-02-07T00:03:34.260] [DEBUG] VectorTimestamp - {
  "1": 0,
  "2": 0,
  "3": 0,
  "10": 0,
  "11": 27,
  "12": 0,
  "13": 0,
  "101": 0,
  "102": 0,
  "103": 13,
  "104": 9,
  "105": 0,
  "106": 0,
  "107": 0
}
[2018-02-07T00:03:34.260] [DEBUG] EMR103 - Sent outbreak request
[2018-02-07T00:03:34.262] [DEBUG] VectorTimestamp - {
  "1": 0,
  "2": 0,
  "3": 0,
  "10": 0,
  "11": 32,
  "12": 0,
  "13": 0,
  "101": 0,
  "102": 0,
  "103": 14,
  "104": 11,
  "105": 0,
  "106": 0,
  "107": 0
}
[2018-02-07T00:03:34.263] [DEBUG] EMR103 - Got outbreak response
[2018-02-07T00:03:35.261] [DEBUG] VectorTimestamp - {
  "1": 0,
  "2": 0,
  "3": 0,
  "10": 0,
  "11": 32,
  "12": 0,
  "13": 0,
  "101": 0,
  "102": 0,
  "103": 15,
  "104": 11,
  "105": 0,
  "106": 0,
  "107": 0
}
[2018-02-07T00:03:35.261] [DEBUG] EMR103 - Sent outbreak request
[2018-02-07T00:03:35.262] [DEBUG] VectorTimestamp - {
  "1": 0,
  "2": 0,
  "3": 0,
  "10": 0,
  "11": 37,
  "12": 0,
  "13": 0,
  "101": 0,
  "102": 0,
  "103": 16,
  "104": 13,
  "105": 0,
  "106": 0,
  "107": 0
}
[2018-02-07T00:03:35.263] [DEBUG] EMR103 - Got outbreak response
[2018-02-07T00:03:36.262] [DEBUG] VectorTimestamp - {
  "1": 0,
  "2": 0,
  "3": 0,
  "10": 0,
  "11": 37,
  "12": 0,
  "13": 0,
  "101": 0,
  "102": 0,
  "103": 17,
  "104": 13,
  "105": 0,
  "106": 0,
  "107": 0
}
[2018-02-07T00:03:36.262] [DEBUG] EMR103 - Sent outbreak request
[2018-02-07T00:03:36.263] [DEBUG] VectorTimestamp - {
  "1": 0,
  "2": 0,
  "3": 0,
  "10": 0,
  "11": 42,
  "12": 0,
  "13": 0,
  "101": 0,
  "102": 0,
  "103": 18,
  "104": 15,
  "105": 0,
  "106": 0,
  "107": 0
}
[2018-02-07T00:03:36.263] [DEBUG] EMR103 - Got outbreak response
[2018-02-07T00:03:37.263] [DEBUG] VectorTimestamp - {
  "1": 0,
  "2": 0,
  "3": 0,
  "10": 0,
  "11": 42,
  "12": 0,
  "13": 0,
  "101": 0,
  "102": 0,
  "103": 19,
  "104": 15,
  "105": 0,
  "106": 0,
  "107": 0
}
[2018-02-07T00:03:37.263] [DEBUG] EMR103 - Sent outbreak request
[2018-02-07T00:03:37.265] [DEBUG] VectorTimestamp - {
  "1": 0,
  "2": 0,
  "3": 0,
  "10": 0,
  "11": 47,
  "12": 0,
  "13": 0,
  "101": 0,
  "102": 0,
  "103": 20,
  "104": 17,
  "105": 0,
  "106": 0,
  "107": 0
}
[2018-02-07T00:03:37.265] [DEBUG] EMR103 - Got outbreak response
[2018-02-07T00:03:38.264] [DEBUG] VectorTimestamp - {
  "1": 0,
  "2": 0,
  "3": 0,
  "10": 0,
  "11": 47,
  "12": 0,
  "13": 0,
  "101": 0,
  "102": 0,
  "103": 21,
  "104": 17,
  "105": 0,
  "106": 0,
  "107": 0
}
[2018-02-07T00:03:38.264] [DEBUG] EMR103 - Sent outbreak request
[2018-02-07T00:03:38.265] [DEBUG] VectorTimestamp - {
  "1": 0,
  "2": 0,
  "3": 0,
  "10": 0,
  "11": 52,
  "12": 0,
  "13": 0,
  "101": 0,
  "102": 0,
  "103": 22,
  "104": 19,
  "105": 0,
  "106": 0,
  "107": 0
}
[2018-02-07T00:03:38.265] [DEBUG] EMR103 - Got outbreak response
[2018-02-07T00:03:39.265] [DEBUG] VectorTimestamp - {
  "1": 0,
  "2": 0,
  "3": 0,
  "10": 0,
  "11": 52,
  "12": 0,
  "13": 0,
  "101": 0,
  "102": 0,
  "103": 23,
  "104": 19,
  "105": 0,
  "106": 0,
  "107": 0
}
[2018-02-07T00:03:39.266] [DEBUG] EMR103 - Sent outbreak request
[2018-02-07T00:03:39.266] [DEBUG] VectorTimestamp - {
  "1": 0,
  "2": 0,
  "3": 0,
  "10": 0,
  "11": 57,
  "12": 0,
  "13": 0,
  "101": 0,
  "102": 0,
  "103": 24,
  "104": 21,
  "105": 0,
  "106": 0,
  "107": 0
}
[2018-02-07T00:03:39.267] [DEBUG] EMR103 - Got outbreak response
[2018-02-07T00:03:40.181] [DEBUG] VectorTimestamp - {
  "1": 0,
  "2": 0,
  "3": 0,
  "10": 0,
  "11": 57,
  "12": 0,
  "13": 0,
  "101": 0,
  "102": 0,
  "103": 25,
  "104": 21,
  "105": 0,
  "106": 0,
  "107": 0
}
[2018-02-07T00:03:40.181] [DEBUG] EMR103 - Sent disease notification: Influenza (1)
[2018-02-07T00:03:40.266] [DEBUG] VectorTimestamp - {
  "1": 0,
  "2": 0,
  "3": 0,
  "10": 0,
  "11": 57,
  "12": 0,
  "13": 0,
  "101": 0,
  "102": 0,
  "103": 26,
  "104": 21,
  "105": 0,
  "106": 0,
  "107": 0
}
[2018-02-07T00:03:40.266] [DEBUG] EMR103 - Sent outbreak request
[2018-02-07T00:03:40.267] [DEBUG] VectorTimestamp - {
  "1": 0,
  "2": 0,
  "3": 0,
  "10": 0,
  "11": 65,
  "12": 0,
  "13": 0,
  "101": 0,
  "102": 0,
  "103": 27,
  "104": 26,
  "105": 0,
  "106": 0,
  "107": 0
}
[2018-02-07T00:03:40.267] [DEBUG] EMR103 - Got outbreak response
[2018-02-07T00:03:41.267] [DEBUG] VectorTimestamp - {
  "1": 0,
  "2": 0,
  "3": 0,
  "10": 0,
  "11": 65,
  "12": 0,
  "13": 0,
  "101": 0,
  "102": 0,
  "103": 28,
  "104": 26,
  "105": 0,
  "106": 0,
  "107": 0
}
[2018-02-07T00:03:41.267] [DEBUG] EMR103 - Sent outbreak request
[2018-02-07T00:03:41.268] [DEBUG] VectorTimestamp - {
  "1": 0,
  "2": 0,
  "3": 0,
  "10": 0,
  "11": 70,
  "12": 0,
  "13": 0,
  "101": 0,
  "102": 0,
  "103": 29,
  "104": 27,
  "105": 0,
  "106": 0,
  "107": 0
}
[2018-02-07T00:03:41.268] [DEBUG] EMR103 - Got outbreak response
[2018-02-07T00:03:42.185] [DEBUG] VectorTimestamp - {
  "1": 0,
  "2": 0,
  "3": 0,
  "10": 0,
  "11": 70,
  "12": 0,
  "13": 0,
  "101": 0,
  "102": 0,
  "103": 30,
  "104": 27,
  "105": 0,
  "106": 0,
  "107": 0
}
[2018-02-07T00:03:42.185] [DEBUG] EMR103 - Sent disease notification: Influenza (1)
[2018-02-07T00:03:42.268] [DEBUG] VectorTimestamp - {
  "1": 0,
  "2": 0,
  "3": 0,
  "10": 0,
  "11": 70,
  "12": 0,
  "13": 0,
  "101": 0,
  "102": 0,
  "103": 31,
  "104": 27,
  "105": 0,
  "106": 0,
  "107": 0
}
[2018-02-07T00:03:42.268] [DEBUG] EMR103 - Sent outbreak request
[2018-02-07T00:03:42.270] [DEBUG] VectorTimestamp - {
  "1": 0,
  "2": 0,
  "3": 0,
  "10": 0,
  "11": 76,
  "12": 0,
  "13": 0,
  "101": 0,
  "102": 0,
  "103": 32,
  "104": 29,
  "105": 0,
  "106": 0,
  "107": 0
}
[2018-02-07T00:03:42.270] [DEBUG] EMR103 - Got outbreak response
[2018-02-07T00:03:42.686] [DEBUG] VectorTimestamp - {
  "1": 0,
  "2": 0,
  "3": 0,
  "10": 0,
  "11": 76,
  "12": 0,
  "13": 0,
  "101": 0,
  "102": 0,
  "103": 33,
  "104": 29,
  "105": 0,
  "106": 0,
  "107": 0
}
[2018-02-07T00:03:42.686] [DEBUG] EMR103 - Sent disease notification: Influenza (1)
[2018-02-07T00:03:43.269] [DEBUG] VectorTimestamp - {
  "1": 0,
  "2": 0,
  "3": 0,
  "10": 0,
  "11": 76,
  "12": 0,
  "13": 0,
  "101": 0,
  "102": 0,
  "103": 34,
  "104": 29,
  "105": 0,
  "106": 0,
  "107": 0
}
[2018-02-07T00:03:43.269] [DEBUG] EMR103 - Sent outbreak request
[2018-02-07T00:03:43.270] [DEBUG] VectorTimestamp - {
  "1": 0,
  "2": 0,
  "3": 0,
  "10": 0,
  "11": 82,
  "12": 0,
  "13": 0,
  "101": 0,
  "102": 0,
  "103": 35,
  "104": 31,
  "105": 0,
  "106": 0,
  "107": 0
}
[2018-02-07T00:03:43.270] [DEBUG] EMR103 - Got outbreak response
[2018-02-07T00:03:44.270] [DEBUG] VectorTimestamp - {
  "1": 0,
  "2": 0,
  "3": 0,
  "10": 0,
  "11": 82,
  "12": 0,
  "13": 0,
  "101": 0,
  "102": 0,
  "103": 36,
  "104": 31,
  "105": 0,
  "106": 0,
  "107": 0
}
[2018-02-07T00:03:44.270] [DEBUG] EMR103 - Sent outbreak request
[2018-02-07T00:03:44.271] [DEBUG] VectorTimestamp - {
  "1": 0,
  "2": 0,
  "3": 0,
  "10": 0,
  "11": 87,
  "12": 0,
  "13": 0,
  "101": 0,
  "102": 0,
  "103": 37,
  "104": 33,
  "105": 0,
  "106": 0,
  "107": 0
}
[2018-02-07T00:03:44.271] [DEBUG] EMR103 - Got outbreak response
[2018-02-07T00:03:45.271] [DEBUG] VectorTimestamp - {
  "1": 0,
  "2": 0,
  "3": 0,
  "10": 0,
  "11": 87,
  "12": 0,
  "13": 0,
  "101": 0,
  "102": 0,
  "103": 38,
  "104": 33,
  "105": 0,
  "106": 0,
  "107": 0
}
[2018-02-07T00:03:45.271] [DEBUG] EMR103 - Sent outbreak request
[2018-02-07T00:03:45.272] [DEBUG] VectorTimestamp - {
  "1": 0,
  "2": 0,
  "3": 0,
  "10": 0,
  "11": 92,
  "12": 0,
  "13": 0,
  "101": 0,
  "102": 0,
  "103": 39,
  "104": 35,
  "105": 0,
  "106": 0,
  "107": 0
}
[2018-02-07T00:03:45.272] [DEBUG] EMR103 - Got outbreak response
[2018-02-07T00:03:46.272] [DEBUG] VectorTimestamp - {
  "1": 0,
  "2": 0,
  "3": 0,
  "10": 0,
  "11": 92,
  "12": 0,
  "13": 0,
  "101": 0,
  "102": 0,
  "103": 40,
  "104": 35,
  "105": 0,
  "106": 0,
  "107": 0
}
[2018-02-07T00:03:46.272] [DEBUG] EMR103 - Sent outbreak request
[2018-02-07T00:03:46.273] [DEBUG] VectorTimestamp - {
  "1": 0,
  "2": 0,
  "3": 0,
  "10": 0,
  "11": 98,
  "12": 0,
  "13": 0,
  "101": 0,
  "102": 0,
  "103": 41,
  "104": 39,
  "105": 0,
  "106": 0,
  "107": 0
}
[2018-02-07T00:03:46.273] [DEBUG] EMR103 - Got outbreak response
[2018-02-07T00:03:47.272] [DEBUG] VectorTimestamp - {
  "1": 0,
  "2": 0,
  "3": 0,
  "10": 0,
  "11": 98,
  "12": 0,
  "13": 0,
  "101": 0,
  "102": 0,
  "103": 42,
  "104": 39,
  "105": 0,
  "106": 0,
  "107": 0
}
[2018-02-07T00:03:47.272] [DEBUG] EMR103 - Sent outbreak request
[2018-02-07T00:03:47.276] [DEBUG] VectorTimestamp - {
  "1": 0,
  "2": 0,
  "3": 0,
  "10": 0,
  "11": 103,
  "12": 0,
  "13": 0,
  "101": 0,
  "102": 0,
  "103": 43,
  "104": 40,
  "105": 0,
  "106": 0,
  "107": 0
}
[2018-02-07T00:03:47.277] [DEBUG] EMR103 - Got outbreak response
[2018-02-07T00:03:48.273] [DEBUG] VectorTimestamp - {
  "1": 0,
  "2": 0,
  "3": 0,
  "10": 0,
  "11": 103,
  "12": 0,
  "13": 0,
  "101": 0,
  "102": 0,
  "103": 44,
  "104": 40,
  "105": 0,
  "106": 0,
  "107": 0
}
[2018-02-07T00:03:48.273] [DEBUG] EMR103 - Sent outbreak request
[2018-02-07T00:03:48.274] [DEBUG] VectorTimestamp - {
  "1": 0,
  "2": 0,
  "3": 0,
  "10": 0,
  "11": 109,
  "12": 0,
  "13": 0,
  "101": 0,
  "102": 0,
  "103": 45,
  "104": 44,
  "105": 0,
  "106": 0,
  "107": 0
}
[2018-02-07T00:03:48.274] [DEBUG] EMR103 - Got outbreak response
[2018-02-07T00:03:49.274] [DEBUG] VectorTimestamp - {
  "1": 0,
  "2": 0,
  "3": 0,
  "10": 0,
  "11": 109,
  "12": 0,
  "13": 0,
  "101": 0,
  "102": 0,
  "103": 46,
  "104": 44,
  "105": 0,
  "106": 0,
  "107": 0
}
[2018-02-07T00:03:49.274] [DEBUG] EMR103 - Sent outbreak request
[2018-02-07T00:03:49.275] [DEBUG] VectorTimestamp - {
  "1": 0,
  "2": 0,
  "3": 0,
  "10": 0,
  "11": 114,
  "12": 0,
  "13": 0,
  "101": 0,
  "102": 0,
  "103": 47,
  "104": 45,
  "105": 0,
  "106": 0,
  "107": 0
}
[2018-02-07T00:03:49.275] [DEBUG] EMR103 - Got outbreak response
[2018-02-07T00:03:50.274] [DEBUG] VectorTimestamp - {
  "1": 0,
  "2": 0,
  "3": 0,
  "10": 0,
  "11": 114,
  "12": 0,
  "13": 0,
  "101": 0,
  "102": 0,
  "103": 48,
  "104": 45,
  "105": 0,
  "106": 0,
  "107": 0
}
[2018-02-07T00:03:50.274] [DEBUG] EMR103 - Sent outbreak request
[2018-02-07T00:03:50.275] [DEBUG] VectorTimestamp - {
  "1": 0,
  "2": 0,
  "3": 0,
  "10": 0,
  "11": 121,
  "12": 0,
  "13": 0,
  "101": 0,
  "102": 0,
  "103": 49,
  "104": 50,
  "105": 0,
  "106": 0,
  "107": 0
}
[2018-02-07T00:03:50.275] [DEBUG] EMR103 - Got outbreak response
[2018-02-07T00:03:51.275] [DEBUG] VectorTimestamp - {
  "1": 0,
  "2": 0,
  "3": 0,
  "10": 0,
  "11": 121,
  "12": 0,
  "13": 0,
  "101": 0,
  "102": 0,
  "103": 50,
  "104": 50,
  "105": 0,
  "106": 0,
  "107": 0
}
[2018-02-07T00:03:51.275] [DEBUG] EMR103 - Sent outbreak request
[2018-02-07T00:03:51.276] [DEBUG] VectorTimestamp - {
  "1": 0,
  "2": 0,
  "3": 0,
  "10": 0,
  "11": 126,
  "12": 0,
  "13": 0,
  "101": 0,
  "102": 0,
  "103": 51,
  "104": 51,
  "105": 0,
  "106": 0,
  "107": 0
}
[2018-02-07T00:03:51.276] [DEBUG] EMR103 - Got outbreak response
[2018-02-07T00:03:51.908] [DEBUG] VectorTimestamp - {
  "1": 0,
  "2": 0,
  "3": 0,
  "10": 0,
  "11": 126,
  "12": 0,
  "13": 0,
  "101": 0,
  "102": 0,
  "103": 52,
  "104": 51,
  "105": 0,
  "106": 0,
  "107": 0
}
[2018-02-07T00:03:51.908] [DEBUG] EMR103 - Sent disease notification: Influenza (1)
[2018-02-07T00:03:52.276] [DEBUG] VectorTimestamp - {
  "1": 0,
  "2": 0,
  "3": 0,
  "10": 0,
  "11": 126,
  "12": 0,
  "13": 0,
  "101": 0,
  "102": 0,
  "103": 53,
  "104": 51,
  "105": 0,
  "106": 0,
  "107": 0
}
[2018-02-07T00:03:52.276] [DEBUG] EMR103 - Sent outbreak request
[2018-02-07T00:03:52.277] [DEBUG] VectorTimestamp - {
  "1": 0,
  "2": 0,
  "3": 0,
  "10": 0,
  "11": 132,
  "12": 0,
  "13": 0,
  "101": 0,
  "102": 0,
  "103": 54,
  "104": 53,
  "105": 0,
  "106": 0,
  "107": 0
}
[2018-02-07T00:03:52.277] [DEBUG] EMR103 - Got outbreak response
[2018-02-07T00:03:53.277] [DEBUG] VectorTimestamp - {
  "1": 0,
  "2": 0,
  "3": 0,
  "10": 0,
  "11": 132,
  "12": 0,
  "13": 0,
  "101": 0,
  "102": 0,
  "103": 55,
  "104": 53,
  "105": 0,
  "106": 0,
  "107": 0
}
[2018-02-07T00:03:53.277] [DEBUG] EMR103 - Sent outbreak request
[2018-02-07T00:03:53.278] [DEBUG] VectorTimestamp - {
  "1": 0,
  "2": 0,
  "3": 0,
  "10": 0,
  "11": 137,
  "12": 0,
  "13": 0,
  "101": 0,
  "102": 0,
  "103": 56,
  "104": 55,
  "105": 0,
  "106": 0,
  "107": 0
}
[2018-02-07T00:03:53.278] [DEBUG] EMR103 - Got outbreak response
[2018-02-07T00:03:54.278] [DEBUG] VectorTimestamp - {
  "1": 0,
  "2": 0,
  "3": 0,
  "10": 0,
  "11": 137,
  "12": 0,
  "13": 0,
  "101": 0,
  "102": 0,
  "103": 57,
  "104": 55,
  "105": 0,
  "106": 0,
  "107": 0
}
[2018-02-07T00:03:54.278] [DEBUG] EMR103 - Sent outbreak request
[2018-02-07T00:03:54.279] [DEBUG] VectorTimestamp - {
  "1": 0,
  "2": 0,
  "3": 0,
  "10": 0,
  "11": 142,
  "12": 0,
  "13": 0,
  "101": 0,
  "102": 0,
  "103": 58,
  "104": 57,
  "105": 0,
  "106": 0,
  "107": 0
}
[2018-02-07T00:03:54.279] [DEBUG] EMR103 - Got outbreak response
[2018-02-07T00:03:54.313] [DEBUG] VectorTimestamp - {
  "1": 0,
  "2": 0,
  "3": 0,
  "10": 0,
  "11": 142,
  "12": 0,
  "13": 0,
  "101": 0,
  "102": 0,
  "103": 59,
  "104": 57,
  "105": 0,
  "106": 0,
  "107": 0
}
[2018-02-07T00:03:54.313] [DEBUG] EMR103 - Sent disease notification: Influenza (1)
[2018-02-07T00:03:54.413] [DEBUG] VectorTimestamp - {
  "1": 0,
  "2": 0,
  "3": 0,
  "10": 0,
  "11": 142,
  "12": 0,
  "13": 0,
  "101": 0,
  "102": 0,
  "103": 60,
  "104": 57,
  "105": 0,
  "106": 0,
  "107": 0
}
[2018-02-07T00:03:54.413] [DEBUG] EMR103 - Sent disease notification: Influenza (1)
[2018-02-07T00:03:54.514] [DEBUG] VectorTimestamp - {
  "1": 0,
  "2": 0,
  "3": 0,
  "10": 0,
  "11": 142,
  "12": 0,
  "13": 0,
  "101": 0,
  "102": 0,
  "103": 61,
  "104": 57,
  "105": 0,
  "106": 0,
  "107": 0
}
[2018-02-07T00:03:54.514] [DEBUG] EMR103 - Sent disease notification: Influenza (1)
[2018-02-07T00:03:55.279] [DEBUG] VectorTimestamp - {
  "1": 0,
  "2": 0,
  "3": 0,
  "10": 0,
  "11": 142,
  "12": 0,
  "13": 0,
  "101": 0,
  "102": 0,
  "103": 62,
  "104": 57,
  "105": 0,
  "106": 0,
  "107": 0
}
[2018-02-07T00:03:55.279] [DEBUG] EMR103 - Sent outbreak request
[2018-02-07T00:03:55.280] [DEBUG] VectorTimestamp - {
  "1": 0,
  "2": 0,
  "3": 0,
  "10": 0,
  "11": 150,
  "12": 0,
  "13": 0,
  "101": 0,
  "102": 0,
  "103": 63,
  "104": 59,
  "105": 0,
  "106": 0,
  "107": 0
}
[2018-02-07T00:03:55.280] [DEBUG] EMR103 - Got outbreak response
[2018-02-07T00:03:55.416] [DEBUG] VectorTimestamp - {
  "1": 0,
  "2": 0,
  "3": 0,
  "10": 0,
  "11": 150,
  "12": 0,
  "13": 0,
  "101": 0,
  "102": 0,
  "103": 64,
  "104": 59,
  "105": 0,
  "106": 0,
  "107": 0
}
[2018-02-07T00:03:55.416] [DEBUG] EMR103 - Sent disease notification: Influenza (1)
[2018-02-07T00:03:56.280] [DEBUG] VectorTimestamp - {
  "1": 0,
  "2": 0,
  "3": 0,
  "10": 0,
  "11": 150,
  "12": 0,
  "13": 0,
  "101": 0,
  "102": 0,
  "103": 65,
  "104": 59,
  "105": 0,
  "106": 0,
  "107": 0
}
[2018-02-07T00:03:56.281] [DEBUG] EMR103 - Sent outbreak request
[2018-02-07T00:03:56.282] [DEBUG] VectorTimestamp - {
  "1": 0,
  "2": 0,
  "3": 0,
  "10": 0,
  "11": 158,
  "12": 0,
  "13": 0,
  "101": 0,
  "102": 0,
  "103": 66,
  "104": 64,
  "105": 0,
  "106": 0,
  "107": 0
}
[2018-02-07T00:03:56.286] [DEBUG] EMR103 - Got outbreak response
[2018-02-07T00:03:57.220] [DEBUG] VectorTimestamp - {
  "1": 0,
  "2": 0,
  "3": 0,
  "10": 0,
  "11": 158,
  "12": 0,
  "13": 0,
  "101": 0,
  "102": 0,
  "103": 67,
  "104": 64,
  "105": 0,
  "106": 0,
  "107": 0
}
[2018-02-07T00:03:57.220] [DEBUG] EMR103 - Sent disease notification: Influenza (1)
[2018-02-07T00:03:57.282] [DEBUG] VectorTimestamp - {
  "1": 0,
  "2": 0,
  "3": 0,
  "10": 0,
  "11": 158,
  "12": 0,
  "13": 0,
  "101": 0,
  "102": 0,
  "103": 68,
  "104": 64,
  "105": 0,
  "106": 0,
  "107": 0
}
[2018-02-07T00:03:57.282] [DEBUG] EMR103 - Sent outbreak request
[2018-02-07T00:03:57.283] [DEBUG] VectorTimestamp - {
  "1": 0,
  "2": 0,
  "3": 0,
  "10": 0,
  "11": 165,
  "12": 0,
  "13": 0,
  "101": 0,
  "102": 0,
  "103": 69,
  "104": 67,
  "105": 0,
  "106": 0,
  "107": 0
}
[2018-02-07T00:03:57.283] [DEBUG] EMR103 - Got outbreak response
[2018-02-07T00:03:57.922] [DEBUG] VectorTimestamp - {
  "1": 0,
  "2": 0,
  "3": 0,
  "10": 0,
  "11": 165,
  "12": 0,
  "13": 0,
  "101": 0,
  "102": 0,
  "103": 70,
  "104": 67,
  "105": 0,
  "106": 0,
  "107": 0
}
[2018-02-07T00:03:57.922] [DEBUG] EMR103 - Sent disease notification: Influenza (1)
[2018-02-07T00:03:58.283] [DEBUG] VectorTimestamp - {
  "1": 0,
  "2": 0,
  "3": 0,
  "10": 0,
  "11": 165,
  "12": 0,
  "13": 0,
  "101": 0,
  "102": 0,
  "103": 71,
  "104": 67,
  "105": 0,
  "106": 0,
  "107": 0
}
[2018-02-07T00:03:58.283] [DEBUG] EMR103 - Sent outbreak request
[2018-02-07T00:03:58.284] [DEBUG] VectorTimestamp - {
  "1": 0,
  "2": 0,
  "3": 0,
  "10": 0,
  "11": 171,
  "12": 0,
  "13": 0,
  "101": 0,
  "102": 0,
  "103": 72,
  "104": 68,
  "105": 0,
  "106": 0,
  "107": 0
}
[2018-02-07T00:03:58.285] [DEBUG] EMR103 - Got outbreak response
[2018-02-07T00:03:58.725] [DEBUG] VectorTimestamp - {
  "1": 0,
  "2": 0,
  "3": 0,
  "10": 0,
  "11": 171,
  "12": 0,
  "13": 0,
  "101": 0,
  "102": 0,
  "103": 73,
  "104": 68,
  "105": 0,
  "106": 0,
  "107": 0
}
[2018-02-07T00:03:58.725] [DEBUG] EMR103 - Sent disease notification: Influenza (1)
[2018-02-07T00:03:59.227] [DEBUG] VectorTimestamp - {
  "1": 0,
  "2": 0,
  "3": 0,
  "10": 0,
  "11": 171,
  "12": 0,
  "13": 0,
  "101": 0,
  "102": 0,
  "103": 74,
  "104": 68,
  "105": 0,
  "106": 0,
  "107": 0
}
[2018-02-07T00:03:59.227] [DEBUG] EMR103 - Sent disease notification: Influenza (1)
[2018-02-07T00:03:59.284] [DEBUG] VectorTimestamp - {
  "1": 0,
  "2": 0,
  "3": 0,
  "10": 0,
  "11": 171,
  "12": 0,
  "13": 0,
  "101": 0,
  "102": 0,
  "103": 75,
  "104": 68,
  "105": 0,
  "106": 0,
  "107": 0
}
[2018-02-07T00:03:59.284] [DEBUG] EMR103 - Sent outbreak request
[2018-02-07T00:03:59.285] [DEBUG] VectorTimestamp - {
  "1": 0,
  "2": 0,
  "3": 0,
  "10": 0,
  "11": 178,
  "12": 0,
  "13": 0,
  "101": 0,
  "102": 0,
  "103": 76,
  "104": 70,
  "105": 0,
  "106": 0,
  "107": 0
}
[2018-02-07T00:03:59.285] [DEBUG] EMR103 - Got outbreak response
[2018-02-07T00:03:59.428] [DEBUG] VectorTimestamp - {
  "1": 0,
  "2": 0,
  "3": 0,
  "10": 0,
  "11": 178,
  "12": 0,
  "13": 0,
  "101": 0,
  "102": 0,
  "103": 77,
  "104": 70,
  "105": 0,
  "106": 0,
  "107": 0
}
[2018-02-07T00:03:59.428] [DEBUG] EMR103 - Sent disease notification: Influenza (1)
[2018-02-07T00:04:00.285] [DEBUG] VectorTimestamp - {
  "1": 0,
  "2": 0,
  "3": 0,
  "10": 0,
  "11": 178,
  "12": 0,
  "13": 0,
  "101": 0,
  "102": 0,
  "103": 78,
  "104": 70,
  "105": 0,
  "106": 0,
  "107": 0
}
[2018-02-07T00:04:00.285] [DEBUG] EMR103 - Sent outbreak request
[2018-02-07T00:04:00.286] [DEBUG] VectorTimestamp - {
  "1": 0,
  "2": 0,
  "3": 0,
  "10": 0,
  "11": 185,
  "12": 0,
  "13": 0,
  "101": 0,
  "102": 0,
  "103": 79,
  "104": 74,
  "105": 0,
  "106": 0,
  "107": 0
}
[2018-02-07T00:04:00.286] [DEBUG] EMR103 - Got outbreak response
[2018-02-07T00:04:01.132] [DEBUG] VectorTimestamp - {
  "1": 0,
  "2": 0,
  "3": 0,
  "10": 0,
  "11": 185,
  "12": 0,
  "13": 0,
  "101": 0,
  "102": 0,
  "103": 80,
  "104": 74,
  "105": 0,
  "106": 0,
  "107": 0
}
[2018-02-07T00:04:01.132] [DEBUG] EMR103 - Sent disease notification: Influenza (1)
[2018-02-07T00:04:01.286] [DEBUG] VectorTimestamp - {
  "1": 0,
  "2": 0,
  "3": 0,
  "10": 0,
  "11": 185,
  "12": 0,
  "13": 0,
  "101": 0,
  "102": 0,
  "103": 81,
  "104": 74,
  "105": 0,
  "106": 0,
  "107": 0
}
[2018-02-07T00:04:01.286] [DEBUG] EMR103 - Sent outbreak request
[2018-02-07T00:04:01.287] [DEBUG] VectorTimestamp - {
  "1": 0,
  "2": 0,
  "3": 0,
  "10": 0,
  "11": 191,
  "12": 0,
  "13": 0,
  "101": 0,
  "102": 0,
  "103": 82,
  "104": 75,
  "105": 0,
  "106": 0,
  "107": 0
}
[2018-02-07T00:04:01.287] [DEBUG] EMR103 - Got outbreak response
[2018-02-07T00:04:02.286] [DEBUG] VectorTimestamp - {
  "1": 0,
  "2": 0,
  "3": 0,
  "10": 0,
  "11": 191,
  "12": 0,
  "13": 0,
  "101": 0,
  "102": 0,
  "103": 83,
  "104": 75,
  "105": 0,
  "106": 0,
  "107": 0
}
[2018-02-07T00:04:02.286] [DEBUG] EMR103 - Sent outbreak request
[2018-02-07T00:04:02.287] [DEBUG] VectorTimestamp - {
  "1": 0,
  "2": 0,
  "3": 0,
  "10": 0,
  "11": 196,
  "12": 0,
  "13": 0,
  "101": 0,
  "102": 0,
  "103": 84,
  "104": 77,
  "105": 0,
  "106": 0,
  "107": 0
}
[2018-02-07T00:04:02.287] [DEBUG] EMR103 - Got outbreak response
[2018-02-07T00:04:03.137] [DEBUG] VectorTimestamp - {
  "1": 0,
  "2": 0,
  "3": 0,
  "10": 0,
  "11": 196,
  "12": 0,
  "13": 0,
  "101": 0,
  "102": 0,
  "103": 85,
  "104": 77,
  "105": 0,
  "106": 0,
  "107": 0
}
[2018-02-07T00:04:03.137] [DEBUG] EMR103 - Sent disease notification: Influenza (1)
[2018-02-07T00:04:03.287] [DEBUG] VectorTimestamp - {
  "1": 0,
  "2": 0,
  "3": 0,
  "10": 0,
  "11": 196,
  "12": 0,
  "13": 0,
  "101": 0,
  "102": 0,
  "103": 86,
  "104": 77,
  "105": 0,
  "106": 0,
  "107": 0
}
[2018-02-07T00:04:03.288] [DEBUG] EMR103 - Sent outbreak request
[2018-02-07T00:04:03.289] [DEBUG] VectorTimestamp - {
  "1": 0,
  "2": 0,
  "3": 0,
  "10": 0,
  "11": 202,
  "12": 0,
  "13": 0,
  "101": 0,
  "102": 0,
  "103": 87,
  "104": 79,
  "105": 0,
  "106": 0,
  "107": 0
}
[2018-02-07T00:04:03.289] [DEBUG] EMR103 - Got outbreak response
[2018-02-07T00:04:04.239] [DEBUG] VectorTimestamp - {
  "1": 0,
  "2": 0,
  "3": 0,
  "10": 0,
  "11": 202,
  "12": 0,
  "13": 0,
  "101": 0,
  "102": 0,
  "103": 88,
  "104": 79,
  "105": 0,
  "106": 0,
  "107": 0
}
[2018-02-07T00:04:04.239] [DEBUG] EMR103 - Sent disease notification: Influenza (1)
[2018-02-07T00:04:04.288] [DEBUG] VectorTimestamp - {
  "1": 0,
  "2": 0,
  "3": 0,
  "10": 0,
  "11": 202,
  "12": 0,
  "13": 0,
  "101": 0,
  "102": 0,
  "103": 89,
  "104": 79,
  "105": 0,
  "106": 0,
  "107": 0
}
[2018-02-07T00:04:04.288] [DEBUG] EMR103 - Sent outbreak request
[2018-02-07T00:04:04.290] [DEBUG] VectorTimestamp - {
  "1": 0,
  "2": 0,
  "3": 0,
  "10": 0,
  "11": 209,
  "12": 0,
  "13": 0,
  "101": 0,
  "102": 0,
  "103": 90,
  "104": 83,
  "105": 0,
  "106": 0,
  "107": 0
}
[2018-02-07T00:04:04.290] [DEBUG] EMR103 - Got outbreak response
[2018-02-07T00:04:05.288] [DEBUG] VectorTimestamp - {
  "1": 0,
  "2": 0,
  "3": 0,
  "10": 0,
  "11": 209,
  "12": 0,
  "13": 0,
  "101": 0,
  "102": 0,
  "103": 91,
  "104": 83,
  "105": 0,
  "106": 0,
  "107": 0
}
[2018-02-07T00:04:05.288] [DEBUG] EMR103 - Sent outbreak request
[2018-02-07T00:04:05.289] [DEBUG] VectorTimestamp - {
  "1": 0,
  "2": 0,
  "3": 0,
  "10": 0,
  "11": 215,
  "12": 0,
  "13": 0,
  "101": 0,
  "102": 0,
  "103": 92,
  "104": 86,
  "105": 0,
  "106": 0,
  "107": 0
}
[2018-02-07T00:04:05.289] [DEBUG] EMR103 - Got outbreak response
[2018-02-07T00:04:06.289] [DEBUG] VectorTimestamp - {
  "1": 0,
  "2": 0,
  "3": 0,
  "10": 0,
  "11": 215,
  "12": 0,
  "13": 0,
  "101": 0,
  "102": 0,
  "103": 93,
  "104": 86,
  "105": 0,
  "106": 0,
  "107": 0
}
[2018-02-07T00:04:06.289] [DEBUG] EMR103 - Sent outbreak request
[2018-02-07T00:04:06.294] [DEBUG] VectorTimestamp - {
  "1": 0,
  "2": 0,
  "3": 0,
  "10": 0,
  "11": 220,
  "12": 0,
  "13": 0,
  "101": 0,
  "102": 0,
  "103": 94,
  "104": 87,
  "105": 0,
  "106": 0,
  "107": 0
}
[2018-02-07T00:04:06.294] [DEBUG] EMR103 - Got outbreak response
[2018-02-07T00:04:07.290] [DEBUG] VectorTimestamp - {
  "1": 0,
  "2": 0,
  "3": 0,
  "10": 0,
  "11": 220,
  "12": 0,
  "13": 0,
  "101": 0,
  "102": 0,
  "103": 95,
  "104": 87,
  "105": 0,
  "106": 0,
  "107": 0
}
[2018-02-07T00:04:07.290] [DEBUG] EMR103 - Sent outbreak request
[2018-02-07T00:04:07.291] [DEBUG] VectorTimestamp - {
  "1": 0,
  "2": 0,
  "3": 0,
  "10": 0,
  "11": 226,
  "12": 0,
  "13": 0,
  "101": 0,
  "102": 0,
  "103": 96,
  "104": 91,
  "105": 0,
  "106": 0,
  "107": 0
}
[2018-02-07T00:04:07.291] [DEBUG] EMR103 - Got outbreak response
[2018-02-07T00:04:08.290] [DEBUG] VectorTimestamp - {
  "1": 0,
  "2": 0,
  "3": 0,
  "10": 0,
  "11": 226,
  "12": 0,
  "13": 0,
  "101": 0,
  "102": 0,
  "103": 97,
  "104": 91,
  "105": 0,
  "106": 0,
  "107": 0
}
[2018-02-07T00:04:08.290] [DEBUG] EMR103 - Sent outbreak request
[2018-02-07T00:04:08.291] [DEBUG] VectorTimestamp - {
  "1": 0,
  "2": 0,
  "3": 0,
  "10": 0,
  "11": 231,
  "12": 0,
  "13": 0,
  "101": 0,
  "102": 0,
  "103": 98,
  "104": 92,
  "105": 0,
  "106": 0,
  "107": 0
}
[2018-02-07T00:04:08.291] [DEBUG] EMR103 - Got outbreak response
[2018-02-07T00:04:09.291] [DEBUG] VectorTimestamp - {
  "1": 0,
  "2": 0,
  "3": 0,
  "10": 0,
  "11": 231,
  "12": 0,
  "13": 0,
  "101": 0,
  "102": 0,
  "103": 99,
  "104": 92,
  "105": 0,
  "106": 0,
  "107": 0
}
[2018-02-07T00:04:09.291] [DEBUG] EMR103 - Sent outbreak request
[2018-02-07T00:04:09.292] [DEBUG] VectorTimestamp - {
  "1": 0,
  "2": 0,
  "3": 0,
  "10": 0,
  "11": 236,
  "12": 0,
  "13": 0,
  "101": 0,
  "102": 0,
  "103": 100,
  "104": 94,
  "105": 0,
  "106": 0,
  "107": 0
}
[2018-02-07T00:04:09.292] [DEBUG] EMR103 - Got outbreak response
[2018-02-07T00:04:10.292] [DEBUG] VectorTimestamp - {
  "1": 0,
  "2": 0,
  "3": 0,
  "10": 0,
  "11": 236,
  "12": 0,
  "13": 0,
  "101": 0,
  "102": 0,
  "103": 101,
  "104": 94,
  "105": 0,
  "106": 0,
  "107": 0
}
[2018-02-07T00:04:10.292] [DEBUG] EMR103 - Sent outbreak request
[2018-02-07T00:04:10.293] [DEBUG] VectorTimestamp - {
  "1": 0,
  "2": 0,
  "3": 0,
  "10": 0,
  "11": 242,
  "12": 0,
  "13": 0,
  "101": 0,
  "102": 0,
  "103": 102,
  "104": 98,
  "105": 0,
  "106": 0,
  "107": 0
}
[2018-02-07T00:04:10.293] [DEBUG] EMR103 - Got outbreak response
[2018-02-07T00:04:11.292] [DEBUG] VectorTimestamp - {
  "1": 0,
  "2": 0,
  "3": 0,
  "10": 0,
  "11": 242,
  "12": 0,
  "13": 0,
  "101": 0,
  "102": 0,
  "103": 103,
  "104": 98,
  "105": 0,
  "106": 0,
  "107": 0
}
[2018-02-07T00:04:11.292] [DEBUG] EMR103 - Sent outbreak request
[2018-02-07T00:04:11.293] [DEBUG] VectorTimestamp - {
  "1": 0,
  "2": 0,
  "3": 0,
  "10": 0,
  "11": 248,
  "12": 0,
  "13": 0,
  "101": 0,
  "102": 0,
  "103": 104,
  "104": 101,
  "105": 0,
  "106": 0,
  "107": 0
}
[2018-02-07T00:04:11.293] [DEBUG] EMR103 - Got outbreak response
[2018-02-07T00:04:12.293] [DEBUG] VectorTimestamp - {
  "1": 0,
  "2": 0,
  "3": 0,
  "10": 0,
  "11": 248,
  "12": 0,
  "13": 0,
  "101": 0,
  "102": 0,
  "103": 105,
  "104": 101,
  "105": 0,
  "106": 0,
  "107": 0
}
[2018-02-07T00:04:12.293] [DEBUG] EMR103 - Sent outbreak request
[2018-02-07T00:04:12.294] [DEBUG] VectorTimestamp - {
  "1": 0,
  "2": 0,
  "3": 0,
  "10": 0,
  "11": 253,
  "12": 0,
  "13": 0,
  "101": 0,
  "102": 0,
  "103": 106,
  "104": 102,
  "105": 0,
  "106": 0,
  "107": 0
}
[2018-02-07T00:04:12.294] [DEBUG] EMR103 - Got outbreak response
[2018-02-07T00:04:13.294] [DEBUG] VectorTimestamp - {
  "1": 0,
  "2": 0,
  "3": 0,
  "10": 0,
  "11": 253,
  "12": 0,
  "13": 0,
  "101": 0,
  "102": 0,
  "103": 107,
  "104": 102,
  "105": 0,
  "106": 0,
  "107": 0
}
[2018-02-07T00:04:13.294] [DEBUG] EMR103 - Sent outbreak request
[2018-02-07T00:04:13.295] [DEBUG] VectorTimestamp - {
  "1": 0,
  "2": 0,
  "3": 0,
  "10": 0,
  "11": 260,
  "12": 0,
  "13": 0,
  "101": 0,
  "102": 0,
  "103": 108,
  "104": 107,
  "105": 0,
  "106": 0,
  "107": 0
}
[2018-02-07T00:04:13.295] [DEBUG] EMR103 - Got outbreak response
[2018-02-07T00:04:13.461] [DEBUG] VectorTimestamp - {
  "1": 0,
  "2": 0,
  "3": 0,
  "10": 0,
  "11": 260,
  "12": 0,
  "13": 0,
  "101": 0,
  "102": 0,
  "103": 109,
  "104": 107,
  "105": 0,
  "106": 0,
  "107": 0
}
[2018-02-07T00:04:13.461] [DEBUG] EMR103 - Sent disease notification: Influenza (1)
[2018-02-07T00:04:14.294] [DEBUG] VectorTimestamp - {
  "1": 0,
  "2": 0,
  "3": 0,
  "10": 0,
  "11": 260,
  "12": 0,
  "13": 0,
  "101": 0,
  "102": 0,
  "103": 110,
  "104": 107,
  "105": 0,
  "106": 0,
  "107": 0
}
[2018-02-07T00:04:14.294] [DEBUG] EMR103 - Sent outbreak request
[2018-02-07T00:04:14.295] [DEBUG] VectorTimestamp - {
  "1": 0,
  "2": 0,
  "3": 0,
  "10": 0,
  "11": 269,
  "12": 0,
  "13": 0,
  "101": 0,
  "102": 0,
  "103": 111,
  "104": 112,
  "105": 0,
  "106": 0,
  "107": 0
}
[2018-02-07T00:04:14.295] [DEBUG] EMR103 - Got outbreak response
[2018-02-07T00:04:15.295] [DEBUG] VectorTimestamp - {
  "1": 0,
  "2": 0,
  "3": 0,
  "10": 0,
  "11": 269,
  "12": 0,
  "13": 0,
  "101": 0,
  "102": 0,
  "103": 112,
  "104": 112,
  "105": 0,
  "106": 0,
  "107": 0
}
[2018-02-07T00:04:15.295] [DEBUG] EMR103 - Sent outbreak request
[2018-02-07T00:04:15.296] [DEBUG] VectorTimestamp - {
  "1": 0,
  "2": 0,
  "3": 0,
  "10": 0,
  "11": 275,
  "12": 0,
  "13": 0,
  "101": 0,
  "102": 0,
  "103": 113,
  "104": 115,
  "105": 0,
  "106": 0,
  "107": 0
}
[2018-02-07T00:04:15.296] [DEBUG] EMR103 - Got outbreak response
[2018-02-07T00:04:15.366] [DEBUG] VectorTimestamp - {
  "1": 0,
  "2": 0,
  "3": 0,
  "10": 0,
  "11": 275,
  "12": 0,
  "13": 0,
  "101": 0,
  "102": 0,
  "103": 114,
  "104": 115,
  "105": 0,
  "106": 0,
  "107": 0
}
[2018-02-07T00:04:15.366] [DEBUG] EMR103 - Sent disease notification: Influenza (1)
[2018-02-07T00:04:16.296] [DEBUG] VectorTimestamp - {
  "1": 0,
  "2": 0,
  "3": 0,
  "10": 0,
  "11": 275,
  "12": 0,
  "13": 0,
  "101": 0,
  "102": 0,
  "103": 115,
  "104": 115,
  "105": 0,
  "106": 0,
  "107": 0
}
[2018-02-07T00:04:16.296] [DEBUG] EMR103 - Sent outbreak request
[2018-02-07T00:04:16.297] [DEBUG] VectorTimestamp - {
  "1": 0,
  "2": 0,
  "3": 0,
  "10": 0,
  "11": 283,
  "12": 0,
  "13": 0,
  "101": 0,
  "102": 0,
  "103": 116,
  "104": 119,
  "105": 0,
  "106": 0,
  "107": 0
}
[2018-02-07T00:04:16.297] [DEBUG] EMR103 - Got outbreak response
[2018-02-07T00:04:16.870] [DEBUG] VectorTimestamp - {
  "1": 0,
  "2": 0,
  "3": 0,
  "10": 0,
  "11": 283,
  "12": 0,
  "13": 0,
  "101": 0,
  "102": 0,
  "103": 117,
  "104": 119,
  "105": 0,
  "106": 0,
  "107": 0
}
[2018-02-07T00:04:16.870] [DEBUG] EMR103 - Sent disease notification: Influenza (1)
[2018-02-07T00:04:17.296] [DEBUG] VectorTimestamp - {
  "1": 0,
  "2": 0,
  "3": 0,
  "10": 0,
  "11": 283,
  "12": 0,
  "13": 0,
  "101": 0,
  "102": 0,
  "103": 118,
  "104": 119,
  "105": 0,
  "106": 0,
  "107": 0
}
[2018-02-07T00:04:17.296] [DEBUG] EMR103 - Sent outbreak request
[2018-02-07T00:04:17.297] [DEBUG] VectorTimestamp - {
  "1": 0,
  "2": 0,
  "3": 0,
  "10": 0,
  "11": 290,
  "12": 0,
  "13": 0,
  "101": 0,
  "102": 0,
  "103": 119,
  "104": 122,
  "105": 0,
  "106": 0,
  "107": 0
}
[2018-02-07T00:04:17.297] [DEBUG] EMR103 - Got outbreak response
[2018-02-07T00:04:18.297] [DEBUG] VectorTimestamp - {
  "1": 0,
  "2": 0,
  "3": 0,
  "10": 0,
  "11": 290,
  "12": 0,
  "13": 0,
  "101": 0,
  "102": 0,
  "103": 120,
  "104": 122,
  "105": 0,
  "106": 0,
  "107": 0
}
[2018-02-07T00:04:18.298] [DEBUG] EMR103 - Sent outbreak request
[2018-02-07T00:04:18.299] [DEBUG] VectorTimestamp - {
  "1": 0,
  "2": 0,
  "3": 0,
  "10": 0,
  "11": 297,
  "12": 0,
  "13": 0,
  "101": 0,
  "102": 0,
  "103": 121,
  "104": 126,
  "105": 0,
  "106": 0,
  "107": 0
}
[2018-02-07T00:04:18.299] [DEBUG] EMR103 - Got outbreak response
[2018-02-07T00:04:18.474] [DEBUG] VectorTimestamp - {
  "1": 0,
  "2": 0,
  "3": 0,
  "10": 0,
  "11": 297,
  "12": 0,
  "13": 0,
  "101": 0,
  "102": 0,
  "103": 122,
  "104": 126,
  "105": 0,
  "106": 0,
  "107": 0
}
[2018-02-07T00:04:18.474] [DEBUG] EMR103 - Sent disease notification: Influenza (1)
[2018-02-07T00:04:19.298] [DEBUG] VectorTimestamp - {
  "1": 0,
  "2": 0,
  "3": 0,
  "10": 0,
  "11": 297,
  "12": 0,
  "13": 0,
  "101": 0,
  "102": 0,
  "103": 123,
  "104": 126,
  "105": 0,
  "106": 0,
  "107": 0
}
[2018-02-07T00:04:19.298] [DEBUG] EMR103 - Sent outbreak request
[2018-02-07T00:04:19.299] [DEBUG] VectorTimestamp - {
  "1": 0,
  "2": 0,
  "3": 0,
  "10": 0,
  "11": 304,
  "12": 0,
  "13": 0,
  "101": 0,
  "102": 0,
  "103": 124,
  "104": 129,
  "105": 0,
  "106": 0,
  "107": 0
}
[2018-02-07T00:04:19.300] [DEBUG] EMR103 - Got outbreak response
[2018-02-07T00:04:19.878] [DEBUG] VectorTimestamp - {
  "1": 0,
  "2": 0,
  "3": 0,
  "10": 0,
  "11": 304,
  "12": 0,
  "13": 0,
  "101": 0,
  "102": 0,
  "103": 125,
  "104": 129,
  "105": 0,
  "106": 0,
  "107": 0
}
[2018-02-07T00:04:19.878] [DEBUG] EMR103 - Sent disease notification: Influenza (1)
[2018-02-07T00:04:20.299] [DEBUG] VectorTimestamp - {
  "1": 0,
  "2": 0,
  "3": 0,
  "10": 0,
  "11": 304,
  "12": 0,
  "13": 0,
  "101": 0,
  "102": 0,
  "103": 126,
  "104": 129,
  "105": 0,
  "106": 0,
  "107": 0
}
[2018-02-07T00:04:20.299] [DEBUG] EMR103 - Sent outbreak request
[2018-02-07T00:04:20.300] [DEBUG] VectorTimestamp - {
  "1": 290,
  "2": 0,
  "3": 0,
  "10": 310,
  "11": 312,
  "12": 310,
  "13": 191,
  "101": 119,
  "102": 138,
  "103": 127,
  "104": 132,
  "105": 128,
  "106": 128,
  "107": 138
}
[2018-02-07T00:04:20.300] [DEBUG] EMR103 - Got outbreak response
[2018-02-07T00:04:20.300] [INFO] EMR103 - Outbreaks: [
  {
    "time": "Wed Feb 07 2018 00:04:19 GMT-0700 (Mountain Standard Time)",
    "infections": 122,
    "type": 1,
    "name": "Influenza"
  }
]
[2018-02-07T00:04:21.081] [DEBUG] VectorTimestamp - {
  "1": 290,
  "2": 0,
  "3": 0,
  "10": 310,
  "11": 312,
  "12": 310,
  "13": 191,
  "101": 119,
  "102": 138,
  "103": 128,
  "104": 132,
  "105": 128,
  "106": 128,
  "107": 138
}
[2018-02-07T00:04:21.081] [DEBUG] EMR103 - Sent disease notification: Influenza (1)
[2018-02-07T00:04:21.182] [DEBUG] VectorTimestamp - {
  "1": 290,
  "2": 0,
  "3": 0,
  "10": 310,
  "11": 312,
  "12": 310,
  "13": 191,
  "101": 119,
  "102": 138,
  "103": 129,
  "104": 132,
  "105": 128,
  "106": 128,
  "107": 138
}
[2018-02-07T00:04:21.182] [DEBUG] EMR103 - Sent disease notification: Influenza (1)
[2018-02-07T00:04:21.300] [DEBUG] VectorTimestamp - {
  "1": 290,
  "2": 0,
  "3": 0,
  "10": 310,
  "11": 312,
  "12": 310,
  "13": 191,
  "101": 119,
  "102": 138,
  "103": 130,
  "104": 132,
  "105": 128,
  "106": 128,
  "107": 138
}
[2018-02-07T00:04:21.300] [DEBUG] EMR103 - Sent outbreak request
[2018-02-07T00:04:21.304] [DEBUG] VectorTimestamp - {
  "1": 300,
  "2": 0,
  "3": 0,
  "10": 324,
  "11": 320,
  "12": 317,
  "13": 196,
  "101": 125,
  "102": 144,
  "103": 131,
  "104": 133,
  "105": 131,
  "106": 130,
  "107": 141
}
[2018-02-07T00:04:21.304] [DEBUG] EMR103 - Got outbreak response
[2018-02-07T00:04:21.305] [INFO] EMR103 - Outbreaks: [
  {
    "time": "Wed Feb 07 2018 00:04:19 GMT-0700 (Mountain Standard Time)",
    "infections": 122,
    "type": 1,
    "name": "Influenza"
  },
  {
    "time": "Wed Feb 07 2018 00:04:21 GMT-0700 (Mountain Standard Time)",
    "infections": 121,
    "type": 1,
    "name": "Influenza"
  }
]
[2018-02-07T00:04:21.482] [DEBUG] VectorTimestamp - {
  "1": 300,
  "2": 0,
  "3": 0,
  "10": 324,
  "11": 320,
  "12": 317,
  "13": 196,
  "101": 125,
  "102": 144,
  "103": 132,
  "104": 133,
  "105": 131,
  "106": 130,
  "107": 141
}
[2018-02-07T00:04:21.482] [DEBUG] EMR103 - Sent disease notification: Influenza (1)
[2018-02-07T00:04:22.301] [DEBUG] VectorTimestamp - {
  "1": 300,
  "2": 0,
  "3": 0,
  "10": 324,
  "11": 320,
  "12": 317,
  "13": 196,
  "101": 125,
  "102": 144,
  "103": 133,
  "104": 133,
  "105": 131,
  "106": 130,
  "107": 141
}
[2018-02-07T00:04:22.301] [DEBUG] EMR103 - Sent outbreak request
[2018-02-07T00:04:22.302] [DEBUG] VectorTimestamp - {
  "1": 300,
  "2": 0,
  "3": 0,
  "10": 324,
  "11": 326,
  "12": 317,
  "13": 196,
  "101": 125,
  "102": 144,
  "103": 134,
  "104": 135,
  "105": 131,
  "106": 130,
  "107": 141
}
[2018-02-07T00:04:22.302] [DEBUG] EMR103 - Got outbreak response
[2018-02-07T00:04:22.302] [INFO] EMR103 - Outbreaks: [
  {
    "time": "Wed Feb 07 2018 00:04:19 GMT-0700 (Mountain Standard Time)",
    "infections": 122,
    "type": 1,
    "name": "Influenza"
  },
  {
    "time": "Wed Feb 07 2018 00:04:21 GMT-0700 (Mountain Standard Time)",
    "infections": 121,
    "type": 1,
    "name": "Influenza"
  }
]
[2018-02-07T00:04:23.287] [DEBUG] VectorTimestamp - {
  "1": 300,
  "2": 0,
  "3": 0,
  "10": 324,
  "11": 326,
  "12": 317,
  "13": 196,
  "101": 125,
  "102": 144,
  "103": 135,
  "104": 135,
  "105": 131,
  "106": 130,
  "107": 141
}
[2018-02-07T00:04:23.288] [DEBUG] EMR103 - Sent disease notification: Influenza (1)
[2018-02-07T00:04:23.301] [DEBUG] VectorTimestamp - {
  "1": 300,
  "2": 0,
  "3": 0,
  "10": 324,
  "11": 326,
  "12": 317,
  "13": 196,
  "101": 125,
  "102": 144,
  "103": 136,
  "104": 135,
  "105": 131,
  "106": 130,
  "107": 141
}
[2018-02-07T00:04:23.301] [DEBUG] EMR103 - Sent outbreak request
[2018-02-07T00:04:23.303] [DEBUG] VectorTimestamp - {
  "1": 300,
  "2": 0,
  "3": 0,
  "10": 324,
  "11": 332,
  "12": 317,
  "13": 196,
  "101": 125,
  "102": 144,
  "103": 137,
  "104": 137,
  "105": 131,
  "106": 130,
  "107": 141
}
[2018-02-07T00:04:23.303] [DEBUG] EMR103 - Got outbreak response
[2018-02-07T00:04:23.303] [INFO] EMR103 - Outbreaks: [
  {
    "time": "Wed Feb 07 2018 00:04:19 GMT-0700 (Mountain Standard Time)",
    "infections": 122,
    "type": 1,
    "name": "Influenza"
  },
  {
    "time": "Wed Feb 07 2018 00:04:21 GMT-0700 (Mountain Standard Time)",
    "infections": 121,
    "type": 1,
    "name": "Influenza"
  }
]
[2018-02-07T00:04:24.302] [DEBUG] VectorTimestamp - {
  "1": 300,
  "2": 0,
  "3": 0,
  "10": 324,
  "11": 332,
  "12": 317,
  "13": 196,
  "101": 125,
  "102": 144,
  "103": 138,
  "104": 137,
  "105": 131,
  "106": 130,
  "107": 141
}
[2018-02-07T00:04:24.302] [DEBUG] EMR103 - Sent outbreak request
[2018-02-07T00:04:24.303] [DEBUG] VectorTimestamp - {
  "1": 300,
  "2": 0,
  "3": 0,
  "10": 324,
  "11": 339,
  "12": 317,
  "13": 196,
  "101": 125,
  "102": 144,
  "103": 139,
  "104": 142,
  "105": 131,
  "106": 130,
  "107": 141
}
[2018-02-07T00:04:24.303] [DEBUG] EMR103 - Got outbreak response
[2018-02-07T00:04:24.303] [INFO] EMR103 - Outbreaks: [
  {
    "time": "Wed Feb 07 2018 00:04:19 GMT-0700 (Mountain Standard Time)",
    "infections": 122,
    "type": 1,
    "name": "Influenza"
  },
  {
    "time": "Wed Feb 07 2018 00:04:21 GMT-0700 (Mountain Standard Time)",
    "infections": 121,
    "type": 1,
    "name": "Influenza"
  }
]
[2018-02-07T00:04:24.491] [DEBUG] VectorTimestamp - {
  "1": 300,
  "2": 0,
  "3": 0,
  "10": 324,
  "11": 339,
  "12": 317,
  "13": 196,
  "101": 125,
  "102": 144,
  "103": 140,
  "104": 142,
  "105": 131,
  "106": 130,
  "107": 141
}
[2018-02-07T00:04:24.491] [DEBUG] EMR103 - Sent disease notification: Influenza (1)
[2018-02-07T00:04:25.302] [DEBUG] VectorTimestamp - {
  "1": 300,
  "2": 0,
  "3": 0,
  "10": 324,
  "11": 339,
  "12": 317,
  "13": 196,
  "101": 125,
  "102": 144,
  "103": 141,
  "104": 142,
  "105": 131,
  "106": 130,
  "107": 141
}
[2018-02-07T00:04:25.302] [DEBUG] EMR103 - Sent outbreak request
[2018-02-07T00:04:25.303] [DEBUG] VectorTimestamp - {
  "1": 300,
  "2": 0,
  "3": 0,
  "10": 324,
  "11": 346,
  "12": 317,
  "13": 196,
  "101": 125,
  "102": 144,
  "103": 142,
  "104": 145,
  "105": 131,
  "106": 130,
  "107": 141
}
[2018-02-07T00:04:25.303] [DEBUG] EMR103 - Got outbreak response
[2018-02-07T00:04:25.303] [INFO] EMR103 - Outbreaks: [
  {
    "time": "Wed Feb 07 2018 00:04:19 GMT-0700 (Mountain Standard Time)",
    "infections": 122,
    "type": 1,
    "name": "Influenza"
  },
  {
    "time": "Wed Feb 07 2018 00:04:21 GMT-0700 (Mountain Standard Time)",
    "infections": 121,
    "type": 1,
    "name": "Influenza"
  }
]
[2018-02-07T00:04:26.096] [DEBUG] VectorTimestamp - {
  "1": 300,
  "2": 0,
  "3": 0,
  "10": 324,
  "11": 346,
  "12": 317,
  "13": 196,
  "101": 125,
  "102": 144,
  "103": 143,
  "104": 145,
  "105": 131,
  "106": 130,
  "107": 141
}
[2018-02-07T00:04:26.096] [DEBUG] EMR103 - Sent disease notification: Influenza (1)
[2018-02-07T00:04:26.303] [DEBUG] VectorTimestamp - {
  "1": 300,
  "2": 0,
  "3": 0,
  "10": 324,
  "11": 346,
  "12": 317,
  "13": 196,
  "101": 125,
  "102": 144,
  "103": 144,
  "104": 145,
  "105": 131,
  "106": 130,
  "107": 141
}
[2018-02-07T00:04:26.303] [DEBUG] EMR103 - Sent outbreak request
[2018-02-07T00:04:26.304] [DEBUG] VectorTimestamp - {
  "1": 300,
  "2": 0,
  "3": 0,
  "10": 324,
  "11": 353,
  "12": 317,
  "13": 196,
  "101": 125,
  "102": 144,
  "103": 145,
  "104": 148,
  "105": 131,
  "106": 130,
  "107": 141
}
[2018-02-07T00:04:26.304] [DEBUG] EMR103 - Got outbreak response
[2018-02-07T00:04:26.304] [INFO] EMR103 - Outbreaks: [
  {
    "time": "Wed Feb 07 2018 00:04:19 GMT-0700 (Mountain Standard Time)",
    "infections": 122,
    "type": 1,
    "name": "Influenza"
  },
  {
    "time": "Wed Feb 07 2018 00:04:21 GMT-0700 (Mountain Standard Time)",
    "infections": 121,
    "type": 1,
    "name": "Influenza"
  }
]
[2018-02-07T00:04:26.395] [DEBUG] VectorTimestamp - {
  "1": 300,
  "2": 0,
  "3": 0,
  "10": 324,
  "11": 353,
  "12": 317,
  "13": 196,
  "101": 125,
  "102": 144,
  "103": 146,
  "104": 148,
  "105": 131,
  "106": 130,
  "107": 141
}
[2018-02-07T00:04:26.395] [DEBUG] EMR103 - Sent disease notification: Influenza (1)
[2018-02-07T00:04:27.305] [DEBUG] VectorTimestamp - {
  "1": 300,
  "2": 0,
  "3": 0,
  "10": 324,
  "11": 353,
  "12": 317,
  "13": 196,
  "101": 125,
  "102": 144,
  "103": 147,
  "104": 148,
  "105": 131,
  "106": 130,
  "107": 141
}
[2018-02-07T00:04:27.305] [DEBUG] EMR103 - Sent outbreak request
[2018-02-07T00:04:27.307] [DEBUG] VectorTimestamp - {
  "1": 300,
  "2": 0,
  "3": 0,
  "10": 324,
  "11": 360,
  "12": 317,
  "13": 196,
  "101": 125,
  "102": 144,
  "103": 148,
  "104": 151,
  "105": 131,
  "106": 130,
  "107": 141
}
[2018-02-07T00:04:27.307] [DEBUG] EMR103 - Got outbreak response
[2018-02-07T00:04:27.307] [INFO] EMR103 - Outbreaks: [
  {
    "time": "Wed Feb 07 2018 00:04:19 GMT-0700 (Mountain Standard Time)",
    "infections": 122,
    "type": 1,
    "name": "Influenza"
  },
  {
    "time": "Wed Feb 07 2018 00:04:21 GMT-0700 (Mountain Standard Time)",
    "infections": 121,
    "type": 1,
    "name": "Influenza"
  }
]
[2018-02-07T00:04:28.002] [DEBUG] VectorTimestamp - {
  "1": 300,
  "2": 0,
  "3": 0,
  "10": 324,
  "11": 360,
  "12": 317,
  "13": 196,
  "101": 125,
  "102": 144,
  "103": 149,
  "104": 151,
  "105": 131,
  "106": 130,
  "107": 141
}
[2018-02-07T00:04:28.002] [DEBUG] EMR103 - Sent disease notification: Influenza (1)
[2018-02-07T00:04:28.305] [DEBUG] VectorTimestamp - {
  "1": 300,
  "2": 0,
  "3": 0,
  "10": 324,
  "11": 360,
  "12": 317,
  "13": 196,
  "101": 125,
  "102": 144,
  "103": 150,
  "104": 151,
  "105": 131,
  "106": 130,
  "107": 141
}
[2018-02-07T00:04:28.305] [DEBUG] EMR103 - Sent outbreak request
[2018-02-07T00:04:28.306] [DEBUG] VectorTimestamp - {
  "1": 300,
  "2": 0,
  "3": 0,
  "10": 324,
  "11": 367,
  "12": 317,
  "13": 196,
  "101": 125,
  "102": 144,
  "103": 151,
  "104": 154,
  "105": 131,
  "106": 130,
  "107": 141
}
[2018-02-07T00:04:28.306] [DEBUG] EMR103 - Got outbreak response
[2018-02-07T00:04:28.306] [INFO] EMR103 - Outbreaks: [
  {
    "time": "Wed Feb 07 2018 00:04:19 GMT-0700 (Mountain Standard Time)",
    "infections": 122,
    "type": 1,
    "name": "Influenza"
  },
  {
    "time": "Wed Feb 07 2018 00:04:21 GMT-0700 (Mountain Standard Time)",
    "infections": 121,
    "type": 1,
    "name": "Influenza"
  }
]
[2018-02-07T00:04:29.306] [DEBUG] VectorTimestamp - {
  "1": 300,
  "2": 0,
  "3": 0,
  "10": 324,
  "11": 367,
  "12": 317,
  "13": 196,
  "101": 125,
  "102": 144,
  "103": 152,
  "104": 154,
  "105": 131,
  "106": 130,
  "107": 141
}
[2018-02-07T00:04:29.306] [DEBUG] EMR103 - Sent outbreak request
[2018-02-07T00:04:29.307] [DEBUG] VectorTimestamp - {
  "1": 300,
  "2": 0,
  "3": 0,
  "10": 324,
  "11": 373,
  "12": 317,
  "13": 196,
  "101": 125,
  "102": 144,
  "103": 153,
  "104": 157,
  "105": 131,
  "106": 130,
  "107": 141
}
[2018-02-07T00:04:29.307] [DEBUG] EMR103 - Got outbreak response
[2018-02-07T00:04:29.307] [INFO] EMR103 - Outbreaks: [
  {
    "time": "Wed Feb 07 2018 00:04:19 GMT-0700 (Mountain Standard Time)",
    "infections": 122,
    "type": 1,
    "name": "Influenza"
  },
  {
    "time": "Wed Feb 07 2018 00:04:21 GMT-0700 (Mountain Standard Time)",
    "infections": 121,
    "type": 1,
    "name": "Influenza"
  }
]
[2018-02-07T00:04:30.307] [DEBUG] VectorTimestamp - {
  "1": 300,
  "2": 0,
  "3": 0,
  "10": 324,
  "11": 373,
  "12": 317,
  "13": 196,
  "101": 125,
  "102": 144,
  "103": 154,
  "104": 157,
  "105": 131,
  "106": 130,
  "107": 141
}
[2018-02-07T00:04:30.307] [DEBUG] EMR103 - Sent outbreak request
[2018-02-07T00:04:30.308] [DEBUG] VectorTimestamp - {
  "1": 300,
  "2": 0,
  "3": 0,
  "10": 324,
  "11": 378,
  "12": 317,
  "13": 196,
  "101": 125,
  "102": 144,
  "103": 155,
  "104": 158,
  "105": 131,
  "106": 130,
  "107": 141
}
[2018-02-07T00:04:30.308] [DEBUG] EMR103 - Got outbreak response
[2018-02-07T00:04:30.308] [INFO] EMR103 - Outbreaks: [
  {
    "time": "Wed Feb 07 2018 00:04:19 GMT-0700 (Mountain Standard Time)",
    "infections": 122,
    "type": 1,
    "name": "Influenza"
  },
  {
    "time": "Wed Feb 07 2018 00:04:21 GMT-0700 (Mountain Standard Time)",
    "infections": 121,
    "type": 1,
    "name": "Influenza"
  }
]
[2018-02-07T00:04:31.308] [DEBUG] VectorTimestamp - {
  "1": 300,
  "2": 0,
  "3": 0,
  "10": 324,
  "11": 378,
  "12": 317,
  "13": 196,
  "101": 125,
  "102": 144,
  "103": 156,
  "104": 158,
  "105": 131,
  "106": 130,
  "107": 141
}
[2018-02-07T00:04:31.308] [DEBUG] EMR103 - Sent outbreak request
[2018-02-07T00:04:31.309] [DEBUG] VectorTimestamp - {
  "1": 300,
  "2": 0,
  "3": 0,
  "10": 324,
  "11": 383,
  "12": 317,
  "13": 196,
  "101": 125,
  "102": 144,
  "103": 157,
  "104": 160,
  "105": 131,
  "106": 130,
  "107": 141
}
[2018-02-07T00:04:31.309] [DEBUG] EMR103 - Got outbreak response
[2018-02-07T00:04:31.309] [INFO] EMR103 - Outbreaks: [
  {
    "time": "Wed Feb 07 2018 00:04:19 GMT-0700 (Mountain Standard Time)",
    "infections": 122,
    "type": 1,
    "name": "Influenza"
  },
  {
    "time": "Wed Feb 07 2018 00:04:21 GMT-0700 (Mountain Standard Time)",
    "infections": 121,
    "type": 1,
    "name": "Influenza"
  }
]
[2018-02-07T00:04:32.309] [DEBUG] VectorTimestamp - {
  "1": 300,
  "2": 0,
  "3": 0,
  "10": 324,
  "11": 383,
  "12": 317,
  "13": 196,
  "101": 125,
  "102": 144,
  "103": 158,
  "104": 160,
  "105": 131,
  "106": 130,
  "107": 141
}
[2018-02-07T00:04:32.309] [DEBUG] EMR103 - Sent outbreak request
[2018-02-07T00:04:32.310] [DEBUG] VectorTimestamp - {
  "1": 300,
  "2": 0,
  "3": 0,
  "10": 324,
  "11": 388,
  "12": 317,
  "13": 196,
  "101": 125,
  "102": 144,
  "103": 159,
  "104": 162,
  "105": 131,
  "106": 130,
  "107": 141
}
[2018-02-07T00:04:32.310] [DEBUG] EMR103 - Got outbreak response
[2018-02-07T00:04:32.310] [INFO] EMR103 - Outbreaks: [
  {
    "time": "Wed Feb 07 2018 00:04:19 GMT-0700 (Mountain Standard Time)",
    "infections": 122,
    "type": 1,
    "name": "Influenza"
  },
  {
    "time": "Wed Feb 07 2018 00:04:21 GMT-0700 (Mountain Standard Time)",
    "infections": 121,
    "type": 1,
    "name": "Influenza"
  }
]
[2018-02-07T00:04:32.312] [DEBUG] VectorTimestamp - {
  "1": 300,
  "2": 0,
  "3": 0,
  "10": 324,
  "11": 388,
  "12": 317,
  "13": 196,
  "101": 125,
  "102": 144,
  "103": 160,
  "104": 162,
  "105": 131,
  "106": 130,
  "107": 141
}
[2018-02-07T00:04:32.312] [DEBUG] EMR103 - Sent disease notification: Influenza (1)
[2018-02-07T00:04:32.813] [DEBUG] VectorTimestamp - {
  "1": 300,
  "2": 0,
  "3": 0,
  "10": 324,
  "11": 388,
  "12": 317,
  "13": 196,
  "101": 125,
  "102": 144,
  "103": 161,
  "104": 162,
  "105": 131,
  "106": 130,
  "107": 141
}
[2018-02-07T00:04:32.813] [DEBUG] EMR103 - Sent disease notification: Influenza (1)
[2018-02-07T00:04:33.310] [DEBUG] VectorTimestamp - {
  "1": 300,
  "2": 0,
  "3": 0,
  "10": 324,
  "11": 388,
  "12": 317,
  "13": 196,
  "101": 125,
  "102": 144,
  "103": 162,
  "104": 162,
  "105": 131,
  "106": 130,
  "107": 141
}
[2018-02-07T00:04:33.310] [DEBUG] EMR103 - Sent outbreak request
[2018-02-07T00:04:33.316] [DEBUG] VectorTimestamp - {
  "1": 300,
  "2": 0,
  "3": 0,
  "10": 324,
  "11": 398,
  "12": 317,
  "13": 196,
  "101": 125,
  "102": 144,
  "103": 163,
  "104": 168,
  "105": 131,
  "106": 130,
  "107": 141
}
[2018-02-07T00:04:33.316] [DEBUG] EMR103 - Got outbreak response
[2018-02-07T00:04:33.316] [INFO] EMR103 - Outbreaks: [
  {
    "time": "Wed Feb 07 2018 00:04:19 GMT-0700 (Mountain Standard Time)",
    "infections": 122,
    "type": 1,
    "name": "Influenza"
  },
  {
    "time": "Wed Feb 07 2018 00:04:21 GMT-0700 (Mountain Standard Time)",
    "infections": 121,
    "type": 1,
    "name": "Influenza"
  }
]
[2018-02-07T00:04:34.311] [DEBUG] VectorTimestamp - {
  "1": 300,
  "2": 0,
  "3": 0,
  "10": 324,
  "11": 398,
  "12": 317,
  "13": 196,
  "101": 125,
  "102": 144,
  "103": 164,
  "104": 168,
  "105": 131,
  "106": 130,
  "107": 141
}
[2018-02-07T00:04:34.311] [DEBUG] EMR103 - Sent outbreak request
[2018-02-07T00:04:34.312] [DEBUG] VectorTimestamp - {
  "1": 300,
  "2": 0,
  "3": 0,
  "10": 324,
  "11": 403,
  "12": 317,
  "13": 196,
  "101": 125,
  "102": 144,
  "103": 165,
  "104": 169,
  "105": 131,
  "106": 130,
  "107": 141
}
[2018-02-07T00:04:34.312] [DEBUG] EMR103 - Got outbreak response
[2018-02-07T00:04:34.312] [INFO] EMR103 - Outbreaks: [
  {
    "time": "Wed Feb 07 2018 00:04:19 GMT-0700 (Mountain Standard Time)",
    "infections": 122,
    "type": 1,
    "name": "Influenza"
  },
  {
    "time": "Wed Feb 07 2018 00:04:21 GMT-0700 (Mountain Standard Time)",
    "infections": 121,
    "type": 1,
    "name": "Influenza"
  }
]
[2018-02-07T00:04:35.312] [DEBUG] VectorTimestamp - {
  "1": 300,
  "2": 0,
  "3": 0,
  "10": 324,
  "11": 403,
  "12": 317,
  "13": 196,
  "101": 125,
  "102": 144,
  "103": 166,
  "104": 169,
  "105": 131,
  "106": 130,
  "107": 141
}
[2018-02-07T00:04:35.312] [DEBUG] EMR103 - Sent outbreak request
[2018-02-07T00:04:35.313] [DEBUG] VectorTimestamp - {
  "1": 300,
  "2": 0,
  "3": 0,
  "10": 324,
  "11": 408,
  "12": 317,
  "13": 196,
  "101": 125,
  "102": 144,
  "103": 167,
  "104": 171,
  "105": 131,
  "106": 130,
  "107": 141
}
[2018-02-07T00:04:35.313] [DEBUG] EMR103 - Got outbreak response
[2018-02-07T00:04:35.313] [INFO] EMR103 - Outbreaks: [
  {
    "time": "Wed Feb 07 2018 00:04:19 GMT-0700 (Mountain Standard Time)",
    "infections": 122,
    "type": 1,
    "name": "Influenza"
  },
  {
    "time": "Wed Feb 07 2018 00:04:21 GMT-0700 (Mountain Standard Time)",
    "infections": 121,
    "type": 1,
    "name": "Influenza"
  }
]
[2018-02-07T00:04:35.520] [DEBUG] VectorTimestamp - {
  "1": 300,
  "2": 0,
  "3": 0,
  "10": 324,
  "11": 408,
  "12": 317,
  "13": 196,
  "101": 125,
  "102": 144,
  "103": 168,
  "104": 171,
  "105": 131,
  "106": 130,
  "107": 141
}
[2018-02-07T00:04:35.520] [DEBUG] EMR103 - Sent disease notification: Influenza (1)
[2018-02-07T00:04:36.313] [DEBUG] VectorTimestamp - {
  "1": 300,
  "2": 0,
  "3": 0,
  "10": 324,
  "11": 408,
  "12": 317,
  "13": 196,
  "101": 125,
  "102": 144,
  "103": 169,
  "104": 171,
  "105": 131,
  "106": 130,
  "107": 141
}
[2018-02-07T00:04:36.313] [DEBUG] EMR103 - Sent outbreak request
[2018-02-07T00:04:36.314] [DEBUG] VectorTimestamp - {
  "1": 300,
  "2": 0,
  "3": 0,
  "10": 324,
  "11": 415,
  "12": 317,
  "13": 196,
  "101": 125,
  "102": 144,
  "103": 170,
  "104": 175,
  "105": 131,
  "106": 130,
  "107": 141
}
[2018-02-07T00:04:36.314] [DEBUG] EMR103 - Got outbreak response
[2018-02-07T00:04:36.314] [INFO] EMR103 - Outbreaks: [
  {
    "time": "Wed Feb 07 2018 00:04:19 GMT-0700 (Mountain Standard Time)",
    "infections": 122,
    "type": 1,
    "name": "Influenza"
  },
  {
    "time": "Wed Feb 07 2018 00:04:21 GMT-0700 (Mountain Standard Time)",
    "infections": 121,
    "type": 1,
    "name": "Influenza"
  }
]
[2018-02-07T00:04:36.722] [DEBUG] VectorTimestamp - {
  "1": 300,
  "2": 0,
  "3": 0,
  "10": 324,
  "11": 415,
  "12": 317,
  "13": 196,
  "101": 125,
  "102": 144,
  "103": 171,
  "104": 175,
  "105": 131,
  "106": 130,
  "107": 141
}
[2018-02-07T00:04:36.722] [DEBUG] EMR103 - Sent disease notification: Influenza (1)
[2018-02-07T00:04:37.314] [DEBUG] VectorTimestamp - {
  "1": 300,
  "2": 0,
  "3": 0,
  "10": 324,
  "11": 415,
  "12": 317,
  "13": 196,
  "101": 125,
  "102": 144,
  "103": 172,
  "104": 175,
  "105": 131,
  "106": 130,
  "107": 141
}
[2018-02-07T00:04:37.314] [DEBUG] EMR103 - Sent outbreak request
[2018-02-07T00:04:37.315] [DEBUG] VectorTimestamp - {
  "1": 300,
  "2": 0,
  "3": 0,
  "10": 324,
  "11": 421,
  "12": 317,
  "13": 196,
  "101": 125,
  "102": 144,
  "103": 173,
  "104": 176,
  "105": 131,
  "106": 130,
  "107": 141
}
[2018-02-07T00:04:37.315] [DEBUG] EMR103 - Got outbreak response
[2018-02-07T00:04:37.315] [INFO] EMR103 - Outbreaks: [
  {
    "time": "Wed Feb 07 2018 00:04:19 GMT-0700 (Mountain Standard Time)",
    "infections": 122,
    "type": 1,
    "name": "Influenza"
  },
  {
    "time": "Wed Feb 07 2018 00:04:21 GMT-0700 (Mountain Standard Time)",
    "infections": 121,
    "type": 1,
    "name": "Influenza"
  }
]
[2018-02-07T00:04:38.315] [DEBUG] VectorTimestamp - {
  "1": 300,
  "2": 0,
  "3": 0,
  "10": 324,
  "11": 421,
  "12": 317,
  "13": 196,
  "101": 125,
  "102": 144,
  "103": 174,
  "104": 176,
  "105": 131,
  "106": 130,
  "107": 141
}
[2018-02-07T00:04:38.315] [DEBUG] EMR103 - Sent outbreak request
[2018-02-07T00:04:38.316] [DEBUG] VectorTimestamp - {
  "1": 300,
  "2": 0,
  "3": 0,
  "10": 324,
  "11": 426,
  "12": 317,
  "13": 196,
  "101": 125,
  "102": 144,
  "103": 175,
  "104": 178,
  "105": 131,
  "106": 130,
  "107": 141
}
[2018-02-07T00:04:38.316] [DEBUG] EMR103 - Got outbreak response
[2018-02-07T00:04:38.316] [INFO] EMR103 - Outbreaks: [
  {
    "time": "Wed Feb 07 2018 00:04:19 GMT-0700 (Mountain Standard Time)",
    "infections": 122,
    "type": 1,
    "name": "Influenza"
  },
  {
    "time": "Wed Feb 07 2018 00:04:21 GMT-0700 (Mountain Standard Time)",
    "infections": 121,
    "type": 1,
    "name": "Influenza"
  }
]
[2018-02-07T00:04:39.316] [DEBUG] VectorTimestamp - {
  "1": 300,
  "2": 0,
  "3": 0,
  "10": 324,
  "11": 426,
  "12": 317,
  "13": 196,
  "101": 125,
  "102": 144,
  "103": 176,
  "104": 178,
  "105": 131,
  "106": 130,
  "107": 141
}
[2018-02-07T00:04:39.316] [DEBUG] EMR103 - Sent outbreak request
[2018-02-07T00:04:39.317] [DEBUG] VectorTimestamp - {
  "1": 300,
  "2": 0,
  "3": 0,
  "10": 324,
  "11": 432,
  "12": 317,
  "13": 196,
  "101": 125,
  "102": 144,
  "103": 177,
  "104": 182,
  "105": 131,
  "106": 130,
  "107": 141
}
[2018-02-07T00:04:39.317] [DEBUG] EMR103 - Got outbreak response
[2018-02-07T00:04:39.317] [INFO] EMR103 - Outbreaks: [
  {
    "time": "Wed Feb 07 2018 00:04:19 GMT-0700 (Mountain Standard Time)",
    "infections": 122,
    "type": 1,
    "name": "Influenza"
  },
  {
    "time": "Wed Feb 07 2018 00:04:21 GMT-0700 (Mountain Standard Time)",
    "infections": 121,
    "type": 1,
    "name": "Influenza"
  }
]
[2018-02-07T00:04:40.317] [DEBUG] VectorTimestamp - {
  "1": 300,
  "2": 0,
  "3": 0,
  "10": 324,
  "11": 432,
  "12": 317,
  "13": 196,
  "101": 125,
  "102": 144,
  "103": 178,
  "104": 182,
  "105": 131,
  "106": 130,
  "107": 141
}
[2018-02-07T00:04:40.317] [DEBUG] EMR103 - Sent outbreak request
[2018-02-07T00:04:40.318] [DEBUG] VectorTimestamp - {
  "1": 412,
  "2": 0,
  "3": 0,
  "10": 438,
  "11": 438,
  "12": 428,
  "13": 263,
  "101": 176,
  "102": 187,
  "103": 179,
  "104": 183,
  "105": 177,
  "106": 177,
  "107": 189
}
[2018-02-07T00:04:40.318] [DEBUG] EMR103 - Got outbreak response
[2018-02-07T00:04:40.318] [INFO] EMR103 - Outbreaks: [
  {
    "time": "Wed Feb 07 2018 00:04:19 GMT-0700 (Mountain Standard Time)",
    "infections": 122,
    "type": 1,
    "name": "Influenza"
  },
  {
    "time": "Wed Feb 07 2018 00:04:21 GMT-0700 (Mountain Standard Time)",
    "infections": 121,
    "type": 1,
    "name": "Influenza"
  },
  {
    "time": "Wed Feb 07 2018 00:04:39 GMT-0700 (Mountain Standard Time)",
    "infections": 121,
    "type": 1,
    "name": "Influenza"
  }
]
[2018-02-07T00:04:41.318] [DEBUG] VectorTimestamp - {
  "1": 412,
  "2": 0,
  "3": 0,
  "10": 438,
  "11": 438,
  "12": 428,
  "13": 263,
  "101": 176,
  "102": 187,
  "103": 180,
  "104": 183,
  "105": 177,
  "106": 177,
  "107": 189
}
[2018-02-07T00:04:41.318] [DEBUG] EMR103 - Sent outbreak request
[2018-02-07T00:04:41.319] [DEBUG] VectorTimestamp - {
  "1": 412,
  "2": 0,
  "3": 0,
  "10": 438,
  "11": 445,
  "12": 428,
  "13": 263,
  "101": 176,
  "102": 187,
  "103": 181,
  "104": 188,
  "105": 177,
  "106": 177,
  "107": 189
}
[2018-02-07T00:04:41.319] [DEBUG] EMR103 - Got outbreak response
[2018-02-07T00:04:41.319] [INFO] EMR103 - Outbreaks: [
  {
    "time": "Wed Feb 07 2018 00:04:19 GMT-0700 (Mountain Standard Time)",
    "infections": 122,
    "type": 1,
    "name": "Influenza"
  },
  {
    "time": "Wed Feb 07 2018 00:04:21 GMT-0700 (Mountain Standard Time)",
    "infections": 121,
    "type": 1,
    "name": "Influenza"
  },
  {
    "time": "Wed Feb 07 2018 00:04:39 GMT-0700 (Mountain Standard Time)",
    "infections": 121,
    "type": 1,
    "name": "Influenza"
  }
]
[2018-02-07T00:04:42.319] [DEBUG] VectorTimestamp - {
  "1": 412,
  "2": 0,
  "3": 0,
  "10": 438,
  "11": 445,
  "12": 428,
  "13": 263,
  "101": 176,
  "102": 187,
  "103": 182,
  "104": 188,
  "105": 177,
  "106": 177,
  "107": 189
}
[2018-02-07T00:04:42.319] [DEBUG] EMR103 - Sent outbreak request
[2018-02-07T00:04:42.320] [DEBUG] VectorTimestamp - {
  "1": 412,
  "2": 0,
  "3": 0,
  "10": 438,
  "11": 450,
  "12": 428,
  "13": 263,
  "101": 176,
  "102": 187,
  "103": 183,
  "104": 189,
  "105": 177,
  "106": 177,
  "107": 189
}
[2018-02-07T00:04:42.320] [DEBUG] EMR103 - Got outbreak response
[2018-02-07T00:04:42.320] [INFO] EMR103 - Outbreaks: [
  {
    "time": "Wed Feb 07 2018 00:04:19 GMT-0700 (Mountain Standard Time)",
    "infections": 122,
    "type": 1,
    "name": "Influenza"
  },
  {
    "time": "Wed Feb 07 2018 00:04:21 GMT-0700 (Mountain Standard Time)",
    "infections": 121,
    "type": 1,
    "name": "Influenza"
  },
  {
    "time": "Wed Feb 07 2018 00:04:39 GMT-0700 (Mountain Standard Time)",
    "infections": 121,
    "type": 1,
    "name": "Influenza"
  }
]
[2018-02-07T00:04:43.319] [DEBUG] VectorTimestamp - {
  "1": 412,
  "2": 0,
  "3": 0,
  "10": 438,
  "11": 450,
  "12": 428,
  "13": 263,
  "101": 176,
  "102": 187,
  "103": 184,
  "104": 189,
  "105": 177,
  "106": 177,
  "107": 189
}
[2018-02-07T00:04:43.319] [DEBUG] EMR103 - Sent outbreak request
[2018-02-07T00:04:43.320] [DEBUG] VectorTimestamp - {
  "1": 412,
  "2": 0,
  "3": 0,
  "10": 438,
  "11": 456,
  "12": 428,
  "13": 263,
  "101": 176,
  "102": 187,
  "103": 185,
  "104": 193,
  "105": 177,
  "106": 177,
  "107": 189
}
[2018-02-07T00:04:43.320] [DEBUG] EMR103 - Got outbreak response
[2018-02-07T00:04:43.321] [INFO] EMR103 - Outbreaks: [
  {
    "time": "Wed Feb 07 2018 00:04:19 GMT-0700 (Mountain Standard Time)",
    "infections": 122,
    "type": 1,
    "name": "Influenza"
  },
  {
    "time": "Wed Feb 07 2018 00:04:21 GMT-0700 (Mountain Standard Time)",
    "infections": 121,
    "type": 1,
    "name": "Influenza"
  },
  {
    "time": "Wed Feb 07 2018 00:04:39 GMT-0700 (Mountain Standard Time)",
    "infections": 121,
    "type": 1,
    "name": "Influenza"
  }
]
[2018-02-07T00:04:44.320] [DEBUG] VectorTimestamp - {
  "1": 412,
  "2": 0,
  "3": 0,
  "10": 438,
  "11": 456,
  "12": 428,
  "13": 263,
  "101": 176,
  "102": 187,
  "103": 186,
  "104": 193,
  "105": 177,
  "106": 177,
  "107": 189
}
[2018-02-07T00:04:44.320] [DEBUG] EMR103 - Sent outbreak request
[2018-02-07T00:04:44.321] [DEBUG] VectorTimestamp - {
  "1": 412,
  "2": 0,
  "3": 0,
  "10": 438,
  "11": 462,
  "12": 428,
  "13": 263,
  "101": 176,
  "102": 187,
  "103": 187,
  "104": 196,
  "105": 177,
  "106": 177,
  "107": 189
}
[2018-02-07T00:04:44.321] [DEBUG] EMR103 - Got outbreak response
[2018-02-07T00:04:44.321] [INFO] EMR103 - Outbreaks: [
  {
    "time": "Wed Feb 07 2018 00:04:21 GMT-0700 (Mountain Standard Time)",
    "infections": 121,
    "type": 1,
    "name": "Influenza"
  },
  {
    "time": "Wed Feb 07 2018 00:04:39 GMT-0700 (Mountain Standard Time)",
    "infections": 121,
    "type": 1,
    "name": "Influenza"
  }
]
[2018-02-07T00:04:45.321] [DEBUG] VectorTimestamp - {
  "1": 412,
  "2": 0,
  "3": 0,
  "10": 438,
  "11": 462,
  "12": 428,
  "13": 263,
  "101": 176,
  "102": 187,
  "103": 188,
  "104": 196,
  "105": 177,
  "106": 177,
  "107": 189
}
[2018-02-07T00:04:45.321] [DEBUG] EMR103 - Sent outbreak request
[2018-02-07T00:04:45.322] [DEBUG] VectorTimestamp - {
  "1": 412,
  "2": 0,
  "3": 0,
  "10": 438,
  "11": 467,
  "12": 428,
  "13": 263,
  "101": 176,
  "102": 187,
  "103": 189,
  "104": 197,
  "105": 177,
  "106": 177,
  "107": 189
}
[2018-02-07T00:04:45.322] [DEBUG] EMR103 - Got outbreak response
[2018-02-07T00:04:45.322] [INFO] EMR103 - Outbreaks: [
  {
    "time": "Wed Feb 07 2018 00:04:39 GMT-0700 (Mountain Standard Time)",
    "infections": 121,
    "type": 1,
    "name": "Influenza"
  }
]
[2018-02-07T00:04:46.322] [DEBUG] VectorTimestamp - {
  "1": 412,
  "2": 0,
  "3": 0,
  "10": 438,
  "11": 467,
  "12": 428,
  "13": 263,
  "101": 176,
  "102": 187,
  "103": 190,
  "104": 197,
  "105": 177,
  "106": 177,
  "107": 189
}
[2018-02-07T00:04:46.322] [DEBUG] EMR103 - Sent outbreak request
[2018-02-07T00:04:46.323] [DEBUG] VectorTimestamp - {
  "1": 412,
  "2": 0,
  "3": 0,
  "10": 438,
  "11": 472,
  "12": 428,
  "13": 263,
  "101": 176,
  "102": 187,
  "103": 191,
  "104": 199,
  "105": 177,
  "106": 177,
  "107": 189
}
[2018-02-07T00:04:46.323] [DEBUG] EMR103 - Got outbreak response
[2018-02-07T00:04:46.323] [INFO] EMR103 - Outbreaks: [
  {
    "time": "Wed Feb 07 2018 00:04:39 GMT-0700 (Mountain Standard Time)",
    "infections": 121,
    "type": 1,
    "name": "Influenza"
  }
]
[2018-02-07T00:04:47.323] [DEBUG] VectorTimestamp - {
  "1": 412,
  "2": 0,
  "3": 0,
  "10": 438,
  "11": 472,
  "12": 428,
  "13": 263,
  "101": 176,
  "102": 187,
  "103": 192,
  "104": 199,
  "105": 177,
  "106": 177,
  "107": 189
}
[2018-02-07T00:04:47.323] [DEBUG] EMR103 - Sent outbreak request
[2018-02-07T00:04:47.324] [DEBUG] VectorTimestamp - {
  "1": 412,
  "2": 0,
  "3": 0,
  "10": 438,
  "11": 478,
  "12": 428,
  "13": 263,
  "101": 176,
  "102": 187,
  "103": 193,
  "104": 203,
  "105": 177,
  "106": 177,
  "107": 189
}
[2018-02-07T00:04:47.324] [DEBUG] EMR103 - Got outbreak response
[2018-02-07T00:04:47.324] [INFO] EMR103 - Outbreaks: [
  {
    "time": "Wed Feb 07 2018 00:04:39 GMT-0700 (Mountain Standard Time)",
    "infections": 121,
    "type": 1,
    "name": "Influenza"
  }
]
[2018-02-07T00:04:48.324] [DEBUG] VectorTimestamp - {
  "1": 412,
  "2": 0,
  "3": 0,
  "10": 438,
  "11": 478,
  "12": 428,
  "13": 263,
  "101": 176,
  "102": 187,
  "103": 194,
  "104": 203,
  "105": 177,
  "106": 177,
  "107": 189
}
[2018-02-07T00:04:48.324] [DEBUG] EMR103 - Sent outbreak request
[2018-02-07T00:04:48.325] [DEBUG] VectorTimestamp - {
  "1": 412,
  "2": 0,
  "3": 0,
  "10": 438,
  "11": 483,
  "12": 428,
  "13": 263,
  "101": 176,
  "102": 187,
  "103": 195,
  "104": 204,
  "105": 177,
  "106": 177,
  "107": 189
}
[2018-02-07T00:04:48.326] [DEBUG] EMR103 - Got outbreak response
[2018-02-07T00:04:48.326] [INFO] EMR103 - Outbreaks: [
  {
    "time": "Wed Feb 07 2018 00:04:39 GMT-0700 (Mountain Standard Time)",
    "infections": 121,
    "type": 1,
    "name": "Influenza"
  }
]
[2018-02-07T00:04:49.325] [DEBUG] VectorTimestamp - {
  "1": 412,
  "2": 0,
  "3": 0,
  "10": 438,
  "11": 483,
  "12": 428,
  "13": 263,
  "101": 176,
  "102": 187,
  "103": 196,
  "104": 204,
  "105": 177,
  "106": 177,
  "107": 189
}
[2018-02-07T00:04:49.325] [DEBUG] EMR103 - Sent outbreak request
[2018-02-07T00:04:49.326] [DEBUG] VectorTimestamp - {
  "1": 412,
  "2": 0,
  "3": 0,
  "10": 438,
  "11": 489,
  "12": 428,
  "13": 263,
  "101": 176,
  "102": 187,
  "103": 197,
  "104": 208,
  "105": 177,
  "106": 177,
  "107": 189
}
[2018-02-07T00:04:49.326] [DEBUG] EMR103 - Got outbreak response
[2018-02-07T00:04:49.326] [INFO] EMR103 - Outbreaks: [
  {
    "time": "Wed Feb 07 2018 00:04:39 GMT-0700 (Mountain Standard Time)",
    "infections": 121,
    "type": 1,
    "name": "Influenza"
  }
]
[2018-02-07T00:04:49.350] [DEBUG] VectorTimestamp - {
  "1": 412,
  "2": 0,
  "3": 0,
  "10": 438,
  "11": 489,
  "12": 428,
  "13": 263,
  "101": 176,
  "102": 187,
  "103": 198,
  "104": 208,
  "105": 177,
  "106": 177,
  "107": 189
}
[2018-02-07T00:04:49.350] [DEBUG] EMR103 - Sent disease notification: Influenza (1)
[2018-02-07T00:04:50.326] [DEBUG] VectorTimestamp - {
  "1": 412,
  "2": 0,
  "3": 0,
  "10": 438,
  "11": 489,
  "12": 428,
  "13": 263,
  "101": 176,
  "102": 187,
  "103": 199,
  "104": 208,
  "105": 177,
  "106": 177,
  "107": 189
}
[2018-02-07T00:04:50.326] [DEBUG] EMR103 - Sent outbreak request
[2018-02-07T00:04:50.327] [DEBUG] VectorTimestamp - {
  "1": 412,
  "2": 0,
  "3": 0,
  "10": 438,
  "11": 495,
  "12": 428,
  "13": 263,
  "101": 176,
  "102": 187,
  "103": 200,
  "104": 209,
  "105": 177,
  "106": 177,
  "107": 189
}
[2018-02-07T00:04:50.327] [DEBUG] EMR103 - Got outbreak response
[2018-02-07T00:04:50.327] [INFO] EMR103 - Outbreaks: [
  {
    "time": "Wed Feb 07 2018 00:04:39 GMT-0700 (Mountain Standard Time)",
    "infections": 121,
    "type": 1,
    "name": "Influenza"
  }
]
[2018-02-07T00:04:51.327] [DEBUG] VectorTimestamp - {
  "1": 412,
  "2": 0,
  "3": 0,
  "10": 438,
  "11": 495,
  "12": 428,
  "13": 263,
  "101": 176,
  "102": 187,
  "103": 201,
  "104": 209,
  "105": 177,
  "106": 177,
  "107": 189
}
[2018-02-07T00:04:51.327] [DEBUG] EMR103 - Sent outbreak request
[2018-02-07T00:04:51.328] [DEBUG] VectorTimestamp - {
  "1": 412,
  "2": 0,
  "3": 0,
  "10": 438,
  "11": 500,
  "12": 428,
  "13": 263,
  "101": 176,
  "102": 187,
  "103": 202,
  "104": 211,
  "105": 177,
  "106": 177,
  "107": 189
}
[2018-02-07T00:04:51.328] [DEBUG] EMR103 - Got outbreak response
[2018-02-07T00:04:51.328] [INFO] EMR103 - Outbreaks: [
  {
    "time": "Wed Feb 07 2018 00:04:39 GMT-0700 (Mountain Standard Time)",
    "infections": 121,
    "type": 1,
    "name": "Influenza"
  }
]
[2018-02-07T00:04:52.328] [DEBUG] VectorTimestamp - {
  "1": 412,
  "2": 0,
  "3": 0,
  "10": 438,
  "11": 500,
  "12": 428,
  "13": 263,
  "101": 176,
  "102": 187,
  "103": 203,
  "104": 211,
  "105": 177,
  "106": 177,
  "107": 189
}
[2018-02-07T00:04:52.328] [DEBUG] EMR103 - Sent outbreak request
[2018-02-07T00:04:52.329] [DEBUG] VectorTimestamp - {
  "1": 412,
  "2": 0,
  "3": 0,
  "10": 438,
  "11": 507,
  "12": 428,
  "13": 263,
  "101": 176,
  "102": 187,
  "103": 204,
  "104": 216,
  "105": 177,
  "106": 177,
  "107": 189
}
[2018-02-07T00:04:52.329] [DEBUG] EMR103 - Got outbreak response
[2018-02-07T00:04:52.329] [INFO] EMR103 - Outbreaks: [
  {
    "time": "Wed Feb 07 2018 00:04:39 GMT-0700 (Mountain Standard Time)",
    "infections": 121,
    "type": 1,
    "name": "Influenza"
  }
]
[2018-02-07T00:04:53.329] [DEBUG] VectorTimestamp - {
  "1": 412,
  "2": 0,
  "3": 0,
  "10": 438,
  "11": 507,
  "12": 428,
  "13": 263,
  "101": 176,
  "102": 187,
  "103": 205,
  "104": 216,
  "105": 177,
  "106": 177,
  "107": 189
}
[2018-02-07T00:04:53.329] [DEBUG] EMR103 - Sent outbreak request
[2018-02-07T00:04:53.330] [DEBUG] VectorTimestamp - {
  "1": 412,
  "2": 0,
  "3": 0,
  "10": 438,
  "11": 512,
  "12": 428,
  "13": 263,
  "101": 176,
  "102": 187,
  "103": 206,
  "104": 217,
  "105": 177,
  "106": 177,
  "107": 189
}
[2018-02-07T00:04:53.330] [DEBUG] EMR103 - Got outbreak response
[2018-02-07T00:04:53.330] [INFO] EMR103 - Outbreaks: [
  {
    "time": "Wed Feb 07 2018 00:04:39 GMT-0700 (Mountain Standard Time)",
    "infections": 121,
    "type": 1,
    "name": "Influenza"
  }
]
[2018-02-07T00:04:54.330] [DEBUG] VectorTimestamp - {
  "1": 412,
  "2": 0,
  "3": 0,
  "10": 438,
  "11": 512,
  "12": 428,
  "13": 263,
  "101": 176,
  "102": 187,
  "103": 207,
  "104": 217,
  "105": 177,
  "106": 177,
  "107": 189
}
[2018-02-07T00:04:54.330] [DEBUG] EMR103 - Sent outbreak request
[2018-02-07T00:04:54.331] [DEBUG] VectorTimestamp - {
  "1": 412,
  "2": 0,
  "3": 0,
  "10": 438,
  "11": 519,
  "12": 428,
  "13": 263,
  "101": 176,
  "102": 187,
  "103": 208,
  "104": 222,
  "105": 177,
  "106": 177,
  "107": 189
}
[2018-02-07T00:04:54.331] [DEBUG] EMR103 - Got outbreak response
[2018-02-07T00:04:54.331] [INFO] EMR103 - Outbreaks: [
  {
    "time": "Wed Feb 07 2018 00:04:39 GMT-0700 (Mountain Standard Time)",
    "infections": 121,
    "type": 1,
    "name": "Influenza"
  }
]
[2018-02-07T00:04:55.330] [DEBUG] VectorTimestamp - {
  "1": 412,
  "2": 0,
  "3": 0,
  "10": 438,
  "11": 519,
  "12": 428,
  "13": 263,
  "101": 176,
  "102": 187,
  "103": 209,
  "104": 222,
  "105": 177,
  "106": 177,
  "107": 189
}
[2018-02-07T00:04:55.330] [DEBUG] EMR103 - Sent outbreak request
[2018-02-07T00:04:55.331] [DEBUG] VectorTimestamp - {
  "1": 412,
  "2": 0,
  "3": 0,
  "10": 438,
  "11": 524,
  "12": 428,
  "13": 263,
  "101": 176,
  "102": 187,
  "103": 210,
  "104": 223,
  "105": 177,
  "106": 177,
  "107": 189
}
[2018-02-07T00:04:55.331] [DEBUG] EMR103 - Got outbreak response
[2018-02-07T00:04:55.331] [INFO] EMR103 - Outbreaks: [
  {
    "time": "Wed Feb 07 2018 00:04:39 GMT-0700 (Mountain Standard Time)",
    "infections": 121,
    "type": 1,
    "name": "Influenza"
  }
]
[2018-02-07T00:04:56.331] [DEBUG] VectorTimestamp - {
  "1": 412,
  "2": 0,
  "3": 0,
  "10": 438,
  "11": 524,
  "12": 428,
  "13": 263,
  "101": 176,
  "102": 187,
  "103": 211,
  "104": 223,
  "105": 177,
  "106": 177,
  "107": 189
}
[2018-02-07T00:04:56.331] [DEBUG] EMR103 - Sent outbreak request
[2018-02-07T00:04:56.332] [DEBUG] VectorTimestamp - {
  "1": 412,
  "2": 0,
  "3": 0,
  "10": 438,
  "11": 529,
  "12": 428,
  "13": 263,
  "101": 176,
  "102": 187,
  "103": 212,
  "104": 225,
  "105": 177,
  "106": 177,
  "107": 189
}
[2018-02-07T00:04:56.332] [DEBUG] EMR103 - Got outbreak response
[2018-02-07T00:04:56.332] [INFO] EMR103 - Outbreaks: [
  {
    "time": "Wed Feb 07 2018 00:04:39 GMT-0700 (Mountain Standard Time)",
    "infections": 121,
    "type": 1,
    "name": "Influenza"
  }
]
[2018-02-07T00:04:57.332] [DEBUG] VectorTimestamp - {
  "1": 412,
  "2": 0,
  "3": 0,
  "10": 438,
  "11": 529,
  "12": 428,
  "13": 263,
  "101": 176,
  "102": 187,
  "103": 213,
  "104": 225,
  "105": 177,
  "106": 177,
  "107": 189
}
[2018-02-07T00:04:57.332] [DEBUG] EMR103 - Sent outbreak request
[2018-02-07T00:04:57.334] [DEBUG] VectorTimestamp - {
  "1": 412,
  "2": 0,
  "3": 0,
  "10": 438,
  "11": 534,
  "12": 428,
  "13": 263,
  "101": 176,
  "102": 187,
  "103": 214,
  "104": 227,
  "105": 177,
  "106": 177,
  "107": 189
}
[2018-02-07T00:04:57.334] [DEBUG] EMR103 - Got outbreak response
[2018-02-07T00:04:57.334] [INFO] EMR103 - Outbreaks: [
  {
    "time": "Wed Feb 07 2018 00:04:39 GMT-0700 (Mountain Standard Time)",
    "infections": 121,
    "type": 1,
    "name": "Influenza"
  }
]
[2018-02-07T00:04:57.872] [DEBUG] VectorTimestamp - {
  "1": 412,
  "2": 0,
  "3": 0,
  "10": 438,
  "11": 534,
  "12": 428,
  "13": 263,
  "101": 176,
  "102": 187,
  "103": 215,
  "104": 227,
  "105": 177,
  "106": 177,
  "107": 189
}
[2018-02-07T00:04:57.872] [DEBUG] EMR103 - Sent disease notification: Influenza (1)
[2018-02-07T00:04:58.333] [DEBUG] VectorTimestamp - {
  "1": 412,
  "2": 0,
  "3": 0,
  "10": 438,
  "11": 534,
  "12": 428,
  "13": 263,
  "101": 176,
  "102": 187,
  "103": 216,
  "104": 227,
  "105": 177,
  "106": 177,
  "107": 189
}
[2018-02-07T00:04:58.334] [DEBUG] EMR103 - Sent outbreak request
[2018-02-07T00:04:58.335] [DEBUG] VectorTimestamp - {
  "1": 412,
  "2": 0,
  "3": 0,
  "10": 438,
  "11": 540,
  "12": 428,
  "13": 263,
  "101": 176,
  "102": 187,
  "103": 217,
  "104": 229,
  "105": 177,
  "106": 177,
  "107": 189
}
[2018-02-07T00:04:58.335] [DEBUG] EMR103 - Got outbreak response
[2018-02-07T00:04:58.335] [INFO] EMR103 - Outbreaks: [
  {
    "time": "Wed Feb 07 2018 00:04:39 GMT-0700 (Mountain Standard Time)",
    "infections": 121,
    "type": 1,
    "name": "Influenza"
  }
]
[2018-02-07T00:04:59.334] [DEBUG] VectorTimestamp - {
  "1": 412,
  "2": 0,
  "3": 0,
  "10": 438,
  "11": 540,
  "12": 428,
  "13": 263,
  "101": 176,
  "102": 187,
  "103": 218,
  "104": 229,
  "105": 177,
  "106": 177,
  "107": 189
}
[2018-02-07T00:04:59.334] [DEBUG] EMR103 - Sent outbreak request
[2018-02-07T00:04:59.335] [DEBUG] VectorTimestamp - {
  "1": 412,
  "2": 0,
  "3": 0,
  "10": 438,
  "11": 545,
  "12": 428,
  "13": 263,
  "101": 176,
  "102": 187,
  "103": 219,
  "104": 231,
  "105": 177,
  "106": 177,
  "107": 189
}
[2018-02-07T00:04:59.335] [DEBUG] EMR103 - Got outbreak response
[2018-02-07T00:04:59.335] [INFO] EMR103 - Outbreaks: [
  {
    "time": "Wed Feb 07 2018 00:04:39 GMT-0700 (Mountain Standard Time)",
    "infections": 121,
    "type": 1,
    "name": "Influenza"
  }
]
[2018-02-07T00:05:00.335] [DEBUG] VectorTimestamp - {
  "1": 412,
  "2": 0,
  "3": 0,
  "10": 438,
  "11": 545,
  "12": 428,
  "13": 263,
  "101": 176,
  "102": 187,
  "103": 220,
  "104": 231,
  "105": 177,
  "106": 177,
  "107": 189
}
[2018-02-07T00:05:00.335] [DEBUG] EMR103 - Sent outbreak request
[2018-02-07T00:05:00.336] [DEBUG] VectorTimestamp - {
  "1": 412,
  "2": 0,
  "3": 0,
  "10": 438,
  "11": 550,
  "12": 428,
  "13": 263,
  "101": 176,
  "102": 187,
  "103": 221,
  "104": 233,
  "105": 177,
  "106": 177,
  "107": 189
}
[2018-02-07T00:05:00.336] [DEBUG] EMR103 - Got outbreak response
[2018-02-07T00:05:00.336] [INFO] EMR103 - Outbreaks: [
  {
    "time": "Wed Feb 07 2018 00:04:39 GMT-0700 (Mountain Standard Time)",
    "infections": 121,
    "type": 1,
    "name": "Influenza"
  }
]
[2018-02-07T00:05:01.336] [DEBUG] VectorTimestamp - {
  "1": 412,
  "2": 0,
  "3": 0,
  "10": 438,
  "11": 550,
  "12": 428,
  "13": 263,
  "101": 176,
  "102": 187,
  "103": 222,
  "104": 233,
  "105": 177,
  "106": 177,
  "107": 189
}
[2018-02-07T00:05:01.336] [DEBUG] EMR103 - Sent outbreak request
[2018-02-07T00:05:01.337] [DEBUG] VectorTimestamp - {
  "1": 412,
  "2": 0,
  "3": 0,
  "10": 438,
  "11": 555,
  "12": 428,
  "13": 263,
  "101": 176,
  "102": 187,
  "103": 223,
  "104": 235,
  "105": 177,
  "106": 177,
  "107": 189
}
[2018-02-07T00:05:01.337] [DEBUG] EMR103 - Got outbreak response
[2018-02-07T00:05:01.337] [INFO] EMR103 - Outbreaks: [
  {
    "time": "Wed Feb 07 2018 00:04:39 GMT-0700 (Mountain Standard Time)",
    "infections": 121,
    "type": 1,
    "name": "Influenza"
  }
]
[2018-02-07T00:05:02.337] [DEBUG] VectorTimestamp - {
  "1": 412,
  "2": 0,
  "3": 0,
  "10": 438,
  "11": 555,
  "12": 428,
  "13": 263,
  "101": 176,
  "102": 187,
  "103": 224,
  "104": 235,
  "105": 177,
  "106": 177,
  "107": 189
}
[2018-02-07T00:05:02.337] [DEBUG] EMR103 - Sent outbreak request
[2018-02-07T00:05:02.338] [DEBUG] VectorTimestamp - {
  "1": 412,
  "2": 0,
  "3": 0,
  "10": 438,
  "11": 560,
  "12": 428,
  "13": 263,
  "101": 176,
  "102": 187,
  "103": 225,
  "104": 237,
  "105": 177,
  "106": 177,
  "107": 189
}
[2018-02-07T00:05:02.338] [DEBUG] EMR103 - Got outbreak response
[2018-02-07T00:05:02.338] [INFO] EMR103 - Outbreaks: [
  {
    "time": "Wed Feb 07 2018 00:04:39 GMT-0700 (Mountain Standard Time)",
    "infections": 121,
    "type": 1,
    "name": "Influenza"
  }
]
[2018-02-07T00:05:03.338] [DEBUG] VectorTimestamp - {
  "1": 412,
  "2": 0,
  "3": 0,
  "10": 438,
  "11": 560,
  "12": 428,
  "13": 263,
  "101": 176,
  "102": 187,
  "103": 226,
  "104": 237,
  "105": 177,
  "106": 177,
  "107": 189
}
[2018-02-07T00:05:03.342] [DEBUG] EMR103 - Sent outbreak request
[2018-02-07T00:05:03.343] [DEBUG] VectorTimestamp - {
  "1": 412,
  "2": 0,
  "3": 0,
  "10": 438,
  "11": 565,
  "12": 428,
  "13": 263,
  "101": 176,
  "102": 187,
  "103": 227,
  "104": 239,
  "105": 177,
  "106": 177,
  "107": 189
}
[2018-02-07T00:05:03.343] [DEBUG] EMR103 - Got outbreak response
[2018-02-07T00:05:03.343] [INFO] EMR103 - Outbreaks: [
  {
    "time": "Wed Feb 07 2018 00:04:39 GMT-0700 (Mountain Standard Time)",
    "infections": 121,
    "type": 1,
    "name": "Influenza"
  }
]
[2018-02-07T00:05:04.343] [DEBUG] VectorTimestamp - {
  "1": 412,
  "2": 0,
  "3": 0,
  "10": 438,
  "11": 565,
  "12": 428,
  "13": 263,
  "101": 176,
  "102": 187,
  "103": 228,
  "104": 239,
  "105": 177,
  "106": 177,
  "107": 189
}
[2018-02-07T00:05:04.343] [DEBUG] EMR103 - Sent outbreak request
[2018-02-07T00:05:04.344] [DEBUG] VectorTimestamp - {
  "1": 412,
  "2": 0,
  "3": 0,
  "10": 438,
  "11": 570,
  "12": 428,
  "13": 263,
  "101": 176,
  "102": 187,
  "103": 229,
  "104": 241,
  "105": 177,
  "106": 177,
  "107": 189
}
[2018-02-07T00:05:04.344] [DEBUG] EMR103 - Got outbreak response
[2018-02-07T00:05:05.344] [DEBUG] VectorTimestamp - {
  "1": 412,
  "2": 0,
  "3": 0,
  "10": 438,
  "11": 570,
  "12": 428,
  "13": 263,
  "101": 176,
  "102": 187,
  "103": 230,
  "104": 241,
  "105": 177,
  "106": 177,
  "107": 189
}
[2018-02-07T00:05:05.344] [DEBUG] EMR103 - Sent outbreak request
[2018-02-07T00:05:05.345] [DEBUG] VectorTimestamp - {
  "1": 412,
  "2": 0,
  "3": 0,
  "10": 438,
  "11": 575,
  "12": 428,
  "13": 263,
  "101": 176,
  "102": 187,
  "103": 231,
  "104": 243,
  "105": 177,
  "106": 177,
  "107": 189
}
[2018-02-07T00:05:05.345] [DEBUG] EMR103 - Got outbreak response
