[2018-02-06T20:53:52.911] [DEBUG] EMR106 - Got config: {
  "hds": {
    "id": 12,
    "notification": {
      "ip": "localhost",
      "port": 12104
    },
    "update": {
      "ip": "localhost",
      "port": 12105
    },
    "outbreakRouter": {
      "ip": "localhost",
      "port": 12112
    }
  },
  "processes": [
    {
      "id": 1,
      "ip": "localhost",
      "port": 12001,
      "disease": 1
    },
    {
      "id": 2,
      "ip": "localhost",
      "port": 12002,
      "disease": 2
    },
    {
      "id": 3,
      "ip": "localhost",
      "port": 12003,
      "disease": 3
    },
    {
      "id": 101,
      "hds": 10
    },
    {
      "id": 102,
      "hds": 10
    },
    {
      "id": 103,
      "hds": 11
    },
    {
      "id": 104,
      "hds": 11
    },
    {
      "id": 105,
      "hds": 12
    },
    {
      "id": 106,
      "hds": 12
    },
    {
      "id": 107,
      "hds": 13
    },
    {
      "id": 10,
      "notification": {
        "ip": "localhost",
        "port": 12100
      },
      "update": {
        "ip": "localhost",
        "port": 12101
      },
      "outbreakRouter": {
        "ip": "localhost",
        "port": 12110
      }
    },
    {
      "id": 11,
      "notification": {
        "ip": "localhost",
        "port": 12102
      },
      "update": {
        "ip": "localhost",
        "port": 12103
      },
      "outbreakRouter": {
        "ip": "localhost",
        "port": 12111
      }
    },
    {
      "id": 12,
      "notification": {
        "ip": "localhost",
        "port": 12104
      },
      "update": {
        "ip": "localhost",
        "port": 12105
      },
      "outbreakRouter": {
        "ip": "localhost",
        "port": 12112
      }
    },
    {
      "id": 13,
      "notification": {
        "ip": "localhost",
        "port": 12106
      },
      "update": {
        "ip": "localhost",
        "port": 12107
      },
      "outbreakRouter": {
        "ip": "localhost",
        "port": 12113
      }
    }
  ],
  "simulation": {
    "simulationTime": 24,
    "simulationInterval": 100,
    "diseases": [
      {
        "id": 1,
        "name": "Influenza",
        "threshold": 120,
        "minP": 0,
        "maxP": 0.1,
        "ratePeriod": 48
      },
      {
        "id": 2,
        "name": "Chicken Pox",
        "threshold": 50,
        "minP": 0,
        "maxP": 0,
        "ratePeriod": 120
      },
      {
        "id": 3,
        "name": "Measles",
        "threshold": 10,
        "minP": 0,
        "maxP": 0,
        "ratePeriod": 24
      }
    ]
  }
}
[2018-02-06T20:53:53.915] [DEBUG] EMR106 - Vector timestamp: {
  "1": 0,
  "2": 0,
  "3": 0,
  "10": 0,
  "11": 0,
  "12": 0,
  "13": 0,
  "101": 0,
  "102": 0,
  "103": 0,
  "104": 0,
  "105": 0,
  "106": 1,
  "107": 0
}
[2018-02-06T20:53:53.916] [DEBUG] EMR106 - Sent outbreak request
[2018-02-06T20:53:53.917] [DEBUG] EMR106 - Vector timestamp: {
  "1": 0,
  "2": 0,
  "3": 0,
  "10": 0,
  "11": 0,
  "12": 5,
  "13": 0,
  "101": 0,
  "102": 0,
  "103": 0,
  "104": 0,
  "105": 1,
  "106": 2,
  "107": 0
}
[2018-02-06T20:53:53.917] [DEBUG] EMR106 - Got outbreak response
[2018-02-06T20:53:54.917] [DEBUG] EMR106 - Vector timestamp: {
  "1": 0,
  "2": 0,
  "3": 0,
  "10": 0,
  "11": 0,
  "12": 5,
  "13": 0,
  "101": 0,
  "102": 0,
  "103": 0,
  "104": 0,
  "105": 1,
  "106": 3,
  "107": 0
}
[2018-02-06T20:53:54.917] [DEBUG] EMR106 - Sent outbreak request
[2018-02-06T20:53:54.918] [DEBUG] EMR106 - Vector timestamp: {
  "1": 0,
  "2": 0,
  "3": 0,
  "10": 0,
  "11": 0,
  "12": 10,
  "13": 0,
  "101": 0,
  "102": 0,
  "103": 0,
  "104": 0,
  "105": 3,
  "106": 4,
  "107": 0
}
[2018-02-06T20:53:54.918] [DEBUG] EMR106 - Got outbreak response
[2018-02-06T20:53:55.917] [DEBUG] EMR106 - Vector timestamp: {
  "1": 0,
  "2": 0,
  "3": 0,
  "10": 0,
  "11": 0,
  "12": 10,
  "13": 0,
  "101": 0,
  "102": 0,
  "103": 0,
  "104": 0,
  "105": 3,
  "106": 5,
  "107": 0
}
[2018-02-06T20:53:55.917] [DEBUG] EMR106 - Sent outbreak request
[2018-02-06T20:53:55.919] [DEBUG] EMR106 - Vector timestamp: {
  "1": 0,
  "2": 0,
  "3": 0,
  "10": 0,
  "11": 0,
  "12": 15,
  "13": 0,
  "101": 0,
  "102": 0,
  "103": 0,
  "104": 0,
  "105": 5,
  "106": 6,
  "107": 0
}
[2018-02-06T20:53:55.919] [DEBUG] EMR106 - Got outbreak response
[2018-02-06T20:53:56.918] [DEBUG] EMR106 - Vector timestamp: {
  "1": 0,
  "2": 0,
  "3": 0,
  "10": 0,
  "11": 0,
  "12": 15,
  "13": 0,
  "101": 0,
  "102": 0,
  "103": 0,
  "104": 0,
  "105": 5,
  "106": 7,
  "107": 0
}
[2018-02-06T20:53:56.918] [DEBUG] EMR106 - Sent outbreak request
[2018-02-06T20:53:56.919] [DEBUG] EMR106 - Vector timestamp: {
  "1": 0,
  "2": 0,
  "3": 0,
  "10": 0,
  "11": 0,
  "12": 20,
  "13": 0,
  "101": 0,
  "102": 0,
  "103": 0,
  "104": 0,
  "105": 7,
  "106": 8,
  "107": 0
}
[2018-02-06T20:53:56.920] [DEBUG] EMR106 - Got outbreak response
[2018-02-06T20:53:57.920] [DEBUG] EMR106 - Vector timestamp: {
  "1": 0,
  "2": 0,
  "3": 0,
  "10": 0,
  "11": 0,
  "12": 20,
  "13": 0,
  "101": 0,
  "102": 0,
  "103": 0,
  "104": 0,
  "105": 7,
  "106": 9,
  "107": 0
}
[2018-02-06T20:53:57.920] [DEBUG] EMR106 - Sent outbreak request
[2018-02-06T20:53:57.921] [DEBUG] EMR106 - Vector timestamp: {
  "1": 0,
  "2": 0,
  "3": 0,
  "10": 0,
  "11": 0,
  "12": 25,
  "13": 0,
  "101": 0,
  "102": 0,
  "103": 0,
  "104": 0,
  "105": 9,
  "106": 10,
  "107": 0
}
[2018-02-06T20:53:57.921] [DEBUG] EMR106 - Got outbreak response
[2018-02-06T20:53:58.920] [DEBUG] EMR106 - Vector timestamp: {
  "1": 0,
  "2": 0,
  "3": 0,
  "10": 0,
  "11": 0,
  "12": 25,
  "13": 0,
  "101": 0,
  "102": 0,
  "103": 0,
  "104": 0,
  "105": 9,
  "106": 11,
  "107": 0
}
[2018-02-06T20:53:58.920] [DEBUG] EMR106 - Sent outbreak request
[2018-02-06T20:53:58.921] [DEBUG] EMR106 - Vector timestamp: {
  "1": 0,
  "2": 0,
  "3": 0,
  "10": 0,
  "11": 0,
  "12": 30,
  "13": 0,
  "101": 0,
  "102": 0,
  "103": 0,
  "104": 0,
  "105": 11,
  "106": 12,
  "107": 0
}
[2018-02-06T20:53:58.921] [DEBUG] EMR106 - Got outbreak response
[2018-02-06T20:53:59.921] [DEBUG] EMR106 - Vector timestamp: {
  "1": 0,
  "2": 0,
  "3": 0,
  "10": 0,
  "11": 0,
  "12": 30,
  "13": 0,
  "101": 0,
  "102": 0,
  "103": 0,
  "104": 0,
  "105": 11,
  "106": 13,
  "107": 0
}
[2018-02-06T20:53:59.921] [DEBUG] EMR106 - Sent outbreak request
[2018-02-06T20:53:59.922] [DEBUG] EMR106 - Vector timestamp: {
  "1": 0,
  "2": 0,
  "3": 0,
  "10": 0,
  "11": 0,
  "12": 35,
  "13": 0,
  "101": 0,
  "102": 0,
  "103": 0,
  "104": 0,
  "105": 13,
  "106": 14,
  "107": 0
}
[2018-02-06T20:53:59.922] [DEBUG] EMR106 - Got outbreak response
[2018-02-06T20:54:00.923] [DEBUG] EMR106 - Vector timestamp: {
  "1": 0,
  "2": 0,
  "3": 0,
  "10": 0,
  "11": 0,
  "12": 35,
  "13": 0,
  "101": 0,
  "102": 0,
  "103": 0,
  "104": 0,
  "105": 13,
  "106": 15,
  "107": 0
}
[2018-02-06T20:54:00.923] [DEBUG] EMR106 - Sent outbreak request
[2018-02-06T20:54:00.924] [DEBUG] EMR106 - Vector timestamp: {
  "1": 0,
  "2": 0,
  "3": 0,
  "10": 0,
  "11": 0,
  "12": 40,
  "13": 0,
  "101": 0,
  "102": 0,
  "103": 0,
  "104": 0,
  "105": 15,
  "106": 16,
  "107": 0
}
[2018-02-06T20:54:00.924] [DEBUG] EMR106 - Got outbreak response
[2018-02-06T20:54:01.923] [DEBUG] EMR106 - Vector timestamp: {
  "1": 0,
  "2": 0,
  "3": 0,
  "10": 0,
  "11": 0,
  "12": 40,
  "13": 0,
  "101": 0,
  "102": 0,
  "103": 0,
  "104": 0,
  "105": 15,
  "106": 17,
  "107": 0
}
[2018-02-06T20:54:01.923] [DEBUG] EMR106 - Sent outbreak request
[2018-02-06T20:54:01.924] [DEBUG] EMR106 - Vector timestamp: {
  "1": 0,
  "2": 0,
  "3": 0,
  "10": 0,
  "11": 0,
  "12": 45,
  "13": 0,
  "101": 0,
  "102": 0,
  "103": 0,
  "104": 0,
  "105": 17,
  "106": 18,
  "107": 0
}
[2018-02-06T20:54:01.924] [DEBUG] EMR106 - Got outbreak response
[2018-02-06T20:54:02.637] [DEBUG] EMR106 - Vector timestamp: {
  "1": 0,
  "2": 0,
  "3": 0,
  "10": 0,
  "11": 0,
  "12": 45,
  "13": 0,
  "101": 0,
  "102": 0,
  "103": 0,
  "104": 0,
  "105": 17,
  "106": 19,
  "107": 0
}
[2018-02-06T20:54:02.637] [DEBUG] EMR106 - Sent disease notification: Influenza (1)
[2018-02-06T20:54:02.924] [DEBUG] EMR106 - Vector timestamp: {
  "1": 0,
  "2": 0,
  "3": 0,
  "10": 0,
  "11": 0,
  "12": 45,
  "13": 0,
  "101": 0,
  "102": 0,
  "103": 0,
  "104": 0,
  "105": 17,
  "106": 20,
  "107": 0
}
[2018-02-06T20:54:02.924] [DEBUG] EMR106 - Sent outbreak request
[2018-02-06T20:54:02.925] [DEBUG] EMR106 - Vector timestamp: {
  "1": 0,
  "2": 0,
  "3": 0,
  "10": 0,
  "11": 0,
  "12": 52,
  "13": 0,
  "101": 0,
  "102": 0,
  "103": 0,
  "104": 0,
  "105": 20,
  "106": 21,
  "107": 0
}
[2018-02-06T20:54:02.925] [DEBUG] EMR106 - Got outbreak response
[2018-02-06T20:54:02.939] [DEBUG] EMR106 - Vector timestamp: {
  "1": 0,
  "2": 0,
  "3": 0,
  "10": 0,
  "11": 0,
  "12": 52,
  "13": 0,
  "101": 0,
  "102": 0,
  "103": 0,
  "104": 0,
  "105": 20,
  "106": 22,
  "107": 0
}
[2018-02-06T20:54:02.939] [DEBUG] EMR106 - Sent disease notification: Influenza (1)
[2018-02-06T20:54:03.926] [DEBUG] EMR106 - Vector timestamp: {
  "1": 0,
  "2": 0,
  "3": 0,
  "10": 0,
  "11": 0,
  "12": 52,
  "13": 0,
  "101": 0,
  "102": 0,
  "103": 0,
  "104": 0,
  "105": 20,
  "106": 23,
  "107": 0
}
[2018-02-06T20:54:03.926] [DEBUG] EMR106 - Sent outbreak request
[2018-02-06T20:54:03.928] [DEBUG] EMR106 - Vector timestamp: {
  "1": 0,
  "2": 0,
  "3": 0,
  "10": 0,
  "11": 0,
  "12": 58,
  "13": 0,
  "101": 0,
  "102": 0,
  "103": 0,
  "104": 0,
  "105": 22,
  "106": 24,
  "107": 0
}
[2018-02-06T20:54:03.928] [DEBUG] EMR106 - Got outbreak response
[2018-02-06T20:54:04.926] [DEBUG] EMR106 - Vector timestamp: {
  "1": 0,
  "2": 0,
  "3": 0,
  "10": 0,
  "11": 0,
  "12": 58,
  "13": 0,
  "101": 0,
  "102": 0,
  "103": 0,
  "104": 0,
  "105": 22,
  "106": 25,
  "107": 0
}
[2018-02-06T20:54:04.927] [DEBUG] EMR106 - Sent outbreak request
[2018-02-06T20:54:04.927] [DEBUG] EMR106 - Vector timestamp: {
  "1": 0,
  "2": 0,
  "3": 0,
  "10": 0,
  "11": 0,
  "12": 63,
  "13": 0,
  "101": 0,
  "102": 0,
  "103": 0,
  "104": 0,
  "105": 24,
  "106": 26,
  "107": 0
}
[2018-02-06T20:54:04.928] [DEBUG] EMR106 - Got outbreak response
[2018-02-06T20:54:05.928] [DEBUG] EMR106 - Vector timestamp: {
  "1": 0,
  "2": 0,
  "3": 0,
  "10": 0,
  "11": 0,
  "12": 63,
  "13": 0,
  "101": 0,
  "102": 0,
  "103": 0,
  "104": 0,
  "105": 24,
  "106": 27,
  "107": 0
}
[2018-02-06T20:54:05.928] [DEBUG] EMR106 - Sent outbreak request
[2018-02-06T20:54:05.929] [DEBUG] EMR106 - Vector timestamp: {
  "1": 0,
  "2": 0,
  "3": 0,
  "10": 0,
  "11": 0,
  "12": 69,
  "13": 0,
  "101": 0,
  "102": 0,
  "103": 0,
  "104": 0,
  "105": 27,
  "106": 28,
  "107": 0
}
[2018-02-06T20:54:05.929] [DEBUG] EMR106 - Got outbreak response
[2018-02-06T20:54:06.930] [DEBUG] EMR106 - Vector timestamp: {
  "1": 0,
  "2": 0,
  "3": 0,
  "10": 0,
  "11": 0,
  "12": 69,
  "13": 0,
  "101": 0,
  "102": 0,
  "103": 0,
  "104": 0,
  "105": 27,
  "106": 29,
  "107": 0
}
[2018-02-06T20:54:06.930] [DEBUG] EMR106 - Sent outbreak request
[2018-02-06T20:54:06.931] [DEBUG] EMR106 - Vector timestamp: {
  "1": 0,
  "2": 0,
  "3": 0,
  "10": 0,
  "11": 0,
  "12": 75,
  "13": 0,
  "101": 0,
  "102": 0,
  "103": 0,
  "104": 0,
  "105": 31,
  "106": 30,
  "107": 0
}
[2018-02-06T20:54:06.931] [DEBUG] EMR106 - Got outbreak response
[2018-02-06T20:54:07.931] [DEBUG] EMR106 - Vector timestamp: {
  "1": 0,
  "2": 0,
  "3": 0,
  "10": 0,
  "11": 0,
  "12": 75,
  "13": 0,
  "101": 0,
  "102": 0,
  "103": 0,
  "104": 0,
  "105": 31,
  "106": 31,
  "107": 0
}
[2018-02-06T20:54:07.931] [DEBUG] EMR106 - Sent outbreak request
[2018-02-06T20:54:07.932] [DEBUG] EMR106 - Vector timestamp: {
  "1": 0,
  "2": 0,
  "3": 0,
  "10": 0,
  "11": 0,
  "12": 80,
  "13": 0,
  "101": 0,
  "102": 0,
  "103": 0,
  "104": 0,
  "105": 32,
  "106": 32,
  "107": 0
}
[2018-02-06T20:54:07.932] [DEBUG] EMR106 - Got outbreak response
[2018-02-06T20:54:08.932] [DEBUG] EMR106 - Vector timestamp: {
  "1": 0,
  "2": 0,
  "3": 0,
  "10": 0,
  "11": 0,
  "12": 80,
  "13": 0,
  "101": 0,
  "102": 0,
  "103": 0,
  "104": 0,
  "105": 32,
  "106": 33,
  "107": 0
}
[2018-02-06T20:54:08.932] [DEBUG] EMR106 - Sent outbreak request
[2018-02-06T20:54:08.933] [DEBUG] EMR106 - Vector timestamp: {
  "1": 0,
  "2": 0,
  "3": 0,
  "10": 0,
  "11": 0,
  "12": 87,
  "13": 0,
  "101": 0,
  "102": 0,
  "103": 0,
  "104": 0,
  "105": 36,
  "106": 34,
  "107": 0
}
[2018-02-06T20:54:08.933] [DEBUG] EMR106 - Got outbreak response
[2018-02-06T20:54:09.934] [DEBUG] EMR106 - Vector timestamp: {
  "1": 0,
  "2": 0,
  "3": 0,
  "10": 0,
  "11": 0,
  "12": 87,
  "13": 0,
  "101": 0,
  "102": 0,
  "103": 0,
  "104": 0,
  "105": 36,
  "106": 35,
  "107": 0
}
[2018-02-06T20:54:09.934] [DEBUG] EMR106 - Sent outbreak request
[2018-02-06T20:54:09.935] [DEBUG] EMR106 - Vector timestamp: {
  "1": 0,
  "2": 0,
  "3": 0,
  "10": 0,
  "11": 0,
  "12": 92,
  "13": 0,
  "101": 0,
  "102": 0,
  "103": 0,
  "104": 0,
  "105": 38,
  "106": 36,
  "107": 0
}
[2018-02-06T20:54:09.935] [DEBUG] EMR106 - Got outbreak response
[2018-02-06T20:54:10.934] [DEBUG] EMR106 - Vector timestamp: {
  "1": 0,
  "2": 0,
  "3": 0,
  "10": 0,
  "11": 0,
  "12": 92,
  "13": 0,
  "101": 0,
  "102": 0,
  "103": 0,
  "104": 0,
  "105": 38,
  "106": 37,
  "107": 0
}
[2018-02-06T20:54:10.934] [DEBUG] EMR106 - Sent outbreak request
[2018-02-06T20:54:10.935] [DEBUG] EMR106 - Vector timestamp: {
  "1": 0,
  "2": 0,
  "3": 0,
  "10": 0,
  "11": 0,
  "12": 97,
  "13": 0,
  "101": 0,
  "102": 0,
  "103": 0,
  "104": 0,
  "105": 40,
  "106": 38,
  "107": 0
}
[2018-02-06T20:54:10.935] [DEBUG] EMR106 - Got outbreak response
[2018-02-06T20:54:11.935] [DEBUG] EMR106 - Vector timestamp: {
  "1": 0,
  "2": 0,
  "3": 0,
  "10": 0,
  "11": 0,
  "12": 97,
  "13": 0,
  "101": 0,
  "102": 0,
  "103": 0,
  "104": 0,
  "105": 40,
  "106": 39,
  "107": 0
}
[2018-02-06T20:54:11.936] [DEBUG] EMR106 - Sent outbreak request
[2018-02-06T20:54:11.937] [DEBUG] EMR106 - Vector timestamp: {
  "1": 0,
  "2": 0,
  "3": 0,
  "10": 0,
  "11": 0,
  "12": 102,
  "13": 0,
  "101": 0,
  "102": 0,
  "103": 0,
  "104": 0,
  "105": 42,
  "106": 40,
  "107": 0
}
[2018-02-06T20:54:11.937] [DEBUG] EMR106 - Got outbreak response
[2018-02-06T20:54:12.936] [DEBUG] EMR106 - Vector timestamp: {
  "1": 0,
  "2": 0,
  "3": 0,
  "10": 0,
  "11": 0,
  "12": 102,
  "13": 0,
  "101": 0,
  "102": 0,
  "103": 0,
  "104": 0,
  "105": 42,
  "106": 41,
  "107": 0
}
[2018-02-06T20:54:12.936] [DEBUG] EMR106 - Sent outbreak request
[2018-02-06T20:54:12.937] [DEBUG] EMR106 - Vector timestamp: {
  "1": 0,
  "2": 0,
  "3": 0,
  "10": 0,
  "11": 0,
  "12": 107,
  "13": 0,
  "101": 0,
  "102": 0,
  "103": 0,
  "104": 0,
  "105": 44,
  "106": 42,
  "107": 0
}
[2018-02-06T20:54:12.937] [DEBUG] EMR106 - Got outbreak response
[2018-02-06T20:54:13.937] [DEBUG] EMR106 - Vector timestamp: {
  "1": 0,
  "2": 0,
  "3": 0,
  "10": 0,
  "11": 0,
  "12": 107,
  "13": 0,
  "101": 0,
  "102": 0,
  "103": 0,
  "104": 0,
  "105": 44,
  "106": 43,
  "107": 0
}
[2018-02-06T20:54:13.937] [DEBUG] EMR106 - Sent outbreak request
[2018-02-06T20:54:13.939] [DEBUG] EMR106 - Vector timestamp: {
  "1": 0,
  "2": 0,
  "3": 0,
  "10": 0,
  "11": 0,
  "12": 112,
  "13": 0,
  "101": 0,
  "102": 0,
  "103": 0,
  "104": 0,
  "105": 46,
  "106": 44,
  "107": 0
}
[2018-02-06T20:54:13.940] [DEBUG] EMR106 - Got outbreak response
[2018-02-06T20:54:14.938] [DEBUG] EMR106 - Vector timestamp: {
  "1": 0,
  "2": 0,
  "3": 0,
  "10": 0,
  "11": 0,
  "12": 112,
  "13": 0,
  "101": 0,
  "102": 0,
  "103": 0,
  "104": 0,
  "105": 46,
  "106": 45,
  "107": 0
}
[2018-02-06T20:54:14.938] [DEBUG] EMR106 - Sent outbreak request
[2018-02-06T20:54:14.939] [DEBUG] EMR106 - Vector timestamp: {
  "1": 0,
  "2": 0,
  "3": 0,
  "10": 0,
  "11": 0,
  "12": 117,
  "13": 0,
  "101": 0,
  "102": 0,
  "103": 0,
  "104": 0,
  "105": 48,
  "106": 46,
  "107": 0
}
[2018-02-06T20:54:14.939] [DEBUG] EMR106 - Got outbreak response
[2018-02-06T20:54:15.938] [DEBUG] EMR106 - Vector timestamp: {
  "1": 0,
  "2": 0,
  "3": 0,
  "10": 0,
  "11": 0,
  "12": 117,
  "13": 0,
  "101": 0,
  "102": 0,
  "103": 0,
  "104": 0,
  "105": 48,
  "106": 47,
  "107": 0
}
[2018-02-06T20:54:15.938] [DEBUG] EMR106 - Sent outbreak request
[2018-02-06T20:54:15.940] [DEBUG] EMR106 - Vector timestamp: {
  "1": 0,
  "2": 0,
  "3": 0,
  "10": 0,
  "11": 0,
  "12": 122,
  "13": 0,
  "101": 0,
  "102": 0,
  "103": 0,
  "104": 0,
  "105": 50,
  "106": 48,
  "107": 0
}
[2018-02-06T20:54:15.940] [DEBUG] EMR106 - Got outbreak response
[2018-02-06T20:54:16.939] [DEBUG] EMR106 - Vector timestamp: {
  "1": 0,
  "2": 0,
  "3": 0,
  "10": 0,
  "11": 0,
  "12": 122,
  "13": 0,
  "101": 0,
  "102": 0,
  "103": 0,
  "104": 0,
  "105": 50,
  "106": 49,
  "107": 0
}
[2018-02-06T20:54:16.939] [DEBUG] EMR106 - Sent outbreak request
[2018-02-06T20:54:16.941] [DEBUG] EMR106 - Vector timestamp: {
  "1": 0,
  "2": 0,
  "3": 0,
  "10": 0,
  "11": 0,
  "12": 127,
  "13": 0,
  "101": 0,
  "102": 0,
  "103": 0,
  "104": 0,
  "105": 52,
  "106": 50,
  "107": 0
}
[2018-02-06T20:54:16.941] [DEBUG] EMR106 - Got outbreak response
[2018-02-06T20:54:17.074] [DEBUG] EMR106 - Vector timestamp: {
  "1": 0,
  "2": 0,
  "3": 0,
  "10": 0,
  "11": 0,
  "12": 127,
  "13": 0,
  "101": 0,
  "102": 0,
  "103": 0,
  "104": 0,
  "105": 52,
  "106": 51,
  "107": 0
}
[2018-02-06T20:54:17.074] [DEBUG] EMR106 - Sent disease notification: Influenza (1)
[2018-02-06T20:54:17.941] [DEBUG] EMR106 - Vector timestamp: {
  "1": 0,
  "2": 0,
  "3": 0,
  "10": 0,
  "11": 0,
  "12": 127,
  "13": 0,
  "101": 0,
  "102": 0,
  "103": 0,
  "104": 0,
  "105": 52,
  "106": 52,
  "107": 0
}
[2018-02-06T20:54:17.941] [DEBUG] EMR106 - Sent outbreak request
[2018-02-06T20:54:17.942] [DEBUG] EMR106 - Vector timestamp: {
  "1": 0,
  "2": 0,
  "3": 0,
  "10": 0,
  "11": 0,
  "12": 133,
  "13": 0,
  "101": 0,
  "102": 0,
  "103": 0,
  "104": 0,
  "105": 54,
  "106": 53,
  "107": 0
}
[2018-02-06T20:54:17.942] [DEBUG] EMR106 - Got outbreak response
[2018-02-06T20:54:18.278] [DEBUG] EMR106 - Vector timestamp: {
  "1": 0,
  "2": 0,
  "3": 0,
  "10": 0,
  "11": 0,
  "12": 133,
  "13": 0,
  "101": 0,
  "102": 0,
  "103": 0,
  "104": 0,
  "105": 54,
  "106": 54,
  "107": 0
}
[2018-02-06T20:54:18.278] [DEBUG] EMR106 - Sent disease notification: Influenza (1)
[2018-02-06T20:54:18.879] [DEBUG] EMR106 - Vector timestamp: {
  "1": 0,
  "2": 0,
  "3": 0,
  "10": 0,
  "11": 0,
  "12": 133,
  "13": 0,
  "101": 0,
  "102": 0,
  "103": 0,
  "104": 0,
  "105": 54,
  "106": 55,
  "107": 0
}
[2018-02-06T20:54:18.879] [DEBUG] EMR106 - Sent disease notification: Influenza (1)
[2018-02-06T20:54:18.941] [DEBUG] EMR106 - Vector timestamp: {
  "1": 0,
  "2": 0,
  "3": 0,
  "10": 0,
  "11": 0,
  "12": 133,
  "13": 0,
  "101": 0,
  "102": 0,
  "103": 0,
  "104": 0,
  "105": 54,
  "106": 56,
  "107": 0
}
[2018-02-06T20:54:18.941] [DEBUG] EMR106 - Sent outbreak request
[2018-02-06T20:54:18.945] [DEBUG] EMR106 - Vector timestamp: {
  "1": 0,
  "2": 0,
  "3": 0,
  "10": 0,
  "11": 0,
  "12": 140,
  "13": 0,
  "101": 0,
  "102": 0,
  "103": 0,
  "104": 0,
  "105": 56,
  "106": 57,
  "107": 0
}
[2018-02-06T20:54:18.945] [DEBUG] EMR106 - Got outbreak response
[2018-02-06T20:54:19.581] [DEBUG] EMR106 - Vector timestamp: {
  "1": 0,
  "2": 0,
  "3": 0,
  "10": 0,
  "11": 0,
  "12": 140,
  "13": 0,
  "101": 0,
  "102": 0,
  "103": 0,
  "104": 0,
  "105": 56,
  "106": 58,
  "107": 0
}
[2018-02-06T20:54:19.581] [DEBUG] EMR106 - Sent disease notification: Influenza (1)
[2018-02-06T20:54:19.942] [DEBUG] EMR106 - Vector timestamp: {
  "1": 0,
  "2": 0,
  "3": 0,
  "10": 0,
  "11": 0,
  "12": 140,
  "13": 0,
  "101": 0,
  "102": 0,
  "103": 0,
  "104": 0,
  "105": 56,
  "106": 59,
  "107": 0
}
[2018-02-06T20:54:19.943] [DEBUG] EMR106 - Sent outbreak request
[2018-02-06T20:54:19.944] [DEBUG] EMR106 - Vector timestamp: {
  "1": 0,
  "2": 0,
  "3": 0,
  "10": 0,
  "11": 0,
  "12": 146,
  "13": 0,
  "101": 0,
  "102": 0,
  "103": 0,
  "104": 0,
  "105": 58,
  "106": 60,
  "107": 0
}
[2018-02-06T20:54:19.944] [DEBUG] EMR106 - Got outbreak response
[2018-02-06T20:54:20.943] [DEBUG] EMR106 - Vector timestamp: {
  "1": 0,
  "2": 0,
  "3": 0,
  "10": 0,
  "11": 0,
  "12": 146,
  "13": 0,
  "101": 0,
  "102": 0,
  "103": 0,
  "104": 0,
  "105": 58,
  "106": 61,
  "107": 0
}
[2018-02-06T20:54:20.943] [DEBUG] EMR106 - Sent outbreak request
[2018-02-06T20:54:20.945] [DEBUG] EMR106 - Vector timestamp: {
  "1": 0,
  "2": 0,
  "3": 0,
  "10": 0,
  "11": 0,
  "12": 152,
  "13": 0,
  "101": 0,
  "102": 0,
  "103": 0,
  "104": 0,
  "105": 61,
  "106": 62,
  "107": 0
}
[2018-02-06T20:54:20.945] [DEBUG] EMR106 - Got outbreak response
[2018-02-06T20:54:21.887] [DEBUG] EMR106 - Vector timestamp: {
  "1": 0,
  "2": 0,
  "3": 0,
  "10": 0,
  "11": 0,
  "12": 152,
  "13": 0,
  "101": 0,
  "102": 0,
  "103": 0,
  "104": 0,
  "105": 61,
  "106": 63,
  "107": 0
}
[2018-02-06T20:54:21.887] [DEBUG] EMR106 - Sent disease notification: Influenza (1)
[2018-02-06T20:54:21.943] [DEBUG] EMR106 - Vector timestamp: {
  "1": 0,
  "2": 0,
  "3": 0,
  "10": 0,
  "11": 0,
  "12": 152,
  "13": 0,
  "101": 0,
  "102": 0,
  "103": 0,
  "104": 0,
  "105": 61,
  "106": 64,
  "107": 0
}
[2018-02-06T20:54:21.943] [DEBUG] EMR106 - Sent outbreak request
[2018-02-06T20:54:21.944] [DEBUG] EMR106 - Vector timestamp: {
  "1": 0,
  "2": 0,
  "3": 0,
  "10": 0,
  "11": 0,
  "12": 158,
  "13": 0,
  "101": 0,
  "102": 0,
  "103": 0,
  "104": 0,
  "105": 63,
  "106": 65,
  "107": 0
}
[2018-02-06T20:54:21.944] [DEBUG] EMR106 - Got outbreak response
