[2018-02-07T00:03:27.262] [DEBUG] EMR104 - Got config: {
  "hds": {
    "id": 11,
    "notification": {
      "ip": "localhost",
      "port": 12102
    },
    "update": {
      "ip": "localhost",
      "port": 12103
    },
    "outbreakRouter": {
      "ip": "localhost",
      "port": 12111
    }
  },
  "processes": [
    {
      "id": 1,
      "ip": "localhost",
      "port": 12001,
      "disease": 1
    },
    {
      "id": 2,
      "ip": "localhost",
      "port": 12002,
      "disease": 2
    },
    {
      "id": 3,
      "ip": "localhost",
      "port": 12003,
      "disease": 3
    },
    {
      "id": 101,
      "hds": 10
    },
    {
      "id": 102,
      "hds": 10
    },
    {
      "id": 103,
      "hds": 11
    },
    {
      "id": 104,
      "hds": 11
    },
    {
      "id": 105,
      "hds": 12
    },
    {
      "id": 106,
      "hds": 12
    },
    {
      "id": 107,
      "hds": 13
    },
    {
      "id": 10,
      "notification": {
        "ip": "localhost",
        "port": 12100
      },
      "update": {
        "ip": "localhost",
        "port": 12101
      },
      "outbreakRouter": {
        "ip": "localhost",
        "port": 12110
      }
    },
    {
      "id": 11,
      "notification": {
        "ip": "localhost",
        "port": 12102
      },
      "update": {
        "ip": "localhost",
        "port": 12103
      },
      "outbreakRouter": {
        "ip": "localhost",
        "port": 12111
      }
    },
    {
      "id": 12,
      "notification": {
        "ip": "localhost",
        "port": 12104
      },
      "update": {
        "ip": "localhost",
        "port": 12105
      },
      "outbreakRouter": {
        "ip": "localhost",
        "port": 12112
      }
    },
    {
      "id": 13,
      "notification": {
        "ip": "localhost",
        "port": 12106
      },
      "update": {
        "ip": "localhost",
        "port": 12107
      },
      "outbreakRouter": {
        "ip": "localhost",
        "port": 12113
      }
    }
  ],
  "simulation": {
    "simulationTime": 24,
    "simulationInterval": 100,
    "diseases": [
      {
        "id": 1,
        "name": "Influenza",
        "threshold": 120,
        "minP": 0,
        "maxP": 0.1,
        "ratePeriod": 48
      },
      {
        "id": 2,
        "name": "Chicken Pox",
        "threshold": 50,
        "minP": 0,
        "maxP": 0,
        "ratePeriod": 120
      },
      {
        "id": 3,
        "name": "Measles",
        "threshold": 10,
        "minP": 0,
        "maxP": 0,
        "ratePeriod": 24
      }
    ]
  }
}
[2018-02-07T00:03:28.268] [DEBUG] VectorTimestamp - {
  "1": 0,
  "2": 0,
  "3": 0,
  "10": 0,
  "11": 0,
  "12": 0,
  "13": 0,
  "101": 0,
  "102": 0,
  "103": 0,
  "104": 1,
  "105": 0,
  "106": 0,
  "107": 0
}
[2018-02-07T00:03:28.269] [DEBUG] EMR104 - Sent outbreak request
[2018-02-07T00:03:28.270] [DEBUG] VectorTimestamp - {
  "1": 0,
  "2": 0,
  "3": 0,
  "10": 0,
  "11": 4,
  "12": 0,
  "13": 0,
  "101": 0,
  "102": 0,
  "103": 1,
  "104": 2,
  "105": 0,
  "106": 0,
  "107": 0
}
[2018-02-07T00:03:28.270] [DEBUG] EMR104 - Got outbreak response
[2018-02-07T00:03:29.269] [DEBUG] VectorTimestamp - {
  "1": 0,
  "2": 0,
  "3": 0,
  "10": 0,
  "11": 4,
  "12": 0,
  "13": 0,
  "101": 0,
  "102": 0,
  "103": 1,
  "104": 3,
  "105": 0,
  "106": 0,
  "107": 0
}
[2018-02-07T00:03:29.269] [DEBUG] EMR104 - Sent outbreak request
[2018-02-07T00:03:29.271] [DEBUG] VectorTimestamp - {
  "1": 0,
  "2": 0,
  "3": 0,
  "10": 0,
  "11": 9,
  "12": 0,
  "13": 0,
  "101": 0,
  "102": 0,
  "103": 3,
  "104": 4,
  "105": 0,
  "106": 0,
  "107": 0
}
[2018-02-07T00:03:29.271] [DEBUG] EMR104 - Got outbreak response
[2018-02-07T00:03:30.270] [DEBUG] VectorTimestamp - {
  "1": 0,
  "2": 0,
  "3": 0,
  "10": 0,
  "11": 9,
  "12": 0,
  "13": 0,
  "101": 0,
  "102": 0,
  "103": 3,
  "104": 5,
  "105": 0,
  "106": 0,
  "107": 0
}
[2018-02-07T00:03:30.270] [DEBUG] EMR104 - Sent outbreak request
[2018-02-07T00:03:30.271] [DEBUG] VectorTimestamp - {
  "1": 0,
  "2": 0,
  "3": 0,
  "10": 0,
  "11": 14,
  "12": 0,
  "13": 0,
  "101": 0,
  "102": 0,
  "103": 5,
  "104": 6,
  "105": 0,
  "106": 0,
  "107": 0
}
[2018-02-07T00:03:30.271] [DEBUG] EMR104 - Got outbreak response
[2018-02-07T00:03:31.271] [DEBUG] VectorTimestamp - {
  "1": 0,
  "2": 0,
  "3": 0,
  "10": 0,
  "11": 14,
  "12": 0,
  "13": 0,
  "101": 0,
  "102": 0,
  "103": 5,
  "104": 7,
  "105": 0,
  "106": 0,
  "107": 0
}
[2018-02-07T00:03:31.271] [DEBUG] EMR104 - Sent outbreak request
[2018-02-07T00:03:31.272] [DEBUG] VectorTimestamp - {
  "1": 0,
  "2": 0,
  "3": 0,
  "10": 0,
  "11": 19,
  "12": 0,
  "13": 0,
  "101": 0,
  "102": 0,
  "103": 7,
  "104": 8,
  "105": 0,
  "106": 0,
  "107": 0
}
[2018-02-07T00:03:31.272] [DEBUG] EMR104 - Got outbreak response
[2018-02-07T00:03:32.272] [DEBUG] VectorTimestamp - {
  "1": 0,
  "2": 0,
  "3": 0,
  "10": 0,
  "11": 19,
  "12": 0,
  "13": 0,
  "101": 0,
  "102": 0,
  "103": 7,
  "104": 9,
  "105": 0,
  "106": 0,
  "107": 0
}
[2018-02-07T00:03:32.272] [DEBUG] EMR104 - Sent outbreak request
[2018-02-07T00:03:32.274] [DEBUG] VectorTimestamp - {
  "1": 0,
  "2": 0,
  "3": 0,
  "10": 0,
  "11": 24,
  "12": 0,
  "13": 0,
  "101": 0,
  "102": 0,
  "103": 9,
  "104": 10,
  "105": 0,
  "106": 0,
  "107": 0
}
[2018-02-07T00:03:32.274] [DEBUG] EMR104 - Got outbreak response
[2018-02-07T00:03:33.274] [DEBUG] VectorTimestamp - {
  "1": 0,
  "2": 0,
  "3": 0,
  "10": 0,
  "11": 24,
  "12": 0,
  "13": 0,
  "101": 0,
  "102": 0,
  "103": 9,
  "104": 11,
  "105": 0,
  "106": 0,
  "107": 0
}
[2018-02-07T00:03:33.275] [DEBUG] EMR104 - Sent outbreak request
[2018-02-07T00:03:33.276] [DEBUG] VectorTimestamp - {
  "1": 0,
  "2": 0,
  "3": 0,
  "10": 0,
  "11": 29,
  "12": 0,
  "13": 0,
  "101": 0,
  "102": 0,
  "103": 11,
  "104": 12,
  "105": 0,
  "106": 0,
  "107": 0
}
[2018-02-07T00:03:33.276] [DEBUG] EMR104 - Got outbreak response
[2018-02-07T00:03:34.276] [DEBUG] VectorTimestamp - {
  "1": 0,
  "2": 0,
  "3": 0,
  "10": 0,
  "11": 29,
  "12": 0,
  "13": 0,
  "101": 0,
  "102": 0,
  "103": 11,
  "104": 13,
  "105": 0,
  "106": 0,
  "107": 0
}
[2018-02-07T00:03:34.276] [DEBUG] EMR104 - Sent outbreak request
[2018-02-07T00:03:34.278] [DEBUG] VectorTimestamp - {
  "1": 0,
  "2": 0,
  "3": 0,
  "10": 0,
  "11": 34,
  "12": 0,
  "13": 0,
  "101": 0,
  "102": 0,
  "103": 13,
  "104": 14,
  "105": 0,
  "106": 0,
  "107": 0
}
[2018-02-07T00:03:34.278] [DEBUG] EMR104 - Got outbreak response
[2018-02-07T00:03:35.277] [DEBUG] VectorTimestamp - {
  "1": 0,
  "2": 0,
  "3": 0,
  "10": 0,
  "11": 34,
  "12": 0,
  "13": 0,
  "101": 0,
  "102": 0,
  "103": 13,
  "104": 15,
  "105": 0,
  "106": 0,
  "107": 0
}
[2018-02-07T00:03:35.277] [DEBUG] EMR104 - Sent outbreak request
[2018-02-07T00:03:35.278] [DEBUG] VectorTimestamp - {
  "1": 0,
  "2": 0,
  "3": 0,
  "10": 0,
  "11": 39,
  "12": 0,
  "13": 0,
  "101": 0,
  "102": 0,
  "103": 15,
  "104": 16,
  "105": 0,
  "106": 0,
  "107": 0
}
[2018-02-07T00:03:35.278] [DEBUG] EMR104 - Got outbreak response
[2018-02-07T00:03:36.278] [DEBUG] VectorTimestamp - {
  "1": 0,
  "2": 0,
  "3": 0,
  "10": 0,
  "11": 39,
  "12": 0,
  "13": 0,
  "101": 0,
  "102": 0,
  "103": 15,
  "104": 17,
  "105": 0,
  "106": 0,
  "107": 0
}
[2018-02-07T00:03:36.279] [DEBUG] EMR104 - Sent outbreak request
[2018-02-07T00:03:36.280] [DEBUG] VectorTimestamp - {
  "1": 0,
  "2": 0,
  "3": 0,
  "10": 0,
  "11": 44,
  "12": 0,
  "13": 0,
  "101": 0,
  "102": 0,
  "103": 17,
  "104": 18,
  "105": 0,
  "106": 0,
  "107": 0
}
[2018-02-07T00:03:36.280] [DEBUG] EMR104 - Got outbreak response
[2018-02-07T00:03:37.280] [DEBUG] VectorTimestamp - {
  "1": 0,
  "2": 0,
  "3": 0,
  "10": 0,
  "11": 44,
  "12": 0,
  "13": 0,
  "101": 0,
  "102": 0,
  "103": 17,
  "104": 19,
  "105": 0,
  "106": 0,
  "107": 0
}
[2018-02-07T00:03:37.280] [DEBUG] EMR104 - Sent outbreak request
[2018-02-07T00:03:37.281] [DEBUG] VectorTimestamp - {
  "1": 0,
  "2": 0,
  "3": 0,
  "10": 0,
  "11": 49,
  "12": 0,
  "13": 0,
  "101": 0,
  "102": 0,
  "103": 19,
  "104": 20,
  "105": 0,
  "106": 0,
  "107": 0
}
[2018-02-07T00:03:37.281] [DEBUG] EMR104 - Got outbreak response
[2018-02-07T00:03:38.281] [DEBUG] VectorTimestamp - {
  "1": 0,
  "2": 0,
  "3": 0,
  "10": 0,
  "11": 49,
  "12": 0,
  "13": 0,
  "101": 0,
  "102": 0,
  "103": 19,
  "104": 21,
  "105": 0,
  "106": 0,
  "107": 0
}
[2018-02-07T00:03:38.281] [DEBUG] EMR104 - Sent outbreak request
[2018-02-07T00:03:38.282] [DEBUG] VectorTimestamp - {
  "1": 0,
  "2": 0,
  "3": 0,
  "10": 0,
  "11": 54,
  "12": 0,
  "13": 0,
  "101": 0,
  "102": 0,
  "103": 21,
  "104": 22,
  "105": 0,
  "106": 0,
  "107": 0
}
[2018-02-07T00:03:38.282] [DEBUG] EMR104 - Got outbreak response
[2018-02-07T00:03:39.282] [DEBUG] VectorTimestamp - {
  "1": 0,
  "2": 0,
  "3": 0,
  "10": 0,
  "11": 54,
  "12": 0,
  "13": 0,
  "101": 0,
  "102": 0,
  "103": 21,
  "104": 23,
  "105": 0,
  "106": 0,
  "107": 0
}
[2018-02-07T00:03:39.283] [DEBUG] EMR104 - Sent outbreak request
[2018-02-07T00:03:39.283] [DEBUG] VectorTimestamp - {
  "1": 0,
  "2": 0,
  "3": 0,
  "10": 0,
  "11": 59,
  "12": 0,
  "13": 0,
  "101": 0,
  "102": 0,
  "103": 23,
  "104": 24,
  "105": 0,
  "106": 0,
  "107": 0
}
[2018-02-07T00:03:39.284] [DEBUG] EMR104 - Got outbreak response
[2018-02-07T00:03:39.295] [DEBUG] VectorTimestamp - {
  "1": 0,
  "2": 0,
  "3": 0,
  "10": 0,
  "11": 59,
  "12": 0,
  "13": 0,
  "101": 0,
  "102": 0,
  "103": 23,
  "104": 25,
  "105": 0,
  "106": 0,
  "107": 0
}
[2018-02-07T00:03:39.295] [DEBUG] EMR104 - Sent disease notification: Influenza (1)
[2018-02-07T00:03:40.198] [DEBUG] VectorTimestamp - {
  "1": 0,
  "2": 0,
  "3": 0,
  "10": 0,
  "11": 59,
  "12": 0,
  "13": 0,
  "101": 0,
  "102": 0,
  "103": 23,
  "104": 26,
  "105": 0,
  "106": 0,
  "107": 0
}
[2018-02-07T00:03:40.198] [DEBUG] EMR104 - Sent disease notification: Influenza (1)
[2018-02-07T00:03:40.283] [DEBUG] VectorTimestamp - {
  "1": 0,
  "2": 0,
  "3": 0,
  "10": 0,
  "11": 59,
  "12": 0,
  "13": 0,
  "101": 0,
  "102": 0,
  "103": 23,
  "104": 27,
  "105": 0,
  "106": 0,
  "107": 0
}
[2018-02-07T00:03:40.283] [DEBUG] EMR104 - Sent outbreak request
[2018-02-07T00:03:40.284] [DEBUG] VectorTimestamp - {
  "1": 0,
  "2": 0,
  "3": 0,
  "10": 0,
  "11": 67,
  "12": 0,
  "13": 0,
  "101": 0,
  "102": 0,
  "103": 26,
  "104": 28,
  "105": 0,
  "106": 0,
  "107": 0
}
[2018-02-07T00:03:40.284] [DEBUG] EMR104 - Got outbreak response
[2018-02-07T00:03:41.284] [DEBUG] VectorTimestamp - {
  "1": 0,
  "2": 0,
  "3": 0,
  "10": 0,
  "11": 67,
  "12": 0,
  "13": 0,
  "101": 0,
  "102": 0,
  "103": 26,
  "104": 29,
  "105": 0,
  "106": 0,
  "107": 0
}
[2018-02-07T00:03:41.284] [DEBUG] EMR104 - Sent outbreak request
[2018-02-07T00:03:41.289] [DEBUG] VectorTimestamp - {
  "1": 0,
  "2": 0,
  "3": 0,
  "10": 0,
  "11": 72,
  "12": 0,
  "13": 0,
  "101": 0,
  "102": 0,
  "103": 28,
  "104": 30,
  "105": 0,
  "106": 0,
  "107": 0
}
[2018-02-07T00:03:41.289] [DEBUG] EMR104 - Got outbreak response
[2018-02-07T00:03:42.285] [DEBUG] VectorTimestamp - {
  "1": 0,
  "2": 0,
  "3": 0,
  "10": 0,
  "11": 72,
  "12": 0,
  "13": 0,
  "101": 0,
  "102": 0,
  "103": 28,
  "104": 31,
  "105": 0,
  "106": 0,
  "107": 0
}
[2018-02-07T00:03:42.285] [DEBUG] EMR104 - Sent outbreak request
[2018-02-07T00:03:42.286] [DEBUG] VectorTimestamp - {
  "1": 0,
  "2": 0,
  "3": 0,
  "10": 0,
  "11": 78,
  "12": 0,
  "13": 0,
  "101": 0,
  "102": 0,
  "103": 31,
  "104": 32,
  "105": 0,
  "106": 0,
  "107": 0
}
[2018-02-07T00:03:42.286] [DEBUG] EMR104 - Got outbreak response
[2018-02-07T00:03:43.286] [DEBUG] VectorTimestamp - {
  "1": 0,
  "2": 0,
  "3": 0,
  "10": 0,
  "11": 78,
  "12": 0,
  "13": 0,
  "101": 0,
  "102": 0,
  "103": 31,
  "104": 33,
  "105": 0,
  "106": 0,
  "107": 0
}
[2018-02-07T00:03:43.286] [DEBUG] EMR104 - Sent outbreak request
[2018-02-07T00:03:43.287] [DEBUG] VectorTimestamp - {
  "1": 0,
  "2": 0,
  "3": 0,
  "10": 0,
  "11": 84,
  "12": 0,
  "13": 0,
  "101": 0,
  "102": 0,
  "103": 34,
  "104": 34,
  "105": 0,
  "106": 0,
  "107": 0
}
[2018-02-07T00:03:43.287] [DEBUG] EMR104 - Got outbreak response
[2018-02-07T00:03:44.287] [DEBUG] VectorTimestamp - {
  "1": 0,
  "2": 0,
  "3": 0,
  "10": 0,
  "11": 84,
  "12": 0,
  "13": 0,
  "101": 0,
  "102": 0,
  "103": 34,
  "104": 35,
  "105": 0,
  "106": 0,
  "107": 0
}
[2018-02-07T00:03:44.287] [DEBUG] EMR104 - Sent outbreak request
[2018-02-07T00:03:44.288] [DEBUG] VectorTimestamp - {
  "1": 0,
  "2": 0,
  "3": 0,
  "10": 0,
  "11": 89,
  "12": 0,
  "13": 0,
  "101": 0,
  "102": 0,
  "103": 36,
  "104": 36,
  "105": 0,
  "106": 0,
  "107": 0
}
[2018-02-07T00:03:44.288] [DEBUG] EMR104 - Got outbreak response
[2018-02-07T00:03:45.289] [DEBUG] VectorTimestamp - {
  "1": 0,
  "2": 0,
  "3": 0,
  "10": 0,
  "11": 89,
  "12": 0,
  "13": 0,
  "101": 0,
  "102": 0,
  "103": 36,
  "104": 37,
  "105": 0,
  "106": 0,
  "107": 0
}
[2018-02-07T00:03:45.289] [DEBUG] EMR104 - Sent outbreak request
[2018-02-07T00:03:45.290] [DEBUG] VectorTimestamp - {
  "1": 0,
  "2": 0,
  "3": 0,
  "10": 0,
  "11": 94,
  "12": 0,
  "13": 0,
  "101": 0,
  "102": 0,
  "103": 38,
  "104": 38,
  "105": 0,
  "106": 0,
  "107": 0
}
[2018-02-07T00:03:45.290] [DEBUG] EMR104 - Got outbreak response
[2018-02-07T00:03:46.011] [DEBUG] VectorTimestamp - {
  "1": 0,
  "2": 0,
  "3": 0,
  "10": 0,
  "11": 94,
  "12": 0,
  "13": 0,
  "101": 0,
  "102": 0,
  "103": 38,
  "104": 39,
  "105": 0,
  "106": 0,
  "107": 0
}
[2018-02-07T00:03:46.011] [DEBUG] EMR104 - Sent disease notification: Influenza (1)
[2018-02-07T00:03:46.290] [DEBUG] VectorTimestamp - {
  "1": 0,
  "2": 0,
  "3": 0,
  "10": 0,
  "11": 94,
  "12": 0,
  "13": 0,
  "101": 0,
  "102": 0,
  "103": 38,
  "104": 40,
  "105": 0,
  "106": 0,
  "107": 0
}
[2018-02-07T00:03:46.290] [DEBUG] EMR104 - Sent outbreak request
[2018-02-07T00:03:46.291] [DEBUG] VectorTimestamp - {
  "1": 0,
  "2": 0,
  "3": 0,
  "10": 0,
  "11": 100,
  "12": 0,
  "13": 0,
  "101": 0,
  "102": 0,
  "103": 40,
  "104": 41,
  "105": 0,
  "106": 0,
  "107": 0
}
[2018-02-07T00:03:46.291] [DEBUG] EMR104 - Got outbreak response
[2018-02-07T00:03:47.290] [DEBUG] VectorTimestamp - {
  "1": 0,
  "2": 0,
  "3": 0,
  "10": 0,
  "11": 100,
  "12": 0,
  "13": 0,
  "101": 0,
  "102": 0,
  "103": 40,
  "104": 42,
  "105": 0,
  "106": 0,
  "107": 0
}
[2018-02-07T00:03:47.290] [DEBUG] EMR104 - Sent outbreak request
[2018-02-07T00:03:47.292] [DEBUG] VectorTimestamp - {
  "1": 0,
  "2": 0,
  "3": 0,
  "10": 0,
  "11": 105,
  "12": 0,
  "13": 0,
  "101": 0,
  "102": 0,
  "103": 42,
  "104": 43,
  "105": 0,
  "106": 0,
  "107": 0
}
[2018-02-07T00:03:47.292] [DEBUG] EMR104 - Got outbreak response
[2018-02-07T00:03:47.815] [DEBUG] VectorTimestamp - {
  "1": 0,
  "2": 0,
  "3": 0,
  "10": 0,
  "11": 105,
  "12": 0,
  "13": 0,
  "101": 0,
  "102": 0,
  "103": 42,
  "104": 44,
  "105": 0,
  "106": 0,
  "107": 0
}
[2018-02-07T00:03:47.815] [DEBUG] EMR104 - Sent disease notification: Influenza (1)
[2018-02-07T00:03:48.291] [DEBUG] VectorTimestamp - {
  "1": 0,
  "2": 0,
  "3": 0,
  "10": 0,
  "11": 105,
  "12": 0,
  "13": 0,
  "101": 0,
  "102": 0,
  "103": 42,
  "104": 45,
  "105": 0,
  "106": 0,
  "107": 0
}
[2018-02-07T00:03:48.291] [DEBUG] EMR104 - Sent outbreak request
[2018-02-07T00:03:48.292] [DEBUG] VectorTimestamp - {
  "1": 0,
  "2": 0,
  "3": 0,
  "10": 0,
  "11": 111,
  "12": 0,
  "13": 0,
  "101": 0,
  "102": 0,
  "103": 44,
  "104": 46,
  "105": 0,
  "106": 0,
  "107": 0
}
[2018-02-07T00:03:48.292] [DEBUG] EMR104 - Got outbreak response
[2018-02-07T00:03:49.292] [DEBUG] VectorTimestamp - {
  "1": 0,
  "2": 0,
  "3": 0,
  "10": 0,
  "11": 111,
  "12": 0,
  "13": 0,
  "101": 0,
  "102": 0,
  "103": 44,
  "104": 47,
  "105": 0,
  "106": 0,
  "107": 0
}
[2018-02-07T00:03:49.292] [DEBUG] EMR104 - Sent outbreak request
[2018-02-07T00:03:49.294] [DEBUG] VectorTimestamp - {
  "1": 0,
  "2": 0,
  "3": 0,
  "10": 0,
  "11": 116,
  "12": 0,
  "13": 0,
  "101": 0,
  "102": 0,
  "103": 46,
  "104": 48,
  "105": 0,
  "106": 0,
  "107": 0
}
[2018-02-07T00:03:49.294] [DEBUG] EMR104 - Got outbreak response
[2018-02-07T00:03:49.519] [DEBUG] VectorTimestamp - {
  "1": 0,
  "2": 0,
  "3": 0,
  "10": 0,
  "11": 116,
  "12": 0,
  "13": 0,
  "101": 0,
  "102": 0,
  "103": 46,
  "104": 49,
  "105": 0,
  "106": 0,
  "107": 0
}
[2018-02-07T00:03:49.519] [DEBUG] EMR104 - Sent disease notification: Influenza (1)
[2018-02-07T00:03:49.920] [DEBUG] VectorTimestamp - {
  "1": 0,
  "2": 0,
  "3": 0,
  "10": 0,
  "11": 116,
  "12": 0,
  "13": 0,
  "101": 0,
  "102": 0,
  "103": 46,
  "104": 50,
  "105": 0,
  "106": 0,
  "107": 0
}
[2018-02-07T00:03:49.920] [DEBUG] EMR104 - Sent disease notification: Influenza (1)
[2018-02-07T00:03:50.293] [DEBUG] VectorTimestamp - {
  "1": 0,
  "2": 0,
  "3": 0,
  "10": 0,
  "11": 116,
  "12": 0,
  "13": 0,
  "101": 0,
  "102": 0,
  "103": 46,
  "104": 51,
  "105": 0,
  "106": 0,
  "107": 0
}
[2018-02-07T00:03:50.294] [DEBUG] EMR104 - Sent outbreak request
[2018-02-07T00:03:50.294] [DEBUG] VectorTimestamp - {
  "1": 0,
  "2": 0,
  "3": 0,
  "10": 0,
  "11": 123,
  "12": 0,
  "13": 0,
  "101": 0,
  "102": 0,
  "103": 48,
  "104": 52,
  "105": 0,
  "106": 0,
  "107": 0
}
[2018-02-07T00:03:50.294] [DEBUG] EMR104 - Got outbreak response
[2018-02-07T00:03:51.295] [DEBUG] VectorTimestamp - {
  "1": 0,
  "2": 0,
  "3": 0,
  "10": 0,
  "11": 123,
  "12": 0,
  "13": 0,
  "101": 0,
  "102": 0,
  "103": 48,
  "104": 53,
  "105": 0,
  "106": 0,
  "107": 0
}
[2018-02-07T00:03:51.295] [DEBUG] EMR104 - Sent outbreak request
[2018-02-07T00:03:51.296] [DEBUG] VectorTimestamp - {
  "1": 0,
  "2": 0,
  "3": 0,
  "10": 0,
  "11": 128,
  "12": 0,
  "13": 0,
  "101": 0,
  "102": 0,
  "103": 50,
  "104": 54,
  "105": 0,
  "106": 0,
  "107": 0
}
[2018-02-07T00:03:51.296] [DEBUG] EMR104 - Got outbreak response
[2018-02-07T00:03:52.296] [DEBUG] VectorTimestamp - {
  "1": 0,
  "2": 0,
  "3": 0,
  "10": 0,
  "11": 128,
  "12": 0,
  "13": 0,
  "101": 0,
  "102": 0,
  "103": 50,
  "104": 55,
  "105": 0,
  "106": 0,
  "107": 0
}
[2018-02-07T00:03:52.296] [DEBUG] EMR104 - Sent outbreak request
[2018-02-07T00:03:52.297] [DEBUG] VectorTimestamp - {
  "1": 0,
  "2": 0,
  "3": 0,
  "10": 0,
  "11": 134,
  "12": 0,
  "13": 0,
  "101": 0,
  "102": 0,
  "103": 53,
  "104": 56,
  "105": 0,
  "106": 0,
  "107": 0
}
[2018-02-07T00:03:52.297] [DEBUG] EMR104 - Got outbreak response
[2018-02-07T00:03:53.296] [DEBUG] VectorTimestamp - {
  "1": 0,
  "2": 0,
  "3": 0,
  "10": 0,
  "11": 134,
  "12": 0,
  "13": 0,
  "101": 0,
  "102": 0,
  "103": 53,
  "104": 57,
  "105": 0,
  "106": 0,
  "107": 0
}
[2018-02-07T00:03:53.296] [DEBUG] EMR104 - Sent outbreak request
[2018-02-07T00:03:53.297] [DEBUG] VectorTimestamp - {
  "1": 0,
  "2": 0,
  "3": 0,
  "10": 0,
  "11": 139,
  "12": 0,
  "13": 0,
  "101": 0,
  "102": 0,
  "103": 55,
  "104": 58,
  "105": 0,
  "106": 0,
  "107": 0
}
[2018-02-07T00:03:53.297] [DEBUG] EMR104 - Got outbreak response
[2018-02-07T00:03:54.297] [DEBUG] VectorTimestamp - {
  "1": 0,
  "2": 0,
  "3": 0,
  "10": 0,
  "11": 139,
  "12": 0,
  "13": 0,
  "101": 0,
  "102": 0,
  "103": 55,
  "104": 59,
  "105": 0,
  "106": 0,
  "107": 0
}
[2018-02-07T00:03:54.297] [DEBUG] EMR104 - Sent outbreak request
[2018-02-07T00:03:54.299] [DEBUG] VectorTimestamp - {
  "1": 0,
  "2": 0,
  "3": 0,
  "10": 0,
  "11": 144,
  "12": 0,
  "13": 0,
  "101": 0,
  "102": 0,
  "103": 57,
  "104": 60,
  "105": 0,
  "106": 0,
  "107": 0
}
[2018-02-07T00:03:54.299] [DEBUG] EMR104 - Got outbreak response
[2018-02-07T00:03:55.298] [DEBUG] VectorTimestamp - {
  "1": 0,
  "2": 0,
  "3": 0,
  "10": 0,
  "11": 144,
  "12": 0,
  "13": 0,
  "101": 0,
  "102": 0,
  "103": 57,
  "104": 61,
  "105": 0,
  "106": 0,
  "107": 0
}
[2018-02-07T00:03:55.298] [DEBUG] EMR104 - Sent outbreak request
[2018-02-07T00:03:55.299] [DEBUG] VectorTimestamp - {
  "1": 0,
  "2": 0,
  "3": 0,
  "10": 0,
  "11": 152,
  "12": 0,
  "13": 0,
  "101": 0,
  "102": 0,
  "103": 62,
  "104": 62,
  "105": 0,
  "106": 0,
  "107": 0
}
[2018-02-07T00:03:55.299] [DEBUG] EMR104 - Got outbreak response
[2018-02-07T00:03:55.333] [DEBUG] VectorTimestamp - {
  "1": 0,
  "2": 0,
  "3": 0,
  "10": 0,
  "11": 152,
  "12": 0,
  "13": 0,
  "101": 0,
  "102": 0,
  "103": 62,
  "104": 63,
  "105": 0,
  "106": 0,
  "107": 0
}
[2018-02-07T00:03:55.333] [DEBUG] EMR104 - Sent disease notification: Influenza (1)
[2018-02-07T00:03:56.035] [DEBUG] VectorTimestamp - {
  "1": 0,
  "2": 0,
  "3": 0,
  "10": 0,
  "11": 152,
  "12": 0,
  "13": 0,
  "101": 0,
  "102": 0,
  "103": 62,
  "104": 64,
  "105": 0,
  "106": 0,
  "107": 0
}
[2018-02-07T00:03:56.035] [DEBUG] EMR104 - Sent disease notification: Influenza (1)
[2018-02-07T00:03:56.299] [DEBUG] VectorTimestamp - {
  "1": 0,
  "2": 0,
  "3": 0,
  "10": 0,
  "11": 152,
  "12": 0,
  "13": 0,
  "101": 0,
  "102": 0,
  "103": 62,
  "104": 65,
  "105": 0,
  "106": 0,
  "107": 0
}
[2018-02-07T00:03:56.300] [DEBUG] EMR104 - Sent outbreak request
[2018-02-07T00:03:56.302] [DEBUG] VectorTimestamp - {
  "1": 0,
  "2": 0,
  "3": 0,
  "10": 0,
  "11": 160,
  "12": 0,
  "13": 0,
  "101": 0,
  "102": 0,
  "103": 65,
  "104": 66,
  "105": 0,
  "106": 0,
  "107": 0
}
[2018-02-07T00:03:56.306] [DEBUG] EMR104 - Got outbreak response
[2018-02-07T00:03:56.334] [DEBUG] VectorTimestamp - {
  "1": 0,
  "2": 0,
  "3": 0,
  "10": 0,
  "11": 160,
  "12": 0,
  "13": 0,
  "101": 0,
  "102": 0,
  "103": 65,
  "104": 67,
  "105": 0,
  "106": 0,
  "107": 0
}
[2018-02-07T00:03:56.334] [DEBUG] EMR104 - Sent disease notification: Influenza (1)
[2018-02-07T00:03:57.301] [DEBUG] VectorTimestamp - {
  "1": 0,
  "2": 0,
  "3": 0,
  "10": 0,
  "11": 160,
  "12": 0,
  "13": 0,
  "101": 0,
  "102": 0,
  "103": 65,
  "104": 68,
  "105": 0,
  "106": 0,
  "107": 0
}
[2018-02-07T00:03:57.301] [DEBUG] EMR104 - Sent outbreak request
[2018-02-07T00:03:57.302] [DEBUG] VectorTimestamp - {
  "1": 0,
  "2": 0,
  "3": 0,
  "10": 0,
  "11": 167,
  "12": 0,
  "13": 0,
  "101": 0,
  "102": 0,
  "103": 68,
  "104": 69,
  "105": 0,
  "106": 0,
  "107": 0
}
[2018-02-07T00:03:57.302] [DEBUG] EMR104 - Got outbreak response
[2018-02-07T00:03:58.302] [DEBUG] VectorTimestamp - {
  "1": 0,
  "2": 0,
  "3": 0,
  "10": 0,
  "11": 167,
  "12": 0,
  "13": 0,
  "101": 0,
  "102": 0,
  "103": 68,
  "104": 70,
  "105": 0,
  "106": 0,
  "107": 0
}
[2018-02-07T00:03:58.302] [DEBUG] EMR104 - Sent outbreak request
[2018-02-07T00:03:58.303] [DEBUG] VectorTimestamp - {
  "1": 0,
  "2": 0,
  "3": 0,
  "10": 0,
  "11": 173,
  "12": 0,
  "13": 0,
  "101": 0,
  "102": 0,
  "103": 71,
  "104": 71,
  "105": 0,
  "106": 0,
  "107": 0
}
[2018-02-07T00:03:58.303] [DEBUG] EMR104 - Got outbreak response
[2018-02-07T00:03:59.303] [DEBUG] VectorTimestamp - {
  "1": 0,
  "2": 0,
  "3": 0,
  "10": 0,
  "11": 173,
  "12": 0,
  "13": 0,
  "101": 0,
  "102": 0,
  "103": 71,
  "104": 72,
  "105": 0,
  "106": 0,
  "107": 0
}
[2018-02-07T00:03:59.303] [DEBUG] EMR104 - Sent outbreak request
[2018-02-07T00:03:59.305] [DEBUG] VectorTimestamp - {
  "1": 0,
  "2": 0,
  "3": 0,
  "10": 0,
  "11": 180,
  "12": 0,
  "13": 0,
  "101": 0,
  "102": 0,
  "103": 75,
  "104": 73,
  "105": 0,
  "106": 0,
  "107": 0
}
[2018-02-07T00:03:59.305] [DEBUG] EMR104 - Got outbreak response
[2018-02-07T00:03:59.843] [DEBUG] VectorTimestamp - {
  "1": 0,
  "2": 0,
  "3": 0,
  "10": 0,
  "11": 180,
  "12": 0,
  "13": 0,
  "101": 0,
  "102": 0,
  "103": 75,
  "104": 74,
  "105": 0,
  "106": 0,
  "107": 0
}
[2018-02-07T00:03:59.843] [DEBUG] EMR104 - Sent disease notification: Influenza (1)
[2018-02-07T00:04:00.304] [DEBUG] VectorTimestamp - {
  "1": 0,
  "2": 0,
  "3": 0,
  "10": 0,
  "11": 180,
  "12": 0,
  "13": 0,
  "101": 0,
  "102": 0,
  "103": 75,
  "104": 75,
  "105": 0,
  "106": 0,
  "107": 0
}
[2018-02-07T00:04:00.304] [DEBUG] EMR104 - Sent outbreak request
[2018-02-07T00:04:00.307] [DEBUG] VectorTimestamp - {
  "1": 0,
  "2": 0,
  "3": 0,
  "10": 0,
  "11": 187,
  "12": 0,
  "13": 0,
  "101": 0,
  "102": 0,
  "103": 78,
  "104": 76,
  "105": 0,
  "106": 0,
  "107": 0
}
[2018-02-07T00:04:00.308] [DEBUG] EMR104 - Got outbreak response
[2018-02-07T00:04:01.305] [DEBUG] VectorTimestamp - {
  "1": 0,
  "2": 0,
  "3": 0,
  "10": 0,
  "11": 187,
  "12": 0,
  "13": 0,
  "101": 0,
  "102": 0,
  "103": 78,
  "104": 77,
  "105": 0,
  "106": 0,
  "107": 0
}
[2018-02-07T00:04:01.305] [DEBUG] EMR104 - Sent outbreak request
[2018-02-07T00:04:01.306] [DEBUG] VectorTimestamp - {
  "1": 0,
  "2": 0,
  "3": 0,
  "10": 0,
  "11": 193,
  "12": 0,
  "13": 0,
  "101": 0,
  "102": 0,
  "103": 81,
  "104": 78,
  "105": 0,
  "106": 0,
  "107": 0
}
[2018-02-07T00:04:01.306] [DEBUG] EMR104 - Got outbreak response
[2018-02-07T00:04:02.305] [DEBUG] VectorTimestamp - {
  "1": 0,
  "2": 0,
  "3": 0,
  "10": 0,
  "11": 193,
  "12": 0,
  "13": 0,
  "101": 0,
  "102": 0,
  "103": 81,
  "104": 79,
  "105": 0,
  "106": 0,
  "107": 0
}
[2018-02-07T00:04:02.306] [DEBUG] EMR104 - Sent outbreak request
[2018-02-07T00:04:02.307] [DEBUG] VectorTimestamp - {
  "1": 0,
  "2": 0,
  "3": 0,
  "10": 0,
  "11": 198,
  "12": 0,
  "13": 0,
  "101": 0,
  "102": 0,
  "103": 83,
  "104": 80,
  "105": 0,
  "106": 0,
  "107": 0
}
[2018-02-07T00:04:02.307] [DEBUG] EMR104 - Got outbreak response
[2018-02-07T00:04:03.307] [DEBUG] VectorTimestamp - {
  "1": 0,
  "2": 0,
  "3": 0,
  "10": 0,
  "11": 198,
  "12": 0,
  "13": 0,
  "101": 0,
  "102": 0,
  "103": 83,
  "104": 81,
  "105": 0,
  "106": 0,
  "107": 0
}
[2018-02-07T00:04:03.308] [DEBUG] EMR104 - Sent outbreak request
[2018-02-07T00:04:03.309] [DEBUG] VectorTimestamp - {
  "1": 0,
  "2": 0,
  "3": 0,
  "10": 0,
  "11": 204,
  "12": 0,
  "13": 0,
  "101": 0,
  "102": 0,
  "103": 86,
  "104": 82,
  "105": 0,
  "106": 0,
  "107": 0
}
[2018-02-07T00:04:03.309] [DEBUG] EMR104 - Got outbreak response
[2018-02-07T00:04:03.954] [DEBUG] VectorTimestamp - {
  "1": 0,
  "2": 0,
  "3": 0,
  "10": 0,
  "11": 204,
  "12": 0,
  "13": 0,
  "101": 0,
  "102": 0,
  "103": 86,
  "104": 83,
  "105": 0,
  "106": 0,
  "107": 0
}
[2018-02-07T00:04:03.954] [DEBUG] EMR104 - Sent disease notification: Influenza (1)
[2018-02-07T00:04:04.309] [DEBUG] VectorTimestamp - {
  "1": 0,
  "2": 0,
  "3": 0,
  "10": 0,
  "11": 204,
  "12": 0,
  "13": 0,
  "101": 0,
  "102": 0,
  "103": 86,
  "104": 84,
  "105": 0,
  "106": 0,
  "107": 0
}
[2018-02-07T00:04:04.309] [DEBUG] EMR104 - Sent outbreak request
[2018-02-07T00:04:04.314] [DEBUG] VectorTimestamp - {
  "1": 0,
  "2": 0,
  "3": 0,
  "10": 0,
  "11": 211,
  "12": 0,
  "13": 0,
  "101": 0,
  "102": 0,
  "103": 89,
  "104": 85,
  "105": 0,
  "106": 0,
  "107": 0
}
[2018-02-07T00:04:04.314] [DEBUG] EMR104 - Got outbreak response
[2018-02-07T00:04:04.555] [DEBUG] VectorTimestamp - {
  "1": 0,
  "2": 0,
  "3": 0,
  "10": 0,
  "11": 211,
  "12": 0,
  "13": 0,
  "101": 0,
  "102": 0,
  "103": 89,
  "104": 86,
  "105": 0,
  "106": 0,
  "107": 0
}
[2018-02-07T00:04:04.555] [DEBUG] EMR104 - Sent disease notification: Influenza (1)
[2018-02-07T00:04:05.309] [DEBUG] VectorTimestamp - {
  "1": 0,
  "2": 0,
  "3": 0,
  "10": 0,
  "11": 211,
  "12": 0,
  "13": 0,
  "101": 0,
  "102": 0,
  "103": 89,
  "104": 87,
  "105": 0,
  "106": 0,
  "107": 0
}
[2018-02-07T00:04:05.309] [DEBUG] EMR104 - Sent outbreak request
[2018-02-07T00:04:05.310] [DEBUG] VectorTimestamp - {
  "1": 0,
  "2": 0,
  "3": 0,
  "10": 0,
  "11": 217,
  "12": 0,
  "13": 0,
  "101": 0,
  "102": 0,
  "103": 91,
  "104": 88,
  "105": 0,
  "106": 0,
  "107": 0
}
[2018-02-07T00:04:05.310] [DEBUG] EMR104 - Got outbreak response
[2018-02-07T00:04:06.310] [DEBUG] VectorTimestamp - {
  "1": 0,
  "2": 0,
  "3": 0,
  "10": 0,
  "11": 217,
  "12": 0,
  "13": 0,
  "101": 0,
  "102": 0,
  "103": 91,
  "104": 89,
  "105": 0,
  "106": 0,
  "107": 0
}
[2018-02-07T00:04:06.310] [DEBUG] EMR104 - Sent outbreak request
[2018-02-07T00:04:06.311] [DEBUG] VectorTimestamp - {
  "1": 0,
  "2": 0,
  "3": 0,
  "10": 0,
  "11": 222,
  "12": 0,
  "13": 0,
  "101": 0,
  "102": 0,
  "103": 93,
  "104": 90,
  "105": 0,
  "106": 0,
  "107": 0
}
[2018-02-07T00:04:06.311] [DEBUG] EMR104 - Got outbreak response
[2018-02-07T00:04:06.660] [DEBUG] VectorTimestamp - {
  "1": 0,
  "2": 0,
  "3": 0,
  "10": 0,
  "11": 222,
  "12": 0,
  "13": 0,
  "101": 0,
  "102": 0,
  "103": 93,
  "104": 91,
  "105": 0,
  "106": 0,
  "107": 0
}
[2018-02-07T00:04:06.660] [DEBUG] EMR104 - Sent disease notification: Influenza (1)
[2018-02-07T00:04:07.311] [DEBUG] VectorTimestamp - {
  "1": 0,
  "2": 0,
  "3": 0,
  "10": 0,
  "11": 222,
  "12": 0,
  "13": 0,
  "101": 0,
  "102": 0,
  "103": 93,
  "104": 92,
  "105": 0,
  "106": 0,
  "107": 0
}
[2018-02-07T00:04:07.311] [DEBUG] EMR104 - Sent outbreak request
[2018-02-07T00:04:07.312] [DEBUG] VectorTimestamp - {
  "1": 0,
  "2": 0,
  "3": 0,
  "10": 0,
  "11": 228,
  "12": 0,
  "13": 0,
  "101": 0,
  "102": 0,
  "103": 95,
  "104": 93,
  "105": 0,
  "106": 0,
  "107": 0
}
[2018-02-07T00:04:07.312] [DEBUG] EMR104 - Got outbreak response
[2018-02-07T00:04:08.311] [DEBUG] VectorTimestamp - {
  "1": 0,
  "2": 0,
  "3": 0,
  "10": 0,
  "11": 228,
  "12": 0,
  "13": 0,
  "101": 0,
  "102": 0,
  "103": 95,
  "104": 94,
  "105": 0,
  "106": 0,
  "107": 0
}
[2018-02-07T00:04:08.311] [DEBUG] EMR104 - Sent outbreak request
[2018-02-07T00:04:08.312] [DEBUG] VectorTimestamp - {
  "1": 0,
  "2": 0,
  "3": 0,
  "10": 0,
  "11": 233,
  "12": 0,
  "13": 0,
  "101": 0,
  "102": 0,
  "103": 97,
  "104": 95,
  "105": 0,
  "106": 0,
  "107": 0
}
[2018-02-07T00:04:08.312] [DEBUG] EMR104 - Got outbreak response
[2018-02-07T00:04:09.312] [DEBUG] VectorTimestamp - {
  "1": 0,
  "2": 0,
  "3": 0,
  "10": 0,
  "11": 233,
  "12": 0,
  "13": 0,
  "101": 0,
  "102": 0,
  "103": 97,
  "104": 96,
  "105": 0,
  "106": 0,
  "107": 0
}
[2018-02-07T00:04:09.312] [DEBUG] EMR104 - Sent outbreak request
[2018-02-07T00:04:09.313] [DEBUG] VectorTimestamp - {
  "1": 0,
  "2": 0,
  "3": 0,
  "10": 0,
  "11": 238,
  "12": 0,
  "13": 0,
  "101": 0,
  "102": 0,
  "103": 99,
  "104": 97,
  "105": 0,
  "106": 0,
  "107": 0
}
[2018-02-07T00:04:09.313] [DEBUG] EMR104 - Got outbreak response
[2018-02-07T00:04:09.968] [DEBUG] VectorTimestamp - {
  "1": 0,
  "2": 0,
  "3": 0,
  "10": 0,
  "11": 238,
  "12": 0,
  "13": 0,
  "101": 0,
  "102": 0,
  "103": 99,
  "104": 98,
  "105": 0,
  "106": 0,
  "107": 0
}
[2018-02-07T00:04:09.968] [DEBUG] EMR104 - Sent disease notification: Influenza (1)
[2018-02-07T00:04:10.313] [DEBUG] VectorTimestamp - {
  "1": 0,
  "2": 0,
  "3": 0,
  "10": 0,
  "11": 238,
  "12": 0,
  "13": 0,
  "101": 0,
  "102": 0,
  "103": 99,
  "104": 99,
  "105": 0,
  "106": 0,
  "107": 0
}
[2018-02-07T00:04:10.313] [DEBUG] EMR104 - Sent outbreak request
[2018-02-07T00:04:10.314] [DEBUG] VectorTimestamp - {
  "1": 0,
  "2": 0,
  "3": 0,
  "10": 0,
  "11": 244,
  "12": 0,
  "13": 0,
  "101": 0,
  "102": 0,
  "103": 101,
  "104": 100,
  "105": 0,
  "106": 0,
  "107": 0
}
[2018-02-07T00:04:10.314] [DEBUG] EMR104 - Got outbreak response
[2018-02-07T00:04:10.670] [DEBUG] VectorTimestamp - {
  "1": 0,
  "2": 0,
  "3": 0,
  "10": 0,
  "11": 244,
  "12": 0,
  "13": 0,
  "101": 0,
  "102": 0,
  "103": 101,
  "104": 101,
  "105": 0,
  "106": 0,
  "107": 0
}
[2018-02-07T00:04:10.670] [DEBUG] EMR104 - Sent disease notification: Influenza (1)
[2018-02-07T00:04:11.313] [DEBUG] VectorTimestamp - {
  "1": 0,
  "2": 0,
  "3": 0,
  "10": 0,
  "11": 244,
  "12": 0,
  "13": 0,
  "101": 0,
  "102": 0,
  "103": 101,
  "104": 102,
  "105": 0,
  "106": 0,
  "107": 0
}
[2018-02-07T00:04:11.313] [DEBUG] EMR104 - Sent outbreak request
[2018-02-07T00:04:11.314] [DEBUG] VectorTimestamp - {
  "1": 0,
  "2": 0,
  "3": 0,
  "10": 0,
  "11": 250,
  "12": 0,
  "13": 0,
  "101": 0,
  "102": 0,
  "103": 103,
  "104": 103,
  "105": 0,
  "106": 0,
  "107": 0
}
[2018-02-07T00:04:11.314] [DEBUG] EMR104 - Got outbreak response
[2018-02-07T00:04:12.314] [DEBUG] VectorTimestamp - {
  "1": 0,
  "2": 0,
  "3": 0,
  "10": 0,
  "11": 250,
  "12": 0,
  "13": 0,
  "101": 0,
  "102": 0,
  "103": 103,
  "104": 104,
  "105": 0,
  "106": 0,
  "107": 0
}
[2018-02-07T00:04:12.314] [DEBUG] EMR104 - Sent outbreak request
[2018-02-07T00:04:12.315] [DEBUG] VectorTimestamp - {
  "1": 0,
  "2": 0,
  "3": 0,
  "10": 0,
  "11": 255,
  "12": 0,
  "13": 0,
  "101": 0,
  "102": 0,
  "103": 105,
  "104": 105,
  "105": 0,
  "106": 0,
  "107": 0
}
[2018-02-07T00:04:12.315] [DEBUG] EMR104 - Got outbreak response
[2018-02-07T00:04:12.373] [DEBUG] VectorTimestamp - {
  "1": 0,
  "2": 0,
  "3": 0,
  "10": 0,
  "11": 255,
  "12": 0,
  "13": 0,
  "101": 0,
  "102": 0,
  "103": 105,
  "104": 106,
  "105": 0,
  "106": 0,
  "107": 0
}
[2018-02-07T00:04:12.373] [DEBUG] EMR104 - Sent disease notification: Influenza (1)
[2018-02-07T00:04:12.974] [DEBUG] VectorTimestamp - {
  "1": 0,
  "2": 0,
  "3": 0,
  "10": 0,
  "11": 255,
  "12": 0,
  "13": 0,
  "101": 0,
  "102": 0,
  "103": 105,
  "104": 107,
  "105": 0,
  "106": 0,
  "107": 0
}
[2018-02-07T00:04:12.974] [DEBUG] EMR104 - Sent disease notification: Influenza (1)
[2018-02-07T00:04:13.315] [DEBUG] VectorTimestamp - {
  "1": 0,
  "2": 0,
  "3": 0,
  "10": 0,
  "11": 255,
  "12": 0,
  "13": 0,
  "101": 0,
  "102": 0,
  "103": 105,
  "104": 108,
  "105": 0,
  "106": 0,
  "107": 0
}
[2018-02-07T00:04:13.315] [DEBUG] EMR104 - Sent outbreak request
[2018-02-07T00:04:13.316] [DEBUG] VectorTimestamp - {
  "1": 0,
  "2": 0,
  "3": 0,
  "10": 0,
  "11": 262,
  "12": 0,
  "13": 0,
  "101": 0,
  "102": 0,
  "103": 107,
  "104": 109,
  "105": 0,
  "106": 0,
  "107": 0
}
[2018-02-07T00:04:13.316] [DEBUG] EMR104 - Got outbreak response
[2018-02-07T00:04:13.676] [DEBUG] VectorTimestamp - {
  "1": 0,
  "2": 0,
  "3": 0,
  "10": 0,
  "11": 262,
  "12": 0,
  "13": 0,
  "101": 0,
  "102": 0,
  "103": 107,
  "104": 110,
  "105": 0,
  "106": 0,
  "107": 0
}
[2018-02-07T00:04:13.676] [DEBUG] EMR104 - Sent disease notification: Influenza (1)
[2018-02-07T00:04:14.077] [DEBUG] VectorTimestamp - {
  "1": 0,
  "2": 0,
  "3": 0,
  "10": 0,
  "11": 262,
  "12": 0,
  "13": 0,
  "101": 0,
  "102": 0,
  "103": 107,
  "104": 111,
  "105": 0,
  "106": 0,
  "107": 0
}
[2018-02-07T00:04:14.077] [DEBUG] EMR104 - Sent disease notification: Influenza (1)
[2018-02-07T00:04:14.277] [DEBUG] VectorTimestamp - {
  "1": 0,
  "2": 0,
  "3": 0,
  "10": 0,
  "11": 262,
  "12": 0,
  "13": 0,
  "101": 0,
  "102": 0,
  "103": 107,
  "104": 112,
  "105": 0,
  "106": 0,
  "107": 0
}
[2018-02-07T00:04:14.277] [DEBUG] EMR104 - Sent disease notification: Influenza (1)
[2018-02-07T00:04:14.315] [DEBUG] VectorTimestamp - {
  "1": 0,
  "2": 0,
  "3": 0,
  "10": 0,
  "11": 262,
  "12": 0,
  "13": 0,
  "101": 0,
  "102": 0,
  "103": 107,
  "104": 113,
  "105": 0,
  "106": 0,
  "107": 0
}
[2018-02-07T00:04:14.315] [DEBUG] EMR104 - Sent outbreak request
[2018-02-07T00:04:14.316] [DEBUG] VectorTimestamp - {
  "1": 0,
  "2": 0,
  "3": 0,
  "10": 0,
  "11": 271,
  "12": 0,
  "13": 0,
  "101": 0,
  "102": 0,
  "103": 110,
  "104": 114,
  "105": 0,
  "106": 0,
  "107": 0
}
[2018-02-07T00:04:14.316] [DEBUG] EMR104 - Got outbreak response
[2018-02-07T00:04:15.180] [DEBUG] VectorTimestamp - {
  "1": 0,
  "2": 0,
  "3": 0,
  "10": 0,
  "11": 271,
  "12": 0,
  "13": 0,
  "101": 0,
  "102": 0,
  "103": 110,
  "104": 115,
  "105": 0,
  "106": 0,
  "107": 0
}
[2018-02-07T00:04:15.180] [DEBUG] EMR104 - Sent disease notification: Influenza (1)
[2018-02-07T00:04:15.316] [DEBUG] VectorTimestamp - {
  "1": 0,
  "2": 0,
  "3": 0,
  "10": 0,
  "11": 271,
  "12": 0,
  "13": 0,
  "101": 0,
  "102": 0,
  "103": 110,
  "104": 116,
  "105": 0,
  "106": 0,
  "107": 0
}
[2018-02-07T00:04:15.316] [DEBUG] EMR104 - Sent outbreak request
[2018-02-07T00:04:15.317] [DEBUG] VectorTimestamp - {
  "1": 0,
  "2": 0,
  "3": 0,
  "10": 0,
  "11": 277,
  "12": 0,
  "13": 0,
  "101": 0,
  "102": 0,
  "103": 112,
  "104": 117,
  "105": 0,
  "106": 0,
  "107": 0
}
[2018-02-07T00:04:15.317] [DEBUG] EMR104 - Got outbreak response
[2018-02-07T00:04:15.581] [DEBUG] VectorTimestamp - {
  "1": 0,
  "2": 0,
  "3": 0,
  "10": 0,
  "11": 277,
  "12": 0,
  "13": 0,
  "101": 0,
  "102": 0,
  "103": 112,
  "104": 118,
  "105": 0,
  "106": 0,
  "107": 0
}
[2018-02-07T00:04:15.581] [DEBUG] EMR104 - Sent disease notification: Influenza (1)
[2018-02-07T00:04:15.781] [DEBUG] VectorTimestamp - {
  "1": 0,
  "2": 0,
  "3": 0,
  "10": 0,
  "11": 277,
  "12": 0,
  "13": 0,
  "101": 0,
  "102": 0,
  "103": 112,
  "104": 119,
  "105": 0,
  "106": 0,
  "107": 0
}
[2018-02-07T00:04:15.781] [DEBUG] EMR104 - Sent disease notification: Influenza (1)
[2018-02-07T00:04:16.317] [DEBUG] VectorTimestamp - {
  "1": 0,
  "2": 0,
  "3": 0,
  "10": 0,
  "11": 277,
  "12": 0,
  "13": 0,
  "101": 0,
  "102": 0,
  "103": 112,
  "104": 120,
  "105": 0,
  "106": 0,
  "107": 0
}
[2018-02-07T00:04:16.317] [DEBUG] EMR104 - Sent outbreak request
[2018-02-07T00:04:16.318] [DEBUG] VectorTimestamp - {
  "1": 0,
  "2": 0,
  "3": 0,
  "10": 0,
  "11": 285,
  "12": 0,
  "13": 0,
  "101": 0,
  "102": 0,
  "103": 115,
  "104": 121,
  "105": 0,
  "106": 0,
  "107": 0
}
[2018-02-07T00:04:16.318] [DEBUG] EMR104 - Got outbreak response
[2018-02-07T00:04:17.085] [DEBUG] VectorTimestamp - {
  "1": 0,
  "2": 0,
  "3": 0,
  "10": 0,
  "11": 285,
  "12": 0,
  "13": 0,
  "101": 0,
  "102": 0,
  "103": 115,
  "104": 122,
  "105": 0,
  "106": 0,
  "107": 0
}
[2018-02-07T00:04:17.085] [DEBUG] EMR104 - Sent disease notification: Influenza (1)
[2018-02-07T00:04:17.318] [DEBUG] VectorTimestamp - {
  "1": 0,
  "2": 0,
  "3": 0,
  "10": 0,
  "11": 285,
  "12": 0,
  "13": 0,
  "101": 0,
  "102": 0,
  "103": 115,
  "104": 123,
  "105": 0,
  "106": 0,
  "107": 0
}
[2018-02-07T00:04:17.318] [DEBUG] EMR104 - Sent outbreak request
[2018-02-07T00:04:17.319] [DEBUG] VectorTimestamp - {
  "1": 0,
  "2": 0,
  "3": 0,
  "10": 0,
  "11": 292,
  "12": 0,
  "13": 0,
  "101": 0,
  "102": 0,
  "103": 118,
  "104": 124,
  "105": 0,
  "106": 0,
  "107": 0
}
[2018-02-07T00:04:17.319] [DEBUG] EMR104 - Got outbreak response
[2018-02-07T00:04:17.685] [DEBUG] VectorTimestamp - {
  "1": 0,
  "2": 0,
  "3": 0,
  "10": 0,
  "11": 292,
  "12": 0,
  "13": 0,
  "101": 0,
  "102": 0,
  "103": 118,
  "104": 125,
  "105": 0,
  "106": 0,
  "107": 0
}
[2018-02-07T00:04:17.685] [DEBUG] EMR104 - Sent disease notification: Influenza (1)
[2018-02-07T00:04:18.287] [DEBUG] VectorTimestamp - {
  "1": 0,
  "2": 0,
  "3": 0,
  "10": 0,
  "11": 292,
  "12": 0,
  "13": 0,
  "101": 0,
  "102": 0,
  "103": 118,
  "104": 126,
  "105": 0,
  "106": 0,
  "107": 0
}
[2018-02-07T00:04:18.287] [DEBUG] EMR104 - Sent disease notification: Influenza (1)
[2018-02-07T00:04:18.319] [DEBUG] VectorTimestamp - {
  "1": 0,
  "2": 0,
  "3": 0,
  "10": 0,
  "11": 292,
  "12": 0,
  "13": 0,
  "101": 0,
  "102": 0,
  "103": 118,
  "104": 127,
  "105": 0,
  "106": 0,
  "107": 0
}
[2018-02-07T00:04:18.319] [DEBUG] EMR104 - Sent outbreak request
[2018-02-07T00:04:18.320] [DEBUG] VectorTimestamp - {
  "1": 0,
  "2": 0,
  "3": 0,
  "10": 0,
  "11": 299,
  "12": 0,
  "13": 0,
  "101": 0,
  "102": 0,
  "103": 120,
  "104": 128,
  "105": 0,
  "106": 0,
  "107": 0
}
[2018-02-07T00:04:18.320] [DEBUG] EMR104 - Got outbreak response
[2018-02-07T00:04:18.387] [DEBUG] VectorTimestamp - {
  "1": 0,
  "2": 0,
  "3": 0,
  "10": 0,
  "11": 299,
  "12": 0,
  "13": 0,
  "101": 0,
  "102": 0,
  "103": 120,
  "104": 129,
  "105": 0,
  "106": 0,
  "107": 0
}
[2018-02-07T00:04:18.387] [DEBUG] EMR104 - Sent disease notification: Influenza (1)
[2018-02-07T00:04:19.320] [DEBUG] VectorTimestamp - {
  "1": 0,
  "2": 0,
  "3": 0,
  "10": 0,
  "11": 299,
  "12": 0,
  "13": 0,
  "101": 0,
  "102": 0,
  "103": 120,
  "104": 130,
  "105": 0,
  "106": 0,
  "107": 0
}
[2018-02-07T00:04:19.320] [DEBUG] EMR104 - Sent outbreak request
[2018-02-07T00:04:19.321] [DEBUG] VectorTimestamp - {
  "1": 0,
  "2": 0,
  "3": 0,
  "10": 0,
  "11": 306,
  "12": 0,
  "13": 0,
  "101": 0,
  "102": 0,
  "103": 123,
  "104": 131,
  "105": 0,
  "106": 0,
  "107": 0
}
[2018-02-07T00:04:19.321] [DEBUG] EMR104 - Got outbreak response
[2018-02-07T00:04:19.490] [DEBUG] VectorTimestamp - {
  "1": 0,
  "2": 0,
  "3": 0,
  "10": 0,
  "11": 306,
  "12": 0,
  "13": 0,
  "101": 0,
  "102": 0,
  "103": 123,
  "104": 132,
  "105": 0,
  "106": 0,
  "107": 0
}
[2018-02-07T00:04:19.490] [DEBUG] EMR104 - Sent disease notification: Influenza (1)
[2018-02-07T00:04:20.320] [DEBUG] VectorTimestamp - {
  "1": 0,
  "2": 0,
  "3": 0,
  "10": 0,
  "11": 306,
  "12": 0,
  "13": 0,
  "101": 0,
  "102": 0,
  "103": 123,
  "104": 133,
  "105": 0,
  "106": 0,
  "107": 0
}
[2018-02-07T00:04:20.320] [DEBUG] EMR104 - Sent outbreak request
[2018-02-07T00:04:20.321] [DEBUG] VectorTimestamp - {
  "1": 290,
  "2": 0,
  "3": 0,
  "10": 310,
  "11": 314,
  "12": 310,
  "13": 191,
  "101": 119,
  "102": 138,
  "103": 126,
  "104": 134,
  "105": 128,
  "106": 128,
  "107": 138
}
[2018-02-07T00:04:20.321] [DEBUG] EMR104 - Got outbreak response
[2018-02-07T00:04:20.321] [INFO] EMR104 - Outbreaks: [
  {
    "time": "Wed Feb 07 2018 00:04:19 GMT-0700 (Mountain Standard Time)",
    "infections": 122,
    "type": 1,
    "name": "Influenza"
  }
]
[2018-02-07T00:04:21.321] [DEBUG] VectorTimestamp - {
  "1": 290,
  "2": 0,
  "3": 0,
  "10": 310,
  "11": 314,
  "12": 310,
  "13": 191,
  "101": 119,
  "102": 138,
  "103": 126,
  "104": 135,
  "105": 128,
  "106": 128,
  "107": 138
}
[2018-02-07T00:04:21.321] [DEBUG] EMR104 - Sent outbreak request
[2018-02-07T00:04:21.322] [DEBUG] VectorTimestamp - {
  "1": 300,
  "2": 0,
  "3": 0,
  "10": 324,
  "11": 322,
  "12": 317,
  "13": 196,
  "101": 125,
  "102": 144,
  "103": 130,
  "104": 136,
  "105": 131,
  "106": 130,
  "107": 141
}
[2018-02-07T00:04:21.322] [DEBUG] EMR104 - Got outbreak response
[2018-02-07T00:04:21.322] [INFO] EMR104 - Outbreaks: [
  {
    "time": "Wed Feb 07 2018 00:04:19 GMT-0700 (Mountain Standard Time)",
    "infections": 122,
    "type": 1,
    "name": "Influenza"
  },
  {
    "time": "Wed Feb 07 2018 00:04:21 GMT-0700 (Mountain Standard Time)",
    "infections": 121,
    "type": 1,
    "name": "Influenza"
  }
]
[2018-02-07T00:04:22.322] [DEBUG] VectorTimestamp - {
  "1": 300,
  "2": 0,
  "3": 0,
  "10": 324,
  "11": 322,
  "12": 317,
  "13": 196,
  "101": 125,
  "102": 144,
  "103": 130,
  "104": 137,
  "105": 131,
  "106": 130,
  "107": 141
}
[2018-02-07T00:04:22.322] [DEBUG] EMR104 - Sent outbreak request
[2018-02-07T00:04:22.323] [DEBUG] VectorTimestamp - {
  "1": 300,
  "2": 0,
  "3": 0,
  "10": 324,
  "11": 328,
  "12": 317,
  "13": 196,
  "101": 125,
  "102": 144,
  "103": 133,
  "104": 138,
  "105": 131,
  "106": 130,
  "107": 141
}
[2018-02-07T00:04:22.323] [DEBUG] EMR104 - Got outbreak response
[2018-02-07T00:04:22.323] [INFO] EMR104 - Outbreaks: [
  {
    "time": "Wed Feb 07 2018 00:04:19 GMT-0700 (Mountain Standard Time)",
    "infections": 122,
    "type": 1,
    "name": "Influenza"
  },
  {
    "time": "Wed Feb 07 2018 00:04:21 GMT-0700 (Mountain Standard Time)",
    "infections": 121,
    "type": 1,
    "name": "Influenza"
  }
]
[2018-02-07T00:04:23.322] [DEBUG] VectorTimestamp - {
  "1": 300,
  "2": 0,
  "3": 0,
  "10": 324,
  "11": 328,
  "12": 317,
  "13": 196,
  "101": 125,
  "102": 144,
  "103": 133,
  "104": 139,
  "105": 131,
  "106": 130,
  "107": 141
}
[2018-02-07T00:04:23.323] [DEBUG] EMR104 - Sent outbreak request
[2018-02-07T00:04:23.324] [DEBUG] VectorTimestamp - {
  "1": 300,
  "2": 0,
  "3": 0,
  "10": 324,
  "11": 334,
  "12": 317,
  "13": 196,
  "101": 125,
  "102": 144,
  "103": 136,
  "104": 140,
  "105": 131,
  "106": 130,
  "107": 141
}
[2018-02-07T00:04:23.324] [DEBUG] EMR104 - Got outbreak response
[2018-02-07T00:04:23.324] [INFO] EMR104 - Outbreaks: [
  {
    "time": "Wed Feb 07 2018 00:04:19 GMT-0700 (Mountain Standard Time)",
    "infections": 122,
    "type": 1,
    "name": "Influenza"
  },
  {
    "time": "Wed Feb 07 2018 00:04:21 GMT-0700 (Mountain Standard Time)",
    "infections": 121,
    "type": 1,
    "name": "Influenza"
  }
]
[2018-02-07T00:04:23.902] [DEBUG] VectorTimestamp - {
  "1": 300,
  "2": 0,
  "3": 0,
  "10": 324,
  "11": 334,
  "12": 317,
  "13": 196,
  "101": 125,
  "102": 144,
  "103": 136,
  "104": 141,
  "105": 131,
  "106": 130,
  "107": 141
}
[2018-02-07T00:04:23.902] [DEBUG] EMR104 - Sent disease notification: Influenza (1)
[2018-02-07T00:04:24.002] [DEBUG] VectorTimestamp - {
  "1": 300,
  "2": 0,
  "3": 0,
  "10": 324,
  "11": 334,
  "12": 317,
  "13": 196,
  "101": 125,
  "102": 144,
  "103": 136,
  "104": 142,
  "105": 131,
  "106": 130,
  "107": 141
}
[2018-02-07T00:04:24.002] [DEBUG] EMR104 - Sent disease notification: Influenza (1)
[2018-02-07T00:04:24.324] [DEBUG] VectorTimestamp - {
  "1": 300,
  "2": 0,
  "3": 0,
  "10": 324,
  "11": 334,
  "12": 317,
  "13": 196,
  "101": 125,
  "102": 144,
  "103": 136,
  "104": 143,
  "105": 131,
  "106": 130,
  "107": 141
}
[2018-02-07T00:04:24.327] [DEBUG] EMR104 - Sent outbreak request
[2018-02-07T00:04:24.328] [DEBUG] VectorTimestamp - {
  "1": 300,
  "2": 0,
  "3": 0,
  "10": 324,
  "11": 341,
  "12": 317,
  "13": 196,
  "101": 125,
  "102": 144,
  "103": 138,
  "104": 144,
  "105": 131,
  "106": 130,
  "107": 141
}
[2018-02-07T00:04:24.328] [DEBUG] EMR104 - Got outbreak response
[2018-02-07T00:04:24.328] [INFO] EMR104 - Outbreaks: [
  {
    "time": "Wed Feb 07 2018 00:04:19 GMT-0700 (Mountain Standard Time)",
    "infections": 122,
    "type": 1,
    "name": "Influenza"
  },
  {
    "time": "Wed Feb 07 2018 00:04:21 GMT-0700 (Mountain Standard Time)",
    "infections": 121,
    "type": 1,
    "name": "Influenza"
  }
]
[2018-02-07T00:04:24.904] [DEBUG] VectorTimestamp - {
  "1": 300,
  "2": 0,
  "3": 0,
  "10": 324,
  "11": 341,
  "12": 317,
  "13": 196,
  "101": 125,
  "102": 144,
  "103": 138,
  "104": 145,
  "105": 131,
  "106": 130,
  "107": 141
}
[2018-02-07T00:04:24.904] [DEBUG] EMR104 - Sent disease notification: Influenza (1)
[2018-02-07T00:04:25.327] [DEBUG] VectorTimestamp - {
  "1": 300,
  "2": 0,
  "3": 0,
  "10": 324,
  "11": 341,
  "12": 317,
  "13": 196,
  "101": 125,
  "102": 144,
  "103": 138,
  "104": 146,
  "105": 131,
  "106": 130,
  "107": 141
}
[2018-02-07T00:04:25.327] [DEBUG] EMR104 - Sent outbreak request
[2018-02-07T00:04:25.328] [DEBUG] VectorTimestamp - {
  "1": 300,
  "2": 0,
  "3": 0,
  "10": 324,
  "11": 348,
  "12": 317,
  "13": 196,
  "101": 125,
  "102": 144,
  "103": 141,
  "104": 147,
  "105": 131,
  "106": 130,
  "107": 141
}
[2018-02-07T00:04:25.328] [DEBUG] EMR104 - Got outbreak response
[2018-02-07T00:04:25.328] [INFO] EMR104 - Outbreaks: [
  {
    "time": "Wed Feb 07 2018 00:04:19 GMT-0700 (Mountain Standard Time)",
    "infections": 122,
    "type": 1,
    "name": "Influenza"
  },
  {
    "time": "Wed Feb 07 2018 00:04:21 GMT-0700 (Mountain Standard Time)",
    "infections": 121,
    "type": 1,
    "name": "Influenza"
  }
]
[2018-02-07T00:04:25.707] [DEBUG] VectorTimestamp - {
  "1": 300,
  "2": 0,
  "3": 0,
  "10": 324,
  "11": 348,
  "12": 317,
  "13": 196,
  "101": 125,
  "102": 144,
  "103": 141,
  "104": 148,
  "105": 131,
  "106": 130,
  "107": 141
}
[2018-02-07T00:04:25.707] [DEBUG] EMR104 - Sent disease notification: Influenza (1)
[2018-02-07T00:04:26.328] [DEBUG] VectorTimestamp - {
  "1": 300,
  "2": 0,
  "3": 0,
  "10": 324,
  "11": 348,
  "12": 317,
  "13": 196,
  "101": 125,
  "102": 144,
  "103": 141,
  "104": 149,
  "105": 131,
  "106": 130,
  "107": 141
}
[2018-02-07T00:04:26.328] [DEBUG] EMR104 - Sent outbreak request
[2018-02-07T00:04:26.329] [DEBUG] VectorTimestamp - {
  "1": 300,
  "2": 0,
  "3": 0,
  "10": 324,
  "11": 355,
  "12": 317,
  "13": 196,
  "101": 125,
  "102": 144,
  "103": 144,
  "104": 150,
  "105": 131,
  "106": 130,
  "107": 141
}
[2018-02-07T00:04:26.329] [DEBUG] EMR104 - Got outbreak response
[2018-02-07T00:04:26.329] [INFO] EMR104 - Outbreaks: [
  {
    "time": "Wed Feb 07 2018 00:04:19 GMT-0700 (Mountain Standard Time)",
    "infections": 122,
    "type": 1,
    "name": "Influenza"
  },
  {
    "time": "Wed Feb 07 2018 00:04:21 GMT-0700 (Mountain Standard Time)",
    "infections": 121,
    "type": 1,
    "name": "Influenza"
  }
]
[2018-02-07T00:04:26.910] [DEBUG] VectorTimestamp - {
  "1": 300,
  "2": 0,
  "3": 0,
  "10": 324,
  "11": 355,
  "12": 317,
  "13": 196,
  "101": 125,
  "102": 144,
  "103": 144,
  "104": 151,
  "105": 131,
  "106": 130,
  "107": 141
}
[2018-02-07T00:04:26.910] [DEBUG] EMR104 - Sent disease notification: Influenza (1)
[2018-02-07T00:04:27.330] [DEBUG] VectorTimestamp - {
  "1": 300,
  "2": 0,
  "3": 0,
  "10": 324,
  "11": 355,
  "12": 317,
  "13": 196,
  "101": 125,
  "102": 144,
  "103": 144,
  "104": 152,
  "105": 131,
  "106": 130,
  "107": 141
}
[2018-02-07T00:04:27.330] [DEBUG] EMR104 - Sent outbreak request
[2018-02-07T00:04:27.331] [DEBUG] VectorTimestamp - {
  "1": 300,
  "2": 0,
  "3": 0,
  "10": 324,
  "11": 362,
  "12": 317,
  "13": 196,
  "101": 125,
  "102": 144,
  "103": 147,
  "104": 153,
  "105": 131,
  "106": 130,
  "107": 141
}
[2018-02-07T00:04:27.331] [DEBUG] EMR104 - Got outbreak response
[2018-02-07T00:04:27.332] [INFO] EMR104 - Outbreaks: [
  {
    "time": "Wed Feb 07 2018 00:04:19 GMT-0700 (Mountain Standard Time)",
    "infections": 122,
    "type": 1,
    "name": "Influenza"
  },
  {
    "time": "Wed Feb 07 2018 00:04:21 GMT-0700 (Mountain Standard Time)",
    "infections": 121,
    "type": 1,
    "name": "Influenza"
  }
]
[2018-02-07T00:04:27.813] [DEBUG] VectorTimestamp - {
  "1": 300,
  "2": 0,
  "3": 0,
  "10": 324,
  "11": 362,
  "12": 317,
  "13": 196,
  "101": 125,
  "102": 144,
  "103": 147,
  "104": 154,
  "105": 131,
  "106": 130,
  "107": 141
}
[2018-02-07T00:04:27.813] [DEBUG] EMR104 - Sent disease notification: Influenza (1)
[2018-02-07T00:04:28.331] [DEBUG] VectorTimestamp - {
  "1": 300,
  "2": 0,
  "3": 0,
  "10": 324,
  "11": 362,
  "12": 317,
  "13": 196,
  "101": 125,
  "102": 144,
  "103": 147,
  "104": 155,
  "105": 131,
  "106": 130,
  "107": 141
}
[2018-02-07T00:04:28.331] [DEBUG] EMR104 - Sent outbreak request
[2018-02-07T00:04:28.333] [DEBUG] VectorTimestamp - {
  "1": 300,
  "2": 0,
  "3": 0,
  "10": 324,
  "11": 369,
  "12": 317,
  "13": 196,
  "101": 125,
  "102": 144,
  "103": 150,
  "104": 156,
  "105": 131,
  "106": 130,
  "107": 141
}
[2018-02-07T00:04:28.333] [DEBUG] EMR104 - Got outbreak response
[2018-02-07T00:04:28.333] [INFO] EMR104 - Outbreaks: [
  {
    "time": "Wed Feb 07 2018 00:04:19 GMT-0700 (Mountain Standard Time)",
    "infections": 122,
    "type": 1,
    "name": "Influenza"
  },
  {
    "time": "Wed Feb 07 2018 00:04:21 GMT-0700 (Mountain Standard Time)",
    "infections": 121,
    "type": 1,
    "name": "Influenza"
  }
]
[2018-02-07T00:04:29.117] [DEBUG] VectorTimestamp - {
  "1": 300,
  "2": 0,
  "3": 0,
  "10": 324,
  "11": 369,
  "12": 317,
  "13": 196,
  "101": 125,
  "102": 144,
  "103": 150,
  "104": 157,
  "105": 131,
  "106": 130,
  "107": 141
}
[2018-02-07T00:04:29.117] [DEBUG] EMR104 - Sent disease notification: Influenza (1)
[2018-02-07T00:04:29.332] [DEBUG] VectorTimestamp - {
  "1": 300,
  "2": 0,
  "3": 0,
  "10": 324,
  "11": 369,
  "12": 317,
  "13": 196,
  "101": 125,
  "102": 144,
  "103": 150,
  "104": 158,
  "105": 131,
  "106": 130,
  "107": 141
}
[2018-02-07T00:04:29.332] [DEBUG] EMR104 - Sent outbreak request
[2018-02-07T00:04:29.333] [DEBUG] VectorTimestamp - {
  "1": 300,
  "2": 0,
  "3": 0,
  "10": 324,
  "11": 375,
  "12": 317,
  "13": 196,
  "101": 125,
  "102": 144,
  "103": 152,
  "104": 159,
  "105": 131,
  "106": 130,
  "107": 141
}
[2018-02-07T00:04:29.333] [DEBUG] EMR104 - Got outbreak response
[2018-02-07T00:04:29.333] [INFO] EMR104 - Outbreaks: [
  {
    "time": "Wed Feb 07 2018 00:04:19 GMT-0700 (Mountain Standard Time)",
    "infections": 122,
    "type": 1,
    "name": "Influenza"
  },
  {
    "time": "Wed Feb 07 2018 00:04:21 GMT-0700 (Mountain Standard Time)",
    "infections": 121,
    "type": 1,
    "name": "Influenza"
  }
]
[2018-02-07T00:04:30.333] [DEBUG] VectorTimestamp - {
  "1": 300,
  "2": 0,
  "3": 0,
  "10": 324,
  "11": 375,
  "12": 317,
  "13": 196,
  "101": 125,
  "102": 144,
  "103": 152,
  "104": 160,
  "105": 131,
  "106": 130,
  "107": 141
}
[2018-02-07T00:04:30.333] [DEBUG] EMR104 - Sent outbreak request
[2018-02-07T00:04:30.334] [DEBUG] VectorTimestamp - {
  "1": 300,
  "2": 0,
  "3": 0,
  "10": 324,
  "11": 380,
  "12": 317,
  "13": 196,
  "101": 125,
  "102": 144,
  "103": 154,
  "104": 161,
  "105": 131,
  "106": 130,
  "107": 141
}
[2018-02-07T00:04:30.334] [DEBUG] EMR104 - Got outbreak response
[2018-02-07T00:04:30.334] [INFO] EMR104 - Outbreaks: [
  {
    "time": "Wed Feb 07 2018 00:04:19 GMT-0700 (Mountain Standard Time)",
    "infections": 122,
    "type": 1,
    "name": "Influenza"
  },
  {
    "time": "Wed Feb 07 2018 00:04:21 GMT-0700 (Mountain Standard Time)",
    "infections": 121,
    "type": 1,
    "name": "Influenza"
  }
]
[2018-02-07T00:04:31.333] [DEBUG] VectorTimestamp - {
  "1": 300,
  "2": 0,
  "3": 0,
  "10": 324,
  "11": 380,
  "12": 317,
  "13": 196,
  "101": 125,
  "102": 144,
  "103": 154,
  "104": 162,
  "105": 131,
  "106": 130,
  "107": 141
}
[2018-02-07T00:04:31.333] [DEBUG] EMR104 - Sent outbreak request
[2018-02-07T00:04:31.335] [DEBUG] VectorTimestamp - {
  "1": 300,
  "2": 0,
  "3": 0,
  "10": 324,
  "11": 385,
  "12": 317,
  "13": 196,
  "101": 125,
  "102": 144,
  "103": 156,
  "104": 163,
  "105": 131,
  "106": 130,
  "107": 141
}
[2018-02-07T00:04:31.335] [DEBUG] EMR104 - Got outbreak response
[2018-02-07T00:04:31.335] [INFO] EMR104 - Outbreaks: [
  {
    "time": "Wed Feb 07 2018 00:04:19 GMT-0700 (Mountain Standard Time)",
    "infections": 122,
    "type": 1,
    "name": "Influenza"
  },
  {
    "time": "Wed Feb 07 2018 00:04:21 GMT-0700 (Mountain Standard Time)",
    "infections": 121,
    "type": 1,
    "name": "Influenza"
  }
]
[2018-02-07T00:04:32.334] [DEBUG] VectorTimestamp - {
  "1": 300,
  "2": 0,
  "3": 0,
  "10": 324,
  "11": 385,
  "12": 317,
  "13": 196,
  "101": 125,
  "102": 144,
  "103": 156,
  "104": 164,
  "105": 131,
  "106": 130,
  "107": 141
}
[2018-02-07T00:04:32.334] [DEBUG] EMR104 - Sent outbreak request
[2018-02-07T00:04:32.336] [DEBUG] VectorTimestamp - {
  "1": 300,
  "2": 0,
  "3": 0,
  "10": 324,
  "11": 391,
  "12": 317,
  "13": 196,
  "101": 125,
  "102": 144,
  "103": 160,
  "104": 165,
  "105": 131,
  "106": 130,
  "107": 141
}
[2018-02-07T00:04:32.336] [DEBUG] EMR104 - Got outbreak response
[2018-02-07T00:04:32.336] [INFO] EMR104 - Outbreaks: [
  {
    "time": "Wed Feb 07 2018 00:04:19 GMT-0700 (Mountain Standard Time)",
    "infections": 122,
    "type": 1,
    "name": "Influenza"
  },
  {
    "time": "Wed Feb 07 2018 00:04:21 GMT-0700 (Mountain Standard Time)",
    "infections": 121,
    "type": 1,
    "name": "Influenza"
  }
]
[2018-02-07T00:04:32.725] [DEBUG] VectorTimestamp - {
  "1": 300,
  "2": 0,
  "3": 0,
  "10": 324,
  "11": 391,
  "12": 317,
  "13": 196,
  "101": 125,
  "102": 144,
  "103": 160,
  "104": 166,
  "105": 131,
  "106": 130,
  "107": 141
}
[2018-02-07T00:04:32.725] [DEBUG] EMR104 - Sent disease notification: Influenza (1)
[2018-02-07T00:04:33.126] [DEBUG] VectorTimestamp - {
  "1": 300,
  "2": 0,
  "3": 0,
  "10": 324,
  "11": 391,
  "12": 317,
  "13": 196,
  "101": 125,
  "102": 144,
  "103": 160,
  "104": 167,
  "105": 131,
  "106": 130,
  "107": 141
}
[2018-02-07T00:04:33.126] [DEBUG] EMR104 - Sent disease notification: Influenza (1)
[2018-02-07T00:04:33.227] [DEBUG] VectorTimestamp - {
  "1": 300,
  "2": 0,
  "3": 0,
  "10": 324,
  "11": 391,
  "12": 317,
  "13": 196,
  "101": 125,
  "102": 144,
  "103": 160,
  "104": 168,
  "105": 131,
  "106": 130,
  "107": 141
}
[2018-02-07T00:04:33.227] [DEBUG] EMR104 - Sent disease notification: Influenza (1)
[2018-02-07T00:04:33.335] [DEBUG] VectorTimestamp - {
  "1": 300,
  "2": 0,
  "3": 0,
  "10": 324,
  "11": 391,
  "12": 317,
  "13": 196,
  "101": 125,
  "102": 144,
  "103": 160,
  "104": 169,
  "105": 131,
  "106": 130,
  "107": 141
}
[2018-02-07T00:04:33.335] [DEBUG] EMR104 - Sent outbreak request
[2018-02-07T00:04:33.337] [DEBUG] VectorTimestamp - {
  "1": 300,
  "2": 0,
  "3": 0,
  "10": 324,
  "11": 400,
  "12": 317,
  "13": 196,
  "101": 125,
  "102": 144,
  "103": 162,
  "104": 170,
  "105": 131,
  "106": 130,
  "107": 141
}
[2018-02-07T00:04:33.338] [DEBUG] EMR104 - Got outbreak response
[2018-02-07T00:04:33.338] [INFO] EMR104 - Outbreaks: [
  {
    "time": "Wed Feb 07 2018 00:04:19 GMT-0700 (Mountain Standard Time)",
    "infections": 122,
    "type": 1,
    "name": "Influenza"
  },
  {
    "time": "Wed Feb 07 2018 00:04:21 GMT-0700 (Mountain Standard Time)",
    "infections": 121,
    "type": 1,
    "name": "Influenza"
  }
]
[2018-02-07T00:04:34.335] [DEBUG] VectorTimestamp - {
  "1": 300,
  "2": 0,
  "3": 0,
  "10": 324,
  "11": 400,
  "12": 317,
  "13": 196,
  "101": 125,
  "102": 144,
  "103": 162,
  "104": 171,
  "105": 131,
  "106": 130,
  "107": 141
}
[2018-02-07T00:04:34.335] [DEBUG] EMR104 - Sent outbreak request
[2018-02-07T00:04:34.336] [DEBUG] VectorTimestamp - {
  "1": 300,
  "2": 0,
  "3": 0,
  "10": 324,
  "11": 405,
  "12": 317,
  "13": 196,
  "101": 125,
  "102": 144,
  "103": 164,
  "104": 172,
  "105": 131,
  "106": 130,
  "107": 141
}
[2018-02-07T00:04:34.336] [DEBUG] EMR104 - Got outbreak response
[2018-02-07T00:04:34.337] [INFO] EMR104 - Outbreaks: [
  {
    "time": "Wed Feb 07 2018 00:04:19 GMT-0700 (Mountain Standard Time)",
    "infections": 122,
    "type": 1,
    "name": "Influenza"
  },
  {
    "time": "Wed Feb 07 2018 00:04:21 GMT-0700 (Mountain Standard Time)",
    "infections": 121,
    "type": 1,
    "name": "Influenza"
  }
]
[2018-02-07T00:04:35.336] [DEBUG] VectorTimestamp - {
  "1": 300,
  "2": 0,
  "3": 0,
  "10": 324,
  "11": 405,
  "12": 317,
  "13": 196,
  "101": 125,
  "102": 144,
  "103": 164,
  "104": 173,
  "105": 131,
  "106": 130,
  "107": 141
}
[2018-02-07T00:04:35.336] [DEBUG] EMR104 - Sent outbreak request
[2018-02-07T00:04:35.338] [DEBUG] VectorTimestamp - {
  "1": 300,
  "2": 0,
  "3": 0,
  "10": 324,
  "11": 410,
  "12": 317,
  "13": 196,
  "101": 125,
  "102": 144,
  "103": 166,
  "104": 174,
  "105": 131,
  "106": 130,
  "107": 141
}
[2018-02-07T00:04:35.338] [DEBUG] EMR104 - Got outbreak response
[2018-02-07T00:04:35.338] [INFO] EMR104 - Outbreaks: [
  {
    "time": "Wed Feb 07 2018 00:04:19 GMT-0700 (Mountain Standard Time)",
    "infections": 122,
    "type": 1,
    "name": "Influenza"
  },
  {
    "time": "Wed Feb 07 2018 00:04:21 GMT-0700 (Mountain Standard Time)",
    "infections": 121,
    "type": 1,
    "name": "Influenza"
  }
]
[2018-02-07T00:04:36.234] [DEBUG] VectorTimestamp - {
  "1": 300,
  "2": 0,
  "3": 0,
  "10": 324,
  "11": 410,
  "12": 317,
  "13": 196,
  "101": 125,
  "102": 144,
  "103": 166,
  "104": 175,
  "105": 131,
  "106": 130,
  "107": 141
}
[2018-02-07T00:04:36.234] [DEBUG] EMR104 - Sent disease notification: Influenza (1)
[2018-02-07T00:04:36.337] [DEBUG] VectorTimestamp - {
  "1": 300,
  "2": 0,
  "3": 0,
  "10": 324,
  "11": 410,
  "12": 317,
  "13": 196,
  "101": 125,
  "102": 144,
  "103": 166,
  "104": 176,
  "105": 131,
  "106": 130,
  "107": 141
}
[2018-02-07T00:04:36.337] [DEBUG] EMR104 - Sent outbreak request
[2018-02-07T00:04:36.339] [DEBUG] VectorTimestamp - {
  "1": 300,
  "2": 0,
  "3": 0,
  "10": 324,
  "11": 417,
  "12": 317,
  "13": 196,
  "101": 125,
  "102": 144,
  "103": 169,
  "104": 177,
  "105": 131,
  "106": 130,
  "107": 141
}
[2018-02-07T00:04:36.339] [DEBUG] EMR104 - Got outbreak response
[2018-02-07T00:04:36.339] [INFO] EMR104 - Outbreaks: [
  {
    "time": "Wed Feb 07 2018 00:04:19 GMT-0700 (Mountain Standard Time)",
    "infections": 122,
    "type": 1,
    "name": "Influenza"
  },
  {
    "time": "Wed Feb 07 2018 00:04:21 GMT-0700 (Mountain Standard Time)",
    "infections": 121,
    "type": 1,
    "name": "Influenza"
  }
]
[2018-02-07T00:04:37.337] [DEBUG] VectorTimestamp - {
  "1": 300,
  "2": 0,
  "3": 0,
  "10": 324,
  "11": 417,
  "12": 317,
  "13": 196,
  "101": 125,
  "102": 144,
  "103": 169,
  "104": 178,
  "105": 131,
  "106": 130,
  "107": 141
}
[2018-02-07T00:04:37.337] [DEBUG] EMR104 - Sent outbreak request
[2018-02-07T00:04:37.338] [DEBUG] VectorTimestamp - {
  "1": 300,
  "2": 0,
  "3": 0,
  "10": 324,
  "11": 423,
  "12": 317,
  "13": 196,
  "101": 125,
  "102": 144,
  "103": 172,
  "104": 179,
  "105": 131,
  "106": 130,
  "107": 141
}
[2018-02-07T00:04:37.338] [DEBUG] EMR104 - Got outbreak response
[2018-02-07T00:04:37.338] [INFO] EMR104 - Outbreaks: [
  {
    "time": "Wed Feb 07 2018 00:04:19 GMT-0700 (Mountain Standard Time)",
    "infections": 122,
    "type": 1,
    "name": "Influenza"
  },
  {
    "time": "Wed Feb 07 2018 00:04:21 GMT-0700 (Mountain Standard Time)",
    "infections": 121,
    "type": 1,
    "name": "Influenza"
  }
]
[2018-02-07T00:04:38.338] [DEBUG] VectorTimestamp - {
  "1": 300,
  "2": 0,
  "3": 0,
  "10": 324,
  "11": 423,
  "12": 317,
  "13": 196,
  "101": 125,
  "102": 144,
  "103": 172,
  "104": 180,
  "105": 131,
  "106": 130,
  "107": 141
}
[2018-02-07T00:04:38.338] [DEBUG] EMR104 - Sent outbreak request
[2018-02-07T00:04:38.339] [DEBUG] VectorTimestamp - {
  "1": 300,
  "2": 0,
  "3": 0,
  "10": 324,
  "11": 428,
  "12": 317,
  "13": 196,
  "101": 125,
  "102": 144,
  "103": 174,
  "104": 181,
  "105": 131,
  "106": 130,
  "107": 141
}
[2018-02-07T00:04:38.339] [DEBUG] EMR104 - Got outbreak response
[2018-02-07T00:04:38.339] [INFO] EMR104 - Outbreaks: [
  {
    "time": "Wed Feb 07 2018 00:04:19 GMT-0700 (Mountain Standard Time)",
    "infections": 122,
    "type": 1,
    "name": "Influenza"
  },
  {
    "time": "Wed Feb 07 2018 00:04:21 GMT-0700 (Mountain Standard Time)",
    "infections": 121,
    "type": 1,
    "name": "Influenza"
  }
]
[2018-02-07T00:04:39.040] [DEBUG] VectorTimestamp - {
  "1": 300,
  "2": 0,
  "3": 0,
  "10": 324,
  "11": 428,
  "12": 317,
  "13": 196,
  "101": 125,
  "102": 144,
  "103": 174,
  "104": 182,
  "105": 131,
  "106": 130,
  "107": 141
}
[2018-02-07T00:04:39.040] [DEBUG] EMR104 - Sent disease notification: Influenza (1)
[2018-02-07T00:04:39.339] [DEBUG] VectorTimestamp - {
  "1": 300,
  "2": 0,
  "3": 0,
  "10": 324,
  "11": 428,
  "12": 317,
  "13": 196,
  "101": 125,
  "102": 144,
  "103": 174,
  "104": 183,
  "105": 131,
  "106": 130,
  "107": 141
}
[2018-02-07T00:04:39.339] [DEBUG] EMR104 - Sent outbreak request
[2018-02-07T00:04:39.340] [DEBUG] VectorTimestamp - {
  "1": 300,
  "2": 0,
  "3": 0,
  "10": 324,
  "11": 434,
  "12": 317,
  "13": 196,
  "101": 125,
  "102": 144,
  "103": 176,
  "104": 184,
  "105": 131,
  "106": 130,
  "107": 141
}
[2018-02-07T00:04:39.341] [DEBUG] EMR104 - Got outbreak response
[2018-02-07T00:04:39.341] [INFO] EMR104 - Outbreaks: [
  {
    "time": "Wed Feb 07 2018 00:04:19 GMT-0700 (Mountain Standard Time)",
    "infections": 122,
    "type": 1,
    "name": "Influenza"
  },
  {
    "time": "Wed Feb 07 2018 00:04:21 GMT-0700 (Mountain Standard Time)",
    "infections": 121,
    "type": 1,
    "name": "Influenza"
  }
]
[2018-02-07T00:04:40.340] [DEBUG] VectorTimestamp - {
  "1": 300,
  "2": 0,
  "3": 0,
  "10": 324,
  "11": 434,
  "12": 317,
  "13": 196,
  "101": 125,
  "102": 144,
  "103": 176,
  "104": 185,
  "105": 131,
  "106": 130,
  "107": 141
}
[2018-02-07T00:04:40.340] [DEBUG] EMR104 - Sent outbreak request
[2018-02-07T00:04:40.341] [DEBUG] VectorTimestamp - {
  "1": 412,
  "2": 0,
  "3": 0,
  "10": 438,
  "11": 440,
  "12": 428,
  "13": 263,
  "101": 176,
  "102": 187,
  "103": 178,
  "104": 186,
  "105": 177,
  "106": 177,
  "107": 189
}
[2018-02-07T00:04:40.341] [DEBUG] EMR104 - Got outbreak response
[2018-02-07T00:04:40.341] [INFO] EMR104 - Outbreaks: [
  {
    "time": "Wed Feb 07 2018 00:04:19 GMT-0700 (Mountain Standard Time)",
    "infections": 122,
    "type": 1,
    "name": "Influenza"
  },
  {
    "time": "Wed Feb 07 2018 00:04:21 GMT-0700 (Mountain Standard Time)",
    "infections": 121,
    "type": 1,
    "name": "Influenza"
  },
  {
    "time": "Wed Feb 07 2018 00:04:39 GMT-0700 (Mountain Standard Time)",
    "infections": 121,
    "type": 1,
    "name": "Influenza"
  }
]
[2018-02-07T00:04:40.643] [DEBUG] VectorTimestamp - {
  "1": 412,
  "2": 0,
  "3": 0,
  "10": 438,
  "11": 440,
  "12": 428,
  "13": 263,
  "101": 176,
  "102": 187,
  "103": 178,
  "104": 187,
  "105": 177,
  "106": 177,
  "107": 189
}
[2018-02-07T00:04:40.643] [DEBUG] EMR104 - Sent disease notification: Influenza (1)
[2018-02-07T00:04:40.844] [DEBUG] VectorTimestamp - {
  "1": 412,
  "2": 0,
  "3": 0,
  "10": 438,
  "11": 440,
  "12": 428,
  "13": 263,
  "101": 176,
  "102": 187,
  "103": 178,
  "104": 188,
  "105": 177,
  "106": 177,
  "107": 189
}
[2018-02-07T00:04:40.844] [DEBUG] EMR104 - Sent disease notification: Influenza (1)
[2018-02-07T00:04:41.341] [DEBUG] VectorTimestamp - {
  "1": 412,
  "2": 0,
  "3": 0,
  "10": 438,
  "11": 440,
  "12": 428,
  "13": 263,
  "101": 176,
  "102": 187,
  "103": 178,
  "104": 189,
  "105": 177,
  "106": 177,
  "107": 189
}
[2018-02-07T00:04:41.341] [DEBUG] EMR104 - Sent outbreak request
[2018-02-07T00:04:41.342] [DEBUG] VectorTimestamp - {
  "1": 412,
  "2": 0,
  "3": 0,
  "10": 438,
  "11": 447,
  "12": 428,
  "13": 263,
  "101": 176,
  "102": 187,
  "103": 180,
  "104": 190,
  "105": 177,
  "106": 177,
  "107": 189
}
[2018-02-07T00:04:41.342] [DEBUG] EMR104 - Got outbreak response
[2018-02-07T00:04:41.342] [INFO] EMR104 - Outbreaks: [
  {
    "time": "Wed Feb 07 2018 00:04:19 GMT-0700 (Mountain Standard Time)",
    "infections": 122,
    "type": 1,
    "name": "Influenza"
  },
  {
    "time": "Wed Feb 07 2018 00:04:21 GMT-0700 (Mountain Standard Time)",
    "infections": 121,
    "type": 1,
    "name": "Influenza"
  },
  {
    "time": "Wed Feb 07 2018 00:04:39 GMT-0700 (Mountain Standard Time)",
    "infections": 121,
    "type": 1,
    "name": "Influenza"
  }
]
[2018-02-07T00:04:42.342] [DEBUG] VectorTimestamp - {
  "1": 412,
  "2": 0,
  "3": 0,
  "10": 438,
  "11": 447,
  "12": 428,
  "13": 263,
  "101": 176,
  "102": 187,
  "103": 180,
  "104": 191,
  "105": 177,
  "106": 177,
  "107": 189
}
[2018-02-07T00:04:42.342] [DEBUG] EMR104 - Sent outbreak request
[2018-02-07T00:04:42.343] [DEBUG] VectorTimestamp - {
  "1": 412,
  "2": 0,
  "3": 0,
  "10": 438,
  "11": 452,
  "12": 428,
  "13": 263,
  "101": 176,
  "102": 187,
  "103": 182,
  "104": 192,
  "105": 177,
  "106": 177,
  "107": 189
}
[2018-02-07T00:04:42.343] [DEBUG] EMR104 - Got outbreak response
[2018-02-07T00:04:42.343] [INFO] EMR104 - Outbreaks: [
  {
    "time": "Wed Feb 07 2018 00:04:19 GMT-0700 (Mountain Standard Time)",
    "infections": 122,
    "type": 1,
    "name": "Influenza"
  },
  {
    "time": "Wed Feb 07 2018 00:04:21 GMT-0700 (Mountain Standard Time)",
    "infections": 121,
    "type": 1,
    "name": "Influenza"
  },
  {
    "time": "Wed Feb 07 2018 00:04:39 GMT-0700 (Mountain Standard Time)",
    "infections": 121,
    "type": 1,
    "name": "Influenza"
  }
]
[2018-02-07T00:04:42.949] [DEBUG] VectorTimestamp - {
  "1": 412,
  "2": 0,
  "3": 0,
  "10": 438,
  "11": 452,
  "12": 428,
  "13": 263,
  "101": 176,
  "102": 187,
  "103": 182,
  "104": 193,
  "105": 177,
  "106": 177,
  "107": 189
}
[2018-02-07T00:04:42.949] [DEBUG] EMR104 - Sent disease notification: Influenza (1)
[2018-02-07T00:04:43.343] [DEBUG] VectorTimestamp - {
  "1": 412,
  "2": 0,
  "3": 0,
  "10": 438,
  "11": 452,
  "12": 428,
  "13": 263,
  "101": 176,
  "102": 187,
  "103": 182,
  "104": 194,
  "105": 177,
  "106": 177,
  "107": 189
}
[2018-02-07T00:04:43.343] [DEBUG] EMR104 - Sent outbreak request
[2018-02-07T00:04:43.344] [DEBUG] VectorTimestamp - {
  "1": 412,
  "2": 0,
  "3": 0,
  "10": 438,
  "11": 458,
  "12": 428,
  "13": 263,
  "101": 176,
  "102": 187,
  "103": 184,
  "104": 195,
  "105": 177,
  "106": 177,
  "107": 189
}
[2018-02-07T00:04:43.344] [DEBUG] EMR104 - Got outbreak response
[2018-02-07T00:04:43.345] [INFO] EMR104 - Outbreaks: [
  {
    "time": "Wed Feb 07 2018 00:04:19 GMT-0700 (Mountain Standard Time)",
    "infections": 122,
    "type": 1,
    "name": "Influenza"
  },
  {
    "time": "Wed Feb 07 2018 00:04:21 GMT-0700 (Mountain Standard Time)",
    "infections": 121,
    "type": 1,
    "name": "Influenza"
  },
  {
    "time": "Wed Feb 07 2018 00:04:39 GMT-0700 (Mountain Standard Time)",
    "infections": 121,
    "type": 1,
    "name": "Influenza"
  }
]
[2018-02-07T00:04:44.252] [DEBUG] VectorTimestamp - {
  "1": 412,
  "2": 0,
  "3": 0,
  "10": 438,
  "11": 458,
  "12": 428,
  "13": 263,
  "101": 176,
  "102": 187,
  "103": 184,
  "104": 196,
  "105": 177,
  "106": 177,
  "107": 189
}
[2018-02-07T00:04:44.252] [DEBUG] EMR104 - Sent disease notification: Influenza (1)
[2018-02-07T00:04:44.344] [DEBUG] VectorTimestamp - {
  "1": 412,
  "2": 0,
  "3": 0,
  "10": 438,
  "11": 458,
  "12": 428,
  "13": 263,
  "101": 176,
  "102": 187,
  "103": 184,
  "104": 197,
  "105": 177,
  "106": 177,
  "107": 189
}
[2018-02-07T00:04:44.344] [DEBUG] EMR104 - Sent outbreak request
[2018-02-07T00:04:44.345] [DEBUG] VectorTimestamp - {
  "1": 412,
  "2": 0,
  "3": 0,
  "10": 438,
  "11": 464,
  "12": 428,
  "13": 263,
  "101": 176,
  "102": 187,
  "103": 186,
  "104": 198,
  "105": 177,
  "106": 177,
  "107": 189
}
[2018-02-07T00:04:44.345] [DEBUG] EMR104 - Got outbreak response
[2018-02-07T00:04:44.345] [INFO] EMR104 - Outbreaks: [
  {
    "time": "Wed Feb 07 2018 00:04:21 GMT-0700 (Mountain Standard Time)",
    "infections": 121,
    "type": 1,
    "name": "Influenza"
  },
  {
    "time": "Wed Feb 07 2018 00:04:39 GMT-0700 (Mountain Standard Time)",
    "infections": 121,
    "type": 1,
    "name": "Influenza"
  }
]
[2018-02-07T00:04:45.345] [DEBUG] VectorTimestamp - {
  "1": 412,
  "2": 0,
  "3": 0,
  "10": 438,
  "11": 464,
  "12": 428,
  "13": 263,
  "101": 176,
  "102": 187,
  "103": 186,
  "104": 199,
  "105": 177,
  "106": 177,
  "107": 189
}
[2018-02-07T00:04:45.345] [DEBUG] EMR104 - Sent outbreak request
[2018-02-07T00:04:45.346] [DEBUG] VectorTimestamp - {
  "1": 412,
  "2": 0,
  "3": 0,
  "10": 438,
  "11": 469,
  "12": 428,
  "13": 263,
  "101": 176,
  "102": 187,
  "103": 188,
  "104": 200,
  "105": 177,
  "106": 177,
  "107": 189
}
[2018-02-07T00:04:45.346] [DEBUG] EMR104 - Got outbreak response
[2018-02-07T00:04:45.346] [INFO] EMR104 - Outbreaks: [
  {
    "time": "Wed Feb 07 2018 00:04:39 GMT-0700 (Mountain Standard Time)",
    "infections": 121,
    "type": 1,
    "name": "Influenza"
  }
]
[2018-02-07T00:04:46.346] [DEBUG] VectorTimestamp - {
  "1": 412,
  "2": 0,
  "3": 0,
  "10": 438,
  "11": 469,
  "12": 428,
  "13": 263,
  "101": 176,
  "102": 187,
  "103": 188,
  "104": 201,
  "105": 177,
  "106": 177,
  "107": 189
}
[2018-02-07T00:04:46.346] [DEBUG] EMR104 - Sent outbreak request
[2018-02-07T00:04:46.347] [DEBUG] VectorTimestamp - {
  "1": 412,
  "2": 0,
  "3": 0,
  "10": 438,
  "11": 474,
  "12": 428,
  "13": 263,
  "101": 176,
  "102": 187,
  "103": 190,
  "104": 202,
  "105": 177,
  "106": 177,
  "107": 189
}
[2018-02-07T00:04:46.347] [DEBUG] EMR104 - Got outbreak response
[2018-02-07T00:04:46.347] [INFO] EMR104 - Outbreaks: [
  {
    "time": "Wed Feb 07 2018 00:04:39 GMT-0700 (Mountain Standard Time)",
    "infections": 121,
    "type": 1,
    "name": "Influenza"
  }
]
[2018-02-07T00:04:46.657] [DEBUG] VectorTimestamp - {
  "1": 412,
  "2": 0,
  "3": 0,
  "10": 438,
  "11": 474,
  "12": 428,
  "13": 263,
  "101": 176,
  "102": 187,
  "103": 190,
  "104": 203,
  "105": 177,
  "106": 177,
  "107": 189
}
[2018-02-07T00:04:46.657] [DEBUG] EMR104 - Sent disease notification: Influenza (1)
[2018-02-07T00:04:47.347] [DEBUG] VectorTimestamp - {
  "1": 412,
  "2": 0,
  "3": 0,
  "10": 438,
  "11": 474,
  "12": 428,
  "13": 263,
  "101": 176,
  "102": 187,
  "103": 190,
  "104": 204,
  "105": 177,
  "106": 177,
  "107": 189
}
[2018-02-07T00:04:47.347] [DEBUG] EMR104 - Sent outbreak request
[2018-02-07T00:04:47.348] [DEBUG] VectorTimestamp - {
  "1": 412,
  "2": 0,
  "3": 0,
  "10": 438,
  "11": 480,
  "12": 428,
  "13": 263,
  "101": 176,
  "102": 187,
  "103": 192,
  "104": 205,
  "105": 177,
  "106": 177,
  "107": 189
}
[2018-02-07T00:04:47.348] [DEBUG] EMR104 - Got outbreak response
[2018-02-07T00:04:47.348] [INFO] EMR104 - Outbreaks: [
  {
    "time": "Wed Feb 07 2018 00:04:39 GMT-0700 (Mountain Standard Time)",
    "infections": 121,
    "type": 1,
    "name": "Influenza"
  }
]
[2018-02-07T00:04:48.348] [DEBUG] VectorTimestamp - {
  "1": 412,
  "2": 0,
  "3": 0,
  "10": 438,
  "11": 480,
  "12": 428,
  "13": 263,
  "101": 176,
  "102": 187,
  "103": 192,
  "104": 206,
  "105": 177,
  "106": 177,
  "107": 189
}
[2018-02-07T00:04:48.348] [DEBUG] EMR104 - Sent outbreak request
[2018-02-07T00:04:48.349] [DEBUG] VectorTimestamp - {
  "1": 412,
  "2": 0,
  "3": 0,
  "10": 438,
  "11": 485,
  "12": 428,
  "13": 263,
  "101": 176,
  "102": 187,
  "103": 194,
  "104": 207,
  "105": 177,
  "106": 177,
  "107": 189
}
[2018-02-07T00:04:48.349] [DEBUG] EMR104 - Got outbreak response
[2018-02-07T00:04:48.349] [INFO] EMR104 - Outbreaks: [
  {
    "time": "Wed Feb 07 2018 00:04:39 GMT-0700 (Mountain Standard Time)",
    "infections": 121,
    "type": 1,
    "name": "Influenza"
  }
]
[2018-02-07T00:04:48.763] [DEBUG] VectorTimestamp - {
  "1": 412,
  "2": 0,
  "3": 0,
  "10": 438,
  "11": 485,
  "12": 428,
  "13": 263,
  "101": 176,
  "102": 187,
  "103": 194,
  "104": 208,
  "105": 177,
  "106": 177,
  "107": 189
}
[2018-02-07T00:04:48.763] [DEBUG] EMR104 - Sent disease notification: Influenza (1)
[2018-02-07T00:04:49.349] [DEBUG] VectorTimestamp - {
  "1": 412,
  "2": 0,
  "3": 0,
  "10": 438,
  "11": 485,
  "12": 428,
  "13": 263,
  "101": 176,
  "102": 187,
  "103": 194,
  "104": 209,
  "105": 177,
  "106": 177,
  "107": 189
}
[2018-02-07T00:04:49.349] [DEBUG] EMR104 - Sent outbreak request
[2018-02-07T00:04:49.351] [DEBUG] VectorTimestamp - {
  "1": 412,
  "2": 0,
  "3": 0,
  "10": 438,
  "11": 491,
  "12": 428,
  "13": 263,
  "101": 176,
  "102": 187,
  "103": 196,
  "104": 210,
  "105": 177,
  "106": 177,
  "107": 189
}
[2018-02-07T00:04:49.351] [DEBUG] EMR104 - Got outbreak response
[2018-02-07T00:04:49.351] [INFO] EMR104 - Outbreaks: [
  {
    "time": "Wed Feb 07 2018 00:04:39 GMT-0700 (Mountain Standard Time)",
    "infections": 121,
    "type": 1,
    "name": "Influenza"
  }
]
[2018-02-07T00:04:50.350] [DEBUG] VectorTimestamp - {
  "1": 412,
  "2": 0,
  "3": 0,
  "10": 438,
  "11": 491,
  "12": 428,
  "13": 263,
  "101": 176,
  "102": 187,
  "103": 196,
  "104": 211,
  "105": 177,
  "106": 177,
  "107": 189
}
[2018-02-07T00:04:50.350] [DEBUG] EMR104 - Sent outbreak request
[2018-02-07T00:04:50.351] [DEBUG] VectorTimestamp - {
  "1": 412,
  "2": 0,
  "3": 0,
  "10": 438,
  "11": 497,
  "12": 428,
  "13": 263,
  "101": 176,
  "102": 187,
  "103": 199,
  "104": 212,
  "105": 177,
  "106": 177,
  "107": 189
}
[2018-02-07T00:04:50.351] [DEBUG] EMR104 - Got outbreak response
[2018-02-07T00:04:50.351] [INFO] EMR104 - Outbreaks: [
  {
    "time": "Wed Feb 07 2018 00:04:39 GMT-0700 (Mountain Standard Time)",
    "infections": 121,
    "type": 1,
    "name": "Influenza"
  }
]
[2018-02-07T00:04:51.351] [DEBUG] VectorTimestamp - {
  "1": 412,
  "2": 0,
  "3": 0,
  "10": 438,
  "11": 497,
  "12": 428,
  "13": 263,
  "101": 176,
  "102": 187,
  "103": 199,
  "104": 213,
  "105": 177,
  "106": 177,
  "107": 189
}
[2018-02-07T00:04:51.351] [DEBUG] EMR104 - Sent outbreak request
[2018-02-07T00:04:51.352] [DEBUG] VectorTimestamp - {
  "1": 412,
  "2": 0,
  "3": 0,
  "10": 438,
  "11": 502,
  "12": 428,
  "13": 263,
  "101": 176,
  "102": 187,
  "103": 201,
  "104": 214,
  "105": 177,
  "106": 177,
  "107": 189
}
[2018-02-07T00:04:51.353] [DEBUG] EMR104 - Got outbreak response
[2018-02-07T00:04:51.353] [INFO] EMR104 - Outbreaks: [
  {
    "time": "Wed Feb 07 2018 00:04:39 GMT-0700 (Mountain Standard Time)",
    "infections": 121,
    "type": 1,
    "name": "Influenza"
  }
]
[2018-02-07T00:04:51.369] [DEBUG] VectorTimestamp - {
  "1": 412,
  "2": 0,
  "3": 0,
  "10": 438,
  "11": 502,
  "12": 428,
  "13": 263,
  "101": 176,
  "102": 187,
  "103": 201,
  "104": 215,
  "105": 177,
  "106": 177,
  "107": 189
}
[2018-02-07T00:04:51.369] [DEBUG] EMR104 - Sent disease notification: Influenza (1)
[2018-02-07T00:04:52.276] [DEBUG] VectorTimestamp - {
  "1": 412,
  "2": 0,
  "3": 0,
  "10": 438,
  "11": 502,
  "12": 428,
  "13": 263,
  "101": 176,
  "102": 187,
  "103": 201,
  "104": 216,
  "105": 177,
  "106": 177,
  "107": 189
}
[2018-02-07T00:04:52.276] [DEBUG] EMR104 - Sent disease notification: Influenza (1)
[2018-02-07T00:04:52.351] [DEBUG] VectorTimestamp - {
  "1": 412,
  "2": 0,
  "3": 0,
  "10": 438,
  "11": 502,
  "12": 428,
  "13": 263,
  "101": 176,
  "102": 187,
  "103": 201,
  "104": 217,
  "105": 177,
  "106": 177,
  "107": 189
}
[2018-02-07T00:04:52.351] [DEBUG] EMR104 - Sent outbreak request
[2018-02-07T00:04:52.352] [DEBUG] VectorTimestamp - {
  "1": 412,
  "2": 0,
  "3": 0,
  "10": 438,
  "11": 509,
  "12": 428,
  "13": 263,
  "101": 176,
  "102": 187,
  "103": 203,
  "104": 218,
  "105": 177,
  "106": 177,
  "107": 189
}
[2018-02-07T00:04:52.352] [DEBUG] EMR104 - Got outbreak response
[2018-02-07T00:04:52.352] [INFO] EMR104 - Outbreaks: [
  {
    "time": "Wed Feb 07 2018 00:04:39 GMT-0700 (Mountain Standard Time)",
    "infections": 121,
    "type": 1,
    "name": "Influenza"
  }
]
[2018-02-07T00:04:53.352] [DEBUG] VectorTimestamp - {
  "1": 412,
  "2": 0,
  "3": 0,
  "10": 438,
  "11": 509,
  "12": 428,
  "13": 263,
  "101": 176,
  "102": 187,
  "103": 203,
  "104": 219,
  "105": 177,
  "106": 177,
  "107": 189
}
[2018-02-07T00:04:53.352] [DEBUG] EMR104 - Sent outbreak request
[2018-02-07T00:04:53.353] [DEBUG] VectorTimestamp - {
  "1": 412,
  "2": 0,
  "3": 0,
  "10": 438,
  "11": 514,
  "12": 428,
  "13": 263,
  "101": 176,
  "102": 187,
  "103": 205,
  "104": 220,
  "105": 177,
  "106": 177,
  "107": 189
}
[2018-02-07T00:04:53.353] [DEBUG] EMR104 - Got outbreak response
[2018-02-07T00:04:53.353] [INFO] EMR104 - Outbreaks: [
  {
    "time": "Wed Feb 07 2018 00:04:39 GMT-0700 (Mountain Standard Time)",
    "infections": 121,
    "type": 1,
    "name": "Influenza"
  }
]
[2018-02-07T00:04:53.479] [DEBUG] VectorTimestamp - {
  "1": 412,
  "2": 0,
  "3": 0,
  "10": 438,
  "11": 514,
  "12": 428,
  "13": 263,
  "101": 176,
  "102": 187,
  "103": 205,
  "104": 221,
  "105": 177,
  "106": 177,
  "107": 189
}
[2018-02-07T00:04:53.479] [DEBUG] EMR104 - Sent disease notification: Influenza (1)
[2018-02-07T00:04:54.081] [DEBUG] VectorTimestamp - {
  "1": 412,
  "2": 0,
  "3": 0,
  "10": 438,
  "11": 514,
  "12": 428,
  "13": 263,
  "101": 176,
  "102": 187,
  "103": 205,
  "104": 222,
  "105": 177,
  "106": 177,
  "107": 189
}
[2018-02-07T00:04:54.081] [DEBUG] EMR104 - Sent disease notification: Influenza (1)
[2018-02-07T00:04:54.353] [DEBUG] VectorTimestamp - {
  "1": 412,
  "2": 0,
  "3": 0,
  "10": 438,
  "11": 514,
  "12": 428,
  "13": 263,
  "101": 176,
  "102": 187,
  "103": 205,
  "104": 223,
  "105": 177,
  "106": 177,
  "107": 189
}
[2018-02-07T00:04:54.353] [DEBUG] EMR104 - Sent outbreak request
[2018-02-07T00:04:54.354] [DEBUG] VectorTimestamp - {
  "1": 412,
  "2": 0,
  "3": 0,
  "10": 438,
  "11": 521,
  "12": 428,
  "13": 263,
  "101": 176,
  "102": 187,
  "103": 207,
  "104": 224,
  "105": 177,
  "106": 177,
  "107": 189
}
[2018-02-07T00:04:54.354] [DEBUG] EMR104 - Got outbreak response
[2018-02-07T00:04:54.354] [INFO] EMR104 - Outbreaks: [
  {
    "time": "Wed Feb 07 2018 00:04:39 GMT-0700 (Mountain Standard Time)",
    "infections": 121,
    "type": 1,
    "name": "Influenza"
  }
]
[2018-02-07T00:04:55.353] [DEBUG] VectorTimestamp - {
  "1": 412,
  "2": 0,
  "3": 0,
  "10": 438,
  "11": 521,
  "12": 428,
  "13": 263,
  "101": 176,
  "102": 187,
  "103": 207,
  "104": 225,
  "105": 177,
  "106": 177,
  "107": 189
}
[2018-02-07T00:04:55.353] [DEBUG] EMR104 - Sent outbreak request
[2018-02-07T00:04:55.354] [DEBUG] VectorTimestamp - {
  "1": 412,
  "2": 0,
  "3": 0,
  "10": 438,
  "11": 527,
  "12": 428,
  "13": 263,
  "101": 176,
  "102": 187,
  "103": 209,
  "104": 226,
  "105": 177,
  "106": 177,
  "107": 189
}
[2018-02-07T00:04:55.354] [DEBUG] EMR104 - Got outbreak response
[2018-02-07T00:04:55.354] [INFO] EMR104 - Outbreaks: [
  {
    "time": "Wed Feb 07 2018 00:04:39 GMT-0700 (Mountain Standard Time)",
    "infections": 121,
    "type": 1,
    "name": "Influenza"
  }
]
[2018-02-07T00:04:56.354] [DEBUG] VectorTimestamp - {
  "1": 412,
  "2": 0,
  "3": 0,
  "10": 438,
  "11": 527,
  "12": 428,
  "13": 263,
  "101": 176,
  "102": 187,
  "103": 209,
  "104": 227,
  "105": 177,
  "106": 177,
  "107": 189
}
[2018-02-07T00:04:56.354] [DEBUG] EMR104 - Sent outbreak request
[2018-02-07T00:04:56.355] [DEBUG] VectorTimestamp - {
  "1": 412,
  "2": 0,
  "3": 0,
  "10": 438,
  "11": 532,
  "12": 428,
  "13": 263,
  "101": 176,
  "102": 187,
  "103": 211,
  "104": 228,
  "105": 177,
  "106": 177,
  "107": 189
}
[2018-02-07T00:04:56.355] [DEBUG] EMR104 - Got outbreak response
[2018-02-07T00:04:56.355] [INFO] EMR104 - Outbreaks: [
  {
    "time": "Wed Feb 07 2018 00:04:39 GMT-0700 (Mountain Standard Time)",
    "infections": 121,
    "type": 1,
    "name": "Influenza"
  }
]
[2018-02-07T00:04:57.355] [DEBUG] VectorTimestamp - {
  "1": 412,
  "2": 0,
  "3": 0,
  "10": 438,
  "11": 532,
  "12": 428,
  "13": 263,
  "101": 176,
  "102": 187,
  "103": 211,
  "104": 229,
  "105": 177,
  "106": 177,
  "107": 189
}
[2018-02-07T00:04:57.355] [DEBUG] EMR104 - Sent outbreak request
[2018-02-07T00:04:57.356] [DEBUG] VectorTimestamp - {
  "1": 412,
  "2": 0,
  "3": 0,
  "10": 438,
  "11": 537,
  "12": 428,
  "13": 263,
  "101": 176,
  "102": 187,
  "103": 213,
  "104": 230,
  "105": 177,
  "106": 177,
  "107": 189
}
[2018-02-07T00:04:57.356] [DEBUG] EMR104 - Got outbreak response
[2018-02-07T00:04:57.356] [INFO] EMR104 - Outbreaks: [
  {
    "time": "Wed Feb 07 2018 00:04:39 GMT-0700 (Mountain Standard Time)",
    "infections": 121,
    "type": 1,
    "name": "Influenza"
  }
]
[2018-02-07T00:04:58.356] [DEBUG] VectorTimestamp - {
  "1": 412,
  "2": 0,
  "3": 0,
  "10": 438,
  "11": 537,
  "12": 428,
  "13": 263,
  "101": 176,
  "102": 187,
  "103": 213,
  "104": 231,
  "105": 177,
  "106": 177,
  "107": 189
}
[2018-02-07T00:04:58.356] [DEBUG] EMR104 - Sent outbreak request
[2018-02-07T00:04:58.357] [DEBUG] VectorTimestamp - {
  "1": 412,
  "2": 0,
  "3": 0,
  "10": 438,
  "11": 543,
  "12": 428,
  "13": 263,
  "101": 176,
  "102": 187,
  "103": 216,
  "104": 232,
  "105": 177,
  "106": 177,
  "107": 189
}
[2018-02-07T00:04:58.357] [DEBUG] EMR104 - Got outbreak response
[2018-02-07T00:04:58.357] [INFO] EMR104 - Outbreaks: [
  {
    "time": "Wed Feb 07 2018 00:04:39 GMT-0700 (Mountain Standard Time)",
    "infections": 121,
    "type": 1,
    "name": "Influenza"
  }
]
[2018-02-07T00:04:59.357] [DEBUG] VectorTimestamp - {
  "1": 412,
  "2": 0,
  "3": 0,
  "10": 438,
  "11": 543,
  "12": 428,
  "13": 263,
  "101": 176,
  "102": 187,
  "103": 216,
  "104": 233,
  "105": 177,
  "106": 177,
  "107": 189
}
[2018-02-07T00:04:59.357] [DEBUG] EMR104 - Sent outbreak request
[2018-02-07T00:04:59.358] [DEBUG] VectorTimestamp - {
  "1": 412,
  "2": 0,
  "3": 0,
  "10": 438,
  "11": 548,
  "12": 428,
  "13": 263,
  "101": 176,
  "102": 187,
  "103": 218,
  "104": 234,
  "105": 177,
  "106": 177,
  "107": 189
}
[2018-02-07T00:04:59.358] [DEBUG] EMR104 - Got outbreak response
[2018-02-07T00:04:59.358] [INFO] EMR104 - Outbreaks: [
  {
    "time": "Wed Feb 07 2018 00:04:39 GMT-0700 (Mountain Standard Time)",
    "infections": 121,
    "type": 1,
    "name": "Influenza"
  }
]
[2018-02-07T00:05:00.357] [DEBUG] VectorTimestamp - {
  "1": 412,
  "2": 0,
  "3": 0,
  "10": 438,
  "11": 548,
  "12": 428,
  "13": 263,
  "101": 176,
  "102": 187,
  "103": 218,
  "104": 235,
  "105": 177,
  "106": 177,
  "107": 189
}
[2018-02-07T00:05:00.357] [DEBUG] EMR104 - Sent outbreak request
[2018-02-07T00:05:00.358] [DEBUG] VectorTimestamp - {
  "1": 412,
  "2": 0,
  "3": 0,
  "10": 438,
  "11": 553,
  "12": 428,
  "13": 263,
  "101": 176,
  "102": 187,
  "103": 220,
  "104": 236,
  "105": 177,
  "106": 177,
  "107": 189
}
[2018-02-07T00:05:00.358] [DEBUG] EMR104 - Got outbreak response
[2018-02-07T00:05:00.358] [INFO] EMR104 - Outbreaks: [
  {
    "time": "Wed Feb 07 2018 00:04:39 GMT-0700 (Mountain Standard Time)",
    "infections": 121,
    "type": 1,
    "name": "Influenza"
  }
]
[2018-02-07T00:05:01.358] [DEBUG] VectorTimestamp - {
  "1": 412,
  "2": 0,
  "3": 0,
  "10": 438,
  "11": 553,
  "12": 428,
  "13": 263,
  "101": 176,
  "102": 187,
  "103": 220,
  "104": 237,
  "105": 177,
  "106": 177,
  "107": 189
}
[2018-02-07T00:05:01.358] [DEBUG] EMR104 - Sent outbreak request
[2018-02-07T00:05:01.359] [DEBUG] VectorTimestamp - {
  "1": 412,
  "2": 0,
  "3": 0,
  "10": 438,
  "11": 558,
  "12": 428,
  "13": 263,
  "101": 176,
  "102": 187,
  "103": 222,
  "104": 238,
  "105": 177,
  "106": 177,
  "107": 189
}
[2018-02-07T00:05:01.359] [DEBUG] EMR104 - Got outbreak response
[2018-02-07T00:05:01.359] [INFO] EMR104 - Outbreaks: [
  {
    "time": "Wed Feb 07 2018 00:04:39 GMT-0700 (Mountain Standard Time)",
    "infections": 121,
    "type": 1,
    "name": "Influenza"
  }
]
[2018-02-07T00:05:02.358] [DEBUG] VectorTimestamp - {
  "1": 412,
  "2": 0,
  "3": 0,
  "10": 438,
  "11": 558,
  "12": 428,
  "13": 263,
  "101": 176,
  "102": 187,
  "103": 222,
  "104": 239,
  "105": 177,
  "106": 177,
  "107": 189
}
[2018-02-07T00:05:02.358] [DEBUG] EMR104 - Sent outbreak request
[2018-02-07T00:05:02.359] [DEBUG] VectorTimestamp - {
  "1": 412,
  "2": 0,
  "3": 0,
  "10": 438,
  "11": 563,
  "12": 428,
  "13": 263,
  "101": 176,
  "102": 187,
  "103": 224,
  "104": 240,
  "105": 177,
  "106": 177,
  "107": 189
}
[2018-02-07T00:05:02.359] [DEBUG] EMR104 - Got outbreak response
[2018-02-07T00:05:02.359] [INFO] EMR104 - Outbreaks: [
  {
    "time": "Wed Feb 07 2018 00:04:39 GMT-0700 (Mountain Standard Time)",
    "infections": 121,
    "type": 1,
    "name": "Influenza"
  }
]
[2018-02-07T00:05:03.359] [DEBUG] VectorTimestamp - {
  "1": 412,
  "2": 0,
  "3": 0,
  "10": 438,
  "11": 563,
  "12": 428,
  "13": 263,
  "101": 176,
  "102": 187,
  "103": 224,
  "104": 241,
  "105": 177,
  "106": 177,
  "107": 189
}
[2018-02-07T00:05:03.359] [DEBUG] EMR104 - Sent outbreak request
[2018-02-07T00:05:03.360] [DEBUG] VectorTimestamp - {
  "1": 412,
  "2": 0,
  "3": 0,
  "10": 438,
  "11": 568,
  "12": 428,
  "13": 263,
  "101": 176,
  "102": 187,
  "103": 226,
  "104": 242,
  "105": 177,
  "106": 177,
  "107": 189
}
[2018-02-07T00:05:03.360] [DEBUG] EMR104 - Got outbreak response
[2018-02-07T00:05:04.360] [DEBUG] VectorTimestamp - {
  "1": 412,
  "2": 0,
  "3": 0,
  "10": 438,
  "11": 568,
  "12": 428,
  "13": 263,
  "101": 176,
  "102": 187,
  "103": 226,
  "104": 243,
  "105": 177,
  "106": 177,
  "107": 189
}
[2018-02-07T00:05:04.360] [DEBUG] EMR104 - Sent outbreak request
[2018-02-07T00:05:04.361] [DEBUG] VectorTimestamp - {
  "1": 412,
  "2": 0,
  "3": 0,
  "10": 438,
  "11": 573,
  "12": 428,
  "13": 263,
  "101": 176,
  "102": 187,
  "103": 228,
  "104": 244,
  "105": 177,
  "106": 177,
  "107": 189
}
[2018-02-07T00:05:04.361] [DEBUG] EMR104 - Got outbreak response
