[2018-02-07T00:03:27.293] [DEBUG] EMR105 - Got config: {
  "hds": {
    "id": 12,
    "notification": {
      "ip": "localhost",
      "port": 12104
    },
    "update": {
      "ip": "localhost",
      "port": 12105
    },
    "outbreakRouter": {
      "ip": "localhost",
      "port": 12112
    }
  },
  "processes": [
    {
      "id": 1,
      "ip": "localhost",
      "port": 12001,
      "disease": 1
    },
    {
      "id": 2,
      "ip": "localhost",
      "port": 12002,
      "disease": 2
    },
    {
      "id": 3,
      "ip": "localhost",
      "port": 12003,
      "disease": 3
    },
    {
      "id": 101,
      "hds": 10
    },
    {
      "id": 102,
      "hds": 10
    },
    {
      "id": 103,
      "hds": 11
    },
    {
      "id": 104,
      "hds": 11
    },
    {
      "id": 105,
      "hds": 12
    },
    {
      "id": 106,
      "hds": 12
    },
    {
      "id": 107,
      "hds": 13
    },
    {
      "id": 10,
      "notification": {
        "ip": "localhost",
        "port": 12100
      },
      "update": {
        "ip": "localhost",
        "port": 12101
      },
      "outbreakRouter": {
        "ip": "localhost",
        "port": 12110
      }
    },
    {
      "id": 11,
      "notification": {
        "ip": "localhost",
        "port": 12102
      },
      "update": {
        "ip": "localhost",
        "port": 12103
      },
      "outbreakRouter": {
        "ip": "localhost",
        "port": 12111
      }
    },
    {
      "id": 12,
      "notification": {
        "ip": "localhost",
        "port": 12104
      },
      "update": {
        "ip": "localhost",
        "port": 12105
      },
      "outbreakRouter": {
        "ip": "localhost",
        "port": 12112
      }
    },
    {
      "id": 13,
      "notification": {
        "ip": "localhost",
        "port": 12106
      },
      "update": {
        "ip": "localhost",
        "port": 12107
      },
      "outbreakRouter": {
        "ip": "localhost",
        "port": 12113
      }
    }
  ],
  "simulation": {
    "simulationTime": 24,
    "simulationInterval": 100,
    "diseases": [
      {
        "id": 1,
        "name": "Influenza",
        "threshold": 120,
        "minP": 0,
        "maxP": 0.1,
        "ratePeriod": 48
      },
      {
        "id": 2,
        "name": "Chicken Pox",
        "threshold": 50,
        "minP": 0,
        "maxP": 0,
        "ratePeriod": 120
      },
      {
        "id": 3,
        "name": "Measles",
        "threshold": 10,
        "minP": 0,
        "maxP": 0,
        "ratePeriod": 24
      }
    ]
  }
}
[2018-02-07T00:03:28.298] [DEBUG] VectorTimestamp - {
  "1": 0,
  "2": 0,
  "3": 0,
  "10": 0,
  "11": 0,
  "12": 0,
  "13": 0,
  "101": 0,
  "102": 0,
  "103": 0,
  "104": 0,
  "105": 1,
  "106": 0,
  "107": 0
}
[2018-02-07T00:03:28.299] [DEBUG] EMR105 - Sent outbreak request
[2018-02-07T00:03:28.300] [DEBUG] VectorTimestamp - {
  "1": 0,
  "2": 0,
  "3": 0,
  "10": 0,
  "11": 0,
  "12": 4,
  "13": 0,
  "101": 0,
  "102": 0,
  "103": 0,
  "104": 0,
  "105": 2,
  "106": 1,
  "107": 0
}
[2018-02-07T00:03:28.300] [DEBUG] EMR105 - Got outbreak response
[2018-02-07T00:03:29.298] [DEBUG] VectorTimestamp - {
  "1": 0,
  "2": 0,
  "3": 0,
  "10": 0,
  "11": 0,
  "12": 4,
  "13": 0,
  "101": 0,
  "102": 0,
  "103": 0,
  "104": 0,
  "105": 3,
  "106": 1,
  "107": 0
}
[2018-02-07T00:03:29.298] [DEBUG] EMR105 - Sent outbreak request
[2018-02-07T00:03:29.299] [DEBUG] VectorTimestamp - {
  "1": 0,
  "2": 0,
  "3": 0,
  "10": 0,
  "11": 0,
  "12": 9,
  "13": 0,
  "101": 0,
  "102": 0,
  "103": 0,
  "104": 0,
  "105": 4,
  "106": 3,
  "107": 0
}
[2018-02-07T00:03:29.299] [DEBUG] EMR105 - Got outbreak response
[2018-02-07T00:03:30.299] [DEBUG] VectorTimestamp - {
  "1": 0,
  "2": 0,
  "3": 0,
  "10": 0,
  "11": 0,
  "12": 9,
  "13": 0,
  "101": 0,
  "102": 0,
  "103": 0,
  "104": 0,
  "105": 5,
  "106": 3,
  "107": 0
}
[2018-02-07T00:03:30.299] [DEBUG] EMR105 - Sent outbreak request
[2018-02-07T00:03:30.300] [DEBUG] VectorTimestamp - {
  "1": 0,
  "2": 0,
  "3": 0,
  "10": 0,
  "11": 0,
  "12": 14,
  "13": 0,
  "101": 0,
  "102": 0,
  "103": 0,
  "104": 0,
  "105": 6,
  "106": 5,
  "107": 0
}
[2018-02-07T00:03:30.301] [DEBUG] EMR105 - Got outbreak response
[2018-02-07T00:03:31.300] [DEBUG] VectorTimestamp - {
  "1": 0,
  "2": 0,
  "3": 0,
  "10": 0,
  "11": 0,
  "12": 14,
  "13": 0,
  "101": 0,
  "102": 0,
  "103": 0,
  "104": 0,
  "105": 7,
  "106": 5,
  "107": 0
}
[2018-02-07T00:03:31.300] [DEBUG] EMR105 - Sent outbreak request
[2018-02-07T00:03:31.302] [DEBUG] VectorTimestamp - {
  "1": 0,
  "2": 0,
  "3": 0,
  "10": 0,
  "11": 0,
  "12": 19,
  "13": 0,
  "101": 0,
  "102": 0,
  "103": 0,
  "104": 0,
  "105": 8,
  "106": 7,
  "107": 0
}
[2018-02-07T00:03:31.302] [DEBUG] EMR105 - Got outbreak response
[2018-02-07T00:03:32.300] [DEBUG] VectorTimestamp - {
  "1": 0,
  "2": 0,
  "3": 0,
  "10": 0,
  "11": 0,
  "12": 19,
  "13": 0,
  "101": 0,
  "102": 0,
  "103": 0,
  "104": 0,
  "105": 9,
  "106": 7,
  "107": 0
}
[2018-02-07T00:03:32.301] [DEBUG] EMR105 - Sent outbreak request
[2018-02-07T00:03:32.302] [DEBUG] VectorTimestamp - {
  "1": 0,
  "2": 0,
  "3": 0,
  "10": 0,
  "11": 0,
  "12": 24,
  "13": 0,
  "101": 0,
  "102": 0,
  "103": 0,
  "104": 0,
  "105": 10,
  "106": 9,
  "107": 0
}
[2018-02-07T00:03:32.302] [DEBUG] EMR105 - Got outbreak response
[2018-02-07T00:03:32.713] [DEBUG] VectorTimestamp - {
  "1": 0,
  "2": 0,
  "3": 0,
  "10": 0,
  "11": 0,
  "12": 24,
  "13": 0,
  "101": 0,
  "102": 0,
  "103": 0,
  "104": 0,
  "105": 11,
  "106": 9,
  "107": 0
}
[2018-02-07T00:03:32.713] [DEBUG] EMR105 - Sent disease notification: Influenza (1)
[2018-02-07T00:03:33.302] [DEBUG] VectorTimestamp - {
  "1": 0,
  "2": 0,
  "3": 0,
  "10": 0,
  "11": 0,
  "12": 24,
  "13": 0,
  "101": 0,
  "102": 0,
  "103": 0,
  "104": 0,
  "105": 12,
  "106": 9,
  "107": 0
}
[2018-02-07T00:03:33.303] [DEBUG] EMR105 - Sent outbreak request
[2018-02-07T00:03:33.303] [DEBUG] VectorTimestamp - {
  "1": 0,
  "2": 0,
  "3": 0,
  "10": 0,
  "11": 0,
  "12": 31,
  "13": 0,
  "101": 0,
  "102": 0,
  "103": 0,
  "104": 0,
  "105": 13,
  "106": 12,
  "107": 0
}
[2018-02-07T00:03:33.303] [DEBUG] EMR105 - Got outbreak response
[2018-02-07T00:03:34.304] [DEBUG] VectorTimestamp - {
  "1": 0,
  "2": 0,
  "3": 0,
  "10": 0,
  "11": 0,
  "12": 31,
  "13": 0,
  "101": 0,
  "102": 0,
  "103": 0,
  "104": 0,
  "105": 14,
  "106": 12,
  "107": 0
}
[2018-02-07T00:03:34.304] [DEBUG] EMR105 - Sent outbreak request
[2018-02-07T00:03:34.305] [DEBUG] VectorTimestamp - {
  "1": 0,
  "2": 0,
  "3": 0,
  "10": 0,
  "11": 0,
  "12": 36,
  "13": 0,
  "101": 0,
  "102": 0,
  "103": 0,
  "104": 0,
  "105": 15,
  "106": 14,
  "107": 0
}
[2018-02-07T00:03:34.305] [DEBUG] EMR105 - Got outbreak response
[2018-02-07T00:03:35.304] [DEBUG] VectorTimestamp - {
  "1": 0,
  "2": 0,
  "3": 0,
  "10": 0,
  "11": 0,
  "12": 36,
  "13": 0,
  "101": 0,
  "102": 0,
  "103": 0,
  "104": 0,
  "105": 16,
  "106": 14,
  "107": 0
}
[2018-02-07T00:03:35.305] [DEBUG] EMR105 - Sent outbreak request
[2018-02-07T00:03:35.305] [DEBUG] VectorTimestamp - {
  "1": 0,
  "2": 0,
  "3": 0,
  "10": 0,
  "11": 0,
  "12": 41,
  "13": 0,
  "101": 0,
  "102": 0,
  "103": 0,
  "104": 0,
  "105": 17,
  "106": 16,
  "107": 0
}
[2018-02-07T00:03:35.306] [DEBUG] EMR105 - Got outbreak response
[2018-02-07T00:03:36.306] [DEBUG] VectorTimestamp - {
  "1": 0,
  "2": 0,
  "3": 0,
  "10": 0,
  "11": 0,
  "12": 41,
  "13": 0,
  "101": 0,
  "102": 0,
  "103": 0,
  "104": 0,
  "105": 18,
  "106": 16,
  "107": 0
}
[2018-02-07T00:03:36.306] [DEBUG] EMR105 - Sent outbreak request
[2018-02-07T00:03:36.307] [DEBUG] VectorTimestamp - {
  "1": 0,
  "2": 0,
  "3": 0,
  "10": 0,
  "11": 0,
  "12": 46,
  "13": 0,
  "101": 0,
  "102": 0,
  "103": 0,
  "104": 0,
  "105": 19,
  "106": 18,
  "107": 0
}
[2018-02-07T00:03:36.307] [DEBUG] EMR105 - Got outbreak response
[2018-02-07T00:03:37.307] [DEBUG] VectorTimestamp - {
  "1": 0,
  "2": 0,
  "3": 0,
  "10": 0,
  "11": 0,
  "12": 46,
  "13": 0,
  "101": 0,
  "102": 0,
  "103": 0,
  "104": 0,
  "105": 20,
  "106": 18,
  "107": 0
}
[2018-02-07T00:03:37.307] [DEBUG] EMR105 - Sent outbreak request
[2018-02-07T00:03:37.308] [DEBUG] VectorTimestamp - {
  "1": 0,
  "2": 0,
  "3": 0,
  "10": 0,
  "11": 0,
  "12": 51,
  "13": 0,
  "101": 0,
  "102": 0,
  "103": 0,
  "104": 0,
  "105": 21,
  "106": 20,
  "107": 0
}
[2018-02-07T00:03:37.308] [DEBUG] EMR105 - Got outbreak response
[2018-02-07T00:03:38.307] [DEBUG] VectorTimestamp - {
  "1": 0,
  "2": 0,
  "3": 0,
  "10": 0,
  "11": 0,
  "12": 51,
  "13": 0,
  "101": 0,
  "102": 0,
  "103": 0,
  "104": 0,
  "105": 22,
  "106": 20,
  "107": 0
}
[2018-02-07T00:03:38.307] [DEBUG] EMR105 - Sent outbreak request
[2018-02-07T00:03:38.308] [DEBUG] VectorTimestamp - {
  "1": 0,
  "2": 0,
  "3": 0,
  "10": 0,
  "11": 0,
  "12": 56,
  "13": 0,
  "101": 0,
  "102": 0,
  "103": 0,
  "104": 0,
  "105": 23,
  "106": 22,
  "107": 0
}
[2018-02-07T00:03:38.309] [DEBUG] EMR105 - Got outbreak response
[2018-02-07T00:03:39.309] [DEBUG] VectorTimestamp - {
  "1": 0,
  "2": 0,
  "3": 0,
  "10": 0,
  "11": 0,
  "12": 56,
  "13": 0,
  "101": 0,
  "102": 0,
  "103": 0,
  "104": 0,
  "105": 24,
  "106": 22,
  "107": 0
}
[2018-02-07T00:03:39.310] [DEBUG] EMR105 - Sent outbreak request
[2018-02-07T00:03:39.311] [DEBUG] VectorTimestamp - {
  "1": 0,
  "2": 0,
  "3": 0,
  "10": 0,
  "11": 0,
  "12": 61,
  "13": 0,
  "101": 0,
  "102": 0,
  "103": 0,
  "104": 0,
  "105": 25,
  "106": 24,
  "107": 0
}
[2018-02-07T00:03:39.311] [DEBUG] EMR105 - Got outbreak response
[2018-02-07T00:03:40.311] [DEBUG] VectorTimestamp - {
  "1": 0,
  "2": 0,
  "3": 0,
  "10": 0,
  "11": 0,
  "12": 61,
  "13": 0,
  "101": 0,
  "102": 0,
  "103": 0,
  "104": 0,
  "105": 26,
  "106": 24,
  "107": 0
}
[2018-02-07T00:03:40.311] [DEBUG] EMR105 - Sent outbreak request
[2018-02-07T00:03:40.312] [DEBUG] VectorTimestamp - {
  "1": 0,
  "2": 0,
  "3": 0,
  "10": 0,
  "11": 0,
  "12": 66,
  "13": 0,
  "101": 0,
  "102": 0,
  "103": 0,
  "104": 0,
  "105": 27,
  "106": 26,
  "107": 0
}
[2018-02-07T00:03:40.312] [DEBUG] EMR105 - Got outbreak response
[2018-02-07T00:03:41.312] [DEBUG] VectorTimestamp - {
  "1": 0,
  "2": 0,
  "3": 0,
  "10": 0,
  "11": 0,
  "12": 66,
  "13": 0,
  "101": 0,
  "102": 0,
  "103": 0,
  "104": 0,
  "105": 28,
  "106": 26,
  "107": 0
}
[2018-02-07T00:03:41.314] [DEBUG] EMR105 - Sent outbreak request
[2018-02-07T00:03:41.320] [DEBUG] VectorTimestamp - {
  "1": 0,
  "2": 0,
  "3": 0,
  "10": 0,
  "11": 0,
  "12": 72,
  "13": 0,
  "101": 0,
  "102": 0,
  "103": 0,
  "104": 0,
  "105": 29,
  "106": 29,
  "107": 0
}
[2018-02-07T00:03:41.320] [DEBUG] EMR105 - Got outbreak response
[2018-02-07T00:03:41.336] [DEBUG] VectorTimestamp - {
  "1": 0,
  "2": 0,
  "3": 0,
  "10": 0,
  "11": 0,
  "12": 72,
  "13": 0,
  "101": 0,
  "102": 0,
  "103": 0,
  "104": 0,
  "105": 30,
  "106": 29,
  "107": 0
}
[2018-02-07T00:03:41.336] [DEBUG] EMR105 - Sent disease notification: Influenza (1)
[2018-02-07T00:03:42.316] [DEBUG] VectorTimestamp - {
  "1": 0,
  "2": 0,
  "3": 0,
  "10": 0,
  "11": 0,
  "12": 72,
  "13": 0,
  "101": 0,
  "102": 0,
  "103": 0,
  "104": 0,
  "105": 31,
  "106": 29,
  "107": 0
}
[2018-02-07T00:03:42.316] [DEBUG] EMR105 - Sent outbreak request
[2018-02-07T00:03:42.317] [DEBUG] VectorTimestamp - {
  "1": 0,
  "2": 0,
  "3": 0,
  "10": 0,
  "11": 0,
  "12": 78,
  "13": 0,
  "101": 0,
  "102": 0,
  "103": 0,
  "104": 0,
  "105": 32,
  "106": 31,
  "107": 0
}
[2018-02-07T00:03:42.317] [DEBUG] EMR105 - Got outbreak response
[2018-02-07T00:03:42.439] [DEBUG] VectorTimestamp - {
  "1": 0,
  "2": 0,
  "3": 0,
  "10": 0,
  "11": 0,
  "12": 78,
  "13": 0,
  "101": 0,
  "102": 0,
  "103": 0,
  "104": 0,
  "105": 33,
  "106": 31,
  "107": 0
}
[2018-02-07T00:03:42.439] [DEBUG] EMR105 - Sent disease notification: Influenza (1)
[2018-02-07T00:03:43.317] [DEBUG] VectorTimestamp - {
  "1": 0,
  "2": 0,
  "3": 0,
  "10": 0,
  "11": 0,
  "12": 78,
  "13": 0,
  "101": 0,
  "102": 0,
  "103": 0,
  "104": 0,
  "105": 34,
  "106": 31,
  "107": 0
}
[2018-02-07T00:03:43.317] [DEBUG] EMR105 - Sent outbreak request
[2018-02-07T00:03:43.318] [DEBUG] VectorTimestamp - {
  "1": 0,
  "2": 0,
  "3": 0,
  "10": 0,
  "11": 0,
  "12": 84,
  "13": 0,
  "101": 0,
  "102": 0,
  "103": 0,
  "104": 0,
  "105": 35,
  "106": 33,
  "107": 0
}
[2018-02-07T00:03:43.318] [DEBUG] EMR105 - Got outbreak response
[2018-02-07T00:03:44.318] [DEBUG] VectorTimestamp - {
  "1": 0,
  "2": 0,
  "3": 0,
  "10": 0,
  "11": 0,
  "12": 84,
  "13": 0,
  "101": 0,
  "102": 0,
  "103": 0,
  "104": 0,
  "105": 36,
  "106": 33,
  "107": 0
}
[2018-02-07T00:03:44.318] [DEBUG] EMR105 - Sent outbreak request
[2018-02-07T00:03:44.319] [DEBUG] VectorTimestamp - {
  "1": 0,
  "2": 0,
  "3": 0,
  "10": 0,
  "11": 0,
  "12": 89,
  "13": 0,
  "101": 0,
  "102": 0,
  "103": 0,
  "104": 0,
  "105": 37,
  "106": 35,
  "107": 0
}
[2018-02-07T00:03:44.319] [DEBUG] EMR105 - Got outbreak response
[2018-02-07T00:03:44.743] [DEBUG] VectorTimestamp - {
  "1": 0,
  "2": 0,
  "3": 0,
  "10": 0,
  "11": 0,
  "12": 89,
  "13": 0,
  "101": 0,
  "102": 0,
  "103": 0,
  "104": 0,
  "105": 38,
  "106": 35,
  "107": 0
}
[2018-02-07T00:03:44.743] [DEBUG] EMR105 - Sent disease notification: Influenza (1)
[2018-02-07T00:03:45.319] [DEBUG] VectorTimestamp - {
  "1": 0,
  "2": 0,
  "3": 0,
  "10": 0,
  "11": 0,
  "12": 89,
  "13": 0,
  "101": 0,
  "102": 0,
  "103": 0,
  "104": 0,
  "105": 39,
  "106": 35,
  "107": 0
}
[2018-02-07T00:03:45.319] [DEBUG] EMR105 - Sent outbreak request
[2018-02-07T00:03:45.320] [DEBUG] VectorTimestamp - {
  "1": 0,
  "2": 0,
  "3": 0,
  "10": 0,
  "11": 0,
  "12": 96,
  "13": 0,
  "101": 0,
  "102": 0,
  "103": 0,
  "104": 0,
  "105": 40,
  "106": 38,
  "107": 0
}
[2018-02-07T00:03:45.320] [DEBUG] EMR105 - Got outbreak response
[2018-02-07T00:03:45.546] [DEBUG] VectorTimestamp - {
  "1": 0,
  "2": 0,
  "3": 0,
  "10": 0,
  "11": 0,
  "12": 96,
  "13": 0,
  "101": 0,
  "102": 0,
  "103": 0,
  "104": 0,
  "105": 41,
  "106": 38,
  "107": 0
}
[2018-02-07T00:03:45.546] [DEBUG] EMR105 - Sent disease notification: Influenza (1)
[2018-02-07T00:03:46.320] [DEBUG] VectorTimestamp - {
  "1": 0,
  "2": 0,
  "3": 0,
  "10": 0,
  "11": 0,
  "12": 96,
  "13": 0,
  "101": 0,
  "102": 0,
  "103": 0,
  "104": 0,
  "105": 42,
  "106": 38,
  "107": 0
}
[2018-02-07T00:03:46.320] [DEBUG] EMR105 - Sent outbreak request
[2018-02-07T00:03:46.321] [DEBUG] VectorTimestamp - {
  "1": 0,
  "2": 0,
  "3": 0,
  "10": 0,
  "11": 0,
  "12": 103,
  "13": 0,
  "101": 0,
  "102": 0,
  "103": 0,
  "104": 0,
  "105": 43,
  "106": 41,
  "107": 0
}
[2018-02-07T00:03:46.321] [DEBUG] EMR105 - Got outbreak response
[2018-02-07T00:03:47.321] [DEBUG] VectorTimestamp - {
  "1": 0,
  "2": 0,
  "3": 0,
  "10": 0,
  "11": 0,
  "12": 103,
  "13": 0,
  "101": 0,
  "102": 0,
  "103": 0,
  "104": 0,
  "105": 44,
  "106": 41,
  "107": 0
}
[2018-02-07T00:03:47.321] [DEBUG] EMR105 - Sent outbreak request
[2018-02-07T00:03:47.323] [DEBUG] VectorTimestamp - {
  "1": 0,
  "2": 0,
  "3": 0,
  "10": 0,
  "11": 0,
  "12": 109,
  "13": 0,
  "101": 0,
  "102": 0,
  "103": 0,
  "104": 0,
  "105": 45,
  "106": 44,
  "107": 0
}
[2018-02-07T00:03:47.323] [DEBUG] EMR105 - Got outbreak response
[2018-02-07T00:03:47.750] [DEBUG] VectorTimestamp - {
  "1": 0,
  "2": 0,
  "3": 0,
  "10": 0,
  "11": 0,
  "12": 109,
  "13": 0,
  "101": 0,
  "102": 0,
  "103": 0,
  "104": 0,
  "105": 46,
  "106": 44,
  "107": 0
}
[2018-02-07T00:03:47.750] [DEBUG] EMR105 - Sent disease notification: Influenza (1)
[2018-02-07T00:03:48.322] [DEBUG] VectorTimestamp - {
  "1": 0,
  "2": 0,
  "3": 0,
  "10": 0,
  "11": 0,
  "12": 109,
  "13": 0,
  "101": 0,
  "102": 0,
  "103": 0,
  "104": 0,
  "105": 47,
  "106": 44,
  "107": 0
}
[2018-02-07T00:03:48.322] [DEBUG] EMR105 - Sent outbreak request
[2018-02-07T00:03:48.324] [DEBUG] VectorTimestamp - {
  "1": 0,
  "2": 0,
  "3": 0,
  "10": 0,
  "11": 0,
  "12": 116,
  "13": 0,
  "101": 0,
  "102": 0,
  "103": 0,
  "104": 0,
  "105": 48,
  "106": 48,
  "107": 0
}
[2018-02-07T00:03:48.324] [DEBUG] EMR105 - Got outbreak response
[2018-02-07T00:03:48.553] [DEBUG] VectorTimestamp - {
  "1": 0,
  "2": 0,
  "3": 0,
  "10": 0,
  "11": 0,
  "12": 116,
  "13": 0,
  "101": 0,
  "102": 0,
  "103": 0,
  "104": 0,
  "105": 49,
  "106": 48,
  "107": 0
}
[2018-02-07T00:03:48.553] [DEBUG] EMR105 - Sent disease notification: Influenza (1)
[2018-02-07T00:03:49.323] [DEBUG] VectorTimestamp - {
  "1": 0,
  "2": 0,
  "3": 0,
  "10": 0,
  "11": 0,
  "12": 116,
  "13": 0,
  "101": 0,
  "102": 0,
  "103": 0,
  "104": 0,
  "105": 50,
  "106": 48,
  "107": 0
}
[2018-02-07T00:03:49.323] [DEBUG] EMR105 - Sent outbreak request
[2018-02-07T00:03:49.325] [DEBUG] VectorTimestamp - {
  "1": 0,
  "2": 0,
  "3": 0,
  "10": 0,
  "11": 0,
  "12": 122,
  "13": 0,
  "101": 0,
  "102": 0,
  "103": 0,
  "104": 0,
  "105": 51,
  "106": 49,
  "107": 0
}
[2018-02-07T00:03:49.325] [DEBUG] EMR105 - Got outbreak response
[2018-02-07T00:03:49.355] [DEBUG] VectorTimestamp - {
  "1": 0,
  "2": 0,
  "3": 0,
  "10": 0,
  "11": 0,
  "12": 122,
  "13": 0,
  "101": 0,
  "102": 0,
  "103": 0,
  "104": 0,
  "105": 52,
  "106": 49,
  "107": 0
}
[2018-02-07T00:03:49.355] [DEBUG] EMR105 - Sent disease notification: Influenza (1)
[2018-02-07T00:03:50.324] [DEBUG] VectorTimestamp - {
  "1": 0,
  "2": 0,
  "3": 0,
  "10": 0,
  "11": 0,
  "12": 122,
  "13": 0,
  "101": 0,
  "102": 0,
  "103": 0,
  "104": 0,
  "105": 53,
  "106": 49,
  "107": 0
}
[2018-02-07T00:03:50.324] [DEBUG] EMR105 - Sent outbreak request
[2018-02-07T00:03:50.325] [DEBUG] VectorTimestamp - {
  "1": 0,
  "2": 0,
  "3": 0,
  "10": 0,
  "11": 0,
  "12": 129,
  "13": 0,
  "101": 0,
  "102": 0,
  "103": 0,
  "104": 0,
  "105": 54,
  "106": 52,
  "107": 0
}
[2018-02-07T00:03:50.325] [DEBUG] EMR105 - Got outbreak response
[2018-02-07T00:03:51.326] [DEBUG] VectorTimestamp - {
  "1": 0,
  "2": 0,
  "3": 0,
  "10": 0,
  "11": 0,
  "12": 129,
  "13": 0,
  "101": 0,
  "102": 0,
  "103": 0,
  "104": 0,
  "105": 55,
  "106": 52,
  "107": 0
}
[2018-02-07T00:03:51.326] [DEBUG] EMR105 - Sent outbreak request
[2018-02-07T00:03:51.327] [DEBUG] VectorTimestamp - {
  "1": 0,
  "2": 0,
  "3": 0,
  "10": 0,
  "11": 0,
  "12": 135,
  "13": 0,
  "101": 0,
  "102": 0,
  "103": 0,
  "104": 0,
  "105": 56,
  "106": 55,
  "107": 0
}
[2018-02-07T00:03:51.327] [DEBUG] EMR105 - Got outbreak response
[2018-02-07T00:03:52.261] [DEBUG] VectorTimestamp - {
  "1": 0,
  "2": 0,
  "3": 0,
  "10": 0,
  "11": 0,
  "12": 135,
  "13": 0,
  "101": 0,
  "102": 0,
  "103": 0,
  "104": 0,
  "105": 57,
  "106": 55,
  "107": 0
}
[2018-02-07T00:03:52.261] [DEBUG] EMR105 - Sent disease notification: Influenza (1)
[2018-02-07T00:03:52.327] [DEBUG] VectorTimestamp - {
  "1": 0,
  "2": 0,
  "3": 0,
  "10": 0,
  "11": 0,
  "12": 135,
  "13": 0,
  "101": 0,
  "102": 0,
  "103": 0,
  "104": 0,
  "105": 58,
  "106": 55,
  "107": 0
}
[2018-02-07T00:03:52.327] [DEBUG] EMR105 - Sent outbreak request
[2018-02-07T00:03:52.328] [DEBUG] VectorTimestamp - {
  "1": 0,
  "2": 0,
  "3": 0,
  "10": 0,
  "11": 0,
  "12": 142,
  "13": 0,
  "101": 0,
  "102": 0,
  "103": 0,
  "104": 0,
  "105": 59,
  "106": 58,
  "107": 0
}
[2018-02-07T00:03:52.328] [DEBUG] EMR105 - Got outbreak response
[2018-02-07T00:03:53.328] [DEBUG] VectorTimestamp - {
  "1": 0,
  "2": 0,
  "3": 0,
  "10": 0,
  "11": 0,
  "12": 142,
  "13": 0,
  "101": 0,
  "102": 0,
  "103": 0,
  "104": 0,
  "105": 60,
  "106": 58,
  "107": 0
}
[2018-02-07T00:03:53.328] [DEBUG] EMR105 - Sent outbreak request
[2018-02-07T00:03:53.329] [DEBUG] VectorTimestamp - {
  "1": 0,
  "2": 0,
  "3": 0,
  "10": 0,
  "11": 0,
  "12": 148,
  "13": 0,
  "101": 0,
  "102": 0,
  "103": 0,
  "104": 0,
  "105": 61,
  "106": 61,
  "107": 0
}
[2018-02-07T00:03:53.329] [DEBUG] EMR105 - Got outbreak response
[2018-02-07T00:03:53.363] [DEBUG] VectorTimestamp - {
  "1": 0,
  "2": 0,
  "3": 0,
  "10": 0,
  "11": 0,
  "12": 148,
  "13": 0,
  "101": 0,
  "102": 0,
  "103": 0,
  "104": 0,
  "105": 62,
  "106": 61,
  "107": 0
}
[2018-02-07T00:03:53.363] [DEBUG] EMR105 - Sent disease notification: Influenza (1)
[2018-02-07T00:03:54.165] [DEBUG] VectorTimestamp - {
  "1": 0,
  "2": 0,
  "3": 0,
  "10": 0,
  "11": 0,
  "12": 148,
  "13": 0,
  "101": 0,
  "102": 0,
  "103": 0,
  "104": 0,
  "105": 63,
  "106": 61,
  "107": 0
}
[2018-02-07T00:03:54.165] [DEBUG] EMR105 - Sent disease notification: Influenza (1)
[2018-02-07T00:03:54.329] [DEBUG] VectorTimestamp - {
  "1": 0,
  "2": 0,
  "3": 0,
  "10": 0,
  "11": 0,
  "12": 148,
  "13": 0,
  "101": 0,
  "102": 0,
  "103": 0,
  "104": 0,
  "105": 64,
  "106": 61,
  "107": 0
}
[2018-02-07T00:03:54.329] [DEBUG] EMR105 - Sent outbreak request
[2018-02-07T00:03:54.330] [DEBUG] VectorTimestamp - {
  "1": 0,
  "2": 0,
  "3": 0,
  "10": 0,
  "11": 0,
  "12": 155,
  "13": 0,
  "101": 0,
  "102": 0,
  "103": 0,
  "104": 0,
  "105": 65,
  "106": 63,
  "107": 0
}
[2018-02-07T00:03:54.330] [DEBUG] EMR105 - Got outbreak response
[2018-02-07T00:03:55.330] [DEBUG] VectorTimestamp - {
  "1": 0,
  "2": 0,
  "3": 0,
  "10": 0,
  "11": 0,
  "12": 155,
  "13": 0,
  "101": 0,
  "102": 0,
  "103": 0,
  "104": 0,
  "105": 66,
  "106": 63,
  "107": 0
}
[2018-02-07T00:03:55.334] [DEBUG] EMR105 - Sent outbreak request
[2018-02-07T00:03:55.337] [DEBUG] VectorTimestamp - {
  "1": 0,
  "2": 0,
  "3": 0,
  "10": 0,
  "11": 0,
  "12": 160,
  "13": 0,
  "101": 0,
  "102": 0,
  "103": 0,
  "104": 0,
  "105": 67,
  "106": 65,
  "107": 0
}
[2018-02-07T00:03:55.337] [DEBUG] EMR105 - Got outbreak response
[2018-02-07T00:03:56.271] [DEBUG] VectorTimestamp - {
  "1": 0,
  "2": 0,
  "3": 0,
  "10": 0,
  "11": 0,
  "12": 160,
  "13": 0,
  "101": 0,
  "102": 0,
  "103": 0,
  "104": 0,
  "105": 68,
  "106": 65,
  "107": 0
}
[2018-02-07T00:03:56.271] [DEBUG] EMR105 - Sent disease notification: Influenza (1)
[2018-02-07T00:03:56.334] [DEBUG] VectorTimestamp - {
  "1": 0,
  "2": 0,
  "3": 0,
  "10": 0,
  "11": 0,
  "12": 160,
  "13": 0,
  "101": 0,
  "102": 0,
  "103": 0,
  "104": 0,
  "105": 69,
  "106": 65,
  "107": 0
}
[2018-02-07T00:03:56.334] [DEBUG] EMR105 - Sent outbreak request
[2018-02-07T00:03:56.335] [DEBUG] VectorTimestamp - {
  "1": 0,
  "2": 0,
  "3": 0,
  "10": 0,
  "11": 0,
  "12": 166,
  "13": 0,
  "101": 0,
  "102": 0,
  "103": 0,
  "104": 0,
  "105": 70,
  "106": 67,
  "107": 0
}
[2018-02-07T00:03:56.335] [DEBUG] EMR105 - Got outbreak response
[2018-02-07T00:03:57.335] [DEBUG] VectorTimestamp - {
  "1": 0,
  "2": 0,
  "3": 0,
  "10": 0,
  "11": 0,
  "12": 166,
  "13": 0,
  "101": 0,
  "102": 0,
  "103": 0,
  "104": 0,
  "105": 71,
  "106": 67,
  "107": 0
}
[2018-02-07T00:03:57.335] [DEBUG] EMR105 - Sent outbreak request
[2018-02-07T00:03:57.336] [DEBUG] VectorTimestamp - {
  "1": 0,
  "2": 0,
  "3": 0,
  "10": 0,
  "11": 0,
  "12": 171,
  "13": 0,
  "101": 0,
  "102": 0,
  "103": 0,
  "104": 0,
  "105": 72,
  "106": 69,
  "107": 0
}
[2018-02-07T00:03:57.336] [DEBUG] EMR105 - Got outbreak response
[2018-02-07T00:03:58.336] [DEBUG] VectorTimestamp - {
  "1": 0,
  "2": 0,
  "3": 0,
  "10": 0,
  "11": 0,
  "12": 171,
  "13": 0,
  "101": 0,
  "102": 0,
  "103": 0,
  "104": 0,
  "105": 73,
  "106": 69,
  "107": 0
}
[2018-02-07T00:03:58.337] [DEBUG] EMR105 - Sent outbreak request
[2018-02-07T00:03:58.338] [DEBUG] VectorTimestamp - {
  "1": 0,
  "2": 0,
  "3": 0,
  "10": 0,
  "11": 0,
  "12": 177,
  "13": 0,
  "101": 0,
  "102": 0,
  "103": 0,
  "104": 0,
  "105": 74,
  "106": 72,
  "107": 0
}
[2018-02-07T00:03:58.338] [DEBUG] EMR105 - Got outbreak response
[2018-02-07T00:03:59.280] [DEBUG] VectorTimestamp - {
  "1": 0,
  "2": 0,
  "3": 0,
  "10": 0,
  "11": 0,
  "12": 177,
  "13": 0,
  "101": 0,
  "102": 0,
  "103": 0,
  "104": 0,
  "105": 75,
  "106": 72,
  "107": 0
}
[2018-02-07T00:03:59.280] [DEBUG] EMR105 - Sent disease notification: Influenza (1)
[2018-02-07T00:03:59.337] [DEBUG] VectorTimestamp - {
  "1": 0,
  "2": 0,
  "3": 0,
  "10": 0,
  "11": 0,
  "12": 177,
  "13": 0,
  "101": 0,
  "102": 0,
  "103": 0,
  "104": 0,
  "105": 76,
  "106": 72,
  "107": 0
}
[2018-02-07T00:03:59.337] [DEBUG] EMR105 - Sent outbreak request
[2018-02-07T00:03:59.338] [DEBUG] VectorTimestamp - {
  "1": 0,
  "2": 0,
  "3": 0,
  "10": 0,
  "11": 0,
  "12": 183,
  "13": 0,
  "101": 0,
  "102": 0,
  "103": 0,
  "104": 0,
  "105": 77,
  "106": 74,
  "107": 0
}
[2018-02-07T00:03:59.338] [DEBUG] EMR105 - Got outbreak response
[2018-02-07T00:04:00.338] [DEBUG] VectorTimestamp - {
  "1": 0,
  "2": 0,
  "3": 0,
  "10": 0,
  "11": 0,
  "12": 183,
  "13": 0,
  "101": 0,
  "102": 0,
  "103": 0,
  "104": 0,
  "105": 78,
  "106": 74,
  "107": 0
}
[2018-02-07T00:04:00.338] [DEBUG] EMR105 - Sent outbreak request
[2018-02-07T00:04:00.341] [DEBUG] VectorTimestamp - {
  "1": 0,
  "2": 0,
  "3": 0,
  "10": 0,
  "11": 0,
  "12": 188,
  "13": 0,
  "101": 0,
  "102": 0,
  "103": 0,
  "104": 0,
  "105": 79,
  "106": 76,
  "107": 0
}
[2018-02-07T00:04:00.341] [DEBUG] EMR105 - Got outbreak response
[2018-02-07T00:04:01.339] [DEBUG] VectorTimestamp - {
  "1": 0,
  "2": 0,
  "3": 0,
  "10": 0,
  "11": 0,
  "12": 188,
  "13": 0,
  "101": 0,
  "102": 0,
  "103": 0,
  "104": 0,
  "105": 80,
  "106": 76,
  "107": 0
}
[2018-02-07T00:04:01.339] [DEBUG] EMR105 - Sent outbreak request
[2018-02-07T00:04:01.341] [DEBUG] VectorTimestamp - {
  "1": 0,
  "2": 0,
  "3": 0,
  "10": 0,
  "11": 0,
  "12": 193,
  "13": 0,
  "101": 0,
  "102": 0,
  "103": 0,
  "104": 0,
  "105": 81,
  "106": 78,
  "107": 0
}
[2018-02-07T00:04:01.341] [DEBUG] EMR105 - Got outbreak response
[2018-02-07T00:04:02.339] [DEBUG] VectorTimestamp - {
  "1": 0,
  "2": 0,
  "3": 0,
  "10": 0,
  "11": 0,
  "12": 193,
  "13": 0,
  "101": 0,
  "102": 0,
  "103": 0,
  "104": 0,
  "105": 82,
  "106": 78,
  "107": 0
}
[2018-02-07T00:04:02.339] [DEBUG] EMR105 - Sent outbreak request
[2018-02-07T00:04:02.340] [DEBUG] VectorTimestamp - {
  "1": 0,
  "2": 0,
  "3": 0,
  "10": 0,
  "11": 0,
  "12": 198,
  "13": 0,
  "101": 0,
  "102": 0,
  "103": 0,
  "104": 0,
  "105": 83,
  "106": 80,
  "107": 0
}
[2018-02-07T00:04:02.340] [DEBUG] EMR105 - Got outbreak response
[2018-02-07T00:04:02.689] [DEBUG] VectorTimestamp - {
  "1": 0,
  "2": 0,
  "3": 0,
  "10": 0,
  "11": 0,
  "12": 198,
  "13": 0,
  "101": 0,
  "102": 0,
  "103": 0,
  "104": 0,
  "105": 84,
  "106": 80,
  "107": 0
}
[2018-02-07T00:04:02.689] [DEBUG] EMR105 - Sent disease notification: Influenza (1)
[2018-02-07T00:04:03.340] [DEBUG] VectorTimestamp - {
  "1": 0,
  "2": 0,
  "3": 0,
  "10": 0,
  "11": 0,
  "12": 198,
  "13": 0,
  "101": 0,
  "102": 0,
  "103": 0,
  "104": 0,
  "105": 85,
  "106": 80,
  "107": 0
}
[2018-02-07T00:04:03.341] [DEBUG] EMR105 - Sent outbreak request
[2018-02-07T00:04:03.345] [DEBUG] VectorTimestamp - {
  "1": 0,
  "2": 0,
  "3": 0,
  "10": 0,
  "11": 0,
  "12": 205,
  "13": 0,
  "101": 0,
  "102": 0,
  "103": 0,
  "104": 0,
  "105": 86,
  "106": 83,
  "107": 0
}
[2018-02-07T00:04:03.345] [DEBUG] EMR105 - Got outbreak response
[2018-02-07T00:04:04.094] [DEBUG] VectorTimestamp - {
  "1": 0,
  "2": 0,
  "3": 0,
  "10": 0,
  "11": 0,
  "12": 205,
  "13": 0,
  "101": 0,
  "102": 0,
  "103": 0,
  "104": 0,
  "105": 87,
  "106": 83,
  "107": 0
}
[2018-02-07T00:04:04.094] [DEBUG] EMR105 - Sent disease notification: Influenza (1)
[2018-02-07T00:04:04.341] [DEBUG] VectorTimestamp - {
  "1": 0,
  "2": 0,
  "3": 0,
  "10": 0,
  "11": 0,
  "12": 205,
  "13": 0,
  "101": 0,
  "102": 0,
  "103": 0,
  "104": 0,
  "105": 88,
  "106": 83,
  "107": 0
}
[2018-02-07T00:04:04.341] [DEBUG] EMR105 - Sent outbreak request
[2018-02-07T00:04:04.342] [DEBUG] VectorTimestamp - {
  "1": 0,
  "2": 0,
  "3": 0,
  "10": 0,
  "11": 0,
  "12": 212,
  "13": 0,
  "101": 0,
  "102": 0,
  "103": 0,
  "104": 0,
  "105": 89,
  "106": 86,
  "107": 0
}
[2018-02-07T00:04:04.342] [DEBUG] EMR105 - Got outbreak response
[2018-02-07T00:04:05.342] [DEBUG] VectorTimestamp - {
  "1": 0,
  "2": 0,
  "3": 0,
  "10": 0,
  "11": 0,
  "12": 212,
  "13": 0,
  "101": 0,
  "102": 0,
  "103": 0,
  "104": 0,
  "105": 90,
  "106": 86,
  "107": 0
}
[2018-02-07T00:04:05.342] [DEBUG] EMR105 - Sent outbreak request
[2018-02-07T00:04:05.343] [DEBUG] VectorTimestamp - {
  "1": 0,
  "2": 0,
  "3": 0,
  "10": 0,
  "11": 0,
  "12": 217,
  "13": 0,
  "101": 0,
  "102": 0,
  "103": 0,
  "104": 0,
  "105": 91,
  "106": 88,
  "107": 0
}
[2018-02-07T00:04:05.343] [DEBUG] EMR105 - Got outbreak response
[2018-02-07T00:04:06.343] [DEBUG] VectorTimestamp - {
  "1": 0,
  "2": 0,
  "3": 0,
  "10": 0,
  "11": 0,
  "12": 217,
  "13": 0,
  "101": 0,
  "102": 0,
  "103": 0,
  "104": 0,
  "105": 92,
  "106": 88,
  "107": 0
}
[2018-02-07T00:04:06.343] [DEBUG] EMR105 - Sent outbreak request
[2018-02-07T00:04:06.345] [DEBUG] VectorTimestamp - {
  "1": 0,
  "2": 0,
  "3": 0,
  "10": 0,
  "11": 0,
  "12": 223,
  "13": 0,
  "101": 0,
  "102": 0,
  "103": 0,
  "104": 0,
  "105": 93,
  "106": 91,
  "107": 0
}
[2018-02-07T00:04:06.345] [DEBUG] EMR105 - Got outbreak response
[2018-02-07T00:04:07.344] [DEBUG] VectorTimestamp - {
  "1": 0,
  "2": 0,
  "3": 0,
  "10": 0,
  "11": 0,
  "12": 223,
  "13": 0,
  "101": 0,
  "102": 0,
  "103": 0,
  "104": 0,
  "105": 94,
  "106": 91,
  "107": 0
}
[2018-02-07T00:04:07.344] [DEBUG] EMR105 - Sent outbreak request
[2018-02-07T00:04:07.345] [DEBUG] VectorTimestamp - {
  "1": 0,
  "2": 0,
  "3": 0,
  "10": 0,
  "11": 0,
  "12": 229,
  "13": 0,
  "101": 0,
  "102": 0,
  "103": 0,
  "104": 0,
  "105": 95,
  "106": 94,
  "107": 0
}
[2018-02-07T00:04:07.345] [DEBUG] EMR105 - Got outbreak response
[2018-02-07T00:04:07.903] [DEBUG] VectorTimestamp - {
  "1": 0,
  "2": 0,
  "3": 0,
  "10": 0,
  "11": 0,
  "12": 229,
  "13": 0,
  "101": 0,
  "102": 0,
  "103": 0,
  "104": 0,
  "105": 96,
  "106": 94,
  "107": 0
}
[2018-02-07T00:04:07.903] [DEBUG] EMR105 - Sent disease notification: Influenza (1)
[2018-02-07T00:04:08.345] [DEBUG] VectorTimestamp - {
  "1": 0,
  "2": 0,
  "3": 0,
  "10": 0,
  "11": 0,
  "12": 229,
  "13": 0,
  "101": 0,
  "102": 0,
  "103": 0,
  "104": 0,
  "105": 97,
  "106": 94,
  "107": 0
}
[2018-02-07T00:04:08.345] [DEBUG] EMR105 - Sent outbreak request
[2018-02-07T00:04:08.346] [DEBUG] VectorTimestamp - {
  "1": 0,
  "2": 0,
  "3": 0,
  "10": 0,
  "11": 0,
  "12": 235,
  "13": 0,
  "101": 0,
  "102": 0,
  "103": 0,
  "104": 0,
  "105": 98,
  "106": 96,
  "107": 0
}
[2018-02-07T00:04:08.346] [DEBUG] EMR105 - Got outbreak response
[2018-02-07T00:04:09.346] [DEBUG] VectorTimestamp - {
  "1": 0,
  "2": 0,
  "3": 0,
  "10": 0,
  "11": 0,
  "12": 235,
  "13": 0,
  "101": 0,
  "102": 0,
  "103": 0,
  "104": 0,
  "105": 99,
  "106": 96,
  "107": 0
}
[2018-02-07T00:04:09.346] [DEBUG] EMR105 - Sent outbreak request
[2018-02-07T00:04:09.347] [DEBUG] VectorTimestamp - {
  "1": 0,
  "2": 0,
  "3": 0,
  "10": 0,
  "11": 0,
  "12": 241,
  "13": 0,
  "101": 0,
  "102": 0,
  "103": 0,
  "104": 0,
  "105": 100,
  "106": 99,
  "107": 0
}
[2018-02-07T00:04:09.347] [DEBUG] EMR105 - Got outbreak response
[2018-02-07T00:04:10.108] [DEBUG] VectorTimestamp - {
  "1": 0,
  "2": 0,
  "3": 0,
  "10": 0,
  "11": 0,
  "12": 241,
  "13": 0,
  "101": 0,
  "102": 0,
  "103": 0,
  "104": 0,
  "105": 101,
  "106": 99,
  "107": 0
}
[2018-02-07T00:04:10.108] [DEBUG] EMR105 - Sent disease notification: Influenza (1)
[2018-02-07T00:04:10.307] [DEBUG] VectorTimestamp - {
  "1": 0,
  "2": 0,
  "3": 0,
  "10": 0,
  "11": 0,
  "12": 241,
  "13": 0,
  "101": 0,
  "102": 0,
  "103": 0,
  "104": 0,
  "105": 102,
  "106": 99,
  "107": 0
}
[2018-02-07T00:04:10.307] [DEBUG] EMR105 - Sent disease notification: Influenza (1)
[2018-02-07T00:04:10.347] [DEBUG] VectorTimestamp - {
  "1": 0,
  "2": 0,
  "3": 0,
  "10": 0,
  "11": 0,
  "12": 241,
  "13": 0,
  "101": 0,
  "102": 0,
  "103": 0,
  "104": 0,
  "105": 103,
  "106": 99,
  "107": 0
}
[2018-02-07T00:04:10.347] [DEBUG] EMR105 - Sent outbreak request
[2018-02-07T00:04:10.348] [DEBUG] VectorTimestamp - {
  "1": 0,
  "2": 0,
  "3": 0,
  "10": 0,
  "11": 0,
  "12": 248,
  "13": 0,
  "101": 0,
  "102": 0,
  "103": 0,
  "104": 0,
  "105": 104,
  "106": 101,
  "107": 0
}
[2018-02-07T00:04:10.348] [DEBUG] EMR105 - Got outbreak response
[2018-02-07T00:04:10.708] [DEBUG] VectorTimestamp - {
  "1": 0,
  "2": 0,
  "3": 0,
  "10": 0,
  "11": 0,
  "12": 248,
  "13": 0,
  "101": 0,
  "102": 0,
  "103": 0,
  "104": 0,
  "105": 105,
  "106": 101,
  "107": 0
}
[2018-02-07T00:04:10.708] [DEBUG] EMR105 - Sent disease notification: Influenza (1)
[2018-02-07T00:04:11.348] [DEBUG] VectorTimestamp - {
  "1": 0,
  "2": 0,
  "3": 0,
  "10": 0,
  "11": 0,
  "12": 248,
  "13": 0,
  "101": 0,
  "102": 0,
  "103": 0,
  "104": 0,
  "105": 106,
  "106": 101,
  "107": 0
}
[2018-02-07T00:04:11.348] [DEBUG] EMR105 - Sent outbreak request
[2018-02-07T00:04:11.349] [DEBUG] VectorTimestamp - {
  "1": 0,
  "2": 0,
  "3": 0,
  "10": 0,
  "11": 0,
  "12": 254,
  "13": 0,
  "101": 0,
  "102": 0,
  "103": 0,
  "104": 0,
  "105": 107,
  "106": 103,
  "107": 0
}
[2018-02-07T00:04:11.349] [DEBUG] EMR105 - Got outbreak response
[2018-02-07T00:04:12.111] [DEBUG] VectorTimestamp - {
  "1": 0,
  "2": 0,
  "3": 0,
  "10": 0,
  "11": 0,
  "12": 254,
  "13": 0,
  "101": 0,
  "102": 0,
  "103": 0,
  "104": 0,
  "105": 108,
  "106": 103,
  "107": 0
}
[2018-02-07T00:04:12.111] [DEBUG] EMR105 - Sent disease notification: Influenza (1)
[2018-02-07T00:04:12.349] [DEBUG] VectorTimestamp - {
  "1": 0,
  "2": 0,
  "3": 0,
  "10": 0,
  "11": 0,
  "12": 254,
  "13": 0,
  "101": 0,
  "102": 0,
  "103": 0,
  "104": 0,
  "105": 109,
  "106": 103,
  "107": 0
}
[2018-02-07T00:04:12.349] [DEBUG] EMR105 - Sent outbreak request
[2018-02-07T00:04:12.350] [DEBUG] VectorTimestamp - {
  "1": 0,
  "2": 0,
  "3": 0,
  "10": 0,
  "11": 0,
  "12": 261,
  "13": 0,
  "101": 0,
  "102": 0,
  "103": 0,
  "104": 0,
  "105": 110,
  "106": 106,
  "107": 0
}
[2018-02-07T00:04:12.350] [DEBUG] EMR105 - Got outbreak response
[2018-02-07T00:04:12.613] [DEBUG] VectorTimestamp - {
  "1": 0,
  "2": 0,
  "3": 0,
  "10": 0,
  "11": 0,
  "12": 261,
  "13": 0,
  "101": 0,
  "102": 0,
  "103": 0,
  "104": 0,
  "105": 111,
  "106": 106,
  "107": 0
}
[2018-02-07T00:04:12.613] [DEBUG] EMR105 - Sent disease notification: Influenza (1)
[2018-02-07T00:04:13.349] [DEBUG] VectorTimestamp - {
  "1": 0,
  "2": 0,
  "3": 0,
  "10": 0,
  "11": 0,
  "12": 261,
  "13": 0,
  "101": 0,
  "102": 0,
  "103": 0,
  "104": 0,
  "105": 112,
  "106": 106,
  "107": 0
}
[2018-02-07T00:04:13.349] [DEBUG] EMR105 - Sent outbreak request
[2018-02-07T00:04:13.350] [DEBUG] VectorTimestamp - {
  "1": 0,
  "2": 0,
  "3": 0,
  "10": 0,
  "11": 0,
  "12": 269,
  "13": 0,
  "101": 0,
  "102": 0,
  "103": 0,
  "104": 0,
  "105": 113,
  "106": 110,
  "107": 0
}
[2018-02-07T00:04:13.350] [DEBUG] EMR105 - Got outbreak response
[2018-02-07T00:04:14.217] [DEBUG] VectorTimestamp - {
  "1": 0,
  "2": 0,
  "3": 0,
  "10": 0,
  "11": 0,
  "12": 269,
  "13": 0,
  "101": 0,
  "102": 0,
  "103": 0,
  "104": 0,
  "105": 114,
  "106": 110,
  "107": 0
}
[2018-02-07T00:04:14.217] [DEBUG] EMR105 - Sent disease notification: Influenza (1)
[2018-02-07T00:04:14.350] [DEBUG] VectorTimestamp - {
  "1": 0,
  "2": 0,
  "3": 0,
  "10": 0,
  "11": 0,
  "12": 269,
  "13": 0,
  "101": 0,
  "102": 0,
  "103": 0,
  "104": 0,
  "105": 115,
  "106": 110,
  "107": 0
}
[2018-02-07T00:04:14.350] [DEBUG] EMR105 - Sent outbreak request
[2018-02-07T00:04:14.351] [DEBUG] VectorTimestamp - {
  "1": 0,
  "2": 0,
  "3": 0,
  "10": 0,
  "11": 0,
  "12": 275,
  "13": 0,
  "101": 0,
  "102": 0,
  "103": 0,
  "104": 0,
  "105": 116,
  "106": 112,
  "107": 0
}
[2018-02-07T00:04:14.351] [DEBUG] EMR105 - Got outbreak response
[2018-02-07T00:04:15.351] [DEBUG] VectorTimestamp - {
  "1": 0,
  "2": 0,
  "3": 0,
  "10": 0,
  "11": 0,
  "12": 275,
  "13": 0,
  "101": 0,
  "102": 0,
  "103": 0,
  "104": 0,
  "105": 117,
  "106": 112,
  "107": 0
}
[2018-02-07T00:04:15.351] [DEBUG] EMR105 - Sent outbreak request
[2018-02-07T00:04:15.352] [DEBUG] VectorTimestamp - {
  "1": 0,
  "2": 0,
  "3": 0,
  "10": 0,
  "11": 0,
  "12": 283,
  "13": 0,
  "101": 0,
  "102": 0,
  "103": 0,
  "104": 0,
  "105": 118,
  "106": 117,
  "107": 0
}
[2018-02-07T00:04:15.352] [DEBUG] EMR105 - Got outbreak response
[2018-02-07T00:04:16.351] [DEBUG] VectorTimestamp - {
  "1": 0,
  "2": 0,
  "3": 0,
  "10": 0,
  "11": 0,
  "12": 283,
  "13": 0,
  "101": 0,
  "102": 0,
  "103": 0,
  "104": 0,
  "105": 119,
  "106": 117,
  "107": 0
}
[2018-02-07T00:04:16.351] [DEBUG] EMR105 - Sent outbreak request
[2018-02-07T00:04:16.352] [DEBUG] VectorTimestamp - {
  "1": 0,
  "2": 0,
  "3": 0,
  "10": 0,
  "11": 0,
  "12": 288,
  "13": 0,
  "101": 0,
  "102": 0,
  "103": 0,
  "104": 0,
  "105": 120,
  "106": 119,
  "107": 0
}
[2018-02-07T00:04:16.352] [DEBUG] EMR105 - Got outbreak response
[2018-02-07T00:04:17.022] [DEBUG] VectorTimestamp - {
  "1": 0,
  "2": 0,
  "3": 0,
  "10": 0,
  "11": 0,
  "12": 288,
  "13": 0,
  "101": 0,
  "102": 0,
  "103": 0,
  "104": 0,
  "105": 121,
  "106": 119,
  "107": 0
}
[2018-02-07T00:04:17.022] [DEBUG] EMR105 - Sent disease notification: Influenza (1)
[2018-02-07T00:04:17.352] [DEBUG] VectorTimestamp - {
  "1": 0,
  "2": 0,
  "3": 0,
  "10": 0,
  "11": 0,
  "12": 288,
  "13": 0,
  "101": 0,
  "102": 0,
  "103": 0,
  "104": 0,
  "105": 122,
  "106": 119,
  "107": 0
}
[2018-02-07T00:04:17.352] [DEBUG] EMR105 - Sent outbreak request
[2018-02-07T00:04:17.353] [DEBUG] VectorTimestamp - {
  "1": 0,
  "2": 0,
  "3": 0,
  "10": 0,
  "11": 0,
  "12": 295,
  "13": 0,
  "101": 0,
  "102": 0,
  "103": 0,
  "104": 0,
  "105": 123,
  "106": 122,
  "107": 0
}
[2018-02-07T00:04:17.353] [DEBUG] EMR105 - Got outbreak response
[2018-02-07T00:04:17.723] [DEBUG] VectorTimestamp - {
  "1": 0,
  "2": 0,
  "3": 0,
  "10": 0,
  "11": 0,
  "12": 295,
  "13": 0,
  "101": 0,
  "102": 0,
  "103": 0,
  "104": 0,
  "105": 124,
  "106": 122,
  "107": 0
}
[2018-02-07T00:04:17.723] [DEBUG] EMR105 - Sent disease notification: Influenza (1)
[2018-02-07T00:04:18.353] [DEBUG] VectorTimestamp - {
  "1": 0,
  "2": 0,
  "3": 0,
  "10": 0,
  "11": 0,
  "12": 295,
  "13": 0,
  "101": 0,
  "102": 0,
  "103": 0,
  "104": 0,
  "105": 125,
  "106": 122,
  "107": 0
}
[2018-02-07T00:04:18.353] [DEBUG] EMR105 - Sent outbreak request
[2018-02-07T00:04:18.354] [DEBUG] VectorTimestamp - {
  "1": 0,
  "2": 0,
  "3": 0,
  "10": 0,
  "11": 0,
  "12": 301,
  "13": 0,
  "101": 0,
  "102": 0,
  "103": 0,
  "104": 0,
  "105": 126,
  "106": 124,
  "107": 0
}
[2018-02-07T00:04:18.354] [DEBUG] EMR105 - Got outbreak response
[2018-02-07T00:04:18.525] [DEBUG] VectorTimestamp - {
  "1": 0,
  "2": 0,
  "3": 0,
  "10": 0,
  "11": 0,
  "12": 301,
  "13": 0,
  "101": 0,
  "102": 0,
  "103": 0,
  "104": 0,
  "105": 127,
  "106": 124,
  "107": 0
}
[2018-02-07T00:04:18.525] [DEBUG] EMR105 - Sent disease notification: Influenza (1)
[2018-02-07T00:04:19.353] [DEBUG] VectorTimestamp - {
  "1": 0,
  "2": 0,
  "3": 0,
  "10": 0,
  "11": 0,
  "12": 301,
  "13": 0,
  "101": 0,
  "102": 0,
  "103": 0,
  "104": 0,
  "105": 128,
  "106": 124,
  "107": 0
}
[2018-02-07T00:04:19.353] [DEBUG] EMR105 - Sent outbreak request
[2018-02-07T00:04:19.354] [DEBUG] VectorTimestamp - {
  "1": 0,
  "2": 0,
  "3": 0,
  "10": 0,
  "11": 0,
  "12": 309,
  "13": 0,
  "101": 0,
  "102": 0,
  "103": 0,
  "104": 0,
  "105": 129,
  "106": 128,
  "107": 0
}
[2018-02-07T00:04:19.354] [DEBUG] EMR105 - Got outbreak response
[2018-02-07T00:04:19.728] [DEBUG] VectorTimestamp - {
  "1": 0,
  "2": 0,
  "3": 0,
  "10": 0,
  "11": 0,
  "12": 309,
  "13": 0,
  "101": 0,
  "102": 0,
  "103": 0,
  "104": 0,
  "105": 130,
  "106": 128,
  "107": 0
}
[2018-02-07T00:04:19.728] [DEBUG] EMR105 - Sent disease notification: Influenza (1)
[2018-02-07T00:04:20.354] [DEBUG] VectorTimestamp - {
  "1": 0,
  "2": 0,
  "3": 0,
  "10": 0,
  "11": 0,
  "12": 309,
  "13": 0,
  "101": 0,
  "102": 0,
  "103": 0,
  "104": 0,
  "105": 131,
  "106": 128,
  "107": 0
}
[2018-02-07T00:04:20.358] [DEBUG] EMR105 - Sent outbreak request
[2018-02-07T00:04:20.358] [DEBUG] VectorTimestamp - {
  "1": 290,
  "2": 0,
  "3": 0,
  "10": 310,
  "11": 307,
  "12": 316,
  "13": 191,
  "101": 119,
  "102": 138,
  "103": 123,
  "104": 130,
  "105": 132,
  "106": 130,
  "107": 138
}
[2018-02-07T00:04:20.358] [DEBUG] EMR105 - Got outbreak response
[2018-02-07T00:04:20.359] [INFO] EMR105 - Outbreaks: [
  {
    "time": "Wed Feb 07 2018 00:04:19 GMT-0700 (Mountain Standard Time)",
    "infections": 122,
    "type": 1,
    "name": "Influenza"
  }
]
[2018-02-07T00:04:20.830] [DEBUG] VectorTimestamp - {
  "1": 290,
  "2": 0,
  "3": 0,
  "10": 310,
  "11": 307,
  "12": 316,
  "13": 191,
  "101": 119,
  "102": 138,
  "103": 123,
  "104": 130,
  "105": 133,
  "106": 130,
  "107": 138
}
[2018-02-07T00:04:20.830] [DEBUG] EMR105 - Sent disease notification: Influenza (1)
[2018-02-07T00:04:21.359] [DEBUG] VectorTimestamp - {
  "1": 290,
  "2": 0,
  "3": 0,
  "10": 310,
  "11": 307,
  "12": 316,
  "13": 191,
  "101": 119,
  "102": 138,
  "103": 123,
  "104": 130,
  "105": 134,
  "106": 130,
  "107": 138
}
[2018-02-07T00:04:21.359] [DEBUG] EMR105 - Sent outbreak request
[2018-02-07T00:04:21.360] [DEBUG] VectorTimestamp - {
  "1": 300,
  "2": 0,
  "3": 0,
  "10": 324,
  "11": 315,
  "12": 324,
  "13": 196,
  "101": 125,
  "102": 144,
  "103": 126,
  "104": 133,
  "105": 135,
  "106": 133,
  "107": 141
}
[2018-02-07T00:04:21.360] [DEBUG] EMR105 - Got outbreak response
[2018-02-07T00:04:21.361] [INFO] EMR105 - Outbreaks: [
  {
    "time": "Wed Feb 07 2018 00:04:19 GMT-0700 (Mountain Standard Time)",
    "infections": 122,
    "type": 1,
    "name": "Influenza"
  },
  {
    "time": "Wed Feb 07 2018 00:04:21 GMT-0700 (Mountain Standard Time)",
    "infections": 121,
    "type": 1,
    "name": "Influenza"
  }
]
[2018-02-07T00:04:22.359] [DEBUG] VectorTimestamp - {
  "1": 300,
  "2": 0,
  "3": 0,
  "10": 324,
  "11": 315,
  "12": 324,
  "13": 196,
  "101": 125,
  "102": 144,
  "103": 126,
  "104": 133,
  "105": 136,
  "106": 133,
  "107": 141
}
[2018-02-07T00:04:22.359] [DEBUG] EMR105 - Sent outbreak request
[2018-02-07T00:04:22.360] [DEBUG] VectorTimestamp - {
  "1": 300,
  "2": 0,
  "3": 0,
  "10": 324,
  "11": 315,
  "12": 329,
  "13": 196,
  "101": 125,
  "102": 144,
  "103": 126,
  "104": 133,
  "105": 137,
  "106": 135,
  "107": 141
}
[2018-02-07T00:04:22.360] [DEBUG] EMR105 - Got outbreak response
[2018-02-07T00:04:22.361] [INFO] EMR105 - Outbreaks: [
  {
    "time": "Wed Feb 07 2018 00:04:19 GMT-0700 (Mountain Standard Time)",
    "infections": 122,
    "type": 1,
    "name": "Influenza"
  },
  {
    "time": "Wed Feb 07 2018 00:04:21 GMT-0700 (Mountain Standard Time)",
    "infections": 121,
    "type": 1,
    "name": "Influenza"
  }
]
[2018-02-07T00:04:22.735] [DEBUG] VectorTimestamp - {
  "1": 300,
  "2": 0,
  "3": 0,
  "10": 324,
  "11": 315,
  "12": 329,
  "13": 196,
  "101": 125,
  "102": 144,
  "103": 126,
  "104": 133,
  "105": 138,
  "106": 135,
  "107": 141
}
[2018-02-07T00:04:22.735] [DEBUG] EMR105 - Sent disease notification: Influenza (1)
[2018-02-07T00:04:23.036] [DEBUG] VectorTimestamp - {
  "1": 300,
  "2": 0,
  "3": 0,
  "10": 324,
  "11": 315,
  "12": 329,
  "13": 196,
  "101": 125,
  "102": 144,
  "103": 126,
  "104": 133,
  "105": 139,
  "106": 135,
  "107": 141
}
[2018-02-07T00:04:23.036] [DEBUG] EMR105 - Sent disease notification: Influenza (1)
[2018-02-07T00:04:23.361] [DEBUG] VectorTimestamp - {
  "1": 300,
  "2": 0,
  "3": 0,
  "10": 324,
  "11": 315,
  "12": 329,
  "13": 196,
  "101": 125,
  "102": 144,
  "103": 126,
  "104": 133,
  "105": 140,
  "106": 135,
  "107": 141
}
[2018-02-07T00:04:23.361] [DEBUG] EMR105 - Sent outbreak request
[2018-02-07T00:04:23.363] [DEBUG] VectorTimestamp - {
  "1": 300,
  "2": 0,
  "3": 0,
  "10": 324,
  "11": 315,
  "12": 338,
  "13": 196,
  "101": 125,
  "102": 144,
  "103": 126,
  "104": 133,
  "105": 141,
  "106": 139,
  "107": 141
}
[2018-02-07T00:04:23.363] [DEBUG] EMR105 - Got outbreak response
[2018-02-07T00:04:23.363] [INFO] EMR105 - Outbreaks: [
  {
    "time": "Wed Feb 07 2018 00:04:19 GMT-0700 (Mountain Standard Time)",
    "infections": 122,
    "type": 1,
    "name": "Influenza"
  },
  {
    "time": "Wed Feb 07 2018 00:04:21 GMT-0700 (Mountain Standard Time)",
    "infections": 121,
    "type": 1,
    "name": "Influenza"
  }
]
[2018-02-07T00:04:24.362] [DEBUG] VectorTimestamp - {
  "1": 300,
  "2": 0,
  "3": 0,
  "10": 324,
  "11": 315,
  "12": 338,
  "13": 196,
  "101": 125,
  "102": 144,
  "103": 126,
  "104": 133,
  "105": 142,
  "106": 139,
  "107": 141
}
[2018-02-07T00:04:24.362] [DEBUG] EMR105 - Sent outbreak request
[2018-02-07T00:04:24.363] [DEBUG] VectorTimestamp - {
  "1": 300,
  "2": 0,
  "3": 0,
  "10": 324,
  "11": 315,
  "12": 344,
  "13": 196,
  "101": 125,
  "102": 144,
  "103": 126,
  "104": 133,
  "105": 143,
  "106": 142,
  "107": 141
}
[2018-02-07T00:04:24.364] [DEBUG] EMR105 - Got outbreak response
[2018-02-07T00:04:24.364] [INFO] EMR105 - Outbreaks: [
  {
    "time": "Wed Feb 07 2018 00:04:19 GMT-0700 (Mountain Standard Time)",
    "infections": 122,
    "type": 1,
    "name": "Influenza"
  },
  {
    "time": "Wed Feb 07 2018 00:04:21 GMT-0700 (Mountain Standard Time)",
    "infections": 121,
    "type": 1,
    "name": "Influenza"
  }
]
[2018-02-07T00:04:24.439] [DEBUG] VectorTimestamp - {
  "1": 300,
  "2": 0,
  "3": 0,
  "10": 324,
  "11": 315,
  "12": 344,
  "13": 196,
  "101": 125,
  "102": 144,
  "103": 126,
  "104": 133,
  "105": 144,
  "106": 142,
  "107": 141
}
[2018-02-07T00:04:24.439] [DEBUG] EMR105 - Sent disease notification: Influenza (1)
[2018-02-07T00:04:24.740] [DEBUG] VectorTimestamp - {
  "1": 300,
  "2": 0,
  "3": 0,
  "10": 324,
  "11": 315,
  "12": 344,
  "13": 196,
  "101": 125,
  "102": 144,
  "103": 126,
  "104": 133,
  "105": 145,
  "106": 142,
  "107": 141
}
[2018-02-07T00:04:24.740] [DEBUG] EMR105 - Sent disease notification: Influenza (1)
[2018-02-07T00:04:25.362] [DEBUG] VectorTimestamp - {
  "1": 300,
  "2": 0,
  "3": 0,
  "10": 324,
  "11": 315,
  "12": 344,
  "13": 196,
  "101": 125,
  "102": 144,
  "103": 126,
  "104": 133,
  "105": 146,
  "106": 142,
  "107": 141
}
[2018-02-07T00:04:25.362] [DEBUG] EMR105 - Sent outbreak request
[2018-02-07T00:04:25.363] [DEBUG] VectorTimestamp - {
  "1": 300,
  "2": 0,
  "3": 0,
  "10": 324,
  "11": 315,
  "12": 351,
  "13": 196,
  "101": 125,
  "102": 144,
  "103": 126,
  "104": 133,
  "105": 147,
  "106": 144,
  "107": 141
}
[2018-02-07T00:04:25.363] [DEBUG] EMR105 - Got outbreak response
[2018-02-07T00:04:25.363] [INFO] EMR105 - Outbreaks: [
  {
    "time": "Wed Feb 07 2018 00:04:19 GMT-0700 (Mountain Standard Time)",
    "infections": 122,
    "type": 1,
    "name": "Influenza"
  },
  {
    "time": "Wed Feb 07 2018 00:04:21 GMT-0700 (Mountain Standard Time)",
    "infections": 121,
    "type": 1,
    "name": "Influenza"
  }
]
[2018-02-07T00:04:26.244] [DEBUG] VectorTimestamp - {
  "1": 300,
  "2": 0,
  "3": 0,
  "10": 324,
  "11": 315,
  "12": 351,
  "13": 196,
  "101": 125,
  "102": 144,
  "103": 126,
  "104": 133,
  "105": 148,
  "106": 144,
  "107": 141
}
[2018-02-07T00:04:26.244] [DEBUG] EMR105 - Sent disease notification: Influenza (1)
[2018-02-07T00:04:26.363] [DEBUG] VectorTimestamp - {
  "1": 300,
  "2": 0,
  "3": 0,
  "10": 324,
  "11": 315,
  "12": 351,
  "13": 196,
  "101": 125,
  "102": 144,
  "103": 126,
  "104": 133,
  "105": 149,
  "106": 144,
  "107": 141
}
[2018-02-07T00:04:26.363] [DEBUG] EMR105 - Sent outbreak request
[2018-02-07T00:04:26.364] [DEBUG] VectorTimestamp - {
  "1": 300,
  "2": 0,
  "3": 0,
  "10": 324,
  "11": 315,
  "12": 359,
  "13": 196,
  "101": 125,
  "102": 144,
  "103": 126,
  "104": 133,
  "105": 150,
  "106": 148,
  "107": 141
}
[2018-02-07T00:04:26.364] [DEBUG] EMR105 - Got outbreak response
[2018-02-07T00:04:26.364] [INFO] EMR105 - Outbreaks: [
  {
    "time": "Wed Feb 07 2018 00:04:19 GMT-0700 (Mountain Standard Time)",
    "infections": 122,
    "type": 1,
    "name": "Influenza"
  },
  {
    "time": "Wed Feb 07 2018 00:04:21 GMT-0700 (Mountain Standard Time)",
    "infections": 121,
    "type": 1,
    "name": "Influenza"
  }
]
[2018-02-07T00:04:26.546] [DEBUG] VectorTimestamp - {
  "1": 300,
  "2": 0,
  "3": 0,
  "10": 324,
  "11": 315,
  "12": 359,
  "13": 196,
  "101": 125,
  "102": 144,
  "103": 126,
  "104": 133,
  "105": 151,
  "106": 148,
  "107": 141
}
[2018-02-07T00:04:26.546] [DEBUG] EMR105 - Sent disease notification: Influenza (1)
[2018-02-07T00:04:27.364] [DEBUG] VectorTimestamp - {
  "1": 300,
  "2": 0,
  "3": 0,
  "10": 324,
  "11": 315,
  "12": 359,
  "13": 196,
  "101": 125,
  "102": 144,
  "103": 126,
  "104": 133,
  "105": 152,
  "106": 148,
  "107": 141
}
[2018-02-07T00:04:27.364] [DEBUG] EMR105 - Sent outbreak request
[2018-02-07T00:04:27.365] [DEBUG] VectorTimestamp - {
  "1": 300,
  "2": 0,
  "3": 0,
  "10": 324,
  "11": 315,
  "12": 365,
  "13": 196,
  "101": 125,
  "102": 144,
  "103": 126,
  "104": 133,
  "105": 153,
  "106": 150,
  "107": 141
}
[2018-02-07T00:04:27.365] [DEBUG] EMR105 - Got outbreak response
[2018-02-07T00:04:27.365] [INFO] EMR105 - Outbreaks: [
  {
    "time": "Wed Feb 07 2018 00:04:19 GMT-0700 (Mountain Standard Time)",
    "infections": 122,
    "type": 1,
    "name": "Influenza"
  },
  {
    "time": "Wed Feb 07 2018 00:04:21 GMT-0700 (Mountain Standard Time)",
    "infections": 121,
    "type": 1,
    "name": "Influenza"
  }
]
[2018-02-07T00:04:27.850] [DEBUG] VectorTimestamp - {
  "1": 300,
  "2": 0,
  "3": 0,
  "10": 324,
  "11": 315,
  "12": 365,
  "13": 196,
  "101": 125,
  "102": 144,
  "103": 126,
  "104": 133,
  "105": 154,
  "106": 150,
  "107": 141
}
[2018-02-07T00:04:27.850] [DEBUG] EMR105 - Sent disease notification: Influenza (1)
[2018-02-07T00:04:28.364] [DEBUG] VectorTimestamp - {
  "1": 300,
  "2": 0,
  "3": 0,
  "10": 324,
  "11": 315,
  "12": 365,
  "13": 196,
  "101": 125,
  "102": 144,
  "103": 126,
  "104": 133,
  "105": 155,
  "106": 150,
  "107": 141
}
[2018-02-07T00:04:28.364] [DEBUG] EMR105 - Sent outbreak request
[2018-02-07T00:04:28.365] [DEBUG] VectorTimestamp - {
  "1": 300,
  "2": 0,
  "3": 0,
  "10": 324,
  "11": 315,
  "12": 372,
  "13": 196,
  "101": 125,
  "102": 144,
  "103": 126,
  "104": 133,
  "105": 156,
  "106": 153,
  "107": 141
}
[2018-02-07T00:04:28.365] [DEBUG] EMR105 - Got outbreak response
[2018-02-07T00:04:28.365] [INFO] EMR105 - Outbreaks: [
  {
    "time": "Wed Feb 07 2018 00:04:19 GMT-0700 (Mountain Standard Time)",
    "infections": 122,
    "type": 1,
    "name": "Influenza"
  },
  {
    "time": "Wed Feb 07 2018 00:04:21 GMT-0700 (Mountain Standard Time)",
    "infections": 121,
    "type": 1,
    "name": "Influenza"
  }
]
[2018-02-07T00:04:29.366] [DEBUG] VectorTimestamp - {
  "1": 300,
  "2": 0,
  "3": 0,
  "10": 324,
  "11": 315,
  "12": 372,
  "13": 196,
  "101": 125,
  "102": 144,
  "103": 126,
  "104": 133,
  "105": 157,
  "106": 153,
  "107": 141
}
[2018-02-07T00:04:29.366] [DEBUG] EMR105 - Sent outbreak request
[2018-02-07T00:04:29.367] [DEBUG] VectorTimestamp - {
  "1": 300,
  "2": 0,
  "3": 0,
  "10": 324,
  "11": 315,
  "12": 377,
  "13": 196,
  "101": 125,
  "102": 144,
  "103": 126,
  "104": 133,
  "105": 158,
  "106": 155,
  "107": 141
}
[2018-02-07T00:04:29.367] [DEBUG] EMR105 - Got outbreak response
[2018-02-07T00:04:29.367] [INFO] EMR105 - Outbreaks: [
  {
    "time": "Wed Feb 07 2018 00:04:19 GMT-0700 (Mountain Standard Time)",
    "infections": 122,
    "type": 1,
    "name": "Influenza"
  },
  {
    "time": "Wed Feb 07 2018 00:04:21 GMT-0700 (Mountain Standard Time)",
    "infections": 121,
    "type": 1,
    "name": "Influenza"
  }
]
[2018-02-07T00:04:30.367] [DEBUG] VectorTimestamp - {
  "1": 300,
  "2": 0,
  "3": 0,
  "10": 324,
  "11": 315,
  "12": 377,
  "13": 196,
  "101": 125,
  "102": 144,
  "103": 126,
  "104": 133,
  "105": 159,
  "106": 155,
  "107": 141
}
[2018-02-07T00:04:30.367] [DEBUG] EMR105 - Sent outbreak request
[2018-02-07T00:04:30.368] [DEBUG] VectorTimestamp - {
  "1": 300,
  "2": 0,
  "3": 0,
  "10": 324,
  "11": 315,
  "12": 383,
  "13": 196,
  "101": 125,
  "102": 144,
  "103": 126,
  "104": 133,
  "105": 160,
  "106": 158,
  "107": 141
}
[2018-02-07T00:04:30.368] [DEBUG] EMR105 - Got outbreak response
[2018-02-07T00:04:30.368] [INFO] EMR105 - Outbreaks: [
  {
    "time": "Wed Feb 07 2018 00:04:19 GMT-0700 (Mountain Standard Time)",
    "infections": 122,
    "type": 1,
    "name": "Influenza"
  },
  {
    "time": "Wed Feb 07 2018 00:04:21 GMT-0700 (Mountain Standard Time)",
    "infections": 121,
    "type": 1,
    "name": "Influenza"
  }
]
[2018-02-07T00:04:31.367] [DEBUG] VectorTimestamp - {
  "1": 300,
  "2": 0,
  "3": 0,
  "10": 324,
  "11": 315,
  "12": 383,
  "13": 196,
  "101": 125,
  "102": 144,
  "103": 126,
  "104": 133,
  "105": 161,
  "106": 158,
  "107": 141
}
[2018-02-07T00:04:31.367] [DEBUG] EMR105 - Sent outbreak request
[2018-02-07T00:04:31.368] [DEBUG] VectorTimestamp - {
  "1": 300,
  "2": 0,
  "3": 0,
  "10": 324,
  "11": 315,
  "12": 388,
  "13": 196,
  "101": 125,
  "102": 144,
  "103": 126,
  "104": 133,
  "105": 162,
  "106": 160,
  "107": 141
}
[2018-02-07T00:04:31.368] [DEBUG] EMR105 - Got outbreak response
[2018-02-07T00:04:31.368] [INFO] EMR105 - Outbreaks: [
  {
    "time": "Wed Feb 07 2018 00:04:19 GMT-0700 (Mountain Standard Time)",
    "infections": 122,
    "type": 1,
    "name": "Influenza"
  },
  {
    "time": "Wed Feb 07 2018 00:04:21 GMT-0700 (Mountain Standard Time)",
    "infections": 121,
    "type": 1,
    "name": "Influenza"
  }
]
[2018-02-07T00:04:31.661] [DEBUG] VectorTimestamp - {
  "1": 300,
  "2": 0,
  "3": 0,
  "10": 324,
  "11": 315,
  "12": 388,
  "13": 196,
  "101": 125,
  "102": 144,
  "103": 126,
  "104": 133,
  "105": 163,
  "106": 160,
  "107": 141
}
[2018-02-07T00:04:31.661] [DEBUG] EMR105 - Sent disease notification: Influenza (1)
[2018-02-07T00:04:32.163] [DEBUG] VectorTimestamp - {
  "1": 300,
  "2": 0,
  "3": 0,
  "10": 324,
  "11": 315,
  "12": 388,
  "13": 196,
  "101": 125,
  "102": 144,
  "103": 126,
  "104": 133,
  "105": 164,
  "106": 160,
  "107": 141
}
[2018-02-07T00:04:32.163] [DEBUG] EMR105 - Sent disease notification: Influenza (1)
[2018-02-07T00:04:32.368] [DEBUG] VectorTimestamp - {
  "1": 300,
  "2": 0,
  "3": 0,
  "10": 324,
  "11": 315,
  "12": 388,
  "13": 196,
  "101": 125,
  "102": 144,
  "103": 126,
  "104": 133,
  "105": 165,
  "106": 160,
  "107": 141
}
[2018-02-07T00:04:32.368] [DEBUG] EMR105 - Sent outbreak request
[2018-02-07T00:04:32.369] [DEBUG] VectorTimestamp - {
  "1": 300,
  "2": 0,
  "3": 0,
  "10": 324,
  "11": 315,
  "12": 395,
  "13": 196,
  "101": 125,
  "102": 144,
  "103": 126,
  "104": 133,
  "105": 166,
  "106": 162,
  "107": 141
}
[2018-02-07T00:04:32.369] [DEBUG] EMR105 - Got outbreak response
[2018-02-07T00:04:32.369] [INFO] EMR105 - Outbreaks: [
  {
    "time": "Wed Feb 07 2018 00:04:19 GMT-0700 (Mountain Standard Time)",
    "infections": 122,
    "type": 1,
    "name": "Influenza"
  },
  {
    "time": "Wed Feb 07 2018 00:04:21 GMT-0700 (Mountain Standard Time)",
    "infections": 121,
    "type": 1,
    "name": "Influenza"
  }
]
[2018-02-07T00:04:33.164] [DEBUG] VectorTimestamp - {
  "1": 300,
  "2": 0,
  "3": 0,
  "10": 324,
  "11": 315,
  "12": 395,
  "13": 196,
  "101": 125,
  "102": 144,
  "103": 126,
  "104": 133,
  "105": 167,
  "106": 162,
  "107": 141
}
[2018-02-07T00:04:33.164] [DEBUG] EMR105 - Sent disease notification: Influenza (1)
[2018-02-07T00:04:33.369] [DEBUG] VectorTimestamp - {
  "1": 300,
  "2": 0,
  "3": 0,
  "10": 324,
  "11": 315,
  "12": 395,
  "13": 196,
  "101": 125,
  "102": 144,
  "103": 126,
  "104": 133,
  "105": 168,
  "106": 162,
  "107": 141
}
[2018-02-07T00:04:33.369] [DEBUG] EMR105 - Sent outbreak request
[2018-02-07T00:04:33.372] [DEBUG] VectorTimestamp - {
  "1": 300,
  "2": 0,
  "3": 0,
  "10": 324,
  "11": 315,
  "12": 402,
  "13": 196,
  "101": 125,
  "102": 144,
  "103": 126,
  "104": 133,
  "105": 169,
  "106": 165,
  "107": 141
}
[2018-02-07T00:04:33.372] [DEBUG] EMR105 - Got outbreak response
[2018-02-07T00:04:33.372] [INFO] EMR105 - Outbreaks: [
  {
    "time": "Wed Feb 07 2018 00:04:19 GMT-0700 (Mountain Standard Time)",
    "infections": 122,
    "type": 1,
    "name": "Influenza"
  },
  {
    "time": "Wed Feb 07 2018 00:04:21 GMT-0700 (Mountain Standard Time)",
    "infections": 121,
    "type": 1,
    "name": "Influenza"
  }
]
[2018-02-07T00:04:34.369] [DEBUG] VectorTimestamp - {
  "1": 300,
  "2": 0,
  "3": 0,
  "10": 324,
  "11": 315,
  "12": 402,
  "13": 196,
  "101": 125,
  "102": 144,
  "103": 126,
  "104": 133,
  "105": 170,
  "106": 165,
  "107": 141
}
[2018-02-07T00:04:34.369] [DEBUG] EMR105 - Sent outbreak request
[2018-02-07T00:04:34.370] [DEBUG] VectorTimestamp - {
  "1": 300,
  "2": 0,
  "3": 0,
  "10": 324,
  "11": 315,
  "12": 407,
  "13": 196,
  "101": 125,
  "102": 144,
  "103": 126,
  "104": 133,
  "105": 171,
  "106": 167,
  "107": 141
}
[2018-02-07T00:04:34.370] [DEBUG] EMR105 - Got outbreak response
[2018-02-07T00:04:34.370] [INFO] EMR105 - Outbreaks: [
  {
    "time": "Wed Feb 07 2018 00:04:19 GMT-0700 (Mountain Standard Time)",
    "infections": 122,
    "type": 1,
    "name": "Influenza"
  },
  {
    "time": "Wed Feb 07 2018 00:04:21 GMT-0700 (Mountain Standard Time)",
    "infections": 121,
    "type": 1,
    "name": "Influenza"
  }
]
[2018-02-07T00:04:35.370] [DEBUG] VectorTimestamp - {
  "1": 300,
  "2": 0,
  "3": 0,
  "10": 324,
  "11": 315,
  "12": 407,
  "13": 196,
  "101": 125,
  "102": 144,
  "103": 126,
  "104": 133,
  "105": 172,
  "106": 167,
  "107": 141
}
[2018-02-07T00:04:35.370] [DEBUG] EMR105 - Sent outbreak request
[2018-02-07T00:04:35.371] [DEBUG] VectorTimestamp - {
  "1": 300,
  "2": 0,
  "3": 0,
  "10": 324,
  "11": 315,
  "12": 413,
  "13": 196,
  "101": 125,
  "102": 144,
  "103": 126,
  "104": 133,
  "105": 173,
  "106": 170,
  "107": 141
}
[2018-02-07T00:04:35.371] [DEBUG] EMR105 - Got outbreak response
[2018-02-07T00:04:35.371] [INFO] EMR105 - Outbreaks: [
  {
    "time": "Wed Feb 07 2018 00:04:19 GMT-0700 (Mountain Standard Time)",
    "infections": 122,
    "type": 1,
    "name": "Influenza"
  },
  {
    "time": "Wed Feb 07 2018 00:04:21 GMT-0700 (Mountain Standard Time)",
    "infections": 121,
    "type": 1,
    "name": "Influenza"
  }
]
[2018-02-07T00:04:35.571] [DEBUG] VectorTimestamp - {
  "1": 300,
  "2": 0,
  "3": 0,
  "10": 324,
  "11": 315,
  "12": 413,
  "13": 196,
  "101": 125,
  "102": 144,
  "103": 126,
  "104": 133,
  "105": 174,
  "106": 170,
  "107": 141
}
[2018-02-07T00:04:35.571] [DEBUG] EMR105 - Sent disease notification: Influenza (1)
[2018-02-07T00:04:36.371] [DEBUG] VectorTimestamp - {
  "1": 300,
  "2": 0,
  "3": 0,
  "10": 324,
  "11": 315,
  "12": 413,
  "13": 196,
  "101": 125,
  "102": 144,
  "103": 126,
  "104": 133,
  "105": 175,
  "106": 170,
  "107": 141
}
[2018-02-07T00:04:36.371] [DEBUG] EMR105 - Sent outbreak request
[2018-02-07T00:04:36.372] [DEBUG] VectorTimestamp - {
  "1": 300,
  "2": 0,
  "3": 0,
  "10": 324,
  "11": 315,
  "12": 419,
  "13": 196,
  "101": 125,
  "102": 144,
  "103": 126,
  "104": 133,
  "105": 176,
  "106": 172,
  "107": 141
}
[2018-02-07T00:04:36.372] [DEBUG] EMR105 - Got outbreak response
[2018-02-07T00:04:36.372] [INFO] EMR105 - Outbreaks: [
  {
    "time": "Wed Feb 07 2018 00:04:19 GMT-0700 (Mountain Standard Time)",
    "infections": 122,
    "type": 1,
    "name": "Influenza"
  },
  {
    "time": "Wed Feb 07 2018 00:04:21 GMT-0700 (Mountain Standard Time)",
    "infections": 121,
    "type": 1,
    "name": "Influenza"
  }
]
[2018-02-07T00:04:37.371] [DEBUG] VectorTimestamp - {
  "1": 300,
  "2": 0,
  "3": 0,
  "10": 324,
  "11": 315,
  "12": 419,
  "13": 196,
  "101": 125,
  "102": 144,
  "103": 126,
  "104": 133,
  "105": 177,
  "106": 172,
  "107": 141
}
[2018-02-07T00:04:37.371] [DEBUG] EMR105 - Sent outbreak request
[2018-02-07T00:04:37.372] [DEBUG] VectorTimestamp - {
  "1": 300,
  "2": 0,
  "3": 0,
  "10": 324,
  "11": 315,
  "12": 427,
  "13": 196,
  "101": 125,
  "102": 144,
  "103": 126,
  "104": 133,
  "105": 178,
  "106": 177,
  "107": 141
}
[2018-02-07T00:04:37.372] [DEBUG] EMR105 - Got outbreak response
[2018-02-07T00:04:37.372] [INFO] EMR105 - Outbreaks: [
  {
    "time": "Wed Feb 07 2018 00:04:19 GMT-0700 (Mountain Standard Time)",
    "infections": 122,
    "type": 1,
    "name": "Influenza"
  },
  {
    "time": "Wed Feb 07 2018 00:04:21 GMT-0700 (Mountain Standard Time)",
    "infections": 121,
    "type": 1,
    "name": "Influenza"
  }
]
[2018-02-07T00:04:38.372] [DEBUG] VectorTimestamp - {
  "1": 300,
  "2": 0,
  "3": 0,
  "10": 324,
  "11": 315,
  "12": 427,
  "13": 196,
  "101": 125,
  "102": 144,
  "103": 126,
  "104": 133,
  "105": 179,
  "106": 177,
  "107": 141
}
[2018-02-07T00:04:38.373] [DEBUG] EMR105 - Sent outbreak request
[2018-02-07T00:04:38.374] [DEBUG] VectorTimestamp - {
  "1": 300,
  "2": 0,
  "3": 0,
  "10": 324,
  "11": 315,
  "12": 433,
  "13": 196,
  "101": 125,
  "102": 144,
  "103": 126,
  "104": 133,
  "105": 180,
  "106": 179,
  "107": 141
}
[2018-02-07T00:04:38.374] [DEBUG] EMR105 - Got outbreak response
[2018-02-07T00:04:38.374] [INFO] EMR105 - Outbreaks: [
  {
    "time": "Wed Feb 07 2018 00:04:19 GMT-0700 (Mountain Standard Time)",
    "infections": 122,
    "type": 1,
    "name": "Influenza"
  },
  {
    "time": "Wed Feb 07 2018 00:04:21 GMT-0700 (Mountain Standard Time)",
    "infections": 121,
    "type": 1,
    "name": "Influenza"
  }
]
[2018-02-07T00:04:39.374] [DEBUG] VectorTimestamp - {
  "1": 300,
  "2": 0,
  "3": 0,
  "10": 324,
  "11": 315,
  "12": 433,
  "13": 196,
  "101": 125,
  "102": 144,
  "103": 126,
  "104": 133,
  "105": 181,
  "106": 179,
  "107": 141
}
[2018-02-07T00:04:39.374] [DEBUG] EMR105 - Sent outbreak request
[2018-02-07T00:04:39.375] [DEBUG] VectorTimestamp - {
  "1": 412,
  "2": 0,
  "3": 0,
  "10": 438,
  "11": 435,
  "12": 440,
  "13": 263,
  "101": 176,
  "102": 187,
  "103": 176,
  "104": 183,
  "105": 182,
  "106": 182,
  "107": 189
}
[2018-02-07T00:04:39.375] [DEBUG] EMR105 - Got outbreak response
[2018-02-07T00:04:39.375] [INFO] EMR105 - Outbreaks: [
  {
    "time": "Wed Feb 07 2018 00:04:19 GMT-0700 (Mountain Standard Time)",
    "infections": 122,
    "type": 1,
    "name": "Influenza"
  },
  {
    "time": "Wed Feb 07 2018 00:04:21 GMT-0700 (Mountain Standard Time)",
    "infections": 121,
    "type": 1,
    "name": "Influenza"
  },
  {
    "time": "Wed Feb 07 2018 00:04:39 GMT-0700 (Mountain Standard Time)",
    "infections": 121,
    "type": 1,
    "name": "Influenza"
  }
]
[2018-02-07T00:04:40.374] [DEBUG] VectorTimestamp - {
  "1": 412,
  "2": 0,
  "3": 0,
  "10": 438,
  "11": 435,
  "12": 440,
  "13": 263,
  "101": 176,
  "102": 187,
  "103": 176,
  "104": 183,
  "105": 183,
  "106": 182,
  "107": 189
}
[2018-02-07T00:04:40.374] [DEBUG] EMR105 - Sent outbreak request
[2018-02-07T00:04:40.375] [DEBUG] VectorTimestamp - {
  "1": 412,
  "2": 0,
  "3": 0,
  "10": 438,
  "11": 435,
  "12": 445,
  "13": 263,
  "101": 176,
  "102": 187,
  "103": 176,
  "104": 183,
  "105": 184,
  "106": 184,
  "107": 189
}
[2018-02-07T00:04:40.375] [DEBUG] EMR105 - Got outbreak response
[2018-02-07T00:04:40.375] [INFO] EMR105 - Outbreaks: [
  {
    "time": "Wed Feb 07 2018 00:04:19 GMT-0700 (Mountain Standard Time)",
    "infections": 122,
    "type": 1,
    "name": "Influenza"
  },
  {
    "time": "Wed Feb 07 2018 00:04:21 GMT-0700 (Mountain Standard Time)",
    "infections": 121,
    "type": 1,
    "name": "Influenza"
  },
  {
    "time": "Wed Feb 07 2018 00:04:39 GMT-0700 (Mountain Standard Time)",
    "infections": 121,
    "type": 1,
    "name": "Influenza"
  }
]
[2018-02-07T00:04:40.382] [DEBUG] VectorTimestamp - {
  "1": 412,
  "2": 0,
  "3": 0,
  "10": 438,
  "11": 435,
  "12": 445,
  "13": 263,
  "101": 176,
  "102": 187,
  "103": 176,
  "104": 183,
  "105": 185,
  "106": 184,
  "107": 189
}
[2018-02-07T00:04:40.382] [DEBUG] EMR105 - Sent disease notification: Influenza (1)
[2018-02-07T00:04:41.375] [DEBUG] VectorTimestamp - {
  "1": 412,
  "2": 0,
  "3": 0,
  "10": 438,
  "11": 435,
  "12": 445,
  "13": 263,
  "101": 176,
  "102": 187,
  "103": 176,
  "104": 183,
  "105": 186,
  "106": 184,
  "107": 189
}
[2018-02-07T00:04:41.375] [DEBUG] EMR105 - Sent outbreak request
[2018-02-07T00:04:41.376] [DEBUG] VectorTimestamp - {
  "1": 412,
  "2": 0,
  "3": 0,
  "10": 438,
  "11": 435,
  "12": 451,
  "13": 263,
  "101": 176,
  "102": 187,
  "103": 176,
  "104": 183,
  "105": 187,
  "106": 186,
  "107": 189
}
[2018-02-07T00:04:41.377] [DEBUG] EMR105 - Got outbreak response
[2018-02-07T00:04:41.377] [INFO] EMR105 - Outbreaks: [
  {
    "time": "Wed Feb 07 2018 00:04:19 GMT-0700 (Mountain Standard Time)",
    "infections": 122,
    "type": 1,
    "name": "Influenza"
  },
  {
    "time": "Wed Feb 07 2018 00:04:21 GMT-0700 (Mountain Standard Time)",
    "infections": 121,
    "type": 1,
    "name": "Influenza"
  },
  {
    "time": "Wed Feb 07 2018 00:04:39 GMT-0700 (Mountain Standard Time)",
    "infections": 121,
    "type": 1,
    "name": "Influenza"
  }
]
[2018-02-07T00:04:42.377] [DEBUG] VectorTimestamp - {
  "1": 412,
  "2": 0,
  "3": 0,
  "10": 438,
  "11": 435,
  "12": 451,
  "13": 263,
  "101": 176,
  "102": 187,
  "103": 176,
  "104": 183,
  "105": 188,
  "106": 186,
  "107": 189
}
[2018-02-07T00:04:42.377] [DEBUG] EMR105 - Sent outbreak request
[2018-02-07T00:04:42.378] [DEBUG] VectorTimestamp - {
  "1": 412,
  "2": 0,
  "3": 0,
  "10": 438,
  "11": 435,
  "12": 457,
  "13": 263,
  "101": 176,
  "102": 187,
  "103": 176,
  "104": 183,
  "105": 189,
  "106": 189,
  "107": 189
}
[2018-02-07T00:04:42.378] [DEBUG] EMR105 - Got outbreak response
[2018-02-07T00:04:42.378] [INFO] EMR105 - Outbreaks: [
  {
    "time": "Wed Feb 07 2018 00:04:19 GMT-0700 (Mountain Standard Time)",
    "infections": 122,
    "type": 1,
    "name": "Influenza"
  },
  {
    "time": "Wed Feb 07 2018 00:04:21 GMT-0700 (Mountain Standard Time)",
    "infections": 121,
    "type": 1,
    "name": "Influenza"
  },
  {
    "time": "Wed Feb 07 2018 00:04:39 GMT-0700 (Mountain Standard Time)",
    "infections": 121,
    "type": 1,
    "name": "Influenza"
  }
]
[2018-02-07T00:04:43.378] [DEBUG] VectorTimestamp - {
  "1": 412,
  "2": 0,
  "3": 0,
  "10": 438,
  "11": 435,
  "12": 457,
  "13": 263,
  "101": 176,
  "102": 187,
  "103": 176,
  "104": 183,
  "105": 190,
  "106": 189,
  "107": 189
}
[2018-02-07T00:04:43.378] [DEBUG] EMR105 - Sent outbreak request
[2018-02-07T00:04:43.379] [DEBUG] VectorTimestamp - {
  "1": 412,
  "2": 0,
  "3": 0,
  "10": 438,
  "11": 435,
  "12": 462,
  "13": 263,
  "101": 176,
  "102": 187,
  "103": 176,
  "104": 183,
  "105": 191,
  "106": 191,
  "107": 189
}
[2018-02-07T00:04:43.379] [DEBUG] EMR105 - Got outbreak response
[2018-02-07T00:04:43.379] [INFO] EMR105 - Outbreaks: [
  {
    "time": "Wed Feb 07 2018 00:04:21 GMT-0700 (Mountain Standard Time)",
    "infections": 121,
    "type": 1,
    "name": "Influenza"
  },
  {
    "time": "Wed Feb 07 2018 00:04:39 GMT-0700 (Mountain Standard Time)",
    "infections": 121,
    "type": 1,
    "name": "Influenza"
  }
]
[2018-02-07T00:04:44.379] [DEBUG] VectorTimestamp - {
  "1": 412,
  "2": 0,
  "3": 0,
  "10": 438,
  "11": 435,
  "12": 462,
  "13": 263,
  "101": 176,
  "102": 187,
  "103": 176,
  "104": 183,
  "105": 192,
  "106": 191,
  "107": 189
}
[2018-02-07T00:04:44.379] [DEBUG] EMR105 - Sent outbreak request
[2018-02-07T00:04:44.380] [DEBUG] VectorTimestamp - {
  "1": 412,
  "2": 0,
  "3": 0,
  "10": 438,
  "11": 435,
  "12": 468,
  "13": 263,
  "101": 176,
  "102": 187,
  "103": 176,
  "104": 183,
  "105": 193,
  "106": 194,
  "107": 189
}
[2018-02-07T00:04:44.380] [DEBUG] EMR105 - Got outbreak response
[2018-02-07T00:04:44.380] [INFO] EMR105 - Outbreaks: [
  {
    "time": "Wed Feb 07 2018 00:04:21 GMT-0700 (Mountain Standard Time)",
    "infections": 121,
    "type": 1,
    "name": "Influenza"
  },
  {
    "time": "Wed Feb 07 2018 00:04:39 GMT-0700 (Mountain Standard Time)",
    "infections": 121,
    "type": 1,
    "name": "Influenza"
  }
]
[2018-02-07T00:04:45.380] [DEBUG] VectorTimestamp - {
  "1": 412,
  "2": 0,
  "3": 0,
  "10": 438,
  "11": 435,
  "12": 468,
  "13": 263,
  "101": 176,
  "102": 187,
  "103": 176,
  "104": 183,
  "105": 194,
  "106": 194,
  "107": 189
}
[2018-02-07T00:04:45.380] [DEBUG] EMR105 - Sent outbreak request
[2018-02-07T00:04:45.381] [DEBUG] VectorTimestamp - {
  "1": 412,
  "2": 0,
  "3": 0,
  "10": 438,
  "11": 435,
  "12": 474,
  "13": 263,
  "101": 176,
  "102": 187,
  "103": 176,
  "104": 183,
  "105": 195,
  "106": 197,
  "107": 189
}
[2018-02-07T00:04:45.381] [DEBUG] EMR105 - Got outbreak response
[2018-02-07T00:04:45.381] [INFO] EMR105 - Outbreaks: [
  {
    "time": "Wed Feb 07 2018 00:04:39 GMT-0700 (Mountain Standard Time)",
    "infections": 121,
    "type": 1,
    "name": "Influenza"
  }
]
[2018-02-07T00:04:46.381] [DEBUG] VectorTimestamp - {
  "1": 412,
  "2": 0,
  "3": 0,
  "10": 438,
  "11": 435,
  "12": 474,
  "13": 263,
  "101": 176,
  "102": 187,
  "103": 176,
  "104": 183,
  "105": 196,
  "106": 197,
  "107": 189
}
[2018-02-07T00:04:46.381] [DEBUG] EMR105 - Sent outbreak request
[2018-02-07T00:04:46.382] [DEBUG] VectorTimestamp - {
  "1": 412,
  "2": 0,
  "3": 0,
  "10": 438,
  "11": 435,
  "12": 479,
  "13": 263,
  "101": 176,
  "102": 187,
  "103": 176,
  "104": 183,
  "105": 197,
  "106": 199,
  "107": 189
}
[2018-02-07T00:04:46.382] [DEBUG] EMR105 - Got outbreak response
[2018-02-07T00:04:46.382] [INFO] EMR105 - Outbreaks: [
  {
    "time": "Wed Feb 07 2018 00:04:39 GMT-0700 (Mountain Standard Time)",
    "infections": 121,
    "type": 1,
    "name": "Influenza"
  }
]
[2018-02-07T00:04:47.382] [DEBUG] VectorTimestamp - {
  "1": 412,
  "2": 0,
  "3": 0,
  "10": 438,
  "11": 435,
  "12": 479,
  "13": 263,
  "101": 176,
  "102": 187,
  "103": 176,
  "104": 183,
  "105": 198,
  "106": 199,
  "107": 189
}
[2018-02-07T00:04:47.382] [DEBUG] EMR105 - Sent outbreak request
[2018-02-07T00:04:47.383] [DEBUG] VectorTimestamp - {
  "1": 412,
  "2": 0,
  "3": 0,
  "10": 438,
  "11": 435,
  "12": 485,
  "13": 263,
  "101": 176,
  "102": 187,
  "103": 176,
  "104": 183,
  "105": 199,
  "106": 202,
  "107": 189
}
[2018-02-07T00:04:47.383] [DEBUG] EMR105 - Got outbreak response
[2018-02-07T00:04:47.383] [INFO] EMR105 - Outbreaks: [
  {
    "time": "Wed Feb 07 2018 00:04:39 GMT-0700 (Mountain Standard Time)",
    "infections": 121,
    "type": 1,
    "name": "Influenza"
  }
]
[2018-02-07T00:04:48.383] [DEBUG] VectorTimestamp - {
  "1": 412,
  "2": 0,
  "3": 0,
  "10": 438,
  "11": 435,
  "12": 485,
  "13": 263,
  "101": 176,
  "102": 187,
  "103": 176,
  "104": 183,
  "105": 200,
  "106": 202,
  "107": 189
}
[2018-02-07T00:04:48.383] [DEBUG] EMR105 - Sent outbreak request
[2018-02-07T00:04:48.384] [DEBUG] VectorTimestamp - {
  "1": 412,
  "2": 0,
  "3": 0,
  "10": 438,
  "11": 435,
  "12": 490,
  "13": 263,
  "101": 176,
  "102": 187,
  "103": 176,
  "104": 183,
  "105": 201,
  "106": 204,
  "107": 189
}
[2018-02-07T00:04:48.384] [DEBUG] EMR105 - Got outbreak response
[2018-02-07T00:04:48.384] [INFO] EMR105 - Outbreaks: [
  {
    "time": "Wed Feb 07 2018 00:04:39 GMT-0700 (Mountain Standard Time)",
    "infections": 121,
    "type": 1,
    "name": "Influenza"
  }
]
[2018-02-07T00:04:49.384] [DEBUG] VectorTimestamp - {
  "1": 412,
  "2": 0,
  "3": 0,
  "10": 438,
  "11": 435,
  "12": 490,
  "13": 263,
  "101": 176,
  "102": 187,
  "103": 176,
  "104": 183,
  "105": 202,
  "106": 204,
  "107": 189
}
[2018-02-07T00:04:49.384] [DEBUG] EMR105 - Sent outbreak request
[2018-02-07T00:04:49.385] [DEBUG] VectorTimestamp - {
  "1": 412,
  "2": 0,
  "3": 0,
  "10": 438,
  "11": 435,
  "12": 496,
  "13": 263,
  "101": 176,
  "102": 187,
  "103": 176,
  "104": 183,
  "105": 203,
  "106": 207,
  "107": 189
}
[2018-02-07T00:04:49.385] [DEBUG] EMR105 - Got outbreak response
[2018-02-07T00:04:49.385] [INFO] EMR105 - Outbreaks: [
  {
    "time": "Wed Feb 07 2018 00:04:39 GMT-0700 (Mountain Standard Time)",
    "infections": 121,
    "type": 1,
    "name": "Influenza"
  }
]
[2018-02-07T00:04:50.385] [DEBUG] VectorTimestamp - {
  "1": 412,
  "2": 0,
  "3": 0,
  "10": 438,
  "11": 435,
  "12": 496,
  "13": 263,
  "101": 176,
  "102": 187,
  "103": 176,
  "104": 183,
  "105": 204,
  "106": 207,
  "107": 189
}
[2018-02-07T00:04:50.385] [DEBUG] EMR105 - Sent outbreak request
[2018-02-07T00:04:50.386] [DEBUG] VectorTimestamp - {
  "1": 412,
  "2": 0,
  "3": 0,
  "10": 438,
  "11": 435,
  "12": 501,
  "13": 263,
  "101": 176,
  "102": 187,
  "103": 176,
  "104": 183,
  "105": 205,
  "106": 209,
  "107": 189
}
[2018-02-07T00:04:50.386] [DEBUG] EMR105 - Got outbreak response
[2018-02-07T00:04:50.386] [INFO] EMR105 - Outbreaks: [
  {
    "time": "Wed Feb 07 2018 00:04:39 GMT-0700 (Mountain Standard Time)",
    "infections": 121,
    "type": 1,
    "name": "Influenza"
  }
]
[2018-02-07T00:04:51.008] [DEBUG] VectorTimestamp - {
  "1": 412,
  "2": 0,
  "3": 0,
  "10": 438,
  "11": 435,
  "12": 501,
  "13": 263,
  "101": 176,
  "102": 187,
  "103": 176,
  "104": 183,
  "105": 206,
  "106": 209,
  "107": 189
}
[2018-02-07T00:04:51.008] [DEBUG] EMR105 - Sent disease notification: Influenza (1)
[2018-02-07T00:04:51.386] [DEBUG] VectorTimestamp - {
  "1": 412,
  "2": 0,
  "3": 0,
  "10": 438,
  "11": 435,
  "12": 501,
  "13": 263,
  "101": 176,
  "102": 187,
  "103": 176,
  "104": 183,
  "105": 207,
  "106": 209,
  "107": 189
}
[2018-02-07T00:04:51.386] [DEBUG] EMR105 - Sent outbreak request
[2018-02-07T00:04:51.387] [DEBUG] VectorTimestamp - {
  "1": 412,
  "2": 0,
  "3": 0,
  "10": 438,
  "11": 435,
  "12": 507,
  "13": 263,
  "101": 176,
  "102": 187,
  "103": 176,
  "104": 183,
  "105": 208,
  "106": 211,
  "107": 189
}
[2018-02-07T00:04:51.387] [DEBUG] EMR105 - Got outbreak response
[2018-02-07T00:04:51.387] [INFO] EMR105 - Outbreaks: [
  {
    "time": "Wed Feb 07 2018 00:04:39 GMT-0700 (Mountain Standard Time)",
    "infections": 121,
    "type": 1,
    "name": "Influenza"
  }
]
[2018-02-07T00:04:52.387] [DEBUG] VectorTimestamp - {
  "1": 412,
  "2": 0,
  "3": 0,
  "10": 438,
  "11": 435,
  "12": 507,
  "13": 263,
  "101": 176,
  "102": 187,
  "103": 176,
  "104": 183,
  "105": 209,
  "106": 211,
  "107": 189
}
[2018-02-07T00:04:52.387] [DEBUG] EMR105 - Sent outbreak request
[2018-02-07T00:04:52.388] [DEBUG] VectorTimestamp - {
  "1": 412,
  "2": 0,
  "3": 0,
  "10": 438,
  "11": 435,
  "12": 512,
  "13": 263,
  "101": 176,
  "102": 187,
  "103": 176,
  "104": 183,
  "105": 210,
  "106": 213,
  "107": 189
}
[2018-02-07T00:04:52.388] [DEBUG] EMR105 - Got outbreak response
[2018-02-07T00:04:52.388] [INFO] EMR105 - Outbreaks: [
  {
    "time": "Wed Feb 07 2018 00:04:39 GMT-0700 (Mountain Standard Time)",
    "infections": 121,
    "type": 1,
    "name": "Influenza"
  }
]
[2018-02-07T00:04:53.388] [DEBUG] VectorTimestamp - {
  "1": 412,
  "2": 0,
  "3": 0,
  "10": 438,
  "11": 435,
  "12": 512,
  "13": 263,
  "101": 176,
  "102": 187,
  "103": 176,
  "104": 183,
  "105": 211,
  "106": 213,
  "107": 189
}
[2018-02-07T00:04:53.388] [DEBUG] EMR105 - Sent outbreak request
[2018-02-07T00:04:53.389] [DEBUG] VectorTimestamp - {
  "1": 412,
  "2": 0,
  "3": 0,
  "10": 438,
  "11": 435,
  "12": 517,
  "13": 263,
  "101": 176,
  "102": 187,
  "103": 176,
  "104": 183,
  "105": 212,
  "106": 215,
  "107": 189
}
[2018-02-07T00:04:53.389] [DEBUG] EMR105 - Got outbreak response
[2018-02-07T00:04:53.389] [INFO] EMR105 - Outbreaks: [
  {
    "time": "Wed Feb 07 2018 00:04:39 GMT-0700 (Mountain Standard Time)",
    "infections": 121,
    "type": 1,
    "name": "Influenza"
  }
]
[2018-02-07T00:04:54.389] [DEBUG] VectorTimestamp - {
  "1": 412,
  "2": 0,
  "3": 0,
  "10": 438,
  "11": 435,
  "12": 517,
  "13": 263,
  "101": 176,
  "102": 187,
  "103": 176,
  "104": 183,
  "105": 213,
  "106": 215,
  "107": 189
}
[2018-02-07T00:04:54.389] [DEBUG] EMR105 - Sent outbreak request
[2018-02-07T00:04:54.390] [DEBUG] VectorTimestamp - {
  "1": 412,
  "2": 0,
  "3": 0,
  "10": 438,
  "11": 435,
  "12": 522,
  "13": 263,
  "101": 176,
  "102": 187,
  "103": 176,
  "104": 183,
  "105": 214,
  "106": 217,
  "107": 189
}
[2018-02-07T00:04:54.390] [DEBUG] EMR105 - Got outbreak response
[2018-02-07T00:04:54.390] [INFO] EMR105 - Outbreaks: [
  {
    "time": "Wed Feb 07 2018 00:04:39 GMT-0700 (Mountain Standard Time)",
    "infections": 121,
    "type": 1,
    "name": "Influenza"
  }
]
[2018-02-07T00:04:55.390] [DEBUG] VectorTimestamp - {
  "1": 412,
  "2": 0,
  "3": 0,
  "10": 438,
  "11": 435,
  "12": 522,
  "13": 263,
  "101": 176,
  "102": 187,
  "103": 176,
  "104": 183,
  "105": 215,
  "106": 217,
  "107": 189
}
[2018-02-07T00:04:55.390] [DEBUG] EMR105 - Sent outbreak request
[2018-02-07T00:04:55.391] [DEBUG] VectorTimestamp - {
  "1": 412,
  "2": 0,
  "3": 0,
  "10": 438,
  "11": 435,
  "12": 527,
  "13": 263,
  "101": 176,
  "102": 187,
  "103": 176,
  "104": 183,
  "105": 216,
  "106": 219,
  "107": 189
}
[2018-02-07T00:04:55.391] [DEBUG] EMR105 - Got outbreak response
[2018-02-07T00:04:55.391] [INFO] EMR105 - Outbreaks: [
  {
    "time": "Wed Feb 07 2018 00:04:39 GMT-0700 (Mountain Standard Time)",
    "infections": 121,
    "type": 1,
    "name": "Influenza"
  }
]
[2018-02-07T00:04:56.391] [DEBUG] VectorTimestamp - {
  "1": 412,
  "2": 0,
  "3": 0,
  "10": 438,
  "11": 435,
  "12": 527,
  "13": 263,
  "101": 176,
  "102": 187,
  "103": 176,
  "104": 183,
  "105": 217,
  "106": 219,
  "107": 189
}
[2018-02-07T00:04:56.391] [DEBUG] EMR105 - Sent outbreak request
[2018-02-07T00:04:56.392] [DEBUG] VectorTimestamp - {
  "1": 412,
  "2": 0,
  "3": 0,
  "10": 438,
  "11": 435,
  "12": 533,
  "13": 263,
  "101": 176,
  "102": 187,
  "103": 176,
  "104": 183,
  "105": 218,
  "106": 222,
  "107": 189
}
[2018-02-07T00:04:56.392] [DEBUG] EMR105 - Got outbreak response
[2018-02-07T00:04:56.392] [INFO] EMR105 - Outbreaks: [
  {
    "time": "Wed Feb 07 2018 00:04:39 GMT-0700 (Mountain Standard Time)",
    "infections": 121,
    "type": 1,
    "name": "Influenza"
  }
]
[2018-02-07T00:04:57.392] [DEBUG] VectorTimestamp - {
  "1": 412,
  "2": 0,
  "3": 0,
  "10": 438,
  "11": 435,
  "12": 533,
  "13": 263,
  "101": 176,
  "102": 187,
  "103": 176,
  "104": 183,
  "105": 219,
  "106": 222,
  "107": 189
}
[2018-02-07T00:04:57.392] [DEBUG] EMR105 - Sent outbreak request
[2018-02-07T00:04:57.393] [DEBUG] VectorTimestamp - {
  "1": 412,
  "2": 0,
  "3": 0,
  "10": 438,
  "11": 435,
  "12": 538,
  "13": 263,
  "101": 176,
  "102": 187,
  "103": 176,
  "104": 183,
  "105": 220,
  "106": 224,
  "107": 189
}
[2018-02-07T00:04:57.393] [DEBUG] EMR105 - Got outbreak response
[2018-02-07T00:04:57.393] [INFO] EMR105 - Outbreaks: [
  {
    "time": "Wed Feb 07 2018 00:04:39 GMT-0700 (Mountain Standard Time)",
    "infections": 121,
    "type": 1,
    "name": "Influenza"
  }
]
[2018-02-07T00:04:57.523] [DEBUG] VectorTimestamp - {
  "1": 412,
  "2": 0,
  "3": 0,
  "10": 438,
  "11": 435,
  "12": 538,
  "13": 263,
  "101": 176,
  "102": 187,
  "103": 176,
  "104": 183,
  "105": 221,
  "106": 224,
  "107": 189
}
[2018-02-07T00:04:57.523] [DEBUG] EMR105 - Sent disease notification: Influenza (1)
[2018-02-07T00:04:58.393] [DEBUG] VectorTimestamp - {
  "1": 412,
  "2": 0,
  "3": 0,
  "10": 438,
  "11": 435,
  "12": 538,
  "13": 263,
  "101": 176,
  "102": 187,
  "103": 176,
  "104": 183,
  "105": 222,
  "106": 224,
  "107": 189
}
[2018-02-07T00:04:58.393] [DEBUG] EMR105 - Sent outbreak request
[2018-02-07T00:04:58.394] [DEBUG] VectorTimestamp - {
  "1": 412,
  "2": 0,
  "3": 0,
  "10": 438,
  "11": 435,
  "12": 544,
  "13": 263,
  "101": 176,
  "102": 187,
  "103": 176,
  "104": 183,
  "105": 223,
  "106": 226,
  "107": 189
}
[2018-02-07T00:04:58.394] [DEBUG] EMR105 - Got outbreak response
[2018-02-07T00:04:58.394] [INFO] EMR105 - Outbreaks: [
  {
    "time": "Wed Feb 07 2018 00:04:39 GMT-0700 (Mountain Standard Time)",
    "infections": 121,
    "type": 1,
    "name": "Influenza"
  }
]
[2018-02-07T00:04:59.393] [DEBUG] VectorTimestamp - {
  "1": 412,
  "2": 0,
  "3": 0,
  "10": 438,
  "11": 435,
  "12": 544,
  "13": 263,
  "101": 176,
  "102": 187,
  "103": 176,
  "104": 183,
  "105": 224,
  "106": 226,
  "107": 189
}
[2018-02-07T00:04:59.393] [DEBUG] EMR105 - Sent outbreak request
[2018-02-07T00:04:59.394] [DEBUG] VectorTimestamp - {
  "1": 412,
  "2": 0,
  "3": 0,
  "10": 438,
  "11": 435,
  "12": 549,
  "13": 263,
  "101": 176,
  "102": 187,
  "103": 176,
  "104": 183,
  "105": 225,
  "106": 228,
  "107": 189
}
[2018-02-07T00:04:59.394] [DEBUG] EMR105 - Got outbreak response
[2018-02-07T00:04:59.394] [INFO] EMR105 - Outbreaks: [
  {
    "time": "Wed Feb 07 2018 00:04:39 GMT-0700 (Mountain Standard Time)",
    "infections": 121,
    "type": 1,
    "name": "Influenza"
  }
]
[2018-02-07T00:05:00.394] [DEBUG] VectorTimestamp - {
  "1": 412,
  "2": 0,
  "3": 0,
  "10": 438,
  "11": 435,
  "12": 549,
  "13": 263,
  "101": 176,
  "102": 187,
  "103": 176,
  "104": 183,
  "105": 226,
  "106": 228,
  "107": 189
}
[2018-02-07T00:05:00.394] [DEBUG] EMR105 - Sent outbreak request
[2018-02-07T00:05:00.395] [DEBUG] VectorTimestamp - {
  "1": 412,
  "2": 0,
  "3": 0,
  "10": 438,
  "11": 435,
  "12": 554,
  "13": 263,
  "101": 176,
  "102": 187,
  "103": 176,
  "104": 183,
  "105": 227,
  "106": 230,
  "107": 189
}
[2018-02-07T00:05:00.395] [DEBUG] EMR105 - Got outbreak response
[2018-02-07T00:05:00.395] [INFO] EMR105 - Outbreaks: [
  {
    "time": "Wed Feb 07 2018 00:04:39 GMT-0700 (Mountain Standard Time)",
    "infections": 121,
    "type": 1,
    "name": "Influenza"
  }
]
[2018-02-07T00:05:01.395] [DEBUG] VectorTimestamp - {
  "1": 412,
  "2": 0,
  "3": 0,
  "10": 438,
  "11": 435,
  "12": 554,
  "13": 263,
  "101": 176,
  "102": 187,
  "103": 176,
  "104": 183,
  "105": 228,
  "106": 230,
  "107": 189
}
[2018-02-07T00:05:01.395] [DEBUG] EMR105 - Sent outbreak request
[2018-02-07T00:05:01.396] [DEBUG] VectorTimestamp - {
  "1": 412,
  "2": 0,
  "3": 0,
  "10": 438,
  "11": 435,
  "12": 559,
  "13": 263,
  "101": 176,
  "102": 187,
  "103": 176,
  "104": 183,
  "105": 229,
  "106": 232,
  "107": 189
}
[2018-02-07T00:05:01.396] [DEBUG] EMR105 - Got outbreak response
[2018-02-07T00:05:01.396] [INFO] EMR105 - Outbreaks: [
  {
    "time": "Wed Feb 07 2018 00:04:39 GMT-0700 (Mountain Standard Time)",
    "infections": 121,
    "type": 1,
    "name": "Influenza"
  }
]
[2018-02-07T00:05:02.395] [DEBUG] VectorTimestamp - {
  "1": 412,
  "2": 0,
  "3": 0,
  "10": 438,
  "11": 435,
  "12": 559,
  "13": 263,
  "101": 176,
  "102": 187,
  "103": 176,
  "104": 183,
  "105": 230,
  "106": 232,
  "107": 189
}
[2018-02-07T00:05:02.395] [DEBUG] EMR105 - Sent outbreak request
[2018-02-07T00:05:02.396] [DEBUG] VectorTimestamp - {
  "1": 412,
  "2": 0,
  "3": 0,
  "10": 438,
  "11": 435,
  "12": 564,
  "13": 263,
  "101": 176,
  "102": 187,
  "103": 176,
  "104": 183,
  "105": 231,
  "106": 234,
  "107": 189
}
[2018-02-07T00:05:02.396] [DEBUG] EMR105 - Got outbreak response
[2018-02-07T00:05:02.396] [INFO] EMR105 - Outbreaks: [
  {
    "time": "Wed Feb 07 2018 00:04:39 GMT-0700 (Mountain Standard Time)",
    "infections": 121,
    "type": 1,
    "name": "Influenza"
  }
]
[2018-02-07T00:05:03.396] [DEBUG] VectorTimestamp - {
  "1": 412,
  "2": 0,
  "3": 0,
  "10": 438,
  "11": 435,
  "12": 564,
  "13": 263,
  "101": 176,
  "102": 187,
  "103": 176,
  "104": 183,
  "105": 232,
  "106": 234,
  "107": 189
}
[2018-02-07T00:05:03.396] [DEBUG] EMR105 - Sent outbreak request
[2018-02-07T00:05:03.397] [DEBUG] VectorTimestamp - {
  "1": 412,
  "2": 0,
  "3": 0,
  "10": 438,
  "11": 435,
  "12": 569,
  "13": 263,
  "101": 176,
  "102": 187,
  "103": 176,
  "104": 183,
  "105": 233,
  "106": 236,
  "107": 189
}
[2018-02-07T00:05:03.397] [DEBUG] EMR105 - Got outbreak response
[2018-02-07T00:05:04.397] [DEBUG] VectorTimestamp - {
  "1": 412,
  "2": 0,
  "3": 0,
  "10": 438,
  "11": 435,
  "12": 569,
  "13": 263,
  "101": 176,
  "102": 187,
  "103": 176,
  "104": 183,
  "105": 234,
  "106": 236,
  "107": 189
}
[2018-02-07T00:05:04.397] [DEBUG] EMR105 - Sent outbreak request
[2018-02-07T00:05:04.399] [DEBUG] VectorTimestamp - {
  "1": 412,
  "2": 0,
  "3": 0,
  "10": 438,
  "11": 435,
  "12": 574,
  "13": 263,
  "101": 176,
  "102": 187,
  "103": 176,
  "104": 183,
  "105": 235,
  "106": 238,
  "107": 189
}
[2018-02-07T00:05:04.399] [DEBUG] EMR105 - Got outbreak response
