[2018-02-05T23:07:28.319] [DEBUG] HDS13 - Got config: {"hds":{"id":13,"notification":{"ip":"localhost","port":12106},"update":{"ip":"localhost","port":12107},"outbreakRouter":{"ip":"localhost","port":12113}},"doa":[{"id":1,"ip":"localhost","port":12001,"disease":1},{"id":2,"ip":"localhost","port":12002,"disease":2},{"id":3,"ip":"localhost","port":12003,"disease":3}],"simulation":{"simulationTime":24,"diseases":[{"id":1,"name":"Influenza","threshold":100,"rate":12},{"id":2,"name":"Chicken Pox","threshold":50,"rate":1},{"id":3,"name":"Measles","threshold":10,"rate":0.5}]}}
[2018-02-05T23:07:28.469] [DEBUG] HDS13 - Received disease notification (Chicken Pox): 1
[2018-02-05T23:07:28.527] [DEBUG] HDS13 - Published disease count: {"hds":13,"disease":2,"count":1,"vectorTimestamp":[]}
[2018-02-05T23:07:28.569] [DEBUG] HDS13 - Received disease notification (Chicken Pox): 2
[2018-02-05T23:07:28.669] [DEBUG] HDS13 - Received disease notification (Influenza): 1
[2018-02-05T23:07:28.728] [DEBUG] HDS13 - Published disease count: {"hds":13,"disease":2,"count":2,"vectorTimestamp":[]}
[2018-02-05T23:07:28.728] [DEBUG] HDS13 - Published disease count: {"hds":13,"disease":1,"count":1,"vectorTimestamp":[]}
[2018-02-05T23:07:28.770] [DEBUG] HDS13 - Received disease notification (Influenza): 2
[2018-02-05T23:07:28.870] [DEBUG] HDS13 - Received disease notification (Chicken Pox): 3
[2018-02-05T23:07:28.929] [DEBUG] HDS13 - Published disease count: {"hds":13,"disease":2,"count":3,"vectorTimestamp":[]}
[2018-02-05T23:07:28.929] [DEBUG] HDS13 - Published disease count: {"hds":13,"disease":1,"count":2,"vectorTimestamp":[]}
[2018-02-05T23:07:28.970] [DEBUG] HDS13 - Received disease notification (Measles): 1
[2018-02-05T23:07:29.070] [DEBUG] HDS13 - Received disease notification (Influenza): 3
[2018-02-05T23:07:29.130] [DEBUG] HDS13 - Published disease count: {"hds":13,"disease":2,"count":3,"vectorTimestamp":[]}
[2018-02-05T23:07:29.130] [DEBUG] HDS13 - Published disease count: {"hds":13,"disease":1,"count":3,"vectorTimestamp":[]}
[2018-02-05T23:07:29.130] [DEBUG] HDS13 - Published disease count: {"hds":13,"disease":3,"count":1,"vectorTimestamp":[]}
[2018-02-05T23:07:29.171] [DEBUG] HDS13 - Received disease notification (Chicken Pox): 4
[2018-02-05T23:07:29.271] [DEBUG] HDS13 - Received disease notification (Influenza): 4
[2018-02-05T23:07:29.330] [DEBUG] HDS13 - Published disease count: {"hds":13,"disease":2,"count":4,"vectorTimestamp":[]}
[2018-02-05T23:07:29.330] [DEBUG] HDS13 - Published disease count: {"hds":13,"disease":1,"count":4,"vectorTimestamp":[]}
[2018-02-05T23:07:29.330] [DEBUG] HDS13 - Published disease count: {"hds":13,"disease":3,"count":1,"vectorTimestamp":[]}
[2018-02-05T23:07:29.371] [DEBUG] HDS13 - Received disease notification (Measles): 2
[2018-02-05T23:07:29.471] [DEBUG] HDS13 - Received disease notification (Measles): 3
[2018-02-05T23:07:29.531] [DEBUG] HDS13 - Published disease count: {"hds":13,"disease":2,"count":4,"vectorTimestamp":[]}
[2018-02-05T23:07:29.531] [DEBUG] HDS13 - Published disease count: {"hds":13,"disease":1,"count":4,"vectorTimestamp":[]}
[2018-02-05T23:07:29.531] [DEBUG] HDS13 - Published disease count: {"hds":13,"disease":3,"count":3,"vectorTimestamp":[]}
[2018-02-05T23:07:29.572] [DEBUG] HDS13 - Received disease notification (Chicken Pox): 5
[2018-02-05T23:07:29.672] [DEBUG] HDS13 - Received disease notification (Measles): 4
[2018-02-05T23:07:29.731] [DEBUG] HDS13 - Published disease count: {"hds":13,"disease":2,"count":5,"vectorTimestamp":[]}
[2018-02-05T23:07:29.731] [DEBUG] HDS13 - Published disease count: {"hds":13,"disease":1,"count":4,"vectorTimestamp":[]}
[2018-02-05T23:07:29.731] [DEBUG] HDS13 - Published disease count: {"hds":13,"disease":3,"count":4,"vectorTimestamp":[]}
[2018-02-05T23:07:29.772] [DEBUG] HDS13 - Received disease notification (Influenza): 5
[2018-02-05T23:07:29.873] [DEBUG] HDS13 - Received disease notification (Influenza): 6
[2018-02-05T23:07:29.933] [DEBUG] HDS13 - Published disease count: {"hds":13,"disease":2,"count":5,"vectorTimestamp":[]}
[2018-02-05T23:07:29.934] [DEBUG] HDS13 - Published disease count: {"hds":13,"disease":1,"count":6,"vectorTimestamp":[]}
[2018-02-05T23:07:29.934] [DEBUG] HDS13 - Published disease count: {"hds":13,"disease":3,"count":4,"vectorTimestamp":[]}
[2018-02-05T23:07:29.973] [DEBUG] HDS13 - Received disease notification (Influenza): 7
[2018-02-05T23:07:30.073] [DEBUG] HDS13 - Received disease notification (Influenza): 8
[2018-02-05T23:07:30.134] [DEBUG] HDS13 - Published disease count: {"hds":13,"disease":2,"count":5,"vectorTimestamp":[]}
[2018-02-05T23:07:30.134] [DEBUG] HDS13 - Published disease count: {"hds":13,"disease":1,"count":8,"vectorTimestamp":[]}
[2018-02-05T23:07:30.134] [DEBUG] HDS13 - Published disease count: {"hds":13,"disease":3,"count":4,"vectorTimestamp":[]}
[2018-02-05T23:07:30.173] [DEBUG] HDS13 - Received disease notification (Chicken Pox): 6
[2018-02-05T23:07:30.274] [DEBUG] HDS13 - Received disease notification (Chicken Pox): 7
[2018-02-05T23:07:30.335] [DEBUG] HDS13 - Published disease count: {"hds":13,"disease":2,"count":7,"vectorTimestamp":[]}
[2018-02-05T23:07:30.336] [DEBUG] HDS13 - Published disease count: {"hds":13,"disease":1,"count":8,"vectorTimestamp":[]}
[2018-02-05T23:07:30.336] [DEBUG] HDS13 - Published disease count: {"hds":13,"disease":3,"count":4,"vectorTimestamp":[]}
[2018-02-05T23:07:30.374] [DEBUG] HDS13 - Received disease notification (Chicken Pox): 8
[2018-02-05T23:07:30.474] [DEBUG] HDS13 - Received disease notification (Influenza): 9
[2018-02-05T23:07:30.537] [DEBUG] HDS13 - Published disease count: {"hds":13,"disease":2,"count":8,"vectorTimestamp":[]}
[2018-02-05T23:07:30.537] [DEBUG] HDS13 - Published disease count: {"hds":13,"disease":1,"count":9,"vectorTimestamp":[]}
[2018-02-05T23:07:30.537] [DEBUG] HDS13 - Published disease count: {"hds":13,"disease":3,"count":4,"vectorTimestamp":[]}
[2018-02-05T23:07:30.574] [DEBUG] HDS13 - Received disease notification (Measles): 5
[2018-02-05T23:07:30.675] [DEBUG] HDS13 - Received disease notification (Chicken Pox): 9
[2018-02-05T23:07:30.738] [DEBUG] HDS13 - Published disease count: {"hds":13,"disease":2,"count":9,"vectorTimestamp":[]}
[2018-02-05T23:07:30.738] [DEBUG] HDS13 - Published disease count: {"hds":13,"disease":1,"count":9,"vectorTimestamp":[]}
[2018-02-05T23:07:30.738] [DEBUG] HDS13 - Published disease count: {"hds":13,"disease":3,"count":5,"vectorTimestamp":[]}
[2018-02-05T23:07:30.775] [DEBUG] HDS13 - Received disease notification (Measles): 6
[2018-02-05T23:07:30.875] [DEBUG] HDS13 - Received disease notification (Influenza): 10
[2018-02-05T23:07:30.938] [DEBUG] HDS13 - Published disease count: {"hds":13,"disease":2,"count":9,"vectorTimestamp":[]}
[2018-02-05T23:07:30.938] [DEBUG] HDS13 - Published disease count: {"hds":13,"disease":1,"count":10,"vectorTimestamp":[]}
[2018-02-05T23:07:30.938] [DEBUG] HDS13 - Published disease count: {"hds":13,"disease":3,"count":6,"vectorTimestamp":[]}
[2018-02-05T23:07:30.975] [DEBUG] HDS13 - Received disease notification (Chicken Pox): 10
[2018-02-05T23:07:31.076] [DEBUG] HDS13 - Received disease notification (Measles): 7
[2018-02-05T23:07:31.139] [DEBUG] HDS13 - Published disease count: {"hds":13,"disease":2,"count":10,"vectorTimestamp":[]}
[2018-02-05T23:07:31.139] [DEBUG] HDS13 - Published disease count: {"hds":13,"disease":1,"count":10,"vectorTimestamp":[]}
[2018-02-05T23:07:31.139] [DEBUG] HDS13 - Published disease count: {"hds":13,"disease":3,"count":7,"vectorTimestamp":[]}
[2018-02-05T23:07:31.176] [DEBUG] HDS13 - Received disease notification (Chicken Pox): 11
[2018-02-05T23:07:31.276] [DEBUG] HDS13 - Received disease notification (Influenza): 11
[2018-02-05T23:07:31.340] [DEBUG] HDS13 - Published disease count: {"hds":13,"disease":2,"count":11,"vectorTimestamp":[]}
[2018-02-05T23:07:31.340] [DEBUG] HDS13 - Published disease count: {"hds":13,"disease":1,"count":11,"vectorTimestamp":[]}
[2018-02-05T23:07:31.340] [DEBUG] HDS13 - Published disease count: {"hds":13,"disease":3,"count":7,"vectorTimestamp":[]}
[2018-02-05T23:07:31.377] [DEBUG] HDS13 - Received disease notification (Influenza): 12
[2018-02-05T23:07:31.477] [DEBUG] HDS13 - Received disease notification (Influenza): 13
[2018-02-05T23:07:31.541] [DEBUG] HDS13 - Published disease count: {"hds":13,"disease":2,"count":11,"vectorTimestamp":[]}
[2018-02-05T23:07:31.541] [DEBUG] HDS13 - Published disease count: {"hds":13,"disease":1,"count":13,"vectorTimestamp":[]}
[2018-02-05T23:07:31.541] [DEBUG] HDS13 - Published disease count: {"hds":13,"disease":3,"count":7,"vectorTimestamp":[]}
[2018-02-05T23:07:31.578] [DEBUG] HDS13 - Received disease notification (Measles): 8
[2018-02-05T23:07:31.678] [DEBUG] HDS13 - Received disease notification (Influenza): 14
[2018-02-05T23:07:31.742] [DEBUG] HDS13 - Published disease count: {"hds":13,"disease":2,"count":11,"vectorTimestamp":[]}
[2018-02-05T23:07:31.742] [DEBUG] HDS13 - Published disease count: {"hds":13,"disease":1,"count":14,"vectorTimestamp":[]}
[2018-02-05T23:07:31.742] [DEBUG] HDS13 - Published disease count: {"hds":13,"disease":3,"count":8,"vectorTimestamp":[]}
[2018-02-05T23:07:31.779] [DEBUG] HDS13 - Received disease notification (Influenza): 15
[2018-02-05T23:07:31.879] [DEBUG] HDS13 - Received disease notification (Influenza): 16
[2018-02-05T23:07:31.943] [DEBUG] HDS13 - Published disease count: {"hds":13,"disease":2,"count":11,"vectorTimestamp":[]}
[2018-02-05T23:07:31.943] [DEBUG] HDS13 - Published disease count: {"hds":13,"disease":1,"count":16,"vectorTimestamp":[]}
[2018-02-05T23:07:31.943] [DEBUG] HDS13 - Published disease count: {"hds":13,"disease":3,"count":8,"vectorTimestamp":[]}
[2018-02-05T23:07:31.979] [DEBUG] HDS13 - Received disease notification (Influenza): 17
[2018-02-05T23:07:32.079] [DEBUG] HDS13 - Received disease notification (Measles): 9
[2018-02-05T23:07:32.144] [DEBUG] HDS13 - Published disease count: {"hds":13,"disease":2,"count":11,"vectorTimestamp":[]}
[2018-02-05T23:07:32.144] [DEBUG] HDS13 - Published disease count: {"hds":13,"disease":1,"count":17,"vectorTimestamp":[]}
[2018-02-05T23:07:32.144] [DEBUG] HDS13 - Published disease count: {"hds":13,"disease":3,"count":9,"vectorTimestamp":[]}
[2018-02-05T23:07:32.180] [DEBUG] HDS13 - Received disease notification (Chicken Pox): 12
[2018-02-05T23:07:32.280] [DEBUG] HDS13 - Received disease notification (Influenza): 18
[2018-02-05T23:07:32.344] [DEBUG] HDS13 - Published disease count: {"hds":13,"disease":2,"count":12,"vectorTimestamp":[]}
[2018-02-05T23:07:32.344] [DEBUG] HDS13 - Published disease count: {"hds":13,"disease":1,"count":18,"vectorTimestamp":[]}
[2018-02-05T23:07:32.344] [DEBUG] HDS13 - Published disease count: {"hds":13,"disease":3,"count":9,"vectorTimestamp":[]}
[2018-02-05T23:07:32.380] [DEBUG] HDS13 - Received disease notification (Measles): 10
[2018-02-05T23:07:32.480] [DEBUG] HDS13 - Received disease notification (Measles): 11
[2018-02-05T23:07:32.544] [DEBUG] HDS13 - Published disease count: {"hds":13,"disease":2,"count":12,"vectorTimestamp":[]}
[2018-02-05T23:07:32.544] [DEBUG] HDS13 - Published disease count: {"hds":13,"disease":1,"count":18,"vectorTimestamp":[]}
[2018-02-05T23:07:32.544] [DEBUG] HDS13 - Published disease count: {"hds":13,"disease":3,"count":11,"vectorTimestamp":[]}
[2018-02-05T23:07:32.581] [DEBUG] HDS13 - Received disease notification (Measles): 12
[2018-02-05T23:07:32.681] [DEBUG] HDS13 - Received disease notification (Measles): 13
[2018-02-05T23:07:32.744] [DEBUG] HDS13 - Published disease count: {"hds":13,"disease":2,"count":12,"vectorTimestamp":[]}
[2018-02-05T23:07:32.744] [DEBUG] HDS13 - Published disease count: {"hds":13,"disease":1,"count":18,"vectorTimestamp":[]}
[2018-02-05T23:07:32.744] [DEBUG] HDS13 - Published disease count: {"hds":13,"disease":3,"count":13,"vectorTimestamp":[]}
[2018-02-05T23:07:32.781] [DEBUG] HDS13 - Received disease notification (Influenza): 19
[2018-02-05T23:07:32.882] [DEBUG] HDS13 - Received disease notification (Chicken Pox): 13
[2018-02-05T23:07:32.945] [DEBUG] HDS13 - Published disease count: {"hds":13,"disease":2,"count":13,"vectorTimestamp":[]}
[2018-02-05T23:07:32.945] [DEBUG] HDS13 - Published disease count: {"hds":13,"disease":1,"count":19,"vectorTimestamp":[]}
[2018-02-05T23:07:32.946] [DEBUG] HDS13 - Published disease count: {"hds":13,"disease":3,"count":13,"vectorTimestamp":[]}
[2018-02-05T23:07:32.983] [DEBUG] HDS13 - Received disease notification (Measles): 14
[2018-02-05T23:07:33.082] [DEBUG] HDS13 - Received disease notification (Measles): 15
[2018-02-05T23:07:33.146] [DEBUG] HDS13 - Published disease count: {"hds":13,"disease":2,"count":13,"vectorTimestamp":[]}
[2018-02-05T23:07:33.146] [DEBUG] HDS13 - Published disease count: {"hds":13,"disease":1,"count":19,"vectorTimestamp":[]}
[2018-02-05T23:07:33.146] [DEBUG] HDS13 - Published disease count: {"hds":13,"disease":3,"count":15,"vectorTimestamp":[]}
[2018-02-05T23:07:33.183] [DEBUG] HDS13 - Received disease notification (Measles): 16
[2018-02-05T23:07:33.284] [DEBUG] HDS13 - Received disease notification (Measles): 17
[2018-02-05T23:07:33.347] [DEBUG] HDS13 - Published disease count: {"hds":13,"disease":2,"count":13,"vectorTimestamp":[]}
[2018-02-05T23:07:33.347] [DEBUG] HDS13 - Published disease count: {"hds":13,"disease":1,"count":19,"vectorTimestamp":[]}
[2018-02-05T23:07:33.347] [DEBUG] HDS13 - Published disease count: {"hds":13,"disease":3,"count":17,"vectorTimestamp":[]}
[2018-02-05T23:07:33.384] [DEBUG] HDS13 - Received disease notification (Measles): 18
[2018-02-05T23:07:33.484] [DEBUG] HDS13 - Received disease notification (Measles): 19
[2018-02-05T23:07:33.547] [DEBUG] HDS13 - Published disease count: {"hds":13,"disease":2,"count":13,"vectorTimestamp":[]}
[2018-02-05T23:07:33.547] [DEBUG] HDS13 - Published disease count: {"hds":13,"disease":1,"count":19,"vectorTimestamp":[]}
[2018-02-05T23:07:33.547] [DEBUG] HDS13 - Published disease count: {"hds":13,"disease":3,"count":19,"vectorTimestamp":[]}
[2018-02-05T23:07:33.587] [DEBUG] HDS13 - Received disease notification (Measles): 20
[2018-02-05T23:07:33.685] [DEBUG] HDS13 - Received disease notification (Measles): 21
[2018-02-05T23:07:33.748] [DEBUG] HDS13 - Published disease count: {"hds":13,"disease":2,"count":13,"vectorTimestamp":[]}
[2018-02-05T23:07:33.749] [DEBUG] HDS13 - Published disease count: {"hds":13,"disease":1,"count":19,"vectorTimestamp":[]}
[2018-02-05T23:07:33.749] [DEBUG] HDS13 - Published disease count: {"hds":13,"disease":3,"count":21,"vectorTimestamp":[]}
[2018-02-05T23:07:33.789] [DEBUG] HDS13 - Received disease notification (Influenza): 20
[2018-02-05T23:07:33.885] [DEBUG] HDS13 - Received disease notification (Influenza): 21
[2018-02-05T23:07:33.949] [DEBUG] HDS13 - Published disease count: {"hds":13,"disease":2,"count":13,"vectorTimestamp":[]}
[2018-02-05T23:07:33.949] [DEBUG] HDS13 - Published disease count: {"hds":13,"disease":1,"count":21,"vectorTimestamp":[]}
[2018-02-05T23:07:33.949] [DEBUG] HDS13 - Published disease count: {"hds":13,"disease":3,"count":21,"vectorTimestamp":[]}
[2018-02-05T23:07:33.985] [DEBUG] HDS13 - Received disease notification (Chicken Pox): 14
[2018-02-05T23:07:34.086] [DEBUG] HDS13 - Received disease notification (Chicken Pox): 15
[2018-02-05T23:07:34.150] [DEBUG] HDS13 - Published disease count: {"hds":13,"disease":2,"count":15,"vectorTimestamp":[]}
[2018-02-05T23:07:34.150] [DEBUG] HDS13 - Published disease count: {"hds":13,"disease":1,"count":21,"vectorTimestamp":[]}
[2018-02-05T23:07:34.150] [DEBUG] HDS13 - Published disease count: {"hds":13,"disease":3,"count":21,"vectorTimestamp":[]}
[2018-02-05T23:07:34.186] [DEBUG] HDS13 - Received disease notification (Measles): 22
[2018-02-05T23:07:34.286] [DEBUG] HDS13 - Received disease notification (Measles): 23
[2018-02-05T23:07:34.350] [DEBUG] HDS13 - Published disease count: {"hds":13,"disease":2,"count":15,"vectorTimestamp":[]}
[2018-02-05T23:07:34.350] [DEBUG] HDS13 - Published disease count: {"hds":13,"disease":1,"count":21,"vectorTimestamp":[]}
[2018-02-05T23:07:34.350] [DEBUG] HDS13 - Published disease count: {"hds":13,"disease":3,"count":23,"vectorTimestamp":[]}
[2018-02-05T23:07:34.387] [DEBUG] HDS13 - Received disease notification (Measles): 24
[2018-02-05T23:07:34.487] [DEBUG] HDS13 - Received disease notification (Measles): 25
[2018-02-05T23:07:34.551] [DEBUG] HDS13 - Published disease count: {"hds":13,"disease":2,"count":15,"vectorTimestamp":[]}
[2018-02-05T23:07:34.551] [DEBUG] HDS13 - Published disease count: {"hds":13,"disease":1,"count":21,"vectorTimestamp":[]}
[2018-02-05T23:07:34.551] [DEBUG] HDS13 - Published disease count: {"hds":13,"disease":3,"count":25,"vectorTimestamp":[]}
[2018-02-05T23:07:34.587] [DEBUG] HDS13 - Received disease notification (Influenza): 22
[2018-02-05T23:07:34.687] [DEBUG] HDS13 - Received disease notification (Measles): 26
[2018-02-05T23:07:34.751] [DEBUG] HDS13 - Published disease count: {"hds":13,"disease":2,"count":15,"vectorTimestamp":[]}
[2018-02-05T23:07:34.751] [DEBUG] HDS13 - Published disease count: {"hds":13,"disease":1,"count":22,"vectorTimestamp":[]}
[2018-02-05T23:07:34.751] [DEBUG] HDS13 - Published disease count: {"hds":13,"disease":3,"count":26,"vectorTimestamp":[]}
[2018-02-05T23:07:34.788] [DEBUG] HDS13 - Received disease notification (Measles): 27
[2018-02-05T23:07:34.888] [DEBUG] HDS13 - Received disease notification (Chicken Pox): 16
[2018-02-05T23:07:34.952] [DEBUG] HDS13 - Published disease count: {"hds":13,"disease":2,"count":16,"vectorTimestamp":[]}
[2018-02-05T23:07:34.952] [DEBUG] HDS13 - Published disease count: {"hds":13,"disease":1,"count":22,"vectorTimestamp":[]}
[2018-02-05T23:07:34.952] [DEBUG] HDS13 - Published disease count: {"hds":13,"disease":3,"count":27,"vectorTimestamp":[]}
[2018-02-05T23:07:34.989] [DEBUG] HDS13 - Received disease notification (Chicken Pox): 17
[2018-02-05T23:07:35.089] [DEBUG] HDS13 - Received disease notification (Influenza): 23
[2018-02-05T23:07:35.153] [DEBUG] HDS13 - Published disease count: {"hds":13,"disease":2,"count":17,"vectorTimestamp":[]}
[2018-02-05T23:07:35.153] [DEBUG] HDS13 - Published disease count: {"hds":13,"disease":1,"count":23,"vectorTimestamp":[]}
[2018-02-05T23:07:35.153] [DEBUG] HDS13 - Published disease count: {"hds":13,"disease":3,"count":27,"vectorTimestamp":[]}
[2018-02-05T23:07:35.189] [DEBUG] HDS13 - Received disease notification (Measles): 28
[2018-02-05T23:07:35.289] [DEBUG] HDS13 - Received disease notification (Measles): 29
[2018-02-05T23:07:35.354] [DEBUG] HDS13 - Published disease count: {"hds":13,"disease":2,"count":17,"vectorTimestamp":[]}
[2018-02-05T23:07:35.354] [DEBUG] HDS13 - Published disease count: {"hds":13,"disease":1,"count":23,"vectorTimestamp":[]}
[2018-02-05T23:07:35.354] [DEBUG] HDS13 - Published disease count: {"hds":13,"disease":3,"count":29,"vectorTimestamp":[]}
[2018-02-05T23:07:35.389] [DEBUG] HDS13 - Received disease notification (Chicken Pox): 18
[2018-02-05T23:07:35.489] [DEBUG] HDS13 - Received disease notification (Chicken Pox): 19
[2018-02-05T23:07:35.554] [DEBUG] HDS13 - Published disease count: {"hds":13,"disease":2,"count":19,"vectorTimestamp":[]}
[2018-02-05T23:07:35.554] [DEBUG] HDS13 - Published disease count: {"hds":13,"disease":1,"count":23,"vectorTimestamp":[]}
[2018-02-05T23:07:35.554] [DEBUG] HDS13 - Published disease count: {"hds":13,"disease":3,"count":29,"vectorTimestamp":[]}
[2018-02-05T23:07:35.590] [DEBUG] HDS13 - Received disease notification (Measles): 30
[2018-02-05T23:07:35.690] [DEBUG] HDS13 - Received disease notification (Influenza): 24
[2018-02-05T23:07:35.754] [DEBUG] HDS13 - Published disease count: {"hds":13,"disease":2,"count":19,"vectorTimestamp":[]}
[2018-02-05T23:07:35.754] [DEBUG] HDS13 - Published disease count: {"hds":13,"disease":1,"count":24,"vectorTimestamp":[]}
[2018-02-05T23:07:35.754] [DEBUG] HDS13 - Published disease count: {"hds":13,"disease":3,"count":30,"vectorTimestamp":[]}
[2018-02-05T23:07:35.790] [DEBUG] HDS13 - Received disease notification (Chicken Pox): 20
[2018-02-05T23:07:35.891] [DEBUG] HDS13 - Received disease notification (Measles): 31
[2018-02-05T23:07:35.954] [DEBUG] HDS13 - Published disease count: {"hds":13,"disease":2,"count":20,"vectorTimestamp":[]}
[2018-02-05T23:07:35.954] [DEBUG] HDS13 - Published disease count: {"hds":13,"disease":1,"count":24,"vectorTimestamp":[]}
[2018-02-05T23:07:35.954] [DEBUG] HDS13 - Published disease count: {"hds":13,"disease":3,"count":31,"vectorTimestamp":[]}
[2018-02-05T23:07:35.991] [DEBUG] HDS13 - Received disease notification (Measles): 32
[2018-02-05T23:07:36.091] [DEBUG] HDS13 - Received disease notification (Influenza): 25
[2018-02-05T23:07:36.154] [DEBUG] HDS13 - Published disease count: {"hds":13,"disease":2,"count":20,"vectorTimestamp":[]}
[2018-02-05T23:07:36.154] [DEBUG] HDS13 - Published disease count: {"hds":13,"disease":1,"count":25,"vectorTimestamp":[]}
[2018-02-05T23:07:36.154] [DEBUG] HDS13 - Published disease count: {"hds":13,"disease":3,"count":32,"vectorTimestamp":[]}
[2018-02-05T23:07:36.191] [DEBUG] HDS13 - Received disease notification (Chicken Pox): 21
[2018-02-05T23:07:36.292] [DEBUG] HDS13 - Received disease notification (Chicken Pox): 22
[2018-02-05T23:07:36.355] [DEBUG] HDS13 - Published disease count: {"hds":13,"disease":2,"count":22,"vectorTimestamp":[]}
[2018-02-05T23:07:36.355] [DEBUG] HDS13 - Published disease count: {"hds":13,"disease":1,"count":25,"vectorTimestamp":[]}
[2018-02-05T23:07:36.355] [DEBUG] HDS13 - Published disease count: {"hds":13,"disease":3,"count":32,"vectorTimestamp":[]}
[2018-02-05T23:07:36.392] [DEBUG] HDS13 - Received disease notification (Measles): 33
[2018-02-05T23:07:36.492] [DEBUG] HDS13 - Received disease notification (Measles): 34
[2018-02-05T23:07:36.555] [DEBUG] HDS13 - Published disease count: {"hds":13,"disease":2,"count":22,"vectorTimestamp":[]}
[2018-02-05T23:07:36.555] [DEBUG] HDS13 - Published disease count: {"hds":13,"disease":1,"count":25,"vectorTimestamp":[]}
[2018-02-05T23:07:36.555] [DEBUG] HDS13 - Published disease count: {"hds":13,"disease":3,"count":34,"vectorTimestamp":[]}
[2018-02-05T23:07:36.592] [DEBUG] HDS13 - Received disease notification (Measles): 35
[2018-02-05T23:07:36.693] [DEBUG] HDS13 - Received disease notification (Chicken Pox): 23
[2018-02-05T23:07:36.756] [DEBUG] HDS13 - Published disease count: {"hds":13,"disease":2,"count":23,"vectorTimestamp":[]}
[2018-02-05T23:07:36.756] [DEBUG] HDS13 - Published disease count: {"hds":13,"disease":1,"count":25,"vectorTimestamp":[]}
[2018-02-05T23:07:36.756] [DEBUG] HDS13 - Published disease count: {"hds":13,"disease":3,"count":35,"vectorTimestamp":[]}
[2018-02-05T23:07:36.793] [DEBUG] HDS13 - Received disease notification (Measles): 36
[2018-02-05T23:07:36.893] [DEBUG] HDS13 - Received disease notification (Influenza): 26
[2018-02-05T23:07:36.956] [DEBUG] HDS13 - Published disease count: {"hds":13,"disease":2,"count":23,"vectorTimestamp":[]}
[2018-02-05T23:07:36.956] [DEBUG] HDS13 - Published disease count: {"hds":13,"disease":1,"count":26,"vectorTimestamp":[]}
[2018-02-05T23:07:36.956] [DEBUG] HDS13 - Published disease count: {"hds":13,"disease":3,"count":36,"vectorTimestamp":[]}
[2018-02-05T23:07:36.993] [DEBUG] HDS13 - Received disease notification (Influenza): 27
[2018-02-05T23:07:37.094] [DEBUG] HDS13 - Received disease notification (Chicken Pox): 24
[2018-02-05T23:07:37.157] [DEBUG] HDS13 - Published disease count: {"hds":13,"disease":2,"count":24,"vectorTimestamp":[]}
[2018-02-05T23:07:37.157] [DEBUG] HDS13 - Published disease count: {"hds":13,"disease":1,"count":27,"vectorTimestamp":[]}
[2018-02-05T23:07:37.157] [DEBUG] HDS13 - Published disease count: {"hds":13,"disease":3,"count":36,"vectorTimestamp":[]}
[2018-02-05T23:07:37.194] [DEBUG] HDS13 - Received disease notification (Influenza): 28
[2018-02-05T23:07:37.294] [DEBUG] HDS13 - Received disease notification (Measles): 37
[2018-02-05T23:07:37.357] [DEBUG] HDS13 - Published disease count: {"hds":13,"disease":2,"count":24,"vectorTimestamp":[]}
[2018-02-05T23:07:37.357] [DEBUG] HDS13 - Published disease count: {"hds":13,"disease":1,"count":28,"vectorTimestamp":[]}
[2018-02-05T23:07:37.357] [DEBUG] HDS13 - Published disease count: {"hds":13,"disease":3,"count":37,"vectorTimestamp":[]}
[2018-02-05T23:07:37.395] [DEBUG] HDS13 - Received disease notification (Chicken Pox): 25
[2018-02-05T23:07:37.495] [DEBUG] HDS13 - Received disease notification (Measles): 38
[2018-02-05T23:07:37.561] [DEBUG] HDS13 - Published disease count: {"hds":13,"disease":2,"count":25,"vectorTimestamp":[]}
[2018-02-05T23:07:37.561] [DEBUG] HDS13 - Published disease count: {"hds":13,"disease":1,"count":28,"vectorTimestamp":[]}
[2018-02-05T23:07:37.561] [DEBUG] HDS13 - Published disease count: {"hds":13,"disease":3,"count":38,"vectorTimestamp":[]}
[2018-02-05T23:07:37.595] [DEBUG] HDS13 - Received disease notification (Measles): 39
[2018-02-05T23:07:37.695] [DEBUG] HDS13 - Received disease notification (Chicken Pox): 26
[2018-02-05T23:07:37.763] [DEBUG] HDS13 - Published disease count: {"hds":13,"disease":2,"count":26,"vectorTimestamp":[]}
[2018-02-05T23:07:37.763] [DEBUG] HDS13 - Published disease count: {"hds":13,"disease":1,"count":28,"vectorTimestamp":[]}
[2018-02-05T23:07:37.763] [DEBUG] HDS13 - Published disease count: {"hds":13,"disease":3,"count":39,"vectorTimestamp":[]}
[2018-02-05T23:07:37.796] [DEBUG] HDS13 - Received disease notification (Chicken Pox): 27
[2018-02-05T23:07:37.896] [DEBUG] HDS13 - Received disease notification (Influenza): 29
[2018-02-05T23:07:37.963] [DEBUG] HDS13 - Published disease count: {"hds":13,"disease":2,"count":27,"vectorTimestamp":[]}
[2018-02-05T23:07:37.963] [DEBUG] HDS13 - Published disease count: {"hds":13,"disease":1,"count":29,"vectorTimestamp":[]}
[2018-02-05T23:07:37.963] [DEBUG] HDS13 - Published disease count: {"hds":13,"disease":3,"count":39,"vectorTimestamp":[]}
[2018-02-05T23:07:37.996] [DEBUG] HDS13 - Received disease notification (Chicken Pox): 28
[2018-02-05T23:07:38.096] [DEBUG] HDS13 - Received disease notification (Influenza): 30
[2018-02-05T23:07:38.163] [DEBUG] HDS13 - Published disease count: {"hds":13,"disease":2,"count":28,"vectorTimestamp":[]}
[2018-02-05T23:07:38.163] [DEBUG] HDS13 - Published disease count: {"hds":13,"disease":1,"count":30,"vectorTimestamp":[]}
[2018-02-05T23:07:38.163] [DEBUG] HDS13 - Published disease count: {"hds":13,"disease":3,"count":39,"vectorTimestamp":[]}
[2018-02-05T23:07:38.197] [DEBUG] HDS13 - Received disease notification (Measles): 40
[2018-02-05T23:07:38.297] [DEBUG] HDS13 - Received disease notification (Influenza): 31
[2018-02-05T23:07:38.363] [DEBUG] HDS13 - Published disease count: {"hds":13,"disease":2,"count":28,"vectorTimestamp":[]}
[2018-02-05T23:07:38.363] [DEBUG] HDS13 - Published disease count: {"hds":13,"disease":1,"count":31,"vectorTimestamp":[]}
[2018-02-05T23:07:38.363] [DEBUG] HDS13 - Published disease count: {"hds":13,"disease":3,"count":40,"vectorTimestamp":[]}
[2018-02-05T23:07:38.397] [DEBUG] HDS13 - Received disease notification (Influenza): 32
[2018-02-05T23:07:38.497] [DEBUG] HDS13 - Received disease notification (Measles): 41
[2018-02-05T23:07:38.563] [DEBUG] HDS13 - Published disease count: {"hds":13,"disease":2,"count":28,"vectorTimestamp":[]}
[2018-02-05T23:07:38.563] [DEBUG] HDS13 - Published disease count: {"hds":13,"disease":1,"count":32,"vectorTimestamp":[]}
[2018-02-05T23:07:38.563] [DEBUG] HDS13 - Published disease count: {"hds":13,"disease":3,"count":41,"vectorTimestamp":[]}
[2018-02-05T23:07:38.598] [DEBUG] HDS13 - Received disease notification (Measles): 42
[2018-02-05T23:07:38.698] [DEBUG] HDS13 - Received disease notification (Influenza): 33
[2018-02-05T23:07:38.763] [DEBUG] HDS13 - Published disease count: {"hds":13,"disease":2,"count":28,"vectorTimestamp":[]}
[2018-02-05T23:07:38.763] [DEBUG] HDS13 - Published disease count: {"hds":13,"disease":1,"count":33,"vectorTimestamp":[]}
[2018-02-05T23:07:38.763] [DEBUG] HDS13 - Published disease count: {"hds":13,"disease":3,"count":42,"vectorTimestamp":[]}
[2018-02-05T23:07:38.798] [DEBUG] HDS13 - Received disease notification (Influenza): 34
[2018-02-05T23:07:38.899] [DEBUG] HDS13 - Received disease notification (Measles): 43
[2018-02-05T23:07:38.964] [DEBUG] HDS13 - Published disease count: {"hds":13,"disease":2,"count":28,"vectorTimestamp":[]}
[2018-02-05T23:07:38.964] [DEBUG] HDS13 - Published disease count: {"hds":13,"disease":1,"count":34,"vectorTimestamp":[]}
[2018-02-05T23:07:38.964] [DEBUG] HDS13 - Published disease count: {"hds":13,"disease":3,"count":43,"vectorTimestamp":[]}
[2018-02-05T23:07:38.999] [DEBUG] HDS13 - Received disease notification (Chicken Pox): 29
[2018-02-05T23:07:39.099] [DEBUG] HDS13 - Received disease notification (Influenza): 35
[2018-02-05T23:07:39.164] [DEBUG] HDS13 - Published disease count: {"hds":13,"disease":2,"count":29,"vectorTimestamp":[]}
[2018-02-05T23:07:39.164] [DEBUG] HDS13 - Published disease count: {"hds":13,"disease":1,"count":35,"vectorTimestamp":[]}
[2018-02-05T23:07:39.164] [DEBUG] HDS13 - Published disease count: {"hds":13,"disease":3,"count":43,"vectorTimestamp":[]}
[2018-02-05T23:07:39.199] [DEBUG] HDS13 - Received disease notification (Influenza): 36
[2018-02-05T23:07:39.300] [DEBUG] HDS13 - Received disease notification (Influenza): 37
[2018-02-05T23:07:39.365] [DEBUG] HDS13 - Published disease count: {"hds":13,"disease":2,"count":29,"vectorTimestamp":[]}
[2018-02-05T23:07:39.365] [DEBUG] HDS13 - Published disease count: {"hds":13,"disease":1,"count":37,"vectorTimestamp":[]}
[2018-02-05T23:07:39.365] [DEBUG] HDS13 - Published disease count: {"hds":13,"disease":3,"count":43,"vectorTimestamp":[]}
[2018-02-05T23:07:39.400] [DEBUG] HDS13 - Received disease notification (Chicken Pox): 30
[2018-02-05T23:07:39.500] [DEBUG] HDS13 - Received disease notification (Chicken Pox): 31
[2018-02-05T23:07:39.565] [DEBUG] HDS13 - Published disease count: {"hds":13,"disease":2,"count":31,"vectorTimestamp":[]}
[2018-02-05T23:07:39.565] [DEBUG] HDS13 - Published disease count: {"hds":13,"disease":1,"count":37,"vectorTimestamp":[]}
[2018-02-05T23:07:39.565] [DEBUG] HDS13 - Published disease count: {"hds":13,"disease":3,"count":43,"vectorTimestamp":[]}
[2018-02-05T23:07:39.600] [DEBUG] HDS13 - Received disease notification (Chicken Pox): 32
[2018-02-05T23:07:39.701] [DEBUG] HDS13 - Received disease notification (Measles): 44
[2018-02-05T23:07:39.766] [DEBUG] HDS13 - Published disease count: {"hds":13,"disease":2,"count":32,"vectorTimestamp":[]}
[2018-02-05T23:07:39.766] [DEBUG] HDS13 - Published disease count: {"hds":13,"disease":1,"count":37,"vectorTimestamp":[]}
[2018-02-05T23:07:39.766] [DEBUG] HDS13 - Published disease count: {"hds":13,"disease":3,"count":44,"vectorTimestamp":[]}
[2018-02-05T23:07:39.801] [DEBUG] HDS13 - Received disease notification (Influenza): 38
[2018-02-05T23:07:39.901] [DEBUG] HDS13 - Received disease notification (Measles): 45
[2018-02-05T23:07:39.966] [DEBUG] HDS13 - Published disease count: {"hds":13,"disease":2,"count":32,"vectorTimestamp":[]}
[2018-02-05T23:07:39.966] [DEBUG] HDS13 - Published disease count: {"hds":13,"disease":1,"count":38,"vectorTimestamp":[]}
[2018-02-05T23:07:39.966] [DEBUG] HDS13 - Published disease count: {"hds":13,"disease":3,"count":45,"vectorTimestamp":[]}
[2018-02-05T23:07:40.001] [DEBUG] HDS13 - Received disease notification (Measles): 46
[2018-02-05T23:07:40.102] [DEBUG] HDS13 - Received disease notification (Influenza): 39
[2018-02-05T23:07:40.167] [DEBUG] HDS13 - Published disease count: {"hds":13,"disease":2,"count":32,"vectorTimestamp":[]}
[2018-02-05T23:07:40.167] [DEBUG] HDS13 - Published disease count: {"hds":13,"disease":1,"count":39,"vectorTimestamp":[]}
[2018-02-05T23:07:40.167] [DEBUG] HDS13 - Published disease count: {"hds":13,"disease":3,"count":46,"vectorTimestamp":[]}
[2018-02-05T23:07:40.202] [DEBUG] HDS13 - Received disease notification (Chicken Pox): 33
[2018-02-05T23:07:40.302] [DEBUG] HDS13 - Received disease notification (Measles): 47
[2018-02-05T23:07:40.367] [DEBUG] HDS13 - Published disease count: {"hds":13,"disease":2,"count":33,"vectorTimestamp":[]}
[2018-02-05T23:07:40.367] [DEBUG] HDS13 - Published disease count: {"hds":13,"disease":1,"count":39,"vectorTimestamp":[]}
[2018-02-05T23:07:40.367] [DEBUG] HDS13 - Published disease count: {"hds":13,"disease":3,"count":47,"vectorTimestamp":[]}
[2018-02-05T23:07:40.405] [DEBUG] HDS13 - Received disease notification (Measles): 48
[2018-02-05T23:07:40.505] [DEBUG] HDS13 - Received disease notification (Chicken Pox): 34
[2018-02-05T23:07:40.568] [DEBUG] HDS13 - Published disease count: {"hds":13,"disease":2,"count":34,"vectorTimestamp":[]}
[2018-02-05T23:07:40.568] [DEBUG] HDS13 - Published disease count: {"hds":13,"disease":1,"count":39,"vectorTimestamp":[]}
[2018-02-05T23:07:40.568] [DEBUG] HDS13 - Published disease count: {"hds":13,"disease":3,"count":48,"vectorTimestamp":[]}
[2018-02-05T23:07:40.605] [DEBUG] HDS13 - Received disease notification (Measles): 49
[2018-02-05T23:07:40.705] [DEBUG] HDS13 - Received disease notification (Measles): 50
[2018-02-05T23:07:40.768] [DEBUG] HDS13 - Published disease count: {"hds":13,"disease":2,"count":34,"vectorTimestamp":[]}
[2018-02-05T23:07:40.768] [DEBUG] HDS13 - Published disease count: {"hds":13,"disease":1,"count":39,"vectorTimestamp":[]}
[2018-02-05T23:07:40.768] [DEBUG] HDS13 - Published disease count: {"hds":13,"disease":3,"count":50,"vectorTimestamp":[]}
[2018-02-05T23:07:40.805] [DEBUG] HDS13 - Received disease notification (Chicken Pox): 35
[2018-02-05T23:07:40.905] [DEBUG] HDS13 - Received disease notification (Chicken Pox): 36
[2018-02-05T23:07:40.969] [DEBUG] HDS13 - Published disease count: {"hds":13,"disease":2,"count":36,"vectorTimestamp":[]}
[2018-02-05T23:07:40.969] [DEBUG] HDS13 - Published disease count: {"hds":13,"disease":1,"count":39,"vectorTimestamp":[]}
[2018-02-05T23:07:40.969] [DEBUG] HDS13 - Published disease count: {"hds":13,"disease":3,"count":50,"vectorTimestamp":[]}
[2018-02-05T23:07:41.005] [DEBUG] HDS13 - Received disease notification (Influenza): 40
[2018-02-05T23:07:41.105] [DEBUG] HDS13 - Received disease notification (Chicken Pox): 37
[2018-02-05T23:07:41.170] [DEBUG] HDS13 - Published disease count: {"hds":13,"disease":2,"count":37,"vectorTimestamp":[]}
[2018-02-05T23:07:41.170] [DEBUG] HDS13 - Published disease count: {"hds":13,"disease":1,"count":40,"vectorTimestamp":[]}
[2018-02-05T23:07:41.170] [DEBUG] HDS13 - Published disease count: {"hds":13,"disease":3,"count":50,"vectorTimestamp":[]}
[2018-02-05T23:07:41.206] [DEBUG] HDS13 - Received disease notification (Influenza): 41
[2018-02-05T23:07:41.306] [DEBUG] HDS13 - Received disease notification (Influenza): 42
[2018-02-05T23:07:41.370] [DEBUG] HDS13 - Published disease count: {"hds":13,"disease":2,"count":37,"vectorTimestamp":[]}
[2018-02-05T23:07:41.370] [DEBUG] HDS13 - Published disease count: {"hds":13,"disease":1,"count":42,"vectorTimestamp":[]}
[2018-02-05T23:07:41.370] [DEBUG] HDS13 - Published disease count: {"hds":13,"disease":3,"count":50,"vectorTimestamp":[]}
[2018-02-05T23:07:41.408] [DEBUG] HDS13 - Received disease notification (Measles): 51
[2018-02-05T23:07:41.512] [DEBUG] HDS13 - Received disease notification (Chicken Pox): 38
[2018-02-05T23:07:41.571] [DEBUG] HDS13 - Published disease count: {"hds":13,"disease":2,"count":38,"vectorTimestamp":[]}
[2018-02-05T23:07:41.571] [DEBUG] HDS13 - Published disease count: {"hds":13,"disease":1,"count":42,"vectorTimestamp":[]}
[2018-02-05T23:07:41.571] [DEBUG] HDS13 - Published disease count: {"hds":13,"disease":3,"count":51,"vectorTimestamp":[]}
[2018-02-05T23:07:41.615] [DEBUG] HDS13 - Received disease notification (Chicken Pox): 39
[2018-02-05T23:07:41.715] [DEBUG] HDS13 - Received disease notification (Chicken Pox): 40
[2018-02-05T23:07:41.771] [DEBUG] HDS13 - Published disease count: {"hds":13,"disease":2,"count":40,"vectorTimestamp":[]}
[2018-02-05T23:07:41.771] [DEBUG] HDS13 - Published disease count: {"hds":13,"disease":1,"count":42,"vectorTimestamp":[]}
[2018-02-05T23:07:41.771] [DEBUG] HDS13 - Published disease count: {"hds":13,"disease":3,"count":51,"vectorTimestamp":[]}
[2018-02-05T23:07:41.816] [DEBUG] HDS13 - Received disease notification (Chicken Pox): 41
[2018-02-05T23:07:41.917] [DEBUG] HDS13 - Received disease notification (Influenza): 43
[2018-02-05T23:07:41.972] [DEBUG] HDS13 - Published disease count: {"hds":13,"disease":2,"count":41,"vectorTimestamp":[]}
[2018-02-05T23:07:41.972] [DEBUG] HDS13 - Published disease count: {"hds":13,"disease":1,"count":43,"vectorTimestamp":[]}
[2018-02-05T23:07:41.972] [DEBUG] HDS13 - Published disease count: {"hds":13,"disease":3,"count":51,"vectorTimestamp":[]}
[2018-02-05T23:07:42.017] [DEBUG] HDS13 - Received disease notification (Influenza): 44
[2018-02-05T23:07:42.117] [DEBUG] HDS13 - Received disease notification (Chicken Pox): 42
[2018-02-05T23:07:42.172] [DEBUG] HDS13 - Published disease count: {"hds":13,"disease":2,"count":42,"vectorTimestamp":[]}
[2018-02-05T23:07:42.172] [DEBUG] HDS13 - Published disease count: {"hds":13,"disease":1,"count":44,"vectorTimestamp":[]}
[2018-02-05T23:07:42.172] [DEBUG] HDS13 - Published disease count: {"hds":13,"disease":3,"count":51,"vectorTimestamp":[]}
[2018-02-05T23:07:42.217] [DEBUG] HDS13 - Received disease notification (Influenza): 45
[2018-02-05T23:07:42.318] [DEBUG] HDS13 - Received disease notification (Measles): 52
[2018-02-05T23:07:42.373] [DEBUG] HDS13 - Published disease count: {"hds":13,"disease":2,"count":42,"vectorTimestamp":[]}
[2018-02-05T23:07:42.373] [DEBUG] HDS13 - Published disease count: {"hds":13,"disease":1,"count":45,"vectorTimestamp":[]}
[2018-02-05T23:07:42.373] [DEBUG] HDS13 - Published disease count: {"hds":13,"disease":3,"count":52,"vectorTimestamp":[]}
[2018-02-05T23:07:42.418] [DEBUG] HDS13 - Received disease notification (Influenza): 46
[2018-02-05T23:07:42.518] [DEBUG] HDS13 - Received disease notification (Influenza): 47
[2018-02-05T23:07:42.573] [DEBUG] HDS13 - Published disease count: {"hds":13,"disease":2,"count":42,"vectorTimestamp":[]}
[2018-02-05T23:07:42.573] [DEBUG] HDS13 - Published disease count: {"hds":13,"disease":1,"count":47,"vectorTimestamp":[]}
[2018-02-05T23:07:42.573] [DEBUG] HDS13 - Published disease count: {"hds":13,"disease":3,"count":52,"vectorTimestamp":[]}
[2018-02-05T23:07:42.618] [DEBUG] HDS13 - Received disease notification (Influenza): 48
[2018-02-05T23:07:42.719] [DEBUG] HDS13 - Received disease notification (Measles): 53
[2018-02-05T23:07:42.774] [DEBUG] HDS13 - Published disease count: {"hds":13,"disease":2,"count":42,"vectorTimestamp":[]}
[2018-02-05T23:07:42.774] [DEBUG] HDS13 - Published disease count: {"hds":13,"disease":1,"count":48,"vectorTimestamp":[]}
[2018-02-05T23:07:42.774] [DEBUG] HDS13 - Published disease count: {"hds":13,"disease":3,"count":53,"vectorTimestamp":[]}
[2018-02-05T23:07:42.819] [DEBUG] HDS13 - Received disease notification (Chicken Pox): 43
[2018-02-05T23:07:42.919] [DEBUG] HDS13 - Received disease notification (Measles): 54
[2018-02-05T23:07:42.974] [DEBUG] HDS13 - Published disease count: {"hds":13,"disease":2,"count":43,"vectorTimestamp":[]}
[2018-02-05T23:07:42.974] [DEBUG] HDS13 - Published disease count: {"hds":13,"disease":1,"count":48,"vectorTimestamp":[]}
[2018-02-05T23:07:42.974] [DEBUG] HDS13 - Published disease count: {"hds":13,"disease":3,"count":54,"vectorTimestamp":[]}
[2018-02-05T23:07:43.019] [DEBUG] HDS13 - Received disease notification (Measles): 55
[2018-02-05T23:07:43.120] [DEBUG] HDS13 - Received disease notification (Chicken Pox): 44
[2018-02-05T23:07:43.175] [DEBUG] HDS13 - Published disease count: {"hds":13,"disease":2,"count":44,"vectorTimestamp":[]}
[2018-02-05T23:07:43.175] [DEBUG] HDS13 - Published disease count: {"hds":13,"disease":1,"count":48,"vectorTimestamp":[]}
[2018-02-05T23:07:43.175] [DEBUG] HDS13 - Published disease count: {"hds":13,"disease":3,"count":55,"vectorTimestamp":[]}
[2018-02-05T23:07:43.220] [DEBUG] HDS13 - Received disease notification (Measles): 56
[2018-02-05T23:07:43.320] [DEBUG] HDS13 - Received disease notification (Influenza): 49
[2018-02-05T23:07:43.375] [DEBUG] HDS13 - Published disease count: {"hds":13,"disease":2,"count":44,"vectorTimestamp":[]}
[2018-02-05T23:07:43.375] [DEBUG] HDS13 - Published disease count: {"hds":13,"disease":1,"count":49,"vectorTimestamp":[]}
[2018-02-05T23:07:43.375] [DEBUG] HDS13 - Published disease count: {"hds":13,"disease":3,"count":56,"vectorTimestamp":[]}
[2018-02-05T23:07:43.421] [DEBUG] HDS13 - Received disease notification (Chicken Pox): 45
[2018-02-05T23:07:43.521] [DEBUG] HDS13 - Received disease notification (Chicken Pox): 46
[2018-02-05T23:07:43.576] [DEBUG] HDS13 - Published disease count: {"hds":13,"disease":2,"count":46,"vectorTimestamp":[]}
[2018-02-05T23:07:43.576] [DEBUG] HDS13 - Published disease count: {"hds":13,"disease":1,"count":49,"vectorTimestamp":[]}
[2018-02-05T23:07:43.576] [DEBUG] HDS13 - Published disease count: {"hds":13,"disease":3,"count":56,"vectorTimestamp":[]}
[2018-02-05T23:07:43.621] [DEBUG] HDS13 - Received disease notification (Measles): 57
[2018-02-05T23:07:43.721] [DEBUG] HDS13 - Received disease notification (Measles): 58
[2018-02-05T23:07:43.776] [DEBUG] HDS13 - Published disease count: {"hds":13,"disease":2,"count":46,"vectorTimestamp":[]}
[2018-02-05T23:07:43.776] [DEBUG] HDS13 - Published disease count: {"hds":13,"disease":1,"count":49,"vectorTimestamp":[]}
[2018-02-05T23:07:43.776] [DEBUG] HDS13 - Published disease count: {"hds":13,"disease":3,"count":58,"vectorTimestamp":[]}
[2018-02-05T23:07:43.822] [DEBUG] HDS13 - Received disease notification (Measles): 59
[2018-02-05T23:07:43.922] [DEBUG] HDS13 - Received disease notification (Influenza): 50
[2018-02-05T23:07:43.977] [DEBUG] HDS13 - Published disease count: {"hds":13,"disease":2,"count":46,"vectorTimestamp":[]}
[2018-02-05T23:07:43.977] [DEBUG] HDS13 - Published disease count: {"hds":13,"disease":1,"count":50,"vectorTimestamp":[]}
[2018-02-05T23:07:43.977] [DEBUG] HDS13 - Published disease count: {"hds":13,"disease":3,"count":59,"vectorTimestamp":[]}
[2018-02-05T23:07:44.022] [DEBUG] HDS13 - Received disease notification (Influenza): 51
[2018-02-05T23:07:44.122] [DEBUG] HDS13 - Received disease notification (Chicken Pox): 47
[2018-02-05T23:07:44.178] [DEBUG] HDS13 - Published disease count: {"hds":13,"disease":2,"count":47,"vectorTimestamp":[]}
[2018-02-05T23:07:44.178] [DEBUG] HDS13 - Published disease count: {"hds":13,"disease":1,"count":51,"vectorTimestamp":[]}
[2018-02-05T23:07:44.178] [DEBUG] HDS13 - Published disease count: {"hds":13,"disease":3,"count":59,"vectorTimestamp":[]}
[2018-02-05T23:07:44.223] [DEBUG] HDS13 - Received disease notification (Chicken Pox): 48
[2018-02-05T23:07:44.323] [DEBUG] HDS13 - Received disease notification (Measles): 60
[2018-02-05T23:07:44.378] [DEBUG] HDS13 - Published disease count: {"hds":13,"disease":2,"count":48,"vectorTimestamp":[]}
[2018-02-05T23:07:44.381] [DEBUG] HDS13 - Published disease count: {"hds":13,"disease":1,"count":51,"vectorTimestamp":[]}
[2018-02-05T23:07:44.381] [DEBUG] HDS13 - Published disease count: {"hds":13,"disease":3,"count":60,"vectorTimestamp":[]}
[2018-02-05T23:07:44.423] [DEBUG] HDS13 - Received disease notification (Influenza): 52
[2018-02-05T23:07:44.523] [DEBUG] HDS13 - Received disease notification (Chicken Pox): 49
[2018-02-05T23:07:44.581] [DEBUG] HDS13 - Published disease count: {"hds":13,"disease":2,"count":49,"vectorTimestamp":[]}
[2018-02-05T23:07:44.581] [DEBUG] HDS13 - Published disease count: {"hds":13,"disease":1,"count":52,"vectorTimestamp":[]}
[2018-02-05T23:07:44.581] [DEBUG] HDS13 - Published disease count: {"hds":13,"disease":3,"count":60,"vectorTimestamp":[]}
[2018-02-05T23:07:44.624] [DEBUG] HDS13 - Received disease notification (Measles): 61
[2018-02-05T23:07:44.724] [DEBUG] HDS13 - Received disease notification (Measles): 62
[2018-02-05T23:07:44.781] [DEBUG] HDS13 - Published disease count: {"hds":13,"disease":2,"count":49,"vectorTimestamp":[]}
[2018-02-05T23:07:44.781] [DEBUG] HDS13 - Published disease count: {"hds":13,"disease":1,"count":52,"vectorTimestamp":[]}
[2018-02-05T23:07:44.781] [DEBUG] HDS13 - Published disease count: {"hds":13,"disease":3,"count":62,"vectorTimestamp":[]}
[2018-02-05T23:07:44.824] [DEBUG] HDS13 - Received disease notification (Measles): 63
[2018-02-05T23:07:44.925] [DEBUG] HDS13 - Received disease notification (Measles): 64
[2018-02-05T23:07:44.981] [DEBUG] HDS13 - Published disease count: {"hds":13,"disease":2,"count":49,"vectorTimestamp":[]}
[2018-02-05T23:07:44.981] [DEBUG] HDS13 - Published disease count: {"hds":13,"disease":1,"count":52,"vectorTimestamp":[]}
[2018-02-05T23:07:44.981] [DEBUG] HDS13 - Published disease count: {"hds":13,"disease":3,"count":64,"vectorTimestamp":[]}
[2018-02-05T23:07:45.025] [DEBUG] HDS13 - Received disease notification (Measles): 65
[2018-02-05T23:07:45.125] [DEBUG] HDS13 - Received disease notification (Measles): 66
[2018-02-05T23:07:45.181] [DEBUG] HDS13 - Published disease count: {"hds":13,"disease":2,"count":49,"vectorTimestamp":[]}
[2018-02-05T23:07:45.181] [DEBUG] HDS13 - Published disease count: {"hds":13,"disease":1,"count":52,"vectorTimestamp":[]}
[2018-02-05T23:07:45.181] [DEBUG] HDS13 - Published disease count: {"hds":13,"disease":3,"count":66,"vectorTimestamp":[]}
[2018-02-05T23:07:45.225] [DEBUG] HDS13 - Received disease notification (Influenza): 53
[2018-02-05T23:07:45.326] [DEBUG] HDS13 - Received disease notification (Chicken Pox): 50
[2018-02-05T23:07:45.382] [DEBUG] HDS13 - Published disease count: {"hds":13,"disease":2,"count":50,"vectorTimestamp":[]}
[2018-02-05T23:07:45.382] [DEBUG] HDS13 - Published disease count: {"hds":13,"disease":1,"count":53,"vectorTimestamp":[]}
[2018-02-05T23:07:45.382] [DEBUG] HDS13 - Published disease count: {"hds":13,"disease":3,"count":66,"vectorTimestamp":[]}
[2018-02-05T23:07:45.426] [DEBUG] HDS13 - Received disease notification (Influenza): 54
[2018-02-05T23:07:45.526] [DEBUG] HDS13 - Received disease notification (Measles): 67
[2018-02-05T23:07:45.582] [DEBUG] HDS13 - Published disease count: {"hds":13,"disease":2,"count":50,"vectorTimestamp":[]}
[2018-02-05T23:07:45.582] [DEBUG] HDS13 - Published disease count: {"hds":13,"disease":1,"count":54,"vectorTimestamp":[]}
[2018-02-05T23:07:45.582] [DEBUG] HDS13 - Published disease count: {"hds":13,"disease":3,"count":67,"vectorTimestamp":[]}
[2018-02-05T23:07:45.626] [DEBUG] HDS13 - Received disease notification (Influenza): 55
[2018-02-05T23:07:45.727] [DEBUG] HDS13 - Received disease notification (Influenza): 56
[2018-02-05T23:07:45.783] [DEBUG] HDS13 - Published disease count: {"hds":13,"disease":2,"count":50,"vectorTimestamp":[]}
[2018-02-05T23:07:45.783] [DEBUG] HDS13 - Published disease count: {"hds":13,"disease":1,"count":56,"vectorTimestamp":[]}
[2018-02-05T23:07:45.783] [DEBUG] HDS13 - Published disease count: {"hds":13,"disease":3,"count":67,"vectorTimestamp":[]}
[2018-02-05T23:07:45.827] [DEBUG] HDS13 - Received disease notification (Measles): 68
[2018-02-05T23:07:45.927] [DEBUG] HDS13 - Received disease notification (Chicken Pox): 51
[2018-02-05T23:07:45.983] [DEBUG] HDS13 - Published disease count: {"hds":13,"disease":2,"count":51,"vectorTimestamp":[]}
[2018-02-05T23:07:45.983] [DEBUG] HDS13 - Published disease count: {"hds":13,"disease":1,"count":56,"vectorTimestamp":[]}
[2018-02-05T23:07:45.983] [DEBUG] HDS13 - Published disease count: {"hds":13,"disease":3,"count":68,"vectorTimestamp":[]}
[2018-02-05T23:07:46.027] [DEBUG] HDS13 - Received disease notification (Chicken Pox): 52
[2018-02-05T23:07:46.128] [DEBUG] HDS13 - Received disease notification (Measles): 69
[2018-02-05T23:07:46.184] [DEBUG] HDS13 - Published disease count: {"hds":13,"disease":2,"count":52,"vectorTimestamp":[]}
[2018-02-05T23:07:46.184] [DEBUG] HDS13 - Published disease count: {"hds":13,"disease":1,"count":56,"vectorTimestamp":[]}
[2018-02-05T23:07:46.184] [DEBUG] HDS13 - Published disease count: {"hds":13,"disease":3,"count":69,"vectorTimestamp":[]}
[2018-02-05T23:07:46.228] [DEBUG] HDS13 - Received disease notification (Measles): 70
[2018-02-05T23:07:46.328] [DEBUG] HDS13 - Received disease notification (Measles): 71
[2018-02-05T23:07:46.384] [DEBUG] HDS13 - Published disease count: {"hds":13,"disease":2,"count":52,"vectorTimestamp":[]}
[2018-02-05T23:07:46.384] [DEBUG] HDS13 - Published disease count: {"hds":13,"disease":1,"count":56,"vectorTimestamp":[]}
[2018-02-05T23:07:46.384] [DEBUG] HDS13 - Published disease count: {"hds":13,"disease":3,"count":71,"vectorTimestamp":[]}
[2018-02-05T23:07:46.429] [DEBUG] HDS13 - Received disease notification (Measles): 72
[2018-02-05T23:07:46.529] [DEBUG] HDS13 - Received disease notification (Chicken Pox): 53
[2018-02-05T23:07:46.585] [DEBUG] HDS13 - Published disease count: {"hds":13,"disease":2,"count":53,"vectorTimestamp":[]}
[2018-02-05T23:07:46.585] [DEBUG] HDS13 - Published disease count: {"hds":13,"disease":1,"count":56,"vectorTimestamp":[]}
[2018-02-05T23:07:46.585] [DEBUG] HDS13 - Published disease count: {"hds":13,"disease":3,"count":72,"vectorTimestamp":[]}
[2018-02-05T23:07:46.629] [DEBUG] HDS13 - Received disease notification (Chicken Pox): 54
[2018-02-05T23:07:46.729] [DEBUG] HDS13 - Received disease notification (Chicken Pox): 55
[2018-02-05T23:07:46.785] [DEBUG] HDS13 - Published disease count: {"hds":13,"disease":2,"count":55,"vectorTimestamp":[]}
[2018-02-05T23:07:46.785] [DEBUG] HDS13 - Published disease count: {"hds":13,"disease":1,"count":56,"vectorTimestamp":[]}
[2018-02-05T23:07:46.785] [DEBUG] HDS13 - Published disease count: {"hds":13,"disease":3,"count":72,"vectorTimestamp":[]}
[2018-02-05T23:07:46.830] [DEBUG] HDS13 - Received disease notification (Influenza): 57
[2018-02-05T23:07:46.933] [DEBUG] HDS13 - Received disease notification (Chicken Pox): 56
[2018-02-05T23:07:46.986] [DEBUG] HDS13 - Published disease count: {"hds":13,"disease":2,"count":56,"vectorTimestamp":[]}
[2018-02-05T23:07:46.986] [DEBUG] HDS13 - Published disease count: {"hds":13,"disease":1,"count":57,"vectorTimestamp":[]}
[2018-02-05T23:07:46.987] [DEBUG] HDS13 - Published disease count: {"hds":13,"disease":3,"count":72,"vectorTimestamp":[]}
[2018-02-05T23:07:47.030] [DEBUG] HDS13 - Received disease notification (Influenza): 58
[2018-02-05T23:07:47.130] [DEBUG] HDS13 - Received disease notification (Measles): 73
[2018-02-05T23:07:47.187] [DEBUG] HDS13 - Published disease count: {"hds":13,"disease":2,"count":56,"vectorTimestamp":[]}
[2018-02-05T23:07:47.187] [DEBUG] HDS13 - Published disease count: {"hds":13,"disease":1,"count":58,"vectorTimestamp":[]}
[2018-02-05T23:07:47.187] [DEBUG] HDS13 - Published disease count: {"hds":13,"disease":3,"count":73,"vectorTimestamp":[]}
[2018-02-05T23:07:47.231] [DEBUG] HDS13 - Received disease notification (Measles): 74
[2018-02-05T23:07:47.331] [DEBUG] HDS13 - Received disease notification (Measles): 75
[2018-02-05T23:07:47.387] [DEBUG] HDS13 - Published disease count: {"hds":13,"disease":2,"count":56,"vectorTimestamp":[]}
[2018-02-05T23:07:47.387] [DEBUG] HDS13 - Published disease count: {"hds":13,"disease":1,"count":58,"vectorTimestamp":[]}
[2018-02-05T23:07:47.387] [DEBUG] HDS13 - Published disease count: {"hds":13,"disease":3,"count":75,"vectorTimestamp":[]}
[2018-02-05T23:07:47.431] [DEBUG] HDS13 - Received disease notification (Influenza): 59
[2018-02-05T23:07:47.531] [DEBUG] HDS13 - Received disease notification (Influenza): 60
[2018-02-05T23:07:47.587] [DEBUG] HDS13 - Published disease count: {"hds":13,"disease":2,"count":56,"vectorTimestamp":[]}
[2018-02-05T23:07:47.587] [DEBUG] HDS13 - Published disease count: {"hds":13,"disease":1,"count":60,"vectorTimestamp":[]}
[2018-02-05T23:07:47.587] [DEBUG] HDS13 - Published disease count: {"hds":13,"disease":3,"count":75,"vectorTimestamp":[]}
[2018-02-05T23:07:47.632] [DEBUG] HDS13 - Received disease notification (Measles): 76
[2018-02-05T23:07:47.732] [DEBUG] HDS13 - Received disease notification (Measles): 77
[2018-02-05T23:07:47.787] [DEBUG] HDS13 - Published disease count: {"hds":13,"disease":2,"count":56,"vectorTimestamp":[]}
[2018-02-05T23:07:47.787] [DEBUG] HDS13 - Published disease count: {"hds":13,"disease":1,"count":60,"vectorTimestamp":[]}
[2018-02-05T23:07:47.787] [DEBUG] HDS13 - Published disease count: {"hds":13,"disease":3,"count":77,"vectorTimestamp":[]}
[2018-02-05T23:07:47.832] [DEBUG] HDS13 - Received disease notification (Influenza): 61
[2018-02-05T23:07:47.933] [DEBUG] HDS13 - Received disease notification (Chicken Pox): 57
[2018-02-05T23:07:47.987] [DEBUG] HDS13 - Published disease count: {"hds":13,"disease":2,"count":57,"vectorTimestamp":[]}
[2018-02-05T23:07:47.987] [DEBUG] HDS13 - Published disease count: {"hds":13,"disease":1,"count":61,"vectorTimestamp":[]}
[2018-02-05T23:07:47.987] [DEBUG] HDS13 - Published disease count: {"hds":13,"disease":3,"count":77,"vectorTimestamp":[]}
[2018-02-05T23:07:48.033] [DEBUG] HDS13 - Received disease notification (Influenza): 62
[2018-02-05T23:07:48.133] [DEBUG] HDS13 - Received disease notification (Influenza): 63
[2018-02-05T23:07:48.187] [DEBUG] HDS13 - Published disease count: {"hds":13,"disease":2,"count":57,"vectorTimestamp":[]}
[2018-02-05T23:07:48.187] [DEBUG] HDS13 - Published disease count: {"hds":13,"disease":1,"count":63,"vectorTimestamp":[]}
[2018-02-05T23:07:48.187] [DEBUG] HDS13 - Published disease count: {"hds":13,"disease":3,"count":77,"vectorTimestamp":[]}
[2018-02-05T23:07:48.233] [DEBUG] HDS13 - Received disease notification (Measles): 78
[2018-02-05T23:07:48.334] [DEBUG] HDS13 - Received disease notification (Influenza): 64
[2018-02-05T23:07:48.388] [DEBUG] HDS13 - Published disease count: {"hds":13,"disease":2,"count":57,"vectorTimestamp":[]}
[2018-02-05T23:07:48.388] [DEBUG] HDS13 - Published disease count: {"hds":13,"disease":1,"count":64,"vectorTimestamp":[]}
[2018-02-05T23:07:48.388] [DEBUG] HDS13 - Published disease count: {"hds":13,"disease":3,"count":78,"vectorTimestamp":[]}
[2018-02-05T23:07:48.434] [DEBUG] HDS13 - Received disease notification (Measles): 79
[2018-02-05T23:07:48.534] [DEBUG] HDS13 - Received disease notification (Chicken Pox): 58
[2018-02-05T23:07:48.588] [DEBUG] HDS13 - Published disease count: {"hds":13,"disease":2,"count":58,"vectorTimestamp":[]}
[2018-02-05T23:07:48.588] [DEBUG] HDS13 - Published disease count: {"hds":13,"disease":1,"count":64,"vectorTimestamp":[]}
[2018-02-05T23:07:48.588] [DEBUG] HDS13 - Published disease count: {"hds":13,"disease":3,"count":79,"vectorTimestamp":[]}
[2018-02-05T23:07:48.634] [DEBUG] HDS13 - Received disease notification (Chicken Pox): 59
[2018-02-05T23:07:48.735] [DEBUG] HDS13 - Received disease notification (Measles): 80
[2018-02-05T23:07:48.789] [DEBUG] HDS13 - Published disease count: {"hds":13,"disease":2,"count":59,"vectorTimestamp":[]}
[2018-02-05T23:07:48.789] [DEBUG] HDS13 - Published disease count: {"hds":13,"disease":1,"count":64,"vectorTimestamp":[]}
[2018-02-05T23:07:48.789] [DEBUG] HDS13 - Published disease count: {"hds":13,"disease":3,"count":80,"vectorTimestamp":[]}
[2018-02-05T23:07:48.835] [DEBUG] HDS13 - Received disease notification (Measles): 81
[2018-02-05T23:07:48.935] [DEBUG] HDS13 - Received disease notification (Measles): 82
[2018-02-05T23:07:48.989] [DEBUG] HDS13 - Published disease count: {"hds":13,"disease":2,"count":59,"vectorTimestamp":[]}
[2018-02-05T23:07:48.989] [DEBUG] HDS13 - Published disease count: {"hds":13,"disease":1,"count":64,"vectorTimestamp":[]}
[2018-02-05T23:07:48.989] [DEBUG] HDS13 - Published disease count: {"hds":13,"disease":3,"count":82,"vectorTimestamp":[]}
[2018-02-05T23:07:49.035] [DEBUG] HDS13 - Received disease notification (Influenza): 65
[2018-02-05T23:07:49.136] [DEBUG] HDS13 - Received disease notification (Chicken Pox): 60
[2018-02-05T23:07:49.190] [DEBUG] HDS13 - Published disease count: {"hds":13,"disease":2,"count":60,"vectorTimestamp":[]}
[2018-02-05T23:07:49.190] [DEBUG] HDS13 - Published disease count: {"hds":13,"disease":1,"count":65,"vectorTimestamp":[]}
[2018-02-05T23:07:49.190] [DEBUG] HDS13 - Published disease count: {"hds":13,"disease":3,"count":82,"vectorTimestamp":[]}
[2018-02-05T23:07:49.236] [DEBUG] HDS13 - Received disease notification (Measles): 83
[2018-02-05T23:07:49.336] [DEBUG] HDS13 - Received disease notification (Influenza): 66
[2018-02-05T23:07:49.390] [DEBUG] HDS13 - Published disease count: {"hds":13,"disease":2,"count":60,"vectorTimestamp":[]}
[2018-02-05T23:07:49.390] [DEBUG] HDS13 - Published disease count: {"hds":13,"disease":1,"count":66,"vectorTimestamp":[]}
[2018-02-05T23:07:49.390] [DEBUG] HDS13 - Published disease count: {"hds":13,"disease":3,"count":83,"vectorTimestamp":[]}
[2018-02-05T23:07:49.437] [DEBUG] HDS13 - Received disease notification (Chicken Pox): 61
[2018-02-05T23:07:49.537] [DEBUG] HDS13 - Received disease notification (Influenza): 67
[2018-02-05T23:07:49.591] [DEBUG] HDS13 - Published disease count: {"hds":13,"disease":2,"count":61,"vectorTimestamp":[]}
[2018-02-05T23:07:49.591] [DEBUG] HDS13 - Published disease count: {"hds":13,"disease":1,"count":67,"vectorTimestamp":[]}
[2018-02-05T23:07:49.591] [DEBUG] HDS13 - Published disease count: {"hds":13,"disease":3,"count":83,"vectorTimestamp":[]}
[2018-02-05T23:07:49.637] [DEBUG] HDS13 - Received disease notification (Measles): 84
[2018-02-05T23:07:49.737] [DEBUG] HDS13 - Received disease notification (Influenza): 68
[2018-02-05T23:07:49.791] [DEBUG] HDS13 - Published disease count: {"hds":13,"disease":2,"count":61,"vectorTimestamp":[]}
[2018-02-05T23:07:49.791] [DEBUG] HDS13 - Published disease count: {"hds":13,"disease":1,"count":68,"vectorTimestamp":[]}
[2018-02-05T23:07:49.791] [DEBUG] HDS13 - Published disease count: {"hds":13,"disease":3,"count":84,"vectorTimestamp":[]}
[2018-02-05T23:07:49.838] [DEBUG] HDS13 - Received disease notification (Chicken Pox): 62
[2018-02-05T23:07:49.938] [DEBUG] HDS13 - Received disease notification (Chicken Pox): 63
[2018-02-05T23:07:49.992] [DEBUG] HDS13 - Published disease count: {"hds":13,"disease":2,"count":63,"vectorTimestamp":[]}
[2018-02-05T23:07:49.992] [DEBUG] HDS13 - Published disease count: {"hds":13,"disease":1,"count":68,"vectorTimestamp":[]}
[2018-02-05T23:07:49.992] [DEBUG] HDS13 - Published disease count: {"hds":13,"disease":3,"count":84,"vectorTimestamp":[]}
[2018-02-05T23:07:50.038] [DEBUG] HDS13 - Received disease notification (Influenza): 69
[2018-02-05T23:07:50.138] [DEBUG] HDS13 - Received disease notification (Measles): 85
[2018-02-05T23:07:50.193] [DEBUG] HDS13 - Published disease count: {"hds":13,"disease":2,"count":63,"vectorTimestamp":[]}
[2018-02-05T23:07:50.193] [DEBUG] HDS13 - Published disease count: {"hds":13,"disease":1,"count":69,"vectorTimestamp":[]}
[2018-02-05T23:07:50.193] [DEBUG] HDS13 - Published disease count: {"hds":13,"disease":3,"count":85,"vectorTimestamp":[]}
[2018-02-05T23:07:50.238] [DEBUG] HDS13 - Received disease notification (Influenza): 70
[2018-02-05T23:07:50.338] [DEBUG] HDS13 - Received disease notification (Influenza): 71
[2018-02-05T23:07:50.393] [DEBUG] HDS13 - Published disease count: {"hds":13,"disease":2,"count":63,"vectorTimestamp":[]}
[2018-02-05T23:07:50.393] [DEBUG] HDS13 - Published disease count: {"hds":13,"disease":1,"count":71,"vectorTimestamp":[]}
[2018-02-05T23:07:50.393] [DEBUG] HDS13 - Published disease count: {"hds":13,"disease":3,"count":85,"vectorTimestamp":[]}
[2018-02-05T23:07:50.438] [DEBUG] HDS13 - Received disease notification (Influenza): 72
[2018-02-05T23:07:50.538] [DEBUG] HDS13 - Received disease notification (Chicken Pox): 64
[2018-02-05T23:07:50.593] [DEBUG] HDS13 - Published disease count: {"hds":13,"disease":2,"count":64,"vectorTimestamp":[]}
[2018-02-05T23:07:50.593] [DEBUG] HDS13 - Published disease count: {"hds":13,"disease":1,"count":72,"vectorTimestamp":[]}
[2018-02-05T23:07:50.593] [DEBUG] HDS13 - Published disease count: {"hds":13,"disease":3,"count":85,"vectorTimestamp":[]}
[2018-02-05T23:07:50.639] [DEBUG] HDS13 - Received disease notification (Influenza): 73
[2018-02-05T23:07:50.739] [DEBUG] HDS13 - Received disease notification (Chicken Pox): 65
[2018-02-05T23:07:50.793] [DEBUG] HDS13 - Published disease count: {"hds":13,"disease":2,"count":65,"vectorTimestamp":[]}
[2018-02-05T23:07:50.793] [DEBUG] HDS13 - Published disease count: {"hds":13,"disease":1,"count":73,"vectorTimestamp":[]}
[2018-02-05T23:07:50.793] [DEBUG] HDS13 - Published disease count: {"hds":13,"disease":3,"count":85,"vectorTimestamp":[]}
[2018-02-05T23:07:50.839] [DEBUG] HDS13 - Received disease notification (Chicken Pox): 66
[2018-02-05T23:07:50.940] [DEBUG] HDS13 - Received disease notification (Measles): 86
[2018-02-05T23:07:50.994] [DEBUG] HDS13 - Published disease count: {"hds":13,"disease":2,"count":66,"vectorTimestamp":[]}
[2018-02-05T23:07:50.994] [DEBUG] HDS13 - Published disease count: {"hds":13,"disease":1,"count":73,"vectorTimestamp":[]}
[2018-02-05T23:07:50.994] [DEBUG] HDS13 - Published disease count: {"hds":13,"disease":3,"count":86,"vectorTimestamp":[]}
[2018-02-05T23:07:51.040] [DEBUG] HDS13 - Received disease notification (Influenza): 74
[2018-02-05T23:07:51.140] [DEBUG] HDS13 - Received disease notification (Measles): 87
[2018-02-05T23:07:51.194] [DEBUG] HDS13 - Published disease count: {"hds":13,"disease":2,"count":66,"vectorTimestamp":[]}
[2018-02-05T23:07:51.194] [DEBUG] HDS13 - Published disease count: {"hds":13,"disease":1,"count":74,"vectorTimestamp":[]}
[2018-02-05T23:07:51.194] [DEBUG] HDS13 - Published disease count: {"hds":13,"disease":3,"count":87,"vectorTimestamp":[]}
[2018-02-05T23:07:51.240] [DEBUG] HDS13 - Received disease notification (Influenza): 75
[2018-02-05T23:07:51.341] [DEBUG] HDS13 - Received disease notification (Influenza): 76
[2018-02-05T23:07:51.394] [DEBUG] HDS13 - Published disease count: {"hds":13,"disease":2,"count":66,"vectorTimestamp":[]}
[2018-02-05T23:07:51.394] [DEBUG] HDS13 - Published disease count: {"hds":13,"disease":1,"count":76,"vectorTimestamp":[]}
[2018-02-05T23:07:51.394] [DEBUG] HDS13 - Published disease count: {"hds":13,"disease":3,"count":87,"vectorTimestamp":[]}
[2018-02-05T23:07:51.441] [DEBUG] HDS13 - Received disease notification (Measles): 88
[2018-02-05T23:07:51.541] [DEBUG] HDS13 - Received disease notification (Chicken Pox): 67
[2018-02-05T23:07:51.594] [DEBUG] HDS13 - Published disease count: {"hds":13,"disease":2,"count":67,"vectorTimestamp":[]}
[2018-02-05T23:07:51.594] [DEBUG] HDS13 - Published disease count: {"hds":13,"disease":1,"count":76,"vectorTimestamp":[]}
[2018-02-05T23:07:51.594] [DEBUG] HDS13 - Published disease count: {"hds":13,"disease":3,"count":88,"vectorTimestamp":[]}
[2018-02-05T23:07:51.641] [DEBUG] HDS13 - Received disease notification (Measles): 89
[2018-02-05T23:07:51.742] [DEBUG] HDS13 - Received disease notification (Influenza): 77
[2018-02-05T23:07:51.795] [DEBUG] HDS13 - Published disease count: {"hds":13,"disease":2,"count":67,"vectorTimestamp":[]}
[2018-02-05T23:07:51.795] [DEBUG] HDS13 - Published disease count: {"hds":13,"disease":1,"count":77,"vectorTimestamp":[]}
[2018-02-05T23:07:51.795] [DEBUG] HDS13 - Published disease count: {"hds":13,"disease":3,"count":89,"vectorTimestamp":[]}
[2018-02-05T23:07:51.842] [DEBUG] HDS13 - Received disease notification (Chicken Pox): 68
[2018-02-05T23:07:51.945] [DEBUG] HDS13 - Received disease notification (Measles): 90
[2018-02-05T23:07:51.995] [DEBUG] HDS13 - Published disease count: {"hds":13,"disease":2,"count":68,"vectorTimestamp":[]}
[2018-02-05T23:07:51.995] [DEBUG] HDS13 - Published disease count: {"hds":13,"disease":1,"count":77,"vectorTimestamp":[]}
[2018-02-05T23:07:51.995] [DEBUG] HDS13 - Published disease count: {"hds":13,"disease":3,"count":90,"vectorTimestamp":[]}
[2018-02-05T23:07:52.042] [DEBUG] HDS13 - Received disease notification (Influenza): 78
[2018-02-05T23:07:52.143] [DEBUG] HDS13 - Received disease notification (Measles): 91
[2018-02-05T23:07:52.199] [DEBUG] HDS13 - Published disease count: {"hds":13,"disease":2,"count":68,"vectorTimestamp":[]}
[2018-02-05T23:07:52.201] [DEBUG] HDS13 - Published disease count: {"hds":13,"disease":1,"count":78,"vectorTimestamp":[]}
[2018-02-05T23:07:52.201] [DEBUG] HDS13 - Published disease count: {"hds":13,"disease":3,"count":91,"vectorTimestamp":[]}
[2018-02-05T23:07:52.243] [DEBUG] HDS13 - Received disease notification (Influenza): 79
[2018-02-05T23:07:52.343] [DEBUG] HDS13 - Received disease notification (Chicken Pox): 69
[2018-02-05T23:07:52.402] [DEBUG] HDS13 - Published disease count: {"hds":13,"disease":2,"count":69,"vectorTimestamp":[]}
[2018-02-05T23:07:52.402] [DEBUG] HDS13 - Published disease count: {"hds":13,"disease":1,"count":79,"vectorTimestamp":[]}
[2018-02-05T23:07:52.402] [DEBUG] HDS13 - Published disease count: {"hds":13,"disease":3,"count":91,"vectorTimestamp":[]}
[2018-02-05T23:07:52.445] [DEBUG] HDS13 - Received disease notification (Influenza): 80
[2018-02-05T23:07:52.545] [DEBUG] HDS13 - Received disease notification (Chicken Pox): 70
[2018-02-05T23:07:52.603] [DEBUG] HDS13 - Published disease count: {"hds":13,"disease":2,"count":70,"vectorTimestamp":[]}
[2018-02-05T23:07:52.603] [DEBUG] HDS13 - Published disease count: {"hds":13,"disease":1,"count":80,"vectorTimestamp":[]}
[2018-02-05T23:07:52.603] [DEBUG] HDS13 - Published disease count: {"hds":13,"disease":3,"count":91,"vectorTimestamp":[]}
[2018-02-05T23:07:52.645] [DEBUG] HDS13 - Received disease notification (Chicken Pox): 71
[2018-02-05T23:07:52.745] [DEBUG] HDS13 - Received disease notification (Measles): 92
[2018-02-05T23:07:52.803] [DEBUG] HDS13 - Published disease count: {"hds":13,"disease":2,"count":71,"vectorTimestamp":[]}
[2018-02-05T23:07:52.803] [DEBUG] HDS13 - Published disease count: {"hds":13,"disease":1,"count":80,"vectorTimestamp":[]}
[2018-02-05T23:07:52.803] [DEBUG] HDS13 - Published disease count: {"hds":13,"disease":3,"count":92,"vectorTimestamp":[]}
[2018-02-05T23:07:52.846] [DEBUG] HDS13 - Received disease notification (Measles): 93
[2018-02-05T23:07:52.946] [DEBUG] HDS13 - Received disease notification (Chicken Pox): 72
[2018-02-05T23:07:53.004] [DEBUG] HDS13 - Published disease count: {"hds":13,"disease":2,"count":72,"vectorTimestamp":[]}
[2018-02-05T23:07:53.004] [DEBUG] HDS13 - Published disease count: {"hds":13,"disease":1,"count":80,"vectorTimestamp":[]}
[2018-02-05T23:07:53.004] [DEBUG] HDS13 - Published disease count: {"hds":13,"disease":3,"count":93,"vectorTimestamp":[]}
[2018-02-05T23:07:53.046] [DEBUG] HDS13 - Received disease notification (Influenza): 81
[2018-02-05T23:07:53.146] [DEBUG] HDS13 - Received disease notification (Chicken Pox): 73
[2018-02-05T23:07:53.204] [DEBUG] HDS13 - Published disease count: {"hds":13,"disease":2,"count":73,"vectorTimestamp":[]}
[2018-02-05T23:07:53.204] [DEBUG] HDS13 - Published disease count: {"hds":13,"disease":1,"count":81,"vectorTimestamp":[]}
[2018-02-05T23:07:53.204] [DEBUG] HDS13 - Published disease count: {"hds":13,"disease":3,"count":93,"vectorTimestamp":[]}
[2018-02-05T23:07:53.247] [DEBUG] HDS13 - Received disease notification (Influenza): 82
[2018-02-05T23:07:53.347] [DEBUG] HDS13 - Received disease notification (Influenza): 83
[2018-02-05T23:07:53.404] [DEBUG] HDS13 - Published disease count: {"hds":13,"disease":2,"count":73,"vectorTimestamp":[]}
[2018-02-05T23:07:53.404] [DEBUG] HDS13 - Published disease count: {"hds":13,"disease":1,"count":83,"vectorTimestamp":[]}
[2018-02-05T23:07:53.404] [DEBUG] HDS13 - Published disease count: {"hds":13,"disease":3,"count":93,"vectorTimestamp":[]}
[2018-02-05T23:07:53.447] [DEBUG] HDS13 - Received disease notification (Chicken Pox): 74
[2018-02-05T23:07:53.547] [DEBUG] HDS13 - Received disease notification (Influenza): 84
[2018-02-05T23:07:53.605] [DEBUG] HDS13 - Published disease count: {"hds":13,"disease":2,"count":74,"vectorTimestamp":[]}
[2018-02-05T23:07:53.605] [DEBUG] HDS13 - Published disease count: {"hds":13,"disease":1,"count":84,"vectorTimestamp":[]}
[2018-02-05T23:07:53.605] [DEBUG] HDS13 - Published disease count: {"hds":13,"disease":3,"count":93,"vectorTimestamp":[]}
[2018-02-05T23:07:53.648] [DEBUG] HDS13 - Received disease notification (Measles): 94
[2018-02-05T23:07:53.748] [DEBUG] HDS13 - Received disease notification (Measles): 95
[2018-02-05T23:07:53.805] [DEBUG] HDS13 - Published disease count: {"hds":13,"disease":2,"count":74,"vectorTimestamp":[]}
[2018-02-05T23:07:53.805] [DEBUG] HDS13 - Published disease count: {"hds":13,"disease":1,"count":84,"vectorTimestamp":[]}
[2018-02-05T23:07:53.805] [DEBUG] HDS13 - Published disease count: {"hds":13,"disease":3,"count":95,"vectorTimestamp":[]}
[2018-02-05T23:07:53.848] [DEBUG] HDS13 - Received disease notification (Measles): 96
[2018-02-05T23:07:53.949] [DEBUG] HDS13 - Received disease notification (Chicken Pox): 75
[2018-02-05T23:07:54.005] [DEBUG] HDS13 - Published disease count: {"hds":13,"disease":2,"count":75,"vectorTimestamp":[]}
[2018-02-05T23:07:54.005] [DEBUG] HDS13 - Published disease count: {"hds":13,"disease":1,"count":84,"vectorTimestamp":[]}
[2018-02-05T23:07:54.005] [DEBUG] HDS13 - Published disease count: {"hds":13,"disease":3,"count":96,"vectorTimestamp":[]}
[2018-02-05T23:07:54.049] [DEBUG] HDS13 - Received disease notification (Influenza): 85
[2018-02-05T23:07:54.149] [DEBUG] HDS13 - Received disease notification (Influenza): 86
[2018-02-05T23:07:54.205] [DEBUG] HDS13 - Published disease count: {"hds":13,"disease":2,"count":75,"vectorTimestamp":[]}
[2018-02-05T23:07:54.205] [DEBUG] HDS13 - Published disease count: {"hds":13,"disease":1,"count":86,"vectorTimestamp":[]}
[2018-02-05T23:07:54.205] [DEBUG] HDS13 - Published disease count: {"hds":13,"disease":3,"count":96,"vectorTimestamp":[]}
[2018-02-05T23:07:54.249] [DEBUG] HDS13 - Received disease notification (Measles): 97
[2018-02-05T23:07:54.350] [DEBUG] HDS13 - Received disease notification (Chicken Pox): 76
[2018-02-05T23:07:54.406] [DEBUG] HDS13 - Published disease count: {"hds":13,"disease":2,"count":76,"vectorTimestamp":[]}
[2018-02-05T23:07:54.406] [DEBUG] HDS13 - Published disease count: {"hds":13,"disease":1,"count":86,"vectorTimestamp":[]}
[2018-02-05T23:07:54.406] [DEBUG] HDS13 - Published disease count: {"hds":13,"disease":3,"count":97,"vectorTimestamp":[]}
[2018-02-05T23:07:54.450] [DEBUG] HDS13 - Received disease notification (Measles): 98
[2018-02-05T23:07:54.550] [DEBUG] HDS13 - Received disease notification (Chicken Pox): 77
[2018-02-05T23:07:54.606] [DEBUG] HDS13 - Published disease count: {"hds":13,"disease":2,"count":77,"vectorTimestamp":[]}
[2018-02-05T23:07:54.606] [DEBUG] HDS13 - Published disease count: {"hds":13,"disease":1,"count":86,"vectorTimestamp":[]}
[2018-02-05T23:07:54.606] [DEBUG] HDS13 - Published disease count: {"hds":13,"disease":3,"count":98,"vectorTimestamp":[]}
[2018-02-05T23:07:54.654] [DEBUG] HDS13 - Received disease notification (Influenza): 87
[2018-02-05T23:07:54.755] [DEBUG] HDS13 - Received disease notification (Measles): 99
[2018-02-05T23:07:54.807] [DEBUG] HDS13 - Published disease count: {"hds":13,"disease":2,"count":77,"vectorTimestamp":[]}
[2018-02-05T23:07:54.807] [DEBUG] HDS13 - Published disease count: {"hds":13,"disease":1,"count":87,"vectorTimestamp":[]}
[2018-02-05T23:07:54.807] [DEBUG] HDS13 - Published disease count: {"hds":13,"disease":3,"count":99,"vectorTimestamp":[]}
[2018-02-05T23:07:54.855] [DEBUG] HDS13 - Received disease notification (Chicken Pox): 78
[2018-02-05T23:07:54.955] [DEBUG] HDS13 - Received disease notification (Chicken Pox): 79
[2018-02-05T23:07:55.008] [DEBUG] HDS13 - Published disease count: {"hds":13,"disease":2,"count":79,"vectorTimestamp":[]}
[2018-02-05T23:07:55.008] [DEBUG] HDS13 - Published disease count: {"hds":13,"disease":1,"count":87,"vectorTimestamp":[]}
[2018-02-05T23:07:55.008] [DEBUG] HDS13 - Published disease count: {"hds":13,"disease":3,"count":99,"vectorTimestamp":[]}
[2018-02-05T23:07:55.056] [DEBUG] HDS13 - Received disease notification (Influenza): 88
[2018-02-05T23:07:55.157] [DEBUG] HDS13 - Received disease notification (Influenza): 89
[2018-02-05T23:07:55.209] [DEBUG] HDS13 - Published disease count: {"hds":13,"disease":2,"count":79,"vectorTimestamp":[]}
[2018-02-05T23:07:55.209] [DEBUG] HDS13 - Published disease count: {"hds":13,"disease":1,"count":89,"vectorTimestamp":[]}
[2018-02-05T23:07:55.209] [DEBUG] HDS13 - Published disease count: {"hds":13,"disease":3,"count":99,"vectorTimestamp":[]}
[2018-02-05T23:07:55.257] [DEBUG] HDS13 - Received disease notification (Influenza): 90
[2018-02-05T23:07:55.357] [DEBUG] HDS13 - Received disease notification (Measles): 100
[2018-02-05T23:07:55.409] [DEBUG] HDS13 - Published disease count: {"hds":13,"disease":2,"count":79,"vectorTimestamp":[]}
[2018-02-05T23:07:55.409] [DEBUG] HDS13 - Published disease count: {"hds":13,"disease":1,"count":90,"vectorTimestamp":[]}
[2018-02-05T23:07:55.409] [DEBUG] HDS13 - Published disease count: {"hds":13,"disease":3,"count":100,"vectorTimestamp":[]}
[2018-02-05T23:07:55.458] [DEBUG] HDS13 - Received disease notification (Measles): 101
[2018-02-05T23:07:55.558] [DEBUG] HDS13 - Received disease notification (Measles): 102
[2018-02-05T23:07:55.610] [DEBUG] HDS13 - Published disease count: {"hds":13,"disease":2,"count":79,"vectorTimestamp":[]}
[2018-02-05T23:07:55.610] [DEBUG] HDS13 - Published disease count: {"hds":13,"disease":1,"count":90,"vectorTimestamp":[]}
[2018-02-05T23:07:55.610] [DEBUG] HDS13 - Published disease count: {"hds":13,"disease":3,"count":102,"vectorTimestamp":[]}
[2018-02-05T23:07:55.658] [DEBUG] HDS13 - Received disease notification (Measles): 103
[2018-02-05T23:07:55.758] [DEBUG] HDS13 - Received disease notification (Influenza): 91
[2018-02-05T23:07:55.810] [DEBUG] HDS13 - Published disease count: {"hds":13,"disease":2,"count":79,"vectorTimestamp":[]}
[2018-02-05T23:07:55.810] [DEBUG] HDS13 - Published disease count: {"hds":13,"disease":1,"count":91,"vectorTimestamp":[]}
[2018-02-05T23:07:55.810] [DEBUG] HDS13 - Published disease count: {"hds":13,"disease":3,"count":103,"vectorTimestamp":[]}
[2018-02-05T23:07:55.859] [DEBUG] HDS13 - Received disease notification (Chicken Pox): 80
[2018-02-05T23:07:55.959] [DEBUG] HDS13 - Received disease notification (Chicken Pox): 81
[2018-02-05T23:07:56.011] [DEBUG] HDS13 - Published disease count: {"hds":13,"disease":2,"count":81,"vectorTimestamp":[]}
[2018-02-05T23:07:56.011] [DEBUG] HDS13 - Published disease count: {"hds":13,"disease":1,"count":91,"vectorTimestamp":[]}
[2018-02-05T23:07:56.011] [DEBUG] HDS13 - Published disease count: {"hds":13,"disease":3,"count":103,"vectorTimestamp":[]}
[2018-02-05T23:07:56.059] [DEBUG] HDS13 - Received disease notification (Influenza): 92
[2018-02-05T23:07:56.159] [DEBUG] HDS13 - Received disease notification (Influenza): 93
[2018-02-05T23:07:56.212] [DEBUG] HDS13 - Published disease count: {"hds":13,"disease":2,"count":81,"vectorTimestamp":[]}
[2018-02-05T23:07:56.212] [DEBUG] HDS13 - Published disease count: {"hds":13,"disease":1,"count":93,"vectorTimestamp":[]}
[2018-02-05T23:07:56.212] [DEBUG] HDS13 - Published disease count: {"hds":13,"disease":3,"count":103,"vectorTimestamp":[]}
[2018-02-05T23:07:56.260] [DEBUG] HDS13 - Received disease notification (Chicken Pox): 82
[2018-02-05T23:07:56.360] [DEBUG] HDS13 - Received disease notification (Measles): 104
[2018-02-05T23:07:56.412] [DEBUG] HDS13 - Published disease count: {"hds":13,"disease":2,"count":82,"vectorTimestamp":[]}
[2018-02-05T23:07:56.412] [DEBUG] HDS13 - Published disease count: {"hds":13,"disease":1,"count":93,"vectorTimestamp":[]}
[2018-02-05T23:07:56.412] [DEBUG] HDS13 - Published disease count: {"hds":13,"disease":3,"count":104,"vectorTimestamp":[]}
[2018-02-05T23:07:56.460] [DEBUG] HDS13 - Received disease notification (Chicken Pox): 83
[2018-02-05T23:07:56.560] [DEBUG] HDS13 - Received disease notification (Influenza): 94
[2018-02-05T23:07:56.612] [DEBUG] HDS13 - Published disease count: {"hds":13,"disease":2,"count":83,"vectorTimestamp":[]}
[2018-02-05T23:07:56.612] [DEBUG] HDS13 - Published disease count: {"hds":13,"disease":1,"count":94,"vectorTimestamp":[]}
[2018-02-05T23:07:56.612] [DEBUG] HDS13 - Published disease count: {"hds":13,"disease":3,"count":104,"vectorTimestamp":[]}
[2018-02-05T23:07:56.661] [DEBUG] HDS13 - Received disease notification (Chicken Pox): 84
[2018-02-05T23:07:56.761] [DEBUG] HDS13 - Received disease notification (Measles): 105
[2018-02-05T23:07:56.812] [DEBUG] HDS13 - Published disease count: {"hds":13,"disease":2,"count":84,"vectorTimestamp":[]}
[2018-02-05T23:07:56.812] [DEBUG] HDS13 - Published disease count: {"hds":13,"disease":1,"count":94,"vectorTimestamp":[]}
[2018-02-05T23:07:56.812] [DEBUG] HDS13 - Published disease count: {"hds":13,"disease":3,"count":105,"vectorTimestamp":[]}
[2018-02-05T23:07:56.861] [DEBUG] HDS13 - Received disease notification (Influenza): 95
[2018-02-05T23:07:56.962] [DEBUG] HDS13 - Received disease notification (Influenza): 96
[2018-02-05T23:07:57.012] [DEBUG] HDS13 - Published disease count: {"hds":13,"disease":2,"count":84,"vectorTimestamp":[]}
[2018-02-05T23:07:57.012] [DEBUG] HDS13 - Published disease count: {"hds":13,"disease":1,"count":96,"vectorTimestamp":[]}
[2018-02-05T23:07:57.012] [DEBUG] HDS13 - Published disease count: {"hds":13,"disease":3,"count":105,"vectorTimestamp":[]}
[2018-02-05T23:07:57.062] [DEBUG] HDS13 - Received disease notification (Chicken Pox): 85
[2018-02-05T23:07:57.162] [DEBUG] HDS13 - Received disease notification (Chicken Pox): 86
[2018-02-05T23:07:57.212] [DEBUG] HDS13 - Published disease count: {"hds":13,"disease":2,"count":86,"vectorTimestamp":[]}
[2018-02-05T23:07:57.212] [DEBUG] HDS13 - Published disease count: {"hds":13,"disease":1,"count":96,"vectorTimestamp":[]}
[2018-02-05T23:07:57.212] [DEBUG] HDS13 - Published disease count: {"hds":13,"disease":3,"count":105,"vectorTimestamp":[]}
[2018-02-05T23:07:57.262] [DEBUG] HDS13 - Received disease notification (Influenza): 97
[2018-02-05T23:07:57.363] [DEBUG] HDS13 - Received disease notification (Measles): 106
[2018-02-05T23:07:57.412] [DEBUG] HDS13 - Published disease count: {"hds":13,"disease":2,"count":86,"vectorTimestamp":[]}
[2018-02-05T23:07:57.412] [DEBUG] HDS13 - Published disease count: {"hds":13,"disease":1,"count":97,"vectorTimestamp":[]}
[2018-02-05T23:07:57.412] [DEBUG] HDS13 - Published disease count: {"hds":13,"disease":3,"count":106,"vectorTimestamp":[]}
[2018-02-05T23:07:57.463] [DEBUG] HDS13 - Received disease notification (Measles): 107
[2018-02-05T23:07:57.563] [DEBUG] HDS13 - Received disease notification (Measles): 108
[2018-02-05T23:07:57.612] [DEBUG] HDS13 - Published disease count: {"hds":13,"disease":2,"count":86,"vectorTimestamp":[]}
[2018-02-05T23:07:57.612] [DEBUG] HDS13 - Published disease count: {"hds":13,"disease":1,"count":97,"vectorTimestamp":[]}
[2018-02-05T23:07:57.612] [DEBUG] HDS13 - Published disease count: {"hds":13,"disease":3,"count":108,"vectorTimestamp":[]}
[2018-02-05T23:07:57.664] [DEBUG] HDS13 - Received disease notification (Chicken Pox): 87
[2018-02-05T23:07:57.765] [DEBUG] HDS13 - Received disease notification (Chicken Pox): 88
[2018-02-05T23:07:57.813] [DEBUG] HDS13 - Published disease count: {"hds":13,"disease":2,"count":88,"vectorTimestamp":[]}
[2018-02-05T23:07:57.813] [DEBUG] HDS13 - Published disease count: {"hds":13,"disease":1,"count":97,"vectorTimestamp":[]}
[2018-02-05T23:07:57.813] [DEBUG] HDS13 - Published disease count: {"hds":13,"disease":3,"count":108,"vectorTimestamp":[]}
[2018-02-05T23:07:57.865] [DEBUG] HDS13 - Received disease notification (Influenza): 98
[2018-02-05T23:07:57.965] [DEBUG] HDS13 - Received disease notification (Chicken Pox): 89
[2018-02-05T23:07:58.013] [DEBUG] HDS13 - Published disease count: {"hds":13,"disease":2,"count":89,"vectorTimestamp":[]}
[2018-02-05T23:07:58.013] [DEBUG] HDS13 - Published disease count: {"hds":13,"disease":1,"count":98,"vectorTimestamp":[]}
[2018-02-05T23:07:58.013] [DEBUG] HDS13 - Published disease count: {"hds":13,"disease":3,"count":108,"vectorTimestamp":[]}
[2018-02-05T23:07:58.065] [DEBUG] HDS13 - Received disease notification (Measles): 109
[2018-02-05T23:07:58.166] [DEBUG] HDS13 - Received disease notification (Chicken Pox): 90
[2018-02-05T23:07:58.214] [DEBUG] HDS13 - Published disease count: {"hds":13,"disease":2,"count":90,"vectorTimestamp":[]}
[2018-02-05T23:07:58.214] [DEBUG] HDS13 - Published disease count: {"hds":13,"disease":1,"count":98,"vectorTimestamp":[]}
[2018-02-05T23:07:58.214] [DEBUG] HDS13 - Published disease count: {"hds":13,"disease":3,"count":109,"vectorTimestamp":[]}
[2018-02-05T23:07:58.266] [DEBUG] HDS13 - Received disease notification (Measles): 110
[2018-02-05T23:07:58.366] [DEBUG] HDS13 - Received disease notification (Measles): 111
[2018-02-05T23:07:58.414] [DEBUG] HDS13 - Published disease count: {"hds":13,"disease":2,"count":90,"vectorTimestamp":[]}
[2018-02-05T23:07:58.414] [DEBUG] HDS13 - Published disease count: {"hds":13,"disease":1,"count":98,"vectorTimestamp":[]}
[2018-02-05T23:07:58.414] [DEBUG] HDS13 - Published disease count: {"hds":13,"disease":3,"count":111,"vectorTimestamp":[]}
[2018-02-05T23:07:58.467] [DEBUG] HDS13 - Received disease notification (Chicken Pox): 91
[2018-02-05T23:07:58.567] [DEBUG] HDS13 - Received disease notification (Chicken Pox): 92
[2018-02-05T23:07:58.615] [DEBUG] HDS13 - Published disease count: {"hds":13,"disease":2,"count":92,"vectorTimestamp":[]}
[2018-02-05T23:07:58.615] [DEBUG] HDS13 - Published disease count: {"hds":13,"disease":1,"count":98,"vectorTimestamp":[]}
[2018-02-05T23:07:58.615] [DEBUG] HDS13 - Published disease count: {"hds":13,"disease":3,"count":111,"vectorTimestamp":[]}
[2018-02-05T23:07:58.667] [DEBUG] HDS13 - Received disease notification (Chicken Pox): 93
[2018-02-05T23:07:58.767] [DEBUG] HDS13 - Received disease notification (Chicken Pox): 94
[2018-02-05T23:07:58.815] [DEBUG] HDS13 - Published disease count: {"hds":13,"disease":2,"count":94,"vectorTimestamp":[]}
[2018-02-05T23:07:58.815] [DEBUG] HDS13 - Published disease count: {"hds":13,"disease":1,"count":98,"vectorTimestamp":[]}
[2018-02-05T23:07:58.815] [DEBUG] HDS13 - Published disease count: {"hds":13,"disease":3,"count":111,"vectorTimestamp":[]}
[2018-02-05T23:07:58.868] [DEBUG] HDS13 - Received disease notification (Chicken Pox): 95
[2018-02-05T23:07:58.968] [DEBUG] HDS13 - Received disease notification (Measles): 112
[2018-02-05T23:07:59.016] [DEBUG] HDS13 - Published disease count: {"hds":13,"disease":2,"count":95,"vectorTimestamp":[]}
[2018-02-05T23:07:59.016] [DEBUG] HDS13 - Published disease count: {"hds":13,"disease":1,"count":98,"vectorTimestamp":[]}
[2018-02-05T23:07:59.016] [DEBUG] HDS13 - Published disease count: {"hds":13,"disease":3,"count":112,"vectorTimestamp":[]}
[2018-02-05T23:07:59.068] [DEBUG] HDS13 - Received disease notification (Chicken Pox): 96
[2018-02-05T23:07:59.168] [DEBUG] HDS13 - Received disease notification (Chicken Pox): 97
[2018-02-05T23:07:59.216] [DEBUG] HDS13 - Published disease count: {"hds":13,"disease":2,"count":97,"vectorTimestamp":[]}
[2018-02-05T23:07:59.216] [DEBUG] HDS13 - Published disease count: {"hds":13,"disease":1,"count":98,"vectorTimestamp":[]}
[2018-02-05T23:07:59.216] [DEBUG] HDS13 - Published disease count: {"hds":13,"disease":3,"count":112,"vectorTimestamp":[]}
[2018-02-05T23:07:59.269] [DEBUG] HDS13 - Received disease notification (Influenza): 99
[2018-02-05T23:07:59.369] [DEBUG] HDS13 - Received disease notification (Influenza): 100
[2018-02-05T23:07:59.416] [DEBUG] HDS13 - Published disease count: {"hds":13,"disease":2,"count":97,"vectorTimestamp":[]}
[2018-02-05T23:07:59.416] [DEBUG] HDS13 - Published disease count: {"hds":13,"disease":1,"count":100,"vectorTimestamp":[]}
[2018-02-05T23:07:59.416] [DEBUG] HDS13 - Published disease count: {"hds":13,"disease":3,"count":112,"vectorTimestamp":[]}
[2018-02-05T23:07:59.469] [DEBUG] HDS13 - Received disease notification (Chicken Pox): 98
[2018-02-05T23:07:59.569] [DEBUG] HDS13 - Received disease notification (Influenza): 101
[2018-02-05T23:07:59.616] [DEBUG] HDS13 - Published disease count: {"hds":13,"disease":2,"count":98,"vectorTimestamp":[]}
[2018-02-05T23:07:59.616] [DEBUG] HDS13 - Published disease count: {"hds":13,"disease":1,"count":101,"vectorTimestamp":[]}
[2018-02-05T23:07:59.616] [DEBUG] HDS13 - Published disease count: {"hds":13,"disease":3,"count":112,"vectorTimestamp":[]}
[2018-02-05T23:07:59.670] [DEBUG] HDS13 - Received disease notification (Influenza): 102
[2018-02-05T23:07:59.771] [DEBUG] HDS13 - Received disease notification (Influenza): 103
[2018-02-05T23:07:59.816] [DEBUG] HDS13 - Published disease count: {"hds":13,"disease":2,"count":98,"vectorTimestamp":[]}
[2018-02-05T23:07:59.816] [DEBUG] HDS13 - Published disease count: {"hds":13,"disease":1,"count":103,"vectorTimestamp":[]}
[2018-02-05T23:07:59.816] [DEBUG] HDS13 - Published disease count: {"hds":13,"disease":3,"count":112,"vectorTimestamp":[]}
[2018-02-05T23:07:59.871] [DEBUG] HDS13 - Received disease notification (Chicken Pox): 99
[2018-02-05T23:07:59.972] [DEBUG] HDS13 - Received disease notification (Chicken Pox): 100
[2018-02-05T23:08:00.016] [DEBUG] HDS13 - Published disease count: {"hds":13,"disease":2,"count":100,"vectorTimestamp":[]}
[2018-02-05T23:08:00.016] [DEBUG] HDS13 - Published disease count: {"hds":13,"disease":1,"count":103,"vectorTimestamp":[]}
[2018-02-05T23:08:00.016] [DEBUG] HDS13 - Published disease count: {"hds":13,"disease":3,"count":112,"vectorTimestamp":[]}
[2018-02-05T23:08:00.072] [DEBUG] HDS13 - Received disease notification (Influenza): 104
[2018-02-05T23:08:00.172] [DEBUG] HDS13 - Received disease notification (Measles): 113
[2018-02-05T23:08:00.216] [DEBUG] HDS13 - Published disease count: {"hds":13,"disease":2,"count":100,"vectorTimestamp":[]}
[2018-02-05T23:08:00.216] [DEBUG] HDS13 - Published disease count: {"hds":13,"disease":1,"count":104,"vectorTimestamp":[]}
[2018-02-05T23:08:00.216] [DEBUG] HDS13 - Published disease count: {"hds":13,"disease":3,"count":113,"vectorTimestamp":[]}
[2018-02-05T23:08:00.272] [DEBUG] HDS13 - Received disease notification (Measles): 114
[2018-02-05T23:08:00.373] [DEBUG] HDS13 - Received disease notification (Chicken Pox): 101
[2018-02-05T23:08:00.416] [DEBUG] HDS13 - Published disease count: {"hds":13,"disease":2,"count":101,"vectorTimestamp":[]}
[2018-02-05T23:08:00.416] [DEBUG] HDS13 - Published disease count: {"hds":13,"disease":1,"count":104,"vectorTimestamp":[]}
[2018-02-05T23:08:00.416] [DEBUG] HDS13 - Published disease count: {"hds":13,"disease":3,"count":114,"vectorTimestamp":[]}
[2018-02-05T23:08:00.473] [DEBUG] HDS13 - Received disease notification (Influenza): 105
[2018-02-05T23:08:00.573] [DEBUG] HDS13 - Received disease notification (Chicken Pox): 102
[2018-02-05T23:08:00.616] [DEBUG] HDS13 - Published disease count: {"hds":13,"disease":2,"count":102,"vectorTimestamp":[]}
[2018-02-05T23:08:00.616] [DEBUG] HDS13 - Published disease count: {"hds":13,"disease":1,"count":105,"vectorTimestamp":[]}
[2018-02-05T23:08:00.616] [DEBUG] HDS13 - Published disease count: {"hds":13,"disease":3,"count":114,"vectorTimestamp":[]}
[2018-02-05T23:08:00.673] [DEBUG] HDS13 - Received disease notification (Chicken Pox): 103
[2018-02-05T23:08:00.773] [DEBUG] HDS13 - Received disease notification (Chicken Pox): 104
[2018-02-05T23:08:00.817] [DEBUG] HDS13 - Published disease count: {"hds":13,"disease":2,"count":104,"vectorTimestamp":[]}
[2018-02-05T23:08:00.817] [DEBUG] HDS13 - Published disease count: {"hds":13,"disease":1,"count":105,"vectorTimestamp":[]}
[2018-02-05T23:08:00.817] [DEBUG] HDS13 - Published disease count: {"hds":13,"disease":3,"count":114,"vectorTimestamp":[]}
[2018-02-05T23:08:00.873] [DEBUG] HDS13 - Received disease notification (Chicken Pox): 105
[2018-02-05T23:08:00.973] [DEBUG] HDS13 - Received disease notification (Measles): 115
[2018-02-05T23:08:01.017] [DEBUG] HDS13 - Published disease count: {"hds":13,"disease":2,"count":105,"vectorTimestamp":[]}
[2018-02-05T23:08:01.017] [DEBUG] HDS13 - Published disease count: {"hds":13,"disease":1,"count":105,"vectorTimestamp":[]}
[2018-02-05T23:08:01.017] [DEBUG] HDS13 - Published disease count: {"hds":13,"disease":3,"count":115,"vectorTimestamp":[]}
[2018-02-05T23:08:01.073] [DEBUG] HDS13 - Received disease notification (Chicken Pox): 106
[2018-02-05T23:08:01.174] [DEBUG] HDS13 - Received disease notification (Measles): 116
[2018-02-05T23:08:01.218] [DEBUG] HDS13 - Published disease count: {"hds":13,"disease":2,"count":106,"vectorTimestamp":[]}
[2018-02-05T23:08:01.218] [DEBUG] HDS13 - Published disease count: {"hds":13,"disease":1,"count":105,"vectorTimestamp":[]}
[2018-02-05T23:08:01.218] [DEBUG] HDS13 - Published disease count: {"hds":13,"disease":3,"count":116,"vectorTimestamp":[]}
[2018-02-05T23:08:01.274] [DEBUG] HDS13 - Received disease notification (Chicken Pox): 107
[2018-02-05T23:08:01.374] [DEBUG] HDS13 - Received disease notification (Measles): 117
[2018-02-05T23:08:01.418] [DEBUG] HDS13 - Published disease count: {"hds":13,"disease":2,"count":107,"vectorTimestamp":[]}
[2018-02-05T23:08:01.418] [DEBUG] HDS13 - Published disease count: {"hds":13,"disease":1,"count":105,"vectorTimestamp":[]}
[2018-02-05T23:08:01.418] [DEBUG] HDS13 - Published disease count: {"hds":13,"disease":3,"count":117,"vectorTimestamp":[]}
[2018-02-05T23:08:01.475] [DEBUG] HDS13 - Received disease notification (Chicken Pox): 108
[2018-02-05T23:08:01.575] [DEBUG] HDS13 - Received disease notification (Chicken Pox): 109
[2018-02-05T23:08:01.619] [DEBUG] HDS13 - Published disease count: {"hds":13,"disease":2,"count":109,"vectorTimestamp":[]}
[2018-02-05T23:08:01.619] [DEBUG] HDS13 - Published disease count: {"hds":13,"disease":1,"count":105,"vectorTimestamp":[]}
[2018-02-05T23:08:01.619] [DEBUG] HDS13 - Published disease count: {"hds":13,"disease":3,"count":117,"vectorTimestamp":[]}
[2018-02-05T23:08:01.675] [DEBUG] HDS13 - Received disease notification (Influenza): 106
[2018-02-05T23:08:01.775] [DEBUG] HDS13 - Received disease notification (Measles): 118
[2018-02-05T23:08:01.819] [DEBUG] HDS13 - Published disease count: {"hds":13,"disease":2,"count":109,"vectorTimestamp":[]}
[2018-02-05T23:08:01.819] [DEBUG] HDS13 - Published disease count: {"hds":13,"disease":1,"count":106,"vectorTimestamp":[]}
[2018-02-05T23:08:01.819] [DEBUG] HDS13 - Published disease count: {"hds":13,"disease":3,"count":118,"vectorTimestamp":[]}
[2018-02-05T23:08:01.876] [DEBUG] HDS13 - Received disease notification (Chicken Pox): 110
[2018-02-05T23:08:01.976] [DEBUG] HDS13 - Received disease notification (Chicken Pox): 111
[2018-02-05T23:08:02.020] [DEBUG] HDS13 - Published disease count: {"hds":13,"disease":2,"count":111,"vectorTimestamp":[]}
[2018-02-05T23:08:02.020] [DEBUG] HDS13 - Published disease count: {"hds":13,"disease":1,"count":106,"vectorTimestamp":[]}
[2018-02-05T23:08:02.020] [DEBUG] HDS13 - Published disease count: {"hds":13,"disease":3,"count":118,"vectorTimestamp":[]}
[2018-02-05T23:08:02.076] [DEBUG] HDS13 - Received disease notification (Measles): 119
[2018-02-05T23:08:02.176] [DEBUG] HDS13 - Received disease notification (Measles): 120
[2018-02-05T23:08:02.221] [DEBUG] HDS13 - Published disease count: {"hds":13,"disease":2,"count":111,"vectorTimestamp":[]}
[2018-02-05T23:08:02.221] [DEBUG] HDS13 - Published disease count: {"hds":13,"disease":1,"count":106,"vectorTimestamp":[]}
[2018-02-05T23:08:02.221] [DEBUG] HDS13 - Published disease count: {"hds":13,"disease":3,"count":120,"vectorTimestamp":[]}
[2018-02-05T23:08:02.276] [DEBUG] HDS13 - Received disease notification (Measles): 121
[2018-02-05T23:08:02.376] [DEBUG] HDS13 - Received disease notification (Measles): 122
[2018-02-05T23:08:02.421] [DEBUG] HDS13 - Published disease count: {"hds":13,"disease":2,"count":111,"vectorTimestamp":[]}
[2018-02-05T23:08:02.421] [DEBUG] HDS13 - Published disease count: {"hds":13,"disease":1,"count":106,"vectorTimestamp":[]}
[2018-02-05T23:08:02.421] [DEBUG] HDS13 - Published disease count: {"hds":13,"disease":3,"count":122,"vectorTimestamp":[]}
[2018-02-05T23:08:02.476] [DEBUG] HDS13 - Received disease notification (Measles): 123
[2018-02-05T23:08:02.576] [DEBUG] HDS13 - Received disease notification (Measles): 124
[2018-02-05T23:08:02.621] [DEBUG] HDS13 - Published disease count: {"hds":13,"disease":2,"count":111,"vectorTimestamp":[]}
[2018-02-05T23:08:02.621] [DEBUG] HDS13 - Published disease count: {"hds":13,"disease":1,"count":106,"vectorTimestamp":[]}
[2018-02-05T23:08:02.621] [DEBUG] HDS13 - Published disease count: {"hds":13,"disease":3,"count":124,"vectorTimestamp":[]}
[2018-02-05T23:08:02.677] [DEBUG] HDS13 - Received disease notification (Chicken Pox): 112
[2018-02-05T23:08:02.777] [DEBUG] HDS13 - Received disease notification (Measles): 125
[2018-02-05T23:08:02.821] [DEBUG] HDS13 - Published disease count: {"hds":13,"disease":2,"count":112,"vectorTimestamp":[]}
[2018-02-05T23:08:02.821] [DEBUG] HDS13 - Published disease count: {"hds":13,"disease":1,"count":106,"vectorTimestamp":[]}
[2018-02-05T23:08:02.821] [DEBUG] HDS13 - Published disease count: {"hds":13,"disease":3,"count":125,"vectorTimestamp":[]}
[2018-02-05T23:08:02.877] [DEBUG] HDS13 - Received disease notification (Chicken Pox): 113
[2018-02-05T23:08:02.978] [DEBUG] HDS13 - Received disease notification (Measles): 126
